#
# There is insufficient memory for the Java Runtime Environment to continue.
# Native memory allocation (malloc) failed to allocate 1726400 bytes. Error detail: Chunk::new
# Possible reasons:
#   The system is out of physical RAM or swap space
#   This process is running with CompressedOops enabled, and the Java Heap may be blocking the growth of the native heap
# Possible solutions:
#   Reduce memory load on the system
#   Increase physical memory or swap space
#   Check if swap backing store is full
#   Decrease Java heap size (-Xmx/-Xms)
#   Decrease number of Java threads
#   Decrease Java thread stack sizes (-Xss)
#   Set larger code cache with -XX:ReservedCodeCacheSize=
#   JVM is running with Unscaled Compressed Oops mode in which the Java heap is
#     placed in the first 4GB address space. The Java Heap base address is the
#     maximum limit for the native heap growth. Please use -XX:HeapBaseMinAddress
#     to set the Java Heap base and to place the Java Heap above 4GB virtual address.
# This output file may be truncated or incomplete.
#
#  Out of Memory Error (arena.cpp:191), pid=13468, tid=21544
#
# JRE version: OpenJDK Runtime Environment Temurin-17.0.16+8 (17.0.16+8) (build 17.0.16+8)
# Java VM: OpenJDK 64-Bit Server VM Temurin-17.0.16+8 (17.0.16+8, mixed mode, sharing, tiered, compressed oops, compressed class ptrs, g1 gc, windows-amd64)
# No core dump will be written. Minidumps are not enabled by default on client versions of Windows
#

---------------  S U M M A R Y ------------

Command Line: org.jetbrains.kotlin.cli.jvm.K2JVMCompiler @C:\gawe\kencanaprint\my\packing_rn\frontend\node_modules\react-native-screens\android\build\20260114_12193990632042884933.compiler.options

Host: AMD Ryzen 5 7520U with Radeon Graphics         , 8 cores, 6G,  Windows 11 , 64 bit Build 26100 (10.0.26100.7309)
Time: Wed Jan 14 09:31:27 2026 SE Asia Standard Time elapsed time: 28.409880 seconds (0d 0h 0m 28s)

---------------  T H R E A D  ---------------

Current thread (0x0000022e6a9e84b0):  JavaThread "C2 CompilerThread0" daemon [_thread_in_native, id=21544, stack(0x000000d764800000,0x000000d764900000)]


Current CompileTask:
C2:  28409 11928       4       org.jetbrains.kotlin.load.kotlin.DescriptorBasedTypeSignatureMappingKt::mapType (895 bytes)

Stack: [0x000000d764800000,0x000000d764900000]
Native frames: (J=compiled Java code, j=interpreted, Vv=VM code, C=native code)
V  [jvm.dll+0x683169]
V  [jvm.dll+0x839ac8]
V  [jvm.dll+0x83b573]
V  [jvm.dll+0x83bbe3]
V  [jvm.dll+0x2473ff]
V  [jvm.dll+0xace94]
V  [jvm.dll+0xad52c]
V  [jvm.dll+0x365e0e]
V  [jvm.dll+0x32fff8]
V  [jvm.dll+0x32f47a]
V  [jvm.dll+0x21831f]
V  [jvm.dll+0x21775f]
V  [jvm.dll+0x1a32a0]
V  [jvm.dll+0x227b3c]
V  [jvm.dll+0x225ccb]
V  [jvm.dll+0x7ef2d8]
V  [jvm.dll+0x7e979c]
V  [jvm.dll+0x682047]
C  [ucrtbase.dll+0x37b0]
C  [KERNEL32.DLL+0x2e8d7]
C  [ntdll.dll+0x8c53c]


---------------  P R O C E S S  ---------------

Threads class SMR info:
_java_thread_list=0x0000022e6f36b190, length=14, elements={
0x0000022e4d04b7d0, 0x0000022e6a9cbee0, 0x0000022e6a9ce9c0, 0x0000022e6a9e3e20,
0x0000022e6a9e46f0, 0x0000022e6a9e4fc0, 0x0000022e6a9e68a0, 0x0000022e6a9e84b0,
0x0000022e6a9eae80, 0x0000022e6a9fff70, 0x0000022e6ac44120, 0x0000022e6ac4ccd0,
0x0000022e70bfd6b0, 0x0000022e71e29fc0
}

Java Threads: ( => current thread )
  0x0000022e4d04b7d0 JavaThread "main" [_thread_in_Java, id=14376, stack(0x000000d763b00000,0x000000d763c00000)]
  0x0000022e6a9cbee0 JavaThread "Reference Handler" daemon [_thread_blocked, id=26484, stack(0x000000d764200000,0x000000d764300000)]
  0x0000022e6a9ce9c0 JavaThread "Finalizer" daemon [_thread_blocked, id=14400, stack(0x000000d764300000,0x000000d764400000)]
  0x0000022e6a9e3e20 JavaThread "Signal Dispatcher" daemon [_thread_blocked, id=2224, stack(0x000000d764400000,0x000000d764500000)]
  0x0000022e6a9e46f0 JavaThread "Attach Listener" daemon [_thread_blocked, id=18168, stack(0x000000d764500000,0x000000d764600000)]
  0x0000022e6a9e4fc0 JavaThread "Service Thread" daemon [_thread_blocked, id=3932, stack(0x000000d764600000,0x000000d764700000)]
  0x0000022e6a9e68a0 JavaThread "Monitor Deflation Thread" daemon [_thread_blocked, id=15320, stack(0x000000d764700000,0x000000d764800000)]
=>0x0000022e6a9e84b0 JavaThread "C2 CompilerThread0" daemon [_thread_in_native, id=21544, stack(0x000000d764800000,0x000000d764900000)]
  0x0000022e6a9eae80 JavaThread "C1 CompilerThread0" daemon [_thread_in_native, id=25668, stack(0x000000d764900000,0x000000d764a00000)]
  0x0000022e6a9fff70 JavaThread "Sweeper thread" daemon [_thread_blocked, id=5668, stack(0x000000d764a00000,0x000000d764b00000)]
  0x0000022e6ac44120 JavaThread "Notification Thread" daemon [_thread_blocked, id=11852, stack(0x000000d764b00000,0x000000d764c00000)]
  0x0000022e6ac4ccd0 JavaThread "Common-Cleaner" daemon [_thread_blocked, id=17488, stack(0x000000d764d00000,0x000000d764e00000)]
  0x0000022e70bfd6b0 JavaThread "C2 CompilerThread1" daemon [_thread_in_vm, id=6292, stack(0x000000d765700000,0x000000d765800000)]
  0x0000022e71e29fc0 JavaThread "C2 CompilerThread2" daemon [_thread_in_native, id=14672, stack(0x000000d765800000,0x000000d765900000)]

Other Threads:
  0x0000022e6a9c8aa0 VMThread "VM Thread" [stack: 0x000000d764100000,0x000000d764200000] [id=6268]
  0x0000022e6ac4ca30 WatcherThread [stack: 0x000000d764c00000,0x000000d764d00000] [id=9320]
  0x0000022e4d0a0200 GCTaskThread "GC Thread#0" [stack: 0x000000d763c00000,0x000000d763d00000] [id=24164]
  0x0000022e6f196f90 GCTaskThread "GC Thread#1" [stack: 0x000000d764f00000,0x000000d765000000] [id=15912]
  0x0000022e6f16c700 GCTaskThread "GC Thread#2" [stack: 0x000000d765000000,0x000000d765100000] [id=24160]
  0x0000022e6f1a6fc0 GCTaskThread "GC Thread#3" [stack: 0x000000d765100000,0x000000d765200000] [id=21968]
  0x0000022e6f1a7280 GCTaskThread "GC Thread#4" [stack: 0x000000d765200000,0x000000d765300000] [id=25344]
  0x0000022e6f1a7540 GCTaskThread "GC Thread#5" [stack: 0x000000d765300000,0x000000d765400000] [id=13280]
  0x0000022e6f888050 GCTaskThread "GC Thread#6" [stack: 0x000000d765400000,0x000000d765500000] [id=11460]
  0x0000022e6f8447a0 GCTaskThread "GC Thread#7" [stack: 0x000000d765500000,0x000000d765600000] [id=23916]
  0x0000022e4d0aebd0 ConcurrentGCThread "G1 Main Marker" [stack: 0x000000d763d00000,0x000000d763e00000] [id=20604]
  0x0000022e4d0b1170 ConcurrentGCThread "G1 Conc#0" [stack: 0x000000d763e00000,0x000000d763f00000] [id=22888]
  0x0000022e6fb11af0 ConcurrentGCThread "G1 Conc#1" [stack: 0x000000d764e00000,0x000000d764f00000] [id=12448]
  0x0000022e4d0f7500 ConcurrentGCThread "G1 Refine#0" [stack: 0x000000d763f00000,0x000000d764000000] [id=2144]
  0x0000022e706f3f90 ConcurrentGCThread "G1 Refine#1" [stack: 0x000000d765600000,0x000000d765700000] [id=11464]
  0x0000022e4d0f7ce0 ConcurrentGCThread "G1 Service" [stack: 0x000000d764000000,0x000000d764100000] [id=23152]

Threads with active compile tasks:
C2 CompilerThread0    28424 11928       4       org.jetbrains.kotlin.load.kotlin.DescriptorBasedTypeSignatureMappingKt::mapType (895 bytes)
C1 CompilerThread0    28424 12129       2       org.jetbrains.kotlin.resolve.calls.tower.NewCallArgumentsKt::createSimplePSICallArgument (381 bytes)
C2 CompilerThread1    28424 12029       4       org.jetbrains.kotlin.serialization.deserialization.descriptors.DeserializedPackageMemberScope::hasClass (116 bytes)
C2 CompilerThread2    28424 12022       4       org.jetbrains.kotlin.resolve.OverridingUtil::createAndBindFakeOverrides (119 bytes)

VM state: not at safepoint (normal execution)

VM Mutex/Monitor currently owned by a thread: None

Heap address: 0x0000000092c00000, size: 1748 MB, Compressed Oops mode: 32-bit

CDS archive(s) mapped at: [0x0000022e00000000-0x0000022e00bb0000-0x0000022e00bb0000), size 12255232, SharedBaseAddress: 0x0000022e00000000, ArchiveRelocationMode: 1.
Compressed class space mapped at: 0x0000022e01000000-0x0000022e41000000, reserved size: 1073741824
Narrow klass base: 0x0000022e00000000, Narrow klass shift: 0, Narrow klass range: 0x100000000

GC Precious Log:
 CPUs: 8 total, 8 available
 Memory: 6989M
 Large Page Support: Disabled
 NUMA Support: Disabled
 Compressed Oops: Enabled (32-bit)
 Heap Region Size: 1M
 Heap Min Capacity: 8M
 Heap Initial Capacity: 110M
 Heap Max Capacity: 1748M
 Pre-touch: Disabled
 Parallel Workers: 8
 Concurrent Workers: 2
 Concurrent Refinement Workers: 8
 Periodic GC: Disabled

Heap:
 garbage-first heap   total 169984K, used 134918K [0x0000000092c00000, 0x0000000100000000)
  region size 1024K, 57 young (58368K), 1 survivors (1024K)
 Metaspace       used 60019K, committed 60352K, reserved 1114112K
  class space    used 6864K, committed 7040K, reserved 1048576K

Heap Regions: E=young(eden), S=young(survivor), O=old, HS=humongous(starts), HC=humongous(continues), CS=collection set, F=free, OA=open archive, CA=closed archive, TAMS=top-at-mark-start (previous, next)
|   0|0x0000000092c00000, 0x0000000092d00000, 0x0000000092d00000|100%|HS|  |TAMS 0x0000000092d00000, 0x0000000092c00000| Complete 
|   1|0x0000000092d00000, 0x0000000092e00000, 0x0000000092e00000|100%|HC|  |TAMS 0x0000000092e00000, 0x0000000092d00000| Complete 
|   2|0x0000000092e00000, 0x0000000092f00000, 0x0000000092f00000|100%|HC|  |TAMS 0x0000000092f00000, 0x0000000092e00000| Complete 
|   3|0x0000000092f00000, 0x0000000093000000, 0x0000000093000000|100%|HC|  |TAMS 0x0000000093000000, 0x0000000092f00000| Complete 
|   4|0x0000000093000000, 0x0000000093100000, 0x0000000093100000|100%| O|  |TAMS 0x0000000093100000, 0x0000000093000000| Untracked 
|   5|0x0000000093100000, 0x0000000093200000, 0x0000000093200000|100%| O|  |TAMS 0x0000000093200000, 0x0000000093100000| Untracked 
|   6|0x0000000093200000, 0x0000000093300000, 0x0000000093300000|100%| O|  |TAMS 0x0000000093300000, 0x0000000093200000| Untracked 
|   7|0x0000000093300000, 0x0000000093400000, 0x0000000093400000|100%|HS|  |TAMS 0x0000000093400000, 0x0000000093300000| Complete 
|   8|0x0000000093400000, 0x0000000093500000, 0x0000000093500000|100%|HC|  |TAMS 0x0000000093500000, 0x0000000093400000| Complete 
|   9|0x0000000093500000, 0x0000000093600000, 0x0000000093600000|100%|HC|  |TAMS 0x0000000093600000, 0x0000000093500000| Complete 
|  10|0x0000000093600000, 0x0000000093700000, 0x0000000093700000|100%|HC|  |TAMS 0x0000000093700000, 0x0000000093600000| Complete 
|  11|0x0000000093700000, 0x0000000093800000, 0x0000000093800000|100%|HS|  |TAMS 0x0000000093800000, 0x0000000093700000| Complete 
|  12|0x0000000093800000, 0x0000000093900000, 0x0000000093900000|100%|HC|  |TAMS 0x0000000093900000, 0x0000000093800000| Complete 
|  13|0x0000000093900000, 0x0000000093a00000, 0x0000000093a00000|100%| O|  |TAMS 0x0000000093a00000, 0x0000000093900000| Untracked 
|  14|0x0000000093a00000, 0x0000000093b00000, 0x0000000093b00000|100%| O|  |TAMS 0x0000000093b00000, 0x0000000093a00000| Untracked 
|  15|0x0000000093b00000, 0x0000000093c00000, 0x0000000093c00000|100%| O|  |TAMS 0x0000000093c00000, 0x0000000093b00000| Untracked 
|  16|0x0000000093c00000, 0x0000000093d00000, 0x0000000093d00000|100%| O|  |TAMS 0x0000000093d00000, 0x0000000093c00000| Untracked 
|  17|0x0000000093d00000, 0x0000000093e00000, 0x0000000093e00000|100%| O|  |TAMS 0x0000000093e00000, 0x0000000093d00000| Untracked 
|  18|0x0000000093e00000, 0x0000000093f00000, 0x0000000093f00000|100%| O|  |TAMS 0x0000000093f00000, 0x0000000093e00000| Untracked 
|  19|0x0000000093f00000, 0x0000000094000000, 0x0000000094000000|100%| O|  |TAMS 0x0000000094000000, 0x0000000093f00000| Untracked 
|  20|0x0000000094000000, 0x0000000094100000, 0x0000000094100000|100%| O|  |TAMS 0x0000000094100000, 0x0000000094000000| Untracked 
|  21|0x0000000094100000, 0x0000000094200000, 0x0000000094200000|100%| O|  |TAMS 0x0000000094200000, 0x0000000094100000| Untracked 
|  22|0x0000000094200000, 0x0000000094300000, 0x0000000094300000|100%| O|  |TAMS 0x0000000094300000, 0x0000000094200000| Untracked 
|  23|0x0000000094300000, 0x0000000094400000, 0x0000000094400000|100%| O|  |TAMS 0x0000000094400000, 0x0000000094300000| Untracked 
|  24|0x0000000094400000, 0x0000000094500000, 0x0000000094500000|100%| O|  |TAMS 0x0000000094500000, 0x0000000094400000| Untracked 
|  25|0x0000000094500000, 0x0000000094600000, 0x0000000094600000|100%| O|  |TAMS 0x0000000094600000, 0x0000000094500000| Untracked 
|  26|0x0000000094600000, 0x0000000094700000, 0x0000000094700000|100%| O|  |TAMS 0x0000000094700000, 0x0000000094600000| Untracked 
|  27|0x0000000094700000, 0x0000000094800000, 0x0000000094800000|100%| O|  |TAMS 0x0000000094800000, 0x0000000094700000| Untracked 
|  28|0x0000000094800000, 0x0000000094900000, 0x0000000094900000|100%| O|  |TAMS 0x0000000094900000, 0x0000000094800000| Untracked 
|  29|0x0000000094900000, 0x0000000094a00000, 0x0000000094a00000|100%| O|  |TAMS 0x0000000094a00000, 0x0000000094900000| Untracked 
|  30|0x0000000094a00000, 0x0000000094b00000, 0x0000000094b00000|100%| O|  |TAMS 0x0000000094b00000, 0x0000000094a00000| Untracked 
|  31|0x0000000094b00000, 0x0000000094c00000, 0x0000000094c00000|100%| O|  |TAMS 0x0000000094c00000, 0x0000000094b00000| Untracked 
|  32|0x0000000094c00000, 0x0000000094d00000, 0x0000000094d00000|100%| O|  |TAMS 0x0000000094d00000, 0x0000000094c00000| Untracked 
|  33|0x0000000094d00000, 0x0000000094e00000, 0x0000000094e00000|100%| O|  |TAMS 0x0000000094e00000, 0x0000000094d00000| Untracked 
|  34|0x0000000094e00000, 0x0000000094f00000, 0x0000000094f00000|100%| O|  |TAMS 0x0000000094f00000, 0x0000000094e00000| Untracked 
|  35|0x0000000094f00000, 0x0000000095000000, 0x0000000095000000|100%| O|  |TAMS 0x0000000095000000, 0x0000000094f00000| Untracked 
|  36|0x0000000095000000, 0x0000000095100000, 0x0000000095100000|100%| O|  |TAMS 0x0000000095100000, 0x0000000095000000| Untracked 
|  37|0x0000000095100000, 0x0000000095200000, 0x0000000095200000|100%| O|  |TAMS 0x0000000095200000, 0x0000000095100000| Untracked 
|  38|0x0000000095200000, 0x0000000095200000, 0x0000000095300000|  0%| F|  |TAMS 0x0000000095200000, 0x0000000095200000| Untracked 
|  39|0x0000000095300000, 0x0000000095400000, 0x0000000095400000|100%| O|  |TAMS 0x0000000095400000, 0x0000000095300000| Untracked 
|  40|0x0000000095400000, 0x0000000095500000, 0x0000000095500000|100%| O|  |TAMS 0x0000000095500000, 0x0000000095400000| Untracked 
|  41|0x0000000095500000, 0x0000000095600000, 0x0000000095600000|100%| O|  |TAMS 0x0000000095600000, 0x0000000095500000| Untracked 
|  42|0x0000000095600000, 0x0000000095700000, 0x0000000095700000|100%| O|  |TAMS 0x0000000095700000, 0x0000000095600000| Untracked 
|  43|0x0000000095700000, 0x0000000095800000, 0x0000000095800000|100%| O|  |TAMS 0x0000000095800000, 0x0000000095700000| Untracked 
|  44|0x0000000095800000, 0x0000000095900000, 0x0000000095900000|100%| O|  |TAMS 0x0000000095900000, 0x0000000095800000| Untracked 
|  45|0x0000000095900000, 0x0000000095a00000, 0x0000000095a00000|100%| O|  |TAMS 0x0000000095a00000, 0x0000000095900000| Untracked 
|  46|0x0000000095a00000, 0x0000000095b00000, 0x0000000095b00000|100%| O|  |TAMS 0x0000000095b00000, 0x0000000095a00000| Untracked 
|  47|0x0000000095b00000, 0x0000000095c00000, 0x0000000095c00000|100%| O|  |TAMS 0x0000000095c00000, 0x0000000095b00000| Untracked 
|  48|0x0000000095c00000, 0x0000000095d00000, 0x0000000095d00000|100%| O|  |TAMS 0x0000000095d00000, 0x0000000095c00000| Untracked 
|  49|0x0000000095d00000, 0x0000000095e00000, 0x0000000095e00000|100%| O|  |TAMS 0x0000000095d00000, 0x0000000095d00000| Untracked 
|  50|0x0000000095e00000, 0x0000000095f00000, 0x0000000095f00000|100%| O|  |TAMS 0x0000000095f00000, 0x0000000095e00000| Untracked 
|  51|0x0000000095f00000, 0x0000000096000000, 0x0000000096000000|100%| O|  |TAMS 0x0000000096000000, 0x0000000095f00000| Untracked 
|  52|0x0000000096000000, 0x0000000096100000, 0x0000000096100000|100%| O|  |TAMS 0x0000000096100000, 0x0000000096000000| Untracked 
|  53|0x0000000096100000, 0x0000000096200000, 0x0000000096200000|100%| O|  |TAMS 0x0000000096200000, 0x0000000096100000| Untracked 
|  54|0x0000000096200000, 0x0000000096300000, 0x0000000096300000|100%| O|  |TAMS 0x0000000096300000, 0x0000000096200000| Untracked 
|  55|0x0000000096300000, 0x0000000096400000, 0x0000000096400000|100%| O|  |TAMS 0x0000000096400000, 0x0000000096300000| Untracked 
|  56|0x0000000096400000, 0x0000000096500000, 0x0000000096500000|100%| O|  |TAMS 0x0000000096500000, 0x0000000096400000| Untracked 
|  57|0x0000000096500000, 0x0000000096600000, 0x0000000096600000|100%| O|  |TAMS 0x0000000096600000, 0x0000000096500000| Untracked 
|  58|0x0000000096600000, 0x0000000096700000, 0x0000000096700000|100%| O|  |TAMS 0x0000000096700000, 0x0000000096600000| Untracked 
|  59|0x0000000096700000, 0x0000000096800000, 0x0000000096800000|100%| O|  |TAMS 0x0000000096800000, 0x0000000096700000| Untracked 
|  60|0x0000000096800000, 0x0000000096900000, 0x0000000096900000|100%| O|  |TAMS 0x0000000096900000, 0x0000000096800000| Untracked 
|  61|0x0000000096900000, 0x0000000096a00000, 0x0000000096a00000|100%| O|  |TAMS 0x0000000096a00000, 0x0000000096900000| Untracked 
|  62|0x0000000096a00000, 0x0000000096b00000, 0x0000000096b00000|100%| O|  |TAMS 0x0000000096b00000, 0x0000000096a00000| Untracked 
|  63|0x0000000096b00000, 0x0000000096c00000, 0x0000000096c00000|100%| O|  |TAMS 0x0000000096c00000, 0x0000000096b00000| Untracked 
|  64|0x0000000096c00000, 0x0000000096d00000, 0x0000000096d00000|100%| O|  |TAMS 0x0000000096d00000, 0x0000000096c00000| Untracked 
|  65|0x0000000096d00000, 0x0000000096e00000, 0x0000000096e00000|100%| O|  |TAMS 0x0000000096e00000, 0x0000000096d00000| Untracked 
|  66|0x0000000096e00000, 0x0000000096f00000, 0x0000000096f00000|100%| O|  |TAMS 0x0000000096f00000, 0x0000000096e00000| Untracked 
|  67|0x0000000096f00000, 0x0000000097000000, 0x0000000097000000|100%| O|  |TAMS 0x0000000097000000, 0x0000000096f00000| Untracked 
|  68|0x0000000097000000, 0x0000000097100000, 0x0000000097100000|100%| O|  |TAMS 0x0000000097100000, 0x0000000097000000| Untracked 
|  69|0x0000000097100000, 0x0000000097200000, 0x0000000097200000|100%| O|  |TAMS 0x00000000971b6200, 0x0000000097100000| Untracked 
|  70|0x0000000097200000, 0x0000000097300000, 0x0000000097300000|100%| O|  |TAMS 0x0000000097200000, 0x0000000097200000| Untracked 
|  71|0x0000000097300000, 0x0000000097400000, 0x0000000097400000|100%| O|  |TAMS 0x0000000097300000, 0x0000000097300000| Untracked 
|  72|0x0000000097400000, 0x0000000097500000, 0x0000000097500000|100%| O|  |TAMS 0x0000000097400000, 0x0000000097400000| Untracked 
|  73|0x0000000097500000, 0x0000000097600000, 0x0000000097600000|100%| O|  |TAMS 0x0000000097500000, 0x0000000097500000| Untracked 
|  74|0x0000000097600000, 0x00000000976e6200, 0x0000000097700000| 89%| O|  |TAMS 0x0000000097600000, 0x0000000097600000| Untracked 
|  75|0x0000000097700000, 0x0000000097800000, 0x0000000097800000|100%|HS|  |TAMS 0x0000000097700000, 0x0000000097700000| Complete 
|  76|0x0000000097800000, 0x0000000097900000, 0x0000000097900000|100%|HC|  |TAMS 0x0000000097800000, 0x0000000097800000| Complete 
|  77|0x0000000097900000, 0x0000000097900000, 0x0000000097a00000|  0%| F|  |TAMS 0x0000000097900000, 0x0000000097900000| Untracked 
|  78|0x0000000097a00000, 0x0000000097a00000, 0x0000000097b00000|  0%| F|  |TAMS 0x0000000097a00000, 0x0000000097a00000| Untracked 
|  79|0x0000000097b00000, 0x0000000097b00000, 0x0000000097c00000|  0%| F|  |TAMS 0x0000000097b00000, 0x0000000097b00000| Untracked 
|  80|0x0000000097c00000, 0x0000000097c00000, 0x0000000097d00000|  0%| F|  |TAMS 0x0000000097c00000, 0x0000000097c00000| Untracked 
|  81|0x0000000097d00000, 0x0000000097d00000, 0x0000000097e00000|  0%| F|  |TAMS 0x0000000097d00000, 0x0000000097d00000| Untracked 
|  82|0x0000000097e00000, 0x0000000097e00000, 0x0000000097f00000|  0%| F|  |TAMS 0x0000000097e00000, 0x0000000097e00000| Untracked 
|  83|0x0000000097f00000, 0x0000000097f00000, 0x0000000098000000|  0%| F|  |TAMS 0x0000000097f00000, 0x0000000097f00000| Untracked 
|  84|0x0000000098000000, 0x0000000098000000, 0x0000000098100000|  0%| F|  |TAMS 0x0000000098000000, 0x0000000098000000| Untracked 
|  85|0x0000000098100000, 0x0000000098100000, 0x0000000098200000|  0%| F|  |TAMS 0x0000000098100000, 0x0000000098100000| Untracked 
|  86|0x0000000098200000, 0x0000000098200000, 0x0000000098300000|  0%| F|  |TAMS 0x0000000098200000, 0x0000000098200000| Untracked 
|  87|0x0000000098300000, 0x0000000098300000, 0x0000000098400000|  0%| F|  |TAMS 0x0000000098300000, 0x0000000098300000| Untracked 
|  88|0x0000000098400000, 0x0000000098400000, 0x0000000098500000|  0%| F|  |TAMS 0x0000000098400000, 0x0000000098400000| Untracked 
|  89|0x0000000098500000, 0x0000000098500000, 0x0000000098600000|  0%| F|  |TAMS 0x0000000098500000, 0x0000000098500000| Untracked 
|  90|0x0000000098600000, 0x0000000098600000, 0x0000000098700000|  0%| F|  |TAMS 0x0000000098600000, 0x0000000098600000| Untracked 
|  91|0x0000000098700000, 0x0000000098700000, 0x0000000098800000|  0%| F|  |TAMS 0x0000000098700000, 0x0000000098700000| Untracked 
|  92|0x0000000098800000, 0x0000000098800000, 0x0000000098900000|  0%| F|  |TAMS 0x0000000098800000, 0x0000000098800000| Untracked 
|  93|0x0000000098900000, 0x0000000098900000, 0x0000000098a00000|  0%| F|  |TAMS 0x0000000098900000, 0x0000000098900000| Untracked 
|  94|0x0000000098a00000, 0x0000000098a00000, 0x0000000098b00000|  0%| F|  |TAMS 0x0000000098a00000, 0x0000000098a00000| Untracked 
|  95|0x0000000098b00000, 0x0000000098b00000, 0x0000000098c00000|  0%| F|  |TAMS 0x0000000098b00000, 0x0000000098b00000| Untracked 
|  96|0x0000000098c00000, 0x0000000098c00000, 0x0000000098d00000|  0%| F|  |TAMS 0x0000000098c00000, 0x0000000098c00000| Untracked 
|  97|0x0000000098d00000, 0x0000000098d00000, 0x0000000098e00000|  0%| F|  |TAMS 0x0000000098d00000, 0x0000000098d00000| Untracked 
|  98|0x0000000098e00000, 0x0000000098e00000, 0x0000000098f00000|  0%| F|  |TAMS 0x0000000098e00000, 0x0000000098e00000| Untracked 
|  99|0x0000000098f00000, 0x0000000098f00000, 0x0000000099000000|  0%| F|  |TAMS 0x0000000098f00000, 0x0000000098f00000| Untracked 
| 100|0x0000000099000000, 0x0000000099000000, 0x0000000099100000|  0%| F|  |TAMS 0x0000000099000000, 0x0000000099000000| Untracked 
| 101|0x0000000099100000, 0x0000000099100000, 0x0000000099200000|  0%| F|  |TAMS 0x0000000099100000, 0x0000000099100000| Untracked 
| 102|0x0000000099200000, 0x0000000099200000, 0x0000000099300000|  0%| F|  |TAMS 0x0000000099200000, 0x0000000099200000| Untracked 
| 103|0x0000000099300000, 0x0000000099300000, 0x0000000099400000|  0%| F|  |TAMS 0x0000000099300000, 0x0000000099300000| Untracked 
| 104|0x0000000099400000, 0x0000000099400000, 0x0000000099500000|  0%| F|  |TAMS 0x0000000099400000, 0x0000000099400000| Untracked 
| 105|0x0000000099500000, 0x0000000099500000, 0x0000000099600000|  0%| F|  |TAMS 0x0000000099500000, 0x0000000099500000| Untracked 
| 106|0x0000000099600000, 0x0000000099600000, 0x0000000099700000|  0%| F|  |TAMS 0x0000000099600000, 0x0000000099600000| Untracked 
| 107|0x0000000099700000, 0x0000000099700000, 0x0000000099800000|  0%| F|  |TAMS 0x0000000099700000, 0x0000000099700000| Untracked 
| 108|0x0000000099800000, 0x0000000099800000, 0x0000000099900000|  0%| F|  |TAMS 0x0000000099800000, 0x0000000099800000| Untracked 
| 109|0x0000000099900000, 0x0000000099a00000, 0x0000000099a00000|100%| E|  |TAMS 0x0000000099900000, 0x0000000099900000| Complete 
| 110|0x0000000099a00000, 0x0000000099b00000, 0x0000000099b00000|100%| E|CS|TAMS 0x0000000099a00000, 0x0000000099a00000| Complete 
| 111|0x0000000099b00000, 0x0000000099c00000, 0x0000000099c00000|100%| E|CS|TAMS 0x0000000099b00000, 0x0000000099b00000| Complete 
| 112|0x0000000099c00000, 0x0000000099d00000, 0x0000000099d00000|100%| E|CS|TAMS 0x0000000099c00000, 0x0000000099c00000| Complete 
| 113|0x0000000099d00000, 0x0000000099e00000, 0x0000000099e00000|100%| E|CS|TAMS 0x0000000099d00000, 0x0000000099d00000| Complete 
| 114|0x0000000099e00000, 0x0000000099f00000, 0x0000000099f00000|100%| E|CS|TAMS 0x0000000099e00000, 0x0000000099e00000| Complete 
| 115|0x0000000099f00000, 0x000000009a000000, 0x000000009a000000|100%| E|CS|TAMS 0x0000000099f00000, 0x0000000099f00000| Complete 
| 116|0x000000009a000000, 0x000000009a100000, 0x000000009a100000|100%| E|CS|TAMS 0x000000009a000000, 0x000000009a000000| Complete 
| 117|0x000000009a100000, 0x000000009a200000, 0x000000009a200000|100%| E|CS|TAMS 0x000000009a100000, 0x000000009a100000| Complete 
| 118|0x000000009a200000, 0x000000009a300000, 0x000000009a300000|100%| E|CS|TAMS 0x000000009a200000, 0x000000009a200000| Complete 
| 119|0x000000009a300000, 0x000000009a400000, 0x000000009a400000|100%| E|CS|TAMS 0x000000009a300000, 0x000000009a300000| Complete 
| 120|0x000000009a400000, 0x000000009a500000, 0x000000009a500000|100%| E|CS|TAMS 0x000000009a400000, 0x000000009a400000| Complete 
| 121|0x000000009a500000, 0x000000009a600000, 0x000000009a600000|100%| E|CS|TAMS 0x000000009a500000, 0x000000009a500000| Complete 
| 122|0x000000009a600000, 0x000000009a700000, 0x000000009a700000|100%| E|CS|TAMS 0x000000009a600000, 0x000000009a600000| Complete 
| 123|0x000000009a700000, 0x000000009a800000, 0x000000009a800000|100%| E|CS|TAMS 0x000000009a700000, 0x000000009a700000| Complete 
| 124|0x000000009a800000, 0x000000009a900000, 0x000000009a900000|100%| E|CS|TAMS 0x000000009a800000, 0x000000009a800000| Complete 
| 125|0x000000009a900000, 0x000000009aa00000, 0x000000009aa00000|100%| E|CS|TAMS 0x000000009a900000, 0x000000009a900000| Complete 
| 126|0x000000009aa00000, 0x000000009ab00000, 0x000000009ab00000|100%| E|CS|TAMS 0x000000009aa00000, 0x000000009aa00000| Complete 
| 127|0x000000009ab00000, 0x000000009ac00000, 0x000000009ac00000|100%| E|CS|TAMS 0x000000009ab00000, 0x000000009ab00000| Complete 
| 128|0x000000009ac00000, 0x000000009ad00000, 0x000000009ad00000|100%| E|CS|TAMS 0x000000009ac00000, 0x000000009ac00000| Complete 
| 129|0x000000009ad00000, 0x000000009ae00000, 0x000000009ae00000|100%| E|CS|TAMS 0x000000009ad00000, 0x000000009ad00000| Complete 
| 130|0x000000009ae00000, 0x000000009af00000, 0x000000009af00000|100%| E|CS|TAMS 0x000000009ae00000, 0x000000009ae00000| Complete 
| 131|0x000000009af00000, 0x000000009b000000, 0x000000009b000000|100%| E|CS|TAMS 0x000000009af00000, 0x000000009af00000| Complete 
| 132|0x000000009b000000, 0x000000009b100000, 0x000000009b100000|100%| E|CS|TAMS 0x000000009b000000, 0x000000009b000000| Complete 
| 133|0x000000009b100000, 0x000000009b200000, 0x000000009b200000|100%| E|CS|TAMS 0x000000009b100000, 0x000000009b100000| Complete 
| 134|0x000000009b200000, 0x000000009b300000, 0x000000009b300000|100%| E|CS|TAMS 0x000000009b200000, 0x000000009b200000| Complete 
| 135|0x000000009b300000, 0x000000009b400000, 0x000000009b400000|100%| E|CS|TAMS 0x000000009b300000, 0x000000009b300000| Complete 
| 136|0x000000009b400000, 0x000000009b500000, 0x000000009b500000|100%| E|CS|TAMS 0x000000009b400000, 0x000000009b400000| Complete 
| 137|0x000000009b500000, 0x000000009b600000, 0x000000009b600000|100%| E|CS|TAMS 0x000000009b500000, 0x000000009b500000| Complete 
| 138|0x000000009b600000, 0x000000009b700000, 0x000000009b700000|100%| E|CS|TAMS 0x000000009b600000, 0x000000009b600000| Complete 
| 139|0x000000009b700000, 0x000000009b800000, 0x000000009b800000|100%| E|CS|TAMS 0x000000009b700000, 0x000000009b700000| Complete 
| 140|0x000000009b800000, 0x000000009b900000, 0x000000009b900000|100%| E|CS|TAMS 0x000000009b800000, 0x000000009b800000| Complete 
| 141|0x000000009b900000, 0x000000009ba00000, 0x000000009ba00000|100%| E|CS|TAMS 0x000000009b900000, 0x000000009b900000| Complete 
| 142|0x000000009ba00000, 0x000000009bb00000, 0x000000009bb00000|100%| E|CS|TAMS 0x000000009ba00000, 0x000000009ba00000| Complete 
| 143|0x000000009bb00000, 0x000000009bc00000, 0x000000009bc00000|100%| E|CS|TAMS 0x000000009bb00000, 0x000000009bb00000| Complete 
| 144|0x000000009bc00000, 0x000000009bd00000, 0x000000009bd00000|100%| E|CS|TAMS 0x000000009bc00000, 0x000000009bc00000| Complete 
| 145|0x000000009bd00000, 0x000000009be00000, 0x000000009be00000|100%| E|CS|TAMS 0x000000009bd00000, 0x000000009bd00000| Complete 
| 146|0x000000009be00000, 0x000000009bf00000, 0x000000009bf00000|100%| E|CS|TAMS 0x000000009be00000, 0x000000009be00000| Complete 
| 147|0x000000009bf00000, 0x000000009c000000, 0x000000009c000000|100%| E|CS|TAMS 0x000000009bf00000, 0x000000009bf00000| Complete 
| 148|0x000000009c000000, 0x000000009c100000, 0x000000009c100000|100%| E|CS|TAMS 0x000000009c000000, 0x000000009c000000| Complete 
| 149|0x000000009c100000, 0x000000009c200000, 0x000000009c200000|100%| E|CS|TAMS 0x000000009c100000, 0x000000009c100000| Complete 
| 150|0x000000009c200000, 0x000000009c300000, 0x000000009c300000|100%| E|CS|TAMS 0x000000009c200000, 0x000000009c200000| Complete 
| 151|0x000000009c300000, 0x000000009c400000, 0x000000009c400000|100%| E|CS|TAMS 0x000000009c300000, 0x000000009c300000| Complete 
| 152|0x000000009c400000, 0x000000009c500000, 0x000000009c500000|100%| E|CS|TAMS 0x000000009c400000, 0x000000009c400000| Complete 
| 153|0x000000009c500000, 0x000000009c600000, 0x000000009c600000|100%| E|CS|TAMS 0x000000009c500000, 0x000000009c500000| Complete 
| 154|0x000000009c600000, 0x000000009c700000, 0x000000009c700000|100%| E|CS|TAMS 0x000000009c600000, 0x000000009c600000| Complete 
| 155|0x000000009c700000, 0x000000009c800000, 0x000000009c800000|100%| E|CS|TAMS 0x000000009c700000, 0x000000009c700000| Complete 
| 156|0x000000009c800000, 0x000000009c900000, 0x000000009c900000|100%| E|CS|TAMS 0x000000009c800000, 0x000000009c800000| Complete 
| 157|0x000000009c900000, 0x000000009ca00000, 0x000000009ca00000|100%| E|CS|TAMS 0x000000009c900000, 0x000000009c900000| Complete 
| 158|0x000000009ca00000, 0x000000009cb00000, 0x000000009cb00000|100%| E|CS|TAMS 0x000000009ca00000, 0x000000009ca00000| Complete 
| 159|0x000000009cb00000, 0x000000009cc00000, 0x000000009cc00000|100%| E|CS|TAMS 0x000000009cb00000, 0x000000009cb00000| Complete 
| 160|0x000000009cc00000, 0x000000009cd00000, 0x000000009cd00000|100%| E|CS|TAMS 0x000000009cc00000, 0x000000009cc00000| Complete 
| 161|0x000000009cd00000, 0x000000009ce00000, 0x000000009ce00000|100%| E|CS|TAMS 0x000000009cd00000, 0x000000009cd00000| Complete 
| 162|0x000000009ce00000, 0x000000009cf00000, 0x000000009cf00000|100%| E|CS|TAMS 0x000000009ce00000, 0x000000009ce00000| Complete 
| 163|0x000000009cf00000, 0x000000009cfdb648, 0x000000009d000000| 85%| S|CS|TAMS 0x000000009cf00000, 0x000000009cf00000| Complete 
| 164|0x000000009d000000, 0x000000009d100000, 0x000000009d100000|100%| E|CS|TAMS 0x000000009d000000, 0x000000009d000000| Complete 
| 165|0x000000009d100000, 0x000000009d200000, 0x000000009d200000|100%| E|CS|TAMS 0x000000009d100000, 0x000000009d100000| Complete 

Card table byte_map: [0x0000022e64240000,0x0000022e645b0000] _byte_map_base: 0x0000022e63daa000

Marking Bits (Prev, Next): (CMBitMap*) 0x0000022e4d0a0860, (CMBitMap*) 0x0000022e4d0a0820
 Prev Bits: [0x0000022e66470000, 0x0000022e67fc0000)
 Next Bits: [0x0000022e64920000, 0x0000022e66470000)

Polling page: 0x0000022e4afc0000

Metaspace:

Usage:
  Non-class:     51.91 MB used.
      Class:      6.70 MB used.
       Both:     58.61 MB used.

Virtual space:
  Non-class space:       64.00 MB reserved,      52.06 MB ( 81%) committed,  1 nodes.
      Class space:        1.00 GB reserved,       6.88 MB ( <1%) committed,  1 nodes.
             Both:        1.06 GB reserved,      58.94 MB (  5%) committed. 

Chunk freelists:
   Non-Class:  11.85 MB
       Class:  9.09 MB
        Both:  20.94 MB

MaxMetaspaceSize: unlimited
CompressedClassSpaceSize: 1.00 GB
Initial GC threshold: 21.00 MB
Current GC threshold: 88.06 MB
CDS: on
MetaspaceReclaimPolicy: balanced
 - commit_granule_bytes: 65536.
 - commit_granule_words: 8192.
 - virtual_space_node_default_size: 8388608.
 - enlarge_chunks_in_place: 1.
 - new_chunks_are_fully_committed: 0.
 - uncommit_free_chunks: 1.
 - use_allocation_guard: 0.
 - handle_deallocations: 1.


Internal statistics:

num_allocs_failed_limit: 6.
num_arena_births: 356.
num_arena_deaths: 0.
num_vsnodes_births: 2.
num_vsnodes_deaths: 0.
num_space_committed: 941.
num_space_uncommitted: 0.
num_chunks_returned_to_freelist: 6.
num_chunks_taken_from_freelist: 2565.
num_chunk_merges: 6.
num_chunk_splits: 1986.
num_chunks_enlarged: 1705.
num_inconsistent_stats: 0.

CodeHeap 'non-profiled nmethods': size=120000Kb used=4873Kb max_used=5462Kb free=115126Kb
 bounds [0x0000022e5c670000, 0x0000022e5cbd0000, 0x0000022e63ba0000]
CodeHeap 'profiled nmethods': size=120000Kb used=26181Kb max_used=26398Kb free=93819Kb
 bounds [0x0000022e54ba0000, 0x0000022e565c0000, 0x0000022e5c0d0000]
CodeHeap 'non-nmethods': size=5760Kb used=1316Kb max_used=1380Kb free=4443Kb
 bounds [0x0000022e5c0d0000, 0x0000022e5c340000, 0x0000022e5c670000]
 total_blobs=10639 nmethods=10011 adapters=538
 compilation: enabled
              stopped_count=0, restarted_count=0
 full_count=0

Compilation events (20 events):
Event: 27.361 Thread 0x0000022e6a9eae80 nmethod 12097 0x0000022e55590b10 code [0x0000022e55590d20, 0x0000022e55591228]
Event: 27.361 Thread 0x0000022e6a9eae80 12098       3       org.jetbrains.kotlin.resolve.scopes.SubpackagesImportingScope::getParent (8 bytes)
Event: 27.361 Thread 0x0000022e6a9eae80 nmethod 12098 0x0000022e555a4290 code [0x0000022e555a4440, 0x0000022e555a4678]
Event: 27.366 Thread 0x0000022e6a9eae80 12099       3       org.jetbrains.kotlin.resolve.lazy.FileScopeFactory$currentPackageScope$1::getContributedFunctions (61 bytes)
Event: 27.366 Thread 0x0000022e6a9eae80 nmethod 12099 0x0000022e5538ea90 code [0x0000022e5538ed60, 0x0000022e5538faf8]
Event: 27.367 Thread 0x0000022e6a9eae80 12100       2       org.jetbrains.kotlin.resolve.calls.tower.PrioritizedCompositeScopeTowerProcessor::recordLookups (65 bytes)
Event: 27.367 Thread 0x0000022e6a9eae80 nmethod 12100 0x0000022e55c6f790 code [0x0000022e55c6f9c0, 0x0000022e55c6ff08]
Event: 27.367 Thread 0x0000022e6a9eae80 12101       2       org.jetbrains.kotlin.types.expressions.BasicExpressionTypingVisitor::checkLiteralPrefixOrSuffix (27 bytes)
Event: 27.367 Thread 0x0000022e6a9eae80 nmethod 12101 0x0000022e555b9610 code [0x0000022e555b97e0, 0x0000022e555b9968]
Event: 27.367 Thread 0x0000022e6a9eae80 12102       2       org.jetbrains.kotlin.types.expressions.BasicExpressionTypingVisitor::illegalLiteralPrefixOrSuffix (52 bytes)
Event: 27.368 Thread 0x0000022e6a9eae80 nmethod 12102 0x0000022e553f7590 code [0x0000022e553f7760, 0x0000022e553f79b8]
Event: 27.369 Thread 0x0000022e6a9eae80 12103       3       org.jetbrains.kotlin.resolve.calls.components.AdditionalDiagnosticReporter::reportSmartCastOnReceiver (446 bytes)
Event: 27.371 Thread 0x0000022e6a9eae80 nmethod 12103 0x0000022e565ace90 code [0x0000022e565ad3a0, 0x0000022e565b0968]
Event: 27.379 Thread 0x0000022e6a9eae80 12105       3       java.lang.AbstractStringBuilder::putStringAt (12 bytes)
Event: 27.380 Thread 0x0000022e6a9eae80 nmethod 12105 0x0000022e5553e110 code [0x0000022e5553e2c0, 0x0000022e5553e508]
Event: 27.398 Thread 0x0000022e6a9eae80 12106       3       org.jetbrains.kotlin.load.java.descriptors.JavaMethodDescriptor::createSubstitutedCopy (14 bytes)
Event: 27.398 Thread 0x0000022e6a9eae80 nmethod 12106 0x0000022e55afef90 code [0x0000022e55aff140, 0x0000022e55aff288]
Event: 27.398 Thread 0x0000022e6a9eae80 12107       3       kotlin.collections.CollectionsKt___CollectionsKt::toMutableSet (48 bytes)
Event: 27.399 Thread 0x0000022e6a9eae80 nmethod 12107 0x0000022e55a0b110 code [0x0000022e55a0b3e0, 0x0000022e55a0c1a8]
Event: 27.399 Thread 0x0000022e6a9eae80 12108       3       org.jetbrains.kotlin.resolve.calls.inference.components.TypeCheckerStateForConstraintSystem::<init> (37 bytes)

GC Heap History (20 events):
Event: 14.753 GC heap before
{Heap before GC invocations=12 (full 0):
 garbage-first heap   total 91136K, used 68477K [0x0000000092c00000, 0x0000000100000000)
  region size 1024K, 29 young (29696K), 5 survivors (5120K)
 Metaspace       used 51482K, committed 51776K, reserved 1114112K
  class space    used 6109K, committed 6272K, reserved 1048576K
}
Event: 14.774 GC heap after
{Heap after GC invocations=13 (full 0):
 garbage-first heap   total 109568K, used 49518K [0x0000000092c00000, 0x0000000100000000)
  region size 1024K, 4 young (4096K), 4 survivors (4096K)
 Metaspace       used 51482K, committed 51776K, reserved 1114112K
  class space    used 6109K, committed 6272K, reserved 1048576K
}
Event: 16.079 GC heap before
{Heap before GC invocations=13 (full 0):
 garbage-first heap   total 109568K, used 83310K [0x0000000092c00000, 0x0000000100000000)
  region size 1024K, 37 young (37888K), 4 survivors (4096K)
 Metaspace       used 51789K, committed 52032K, reserved 1114112K
  class space    used 6116K, committed 6272K, reserved 1048576K
}
Event: 16.103 GC heap after
{Heap after GC invocations=14 (full 0):
 garbage-first heap   total 109568K, used 56180K [0x0000000092c00000, 0x0000000100000000)
  region size 1024K, 5 young (5120K), 5 survivors (5120K)
 Metaspace       used 51789K, committed 52032K, reserved 1114112K
  class space    used 6116K, committed 6272K, reserved 1048576K
}
Event: 17.494 GC heap before
{Heap before GC invocations=14 (full 0):
 garbage-first heap   total 109568K, used 84852K [0x0000000092c00000, 0x0000000100000000)
  region size 1024K, 33 young (33792K), 5 survivors (5120K)
 Metaspace       used 52893K, committed 53184K, reserved 1114112K
  class space    used 6256K, committed 6400K, reserved 1048576K
}
Event: 17.525 GC heap after
{Heap after GC invocations=15 (full 0):
 garbage-first heap   total 109568K, used 61386K [0x0000000092c00000, 0x0000000100000000)
  region size 1024K, 5 young (5120K), 5 survivors (5120K)
 Metaspace       used 52893K, committed 53184K, reserved 1114112K
  class space    used 6256K, committed 6400K, reserved 1048576K
}
Event: 18.037 GC heap before
{Heap before GC invocations=16 (full 0):
 garbage-first heap   total 109568K, used 85962K [0x0000000092c00000, 0x0000000100000000)
  region size 1024K, 29 young (29696K), 5 survivors (5120K)
 Metaspace       used 52914K, committed 53184K, reserved 1114112K
  class space    used 6262K, committed 6400K, reserved 1048576K
}
Event: 18.059 GC heap after
{Heap after GC invocations=17 (full 0):
 garbage-first heap   total 109568K, used 66038K [0x0000000092c00000, 0x0000000100000000)
  region size 1024K, 4 young (4096K), 4 survivors (4096K)
 Metaspace       used 52914K, committed 53184K, reserved 1114112K
  class space    used 6262K, committed 6400K, reserved 1048576K
}
Event: 18.694 GC heap before
{Heap before GC invocations=17 (full 0):
 garbage-first heap   total 109568K, used 87542K [0x0000000092c00000, 0x0000000100000000)
  region size 1024K, 25 young (25600K), 4 survivors (4096K)
 Metaspace       used 52982K, committed 53312K, reserved 1114112K
  class space    used 6266K, committed 6464K, reserved 1048576K
}
Event: 18.713 GC heap after
{Heap after GC invocations=18 (full 0):
 garbage-first heap   total 109568K, used 70130K [0x0000000092c00000, 0x0000000100000000)
  region size 1024K, 4 young (4096K), 4 survivors (4096K)
 Metaspace       used 52982K, committed 53312K, reserved 1114112K
  class space    used 6266K, committed 6464K, reserved 1048576K
}
Event: 19.150 GC heap before
{Heap before GC invocations=19 (full 0):
 garbage-first heap   total 121856K, used 87538K [0x0000000092c00000, 0x0000000100000000)
  region size 1024K, 21 young (21504K), 4 survivors (4096K)
 Metaspace       used 53631K, committed 53952K, reserved 1114112K
  class space    used 6338K, committed 6528K, reserved 1048576K
}
Event: 19.163 GC heap after
{Heap after GC invocations=20 (full 0):
 garbage-first heap   total 121856K, used 71403K [0x0000000092c00000, 0x0000000100000000)
  region size 1024K, 2 young (2048K), 2 survivors (2048K)
 Metaspace       used 53631K, committed 53952K, reserved 1114112K
  class space    used 6338K, committed 6528K, reserved 1048576K
}
Event: 19.275 GC heap before
{Heap before GC invocations=20 (full 0):
 garbage-first heap   total 121856K, used 74475K [0x0000000092c00000, 0x0000000100000000)
  region size 1024K, 5 young (5120K), 2 survivors (2048K)
 Metaspace       used 53722K, committed 54080K, reserved 1114112K
  class space    used 6342K, committed 6528K, reserved 1048576K
}
Event: 19.282 GC heap after
{Heap after GC invocations=21 (full 0):
 garbage-first heap   total 121856K, used 70731K [0x0000000092c00000, 0x0000000100000000)
  region size 1024K, 1 young (1024K), 1 survivors (1024K)
 Metaspace       used 53722K, committed 54080K, reserved 1114112K
  class space    used 6342K, committed 6528K, reserved 1048576K
}
Event: 19.403 GC heap before
{Heap before GC invocations=21 (full 0):
 garbage-first heap   total 121856K, used 97355K [0x0000000092c00000, 0x0000000100000000)
  region size 1024K, 27 young (27648K), 1 survivors (1024K)
 Metaspace       used 53743K, committed 54080K, reserved 1114112K
  class space    used 6344K, committed 6528K, reserved 1048576K
}
Event: 19.406 GC heap after
{Heap after GC invocations=22 (full 0):
 garbage-first heap   total 169984K, used 70871K [0x0000000092c00000, 0x0000000100000000)
  region size 1024K, 1 young (1024K), 1 survivors (1024K)
 Metaspace       used 53743K, committed 54080K, reserved 1114112K
  class space    used 6344K, committed 6528K, reserved 1048576K
}
Event: 22.317 GC heap before
{Heap before GC invocations=23 (full 0):
 garbage-first heap   total 169984K, used 130263K [0x0000000092c00000, 0x0000000100000000)
  region size 1024K, 58 young (59392K), 1 survivors (1024K)
 Metaspace       used 57233K, committed 57600K, reserved 1114112K
  class space    used 6648K, committed 6848K, reserved 1048576K
}
Event: 22.339 GC heap after
{Heap after GC invocations=24 (full 0):
 garbage-first heap   total 169984K, used 76179K [0x0000000092c00000, 0x0000000100000000)
  region size 1024K, 6 young (6144K), 6 survivors (6144K)
 Metaspace       used 57233K, committed 57600K, reserved 1114112K
  class space    used 6648K, committed 6848K, reserved 1048576K
}
Event: 22.400 GC heap before
{Heap before GC invocations=24 (full 0):
 garbage-first heap   total 169984K, used 77203K [0x0000000092c00000, 0x0000000100000000)
  region size 1024K, 8 young (8192K), 6 survivors (6144K)
 Metaspace       used 57266K, committed 57664K, reserved 1114112K
  class space    used 6648K, committed 6848K, reserved 1048576K
}
Event: 22.414 GC heap after
{Heap after GC invocations=25 (full 0):
 garbage-first heap   total 169984K, used 76550K [0x0000000092c00000, 0x0000000100000000)
  region size 1024K, 1 young (1024K), 1 survivors (1024K)
 Metaspace       used 57266K, committed 57664K, reserved 1114112K
  class space    used 6648K, committed 6848K, reserved 1048576K
}

Dll operation events (7 events):
Event: 0.018 Loaded shared library C:\Program Files\Eclipse Adoptium\jdk-17.0.16.8-hotspot\bin\java.dll
Event: 0.046 Loaded shared library C:\Program Files\Eclipse Adoptium\jdk-17.0.16.8-hotspot\bin\jsvml.dll
Event: 0.113 Loaded shared library C:\Program Files\Eclipse Adoptium\jdk-17.0.16.8-hotspot\bin\net.dll
Event: 0.116 Loaded shared library C:\Program Files\Eclipse Adoptium\jdk-17.0.16.8-hotspot\bin\nio.dll
Event: 0.140 Loaded shared library C:\Program Files\Eclipse Adoptium\jdk-17.0.16.8-hotspot\bin\zip.dll
Event: 0.174 Loaded shared library C:\Program Files\Eclipse Adoptium\jdk-17.0.16.8-hotspot\bin\jimage.dll
Event: 1.605 Loaded shared library C:\Program Files\Eclipse Adoptium\jdk-17.0.16.8-hotspot\bin\verify.dll

Deoptimization events (20 events):
Event: 27.272 Thread 0x0000022e4d04b7d0 Uncommon trap: trap_request=0xffffffde fr.pc=0x0000022e5c9da43c relative=0x000000000000085c
Event: 27.272 Thread 0x0000022e4d04b7d0 Uncommon trap: reason=class_check action=maybe_recompile pc=0x0000022e5c9da43c method=kotlin.collections.CollectionsKt__MutableCollectionsKt.addAll(Ljava/util/Collection;Ljava/lang/Iterable;)Z @ 49 c2
Event: 27.272 Thread 0x0000022e4d04b7d0 DEOPT PACKING pc=0x0000022e5c9da43c sp=0x000000d763bfa480
Event: 27.272 Thread 0x0000022e4d04b7d0 DEOPT UNPACKING pc=0x0000022e5c1269a3 sp=0x000000d763bfa488 mode 2
Event: 27.275 Thread 0x0000022e4d04b7d0 Uncommon trap: trap_request=0xffffff45 fr.pc=0x0000022e5cba0280 relative=0x00000000000004c0
Event: 27.275 Thread 0x0000022e4d04b7d0 Uncommon trap: reason=unstable_if action=reinterpret pc=0x0000022e5cba0280 method=java.lang.AbstractStringBuilder.putStringAt(ILjava/lang/String;II)V @ 8 c2
Event: 27.275 Thread 0x0000022e4d04b7d0 DEOPT PACKING pc=0x0000022e5cba0280 sp=0x000000d763bfb450
Event: 27.275 Thread 0x0000022e4d04b7d0 DEOPT UNPACKING pc=0x0000022e5c1269a3 sp=0x000000d763bfb2e8 mode 2
Event: 27.275 Thread 0x0000022e4d04b7d0 Uncommon trap: trap_request=0xffffff45 fr.pc=0x0000022e5cb3bc68 relative=0x00000000000004a8
Event: 27.275 Thread 0x0000022e4d04b7d0 Uncommon trap: reason=unstable_if action=reinterpret pc=0x0000022e5cb3bc68 method=java.lang.AbstractStringBuilder.putStringAt(ILjava/lang/String;II)V @ 8 c2
Event: 27.275 Thread 0x0000022e4d04b7d0 DEOPT PACKING pc=0x0000022e5cb3bc68 sp=0x000000d763bfb400
Event: 27.275 Thread 0x0000022e4d04b7d0 DEOPT UNPACKING pc=0x0000022e5c1269a3 sp=0x000000d763bfb2f0 mode 2
Event: 27.275 Thread 0x0000022e4d04b7d0 Uncommon trap: trap_request=0xffffff45 fr.pc=0x0000022e5c6bbbec relative=0x00000000000003cc
Event: 27.275 Thread 0x0000022e4d04b7d0 Uncommon trap: reason=unstable_if action=reinterpret pc=0x0000022e5c6bbbec method=java.lang.AbstractStringBuilder.isLatin1()Z @ 10 c2
Event: 27.275 Thread 0x0000022e4d04b7d0 DEOPT PACKING pc=0x0000022e5c6bbbec sp=0x000000d763bfb480
Event: 27.275 Thread 0x0000022e4d04b7d0 DEOPT UNPACKING pc=0x0000022e5c1269a3 sp=0x000000d763bfb400 mode 2
Event: 27.375 Thread 0x0000022e4d04b7d0 Uncommon trap: trap_request=0xffffff45 fr.pc=0x0000022e5c68f3cc relative=0x000000000000012c
Event: 27.375 Thread 0x0000022e4d04b7d0 Uncommon trap: reason=unstable_if action=reinterpret pc=0x0000022e5c68f3cc method=java.lang.AbstractStringBuilder.putStringAt(ILjava/lang/String;II)V @ 8 c2
Event: 27.375 Thread 0x0000022e4d04b7d0 DEOPT PACKING pc=0x0000022e5c68f3cc sp=0x000000d763bfc230
Event: 27.375 Thread 0x0000022e4d04b7d0 DEOPT UNPACKING pc=0x0000022e5c1269a3 sp=0x000000d763bfc160 mode 2

Classes loaded (20 events):
Event: 12.121 Loading class java/util/stream/Node$OfLong done
Event: 12.121 Loading class java/util/stream/Nodes$EmptyNode$OfLong done
Event: 12.121 Loading class java/util/stream/Nodes$EmptyNode$OfDouble
Event: 12.121 Loading class java/util/stream/Node$OfDouble
Event: 12.121 Loading class java/util/stream/Node$OfDouble done
Event: 12.121 Loading class java/util/stream/Nodes$EmptyNode$OfDouble done
Event: 12.121 Loading class java/util/stream/Nodes$SpinedNodeBuilder
Event: 12.122 Loading class java/util/stream/Node$Builder
Event: 12.122 Loading class java/util/stream/Node$Builder done
Event: 12.122 Loading class java/util/stream/SpinedBuffer
Event: 12.123 Loading class java/util/stream/AbstractSpinedBuffer
Event: 12.123 Loading class java/util/stream/AbstractSpinedBuffer done
Event: 12.123 Loading class java/util/stream/SpinedBuffer done
Event: 12.123 Loading class java/util/stream/Nodes$SpinedNodeBuilder done
Event: 12.240 Loading class java/util/RegularEnumSet$EnumSetIterator
Event: 12.252 Loading class java/util/RegularEnumSet$EnumSetIterator done
Event: 22.499 Loading class jdk/internal/math/FloatingDecimal$ASCIIToBinaryBuffer
Event: 22.500 Loading class jdk/internal/math/FloatingDecimal$ASCIIToBinaryBuffer done
Event: 26.225 Loading class java/util/concurrent/locks/AbstractQueuedSynchronizer$Node
Event: 26.225 Loading class java/util/concurrent/locks/AbstractQueuedSynchronizer$Node done

Classes unloaded (0 events):
No events

Classes redefined (0 events):
No events

Internal exceptions (20 events):
Event: 18.985 Thread 0x0000022e4d04b7d0 Implicit null exception at 0x0000022e5c95432e to 0x0000022e5c957d40
Event: 18.985 Thread 0x0000022e4d04b7d0 Implicit null exception at 0x0000022e5c95432e to 0x0000022e5c957d40
Event: 18.985 Thread 0x0000022e4d04b7d0 Implicit null exception at 0x0000022e5c95432e to 0x0000022e5c957d40
Event: 18.985 Thread 0x0000022e4d04b7d0 Implicit null exception at 0x0000022e5c95432e to 0x0000022e5c957d40
Event: 18.985 Thread 0x0000022e4d04b7d0 Implicit null exception at 0x0000022e5c92f678 to 0x0000022e5c934050
Event: 18.990 Thread 0x0000022e4d04b7d0 Implicit null exception at 0x0000022e5c94acf0 to 0x0000022e5c94b318
Event: 19.891 Thread 0x0000022e4d04b7d0 Exception <a 'java/lang/NoSuchMethodError'{0x000000009c3f4c28}: 'java.lang.Object java.lang.invoke.DirectMethodHandle$Holder.newInvokeSpecial(java.lang.Object, java.lang.Object, java.lang.Object, java.lang.Object, java.lang.Object, java.lang.Object, java.lang.Object)'> (0x000000009c3f4c28) 
thrown [s\src\hotspot\share\interpreter\linkResolver.cpp, line 759]
Event: 19.892 Thread 0x0000022e4d04b7d0 Exception <a 'java/lang/NoSuchMethodError'{0x000000009c3f97e0}: 'java.lang.Object java.lang.invoke.Invokers$Holder.linkToTargetMethod(java.lang.Object, java.lang.Object, java.lang.Object, java.lang.Object, java.lang.Object, java.lang.Object, java.lang.Object)'> (0x000000009c3f97e0) 
thrown [s\src\hotspot\share\interpreter\linkResolver.cpp, line 759]
Event: 20.351 Thread 0x0000022e4d04b7d0 Implicit null exception at 0x0000022e5ca7a283 to 0x0000022e5ca7a574
Event: 20.944 Thread 0x0000022e4d04b7d0 Implicit null exception at 0x0000022e5c6bf2c3 to 0x0000022e5c6bfa88
Event: 21.487 Thread 0x0000022e4d04b7d0 Exception <a 'java/lang/NoSuchMethodError'{0x000000009a1ebc00}: 'java.lang.Object java.lang.invoke.DirectMethodHandle$Holder.invokeInterface(java.lang.Object, java.lang.Object, java.lang.Object)'> (0x000000009a1ebc00) 
thrown [s\src\hotspot\share\interpreter\linkResolver.cpp, line 759]
Event: 21.488 Thread 0x0000022e4d04b7d0 Exception <a 'java/lang/IncompatibleClassChangeError'{0x000000009a1efac0}: Found class java.lang.Object, but interface was expected> (0x000000009a1efac0) 
thrown [s\src\hotspot\share\interpreter\linkResolver.cpp, line 826]
Event: 22.498 Thread 0x0000022e4d04b7d0 Exception <a 'java/lang/NoSuchMethodError'{0x000000009d07d680}: 'int java.lang.invoke.DirectMethodHandle$Holder.invokeStaticInit(java.lang.Object, int)'> (0x000000009d07d680) 
thrown [s\src\hotspot\share\interpreter\linkResolver.cpp, line 759]
Event: 22.555 Thread 0x0000022e4d04b7d0 Implicit null exception at 0x0000022e5ca4b09d to 0x0000022e5ca4e382
Event: 22.694 Thread 0x0000022e4d04b7d0 Implicit null exception at 0x0000022e5c68f7f2 to 0x0000022e5c68fdc0
Event: 22.729 Thread 0x0000022e4d04b7d0 Implicit null exception at 0x0000022e5c6909f2 to 0x0000022e5c690fd0
Event: 23.109 Thread 0x0000022e4d04b7d0 Implicit null exception at 0x0000022e5ca52f07 to 0x0000022e5ca556f8
Event: 23.848 Thread 0x0000022e4d04b7d0 Implicit null exception at 0x0000022e5cac74ac to 0x0000022e5cacc558
Event: 24.066 Thread 0x0000022e4d04b7d0 Implicit null exception at 0x0000022e5ca76cde to 0x0000022e5ca77298
Event: 24.490 Thread 0x0000022e4d04b7d0 Exception <a 'java/lang/NoSuchMethodError'{0x000000009b627420}: 'void java.lang.invoke.DirectMethodHandle$Holder.invokeStatic(java.lang.Object, java.lang.Object, java.lang.Object)'> (0x000000009b627420) 
thrown [s\src\hotspot\share\interpreter\linkResolver.cpp, line 759]

VM Operations (20 events):
Event: 26.087 Executing VM operation: HandshakeAllThreads
Event: 26.087 Executing VM operation: HandshakeAllThreads done
Event: 26.091 Executing VM operation: HandshakeAllThreads
Event: 26.091 Executing VM operation: HandshakeAllThreads done
Event: 26.099 Executing VM operation: HandshakeAllThreads
Event: 26.099 Executing VM operation: HandshakeAllThreads done
Event: 26.125 Executing VM operation: HandshakeAllThreads
Event: 26.125 Executing VM operation: HandshakeAllThreads done
Event: 26.150 Executing VM operation: HandshakeAllThreads
Event: 26.151 Executing VM operation: HandshakeAllThreads done
Event: 26.158 Executing VM operation: ICBufferFull
Event: 26.158 Executing VM operation: ICBufferFull done
Event: 26.170 Executing VM operation: HandshakeAllThreads
Event: 26.170 Executing VM operation: HandshakeAllThreads done
Event: 26.374 Executing VM operation: ICBufferFull
Event: 26.374 Executing VM operation: ICBufferFull done
Event: 27.144 Executing VM operation: ICBufferFull
Event: 27.145 Executing VM operation: ICBufferFull done
Event: 27.270 Executing VM operation: ICBufferFull
Event: 27.270 Executing VM operation: ICBufferFull done

Memory protections (0 events):
No events

Nmethod flushes (20 events):
Event: 26.198 Thread 0x0000022e6a9fff70 flushing  nmethod 0x0000022e55fe0190
Event: 26.198 Thread 0x0000022e6a9fff70 flushing  nmethod 0x0000022e55feae10
Event: 26.198 Thread 0x0000022e6a9fff70 flushing  nmethod 0x0000022e56001690
Event: 26.199 Thread 0x0000022e6a9fff70 flushing  nmethod 0x0000022e5603f490
Event: 26.199 Thread 0x0000022e6a9fff70 flushing  nmethod 0x0000022e56063890
Event: 26.199 Thread 0x0000022e6a9fff70 flushing  nmethod 0x0000022e56073610
Event: 26.199 Thread 0x0000022e6a9fff70 flushing  nmethod 0x0000022e56084a90
Event: 26.199 Thread 0x0000022e6a9fff70 flushing  nmethod 0x0000022e56086590
Event: 26.199 Thread 0x0000022e6a9fff70 flushing  nmethod 0x0000022e56088110
Event: 26.199 Thread 0x0000022e6a9fff70 flushing  nmethod 0x0000022e560c1590
Event: 26.200 Thread 0x0000022e6a9fff70 flushing  nmethod 0x0000022e56129c10
Event: 26.200 Thread 0x0000022e6a9fff70 flushing  nmethod 0x0000022e56153f10
Event: 26.201 Thread 0x0000022e6a9fff70 flushing  nmethod 0x0000022e561f2210
Event: 26.201 Thread 0x0000022e6a9fff70 flushing  nmethod 0x0000022e561f7010
Event: 26.201 Thread 0x0000022e6a9fff70 flushing  nmethod 0x0000022e56239810
Event: 26.202 Thread 0x0000022e6a9fff70 flushing  nmethod 0x0000022e56280290
Event: 26.202 Thread 0x0000022e6a9fff70 flushing  nmethod 0x0000022e562b3d90
Event: 26.203 Thread 0x0000022e6a9fff70 flushing  nmethod 0x0000022e56300810
Event: 26.204 Thread 0x0000022e6a9fff70 flushing  nmethod 0x0000022e56416f10
Event: 26.205 Thread 0x0000022e6a9fff70 flushing  nmethod 0x0000022e56443d10

Events (20 events):
Event: 0.052 Thread 0x0000022e4d04b7d0 Thread added: 0x0000022e6a9cbee0
Event: 0.053 Thread 0x0000022e4d04b7d0 Thread added: 0x0000022e6a9ce9c0
Event: 0.067 Thread 0x0000022e4d04b7d0 Thread added: 0x0000022e6a9e3e20
Event: 0.067 Thread 0x0000022e4d04b7d0 Thread added: 0x0000022e6a9e46f0
Event: 0.068 Thread 0x0000022e4d04b7d0 Thread added: 0x0000022e6a9e4fc0
Event: 0.068 Thread 0x0000022e4d04b7d0 Thread added: 0x0000022e6a9e68a0
Event: 0.068 Thread 0x0000022e4d04b7d0 Thread added: 0x0000022e6a9e84b0
Event: 0.068 Thread 0x0000022e4d04b7d0 Thread added: 0x0000022e6a9eae80
Event: 0.068 Thread 0x0000022e4d04b7d0 Thread added: 0x0000022e6a9fff70
Event: 0.104 Thread 0x0000022e4d04b7d0 Thread added: 0x0000022e6ac44120
Event: 0.107 Thread 0x0000022e4d04b7d0 Thread added: 0x0000022e6ac4ccd0
Event: 0.130 Thread 0x0000022e6a9e84b0 Thread added: 0x0000022e6aca0100
Event: 2.678 Thread 0x0000022e6aca0100 Thread exited: 0x0000022e6aca0100
Event: 2.881 Thread 0x0000022e6a9eae80 Thread added: 0x0000022e6fe62420
Event: 3.228 Thread 0x0000022e6a9eae80 Thread added: 0x0000022e6fd70040
Event: 4.006 Thread 0x0000022e6fd70040 Thread exited: 0x0000022e6fd70040
Event: 4.592 Thread 0x0000022e6fe62420 Thread exited: 0x0000022e6fe62420
Event: 4.991 Thread 0x0000022e6a9eae80 Thread added: 0x0000022e706f1980
Event: 5.333 Thread 0x0000022e706f1980 Thread exited: 0x0000022e706f1980
Event: 6.500 Thread 0x0000022e6a9eae80 Thread added: 0x0000022e70bfd6b0


Dynamic libraries:
0x00007ff786530000 - 0x00007ff78653e000 	C:\Program Files\Eclipse Adoptium\jdk-17.0.16.8-hotspot\bin\java.exe
0x00007ffd79260000 - 0x00007ffd794c7000 	C:\WINDOWS\SYSTEM32\ntdll.dll
0x00007ffd78010000 - 0x00007ffd780d9000 	C:\WINDOWS\System32\KERNEL32.DLL
0x00007ffd76c00000 - 0x00007ffd76fef000 	C:\WINDOWS\System32\KERNELBASE.dll
0x00007ffd76ab0000 - 0x00007ffd76bfb000 	C:\WINDOWS\System32\ucrtbase.dll
0x00007ffd67e10000 - 0x00007ffd67e2e000 	C:\Program Files\Eclipse Adoptium\jdk-17.0.16.8-hotspot\bin\VCRUNTIME140.dll
0x00007ffd66f50000 - 0x00007ffd66f67000 	C:\Program Files\Eclipse Adoptium\jdk-17.0.16.8-hotspot\bin\jli.dll
0x00007ffd78ae0000 - 0x00007ffd78ca5000 	C:\WINDOWS\System32\USER32.dll
0x00007ffd769f0000 - 0x00007ffd76a17000 	C:\WINDOWS\System32\win32u.dll
0x00007ffd607e0000 - 0x00007ffd60a73000 	C:\WINDOWS\WinSxS\amd64_microsoft.windows.common-controls_6595b64144ccf1df_6.0.26100.7309_none_3e05feeae336a044\COMCTL32.dll
0x00007ffd78a30000 - 0x00007ffd78a5b000 	C:\WINDOWS\System32\GDI32.dll
0x00007ffd76800000 - 0x00007ffd7692c000 	C:\WINDOWS\System32\gdi32full.dll
0x00007ffd77100000 - 0x00007ffd771a9000 	C:\WINDOWS\System32\msvcrt.dll
0x00007ffd76520000 - 0x00007ffd765c3000 	C:\WINDOWS\System32\msvcp_win.dll
0x00007ffd791e0000 - 0x00007ffd79211000 	C:\WINDOWS\System32\IMM32.DLL
0x00007ffd6fdd0000 - 0x00007ffd6fddc000 	C:\Program Files\Eclipse Adoptium\jdk-17.0.16.8-hotspot\bin\vcruntime140_1.dll
0x00007ffd49f60000 - 0x00007ffd49fed000 	C:\Program Files\Eclipse Adoptium\jdk-17.0.16.8-hotspot\bin\msvcp140.dll
0x00007ffd09a50000 - 0x00007ffd0a6bb000 	C:\Program Files\Eclipse Adoptium\jdk-17.0.16.8-hotspot\bin\server\jvm.dll
0x00007ffd781e0000 - 0x00007ffd78294000 	C:\WINDOWS\System32\ADVAPI32.dll
0x00007ffd78910000 - 0x00007ffd789b6000 	C:\WINDOWS\System32\sechost.dll
0x00007ffd78cb0000 - 0x00007ffd78dc8000 	C:\WINDOWS\System32\RPCRT4.dll
0x00007ffd78dd0000 - 0x00007ffd78e44000 	C:\WINDOWS\System32\WS2_32.dll
0x00007ffd76210000 - 0x00007ffd7626e000 	C:\WINDOWS\SYSTEM32\POWRPROF.dll
0x00007ffd6ff90000 - 0x00007ffd6ff9b000 	C:\WINDOWS\SYSTEM32\VERSION.dll
0x00007ffd6ac30000 - 0x00007ffd6ac65000 	C:\WINDOWS\SYSTEM32\WINMM.dll
0x00007ffd761f0000 - 0x00007ffd76204000 	C:\WINDOWS\SYSTEM32\UMPDC.dll
0x00007ffd75120000 - 0x00007ffd7513b000 	C:\WINDOWS\SYSTEM32\kernel.appcore.dll
0x00007ffd68200000 - 0x00007ffd6820a000 	C:\Program Files\Eclipse Adoptium\jdk-17.0.16.8-hotspot\bin\jimage.dll
0x00007ffd6f000000 - 0x00007ffd6f242000 	C:\WINDOWS\SYSTEM32\DBGHELP.DLL
0x00007ffd78e50000 - 0x00007ffd791d5000 	C:\WINDOWS\System32\combase.dll
0x00007ffd784b0000 - 0x00007ffd78586000 	C:\WINDOWS\System32\OLEAUT32.dll
0x00007ffd5e4a0000 - 0x00007ffd5e4dc000 	C:\WINDOWS\SYSTEM32\dbgcore.DLL
0x00007ffd765d0000 - 0x00007ffd76675000 	C:\WINDOWS\System32\bcryptPrimitives.dll
0x00007ffd668e0000 - 0x00007ffd66905000 	C:\Program Files\Eclipse Adoptium\jdk-17.0.16.8-hotspot\bin\java.dll
0x00007ffd49e80000 - 0x00007ffd49f57000 	C:\Program Files\Eclipse Adoptium\jdk-17.0.16.8-hotspot\bin\jsvml.dll
0x00007ffd778b0000 - 0x00007ffd78003000 	C:\WINDOWS\System32\SHELL32.dll
0x00007ffd763b0000 - 0x00007ffd7651a000 	C:\WINDOWS\System32\wintypes.dll
0x00007ffd73f70000 - 0x00007ffd747ce000 	C:\WINDOWS\SYSTEM32\windows.storage.dll
0x00007ffd780e0000 - 0x00007ffd781d5000 	C:\WINDOWS\System32\SHCORE.dll
0x00007ffd78a70000 - 0x00007ffd78ad6000 	C:\WINDOWS\System32\shlwapi.dll
0x00007ffd762d0000 - 0x00007ffd762f9000 	C:\WINDOWS\SYSTEM32\profapi.dll
0x00007ffd5d310000 - 0x00007ffd5d329000 	C:\Program Files\Eclipse Adoptium\jdk-17.0.16.8-hotspot\bin\net.dll
0x00007ffd6ab00000 - 0x00007ffd6ac28000 	C:\WINDOWS\SYSTEM32\WINHTTP.dll
0x00007ffd75670000 - 0x00007ffd756db000 	C:\WINDOWS\system32\mswsock.dll
0x00007ffd5b2e0000 - 0x00007ffd5b2f6000 	C:\Program Files\Eclipse Adoptium\jdk-17.0.16.8-hotspot\bin\nio.dll
0x00007ffd55130000 - 0x00007ffd55148000 	C:\Program Files\Eclipse Adoptium\jdk-17.0.16.8-hotspot\bin\zip.dll
0x00007ffd71200000 - 0x00007ffd71210000 	C:\Program Files\Eclipse Adoptium\jdk-17.0.16.8-hotspot\bin\verify.dll

dbghelp: loaded successfully - version: 4.0.5 - missing functions: none
symbol engine: initialized successfully - sym options: 0x614 - pdb path: .;C:\Program Files\Eclipse Adoptium\jdk-17.0.16.8-hotspot\bin;C:\WINDOWS\SYSTEM32;C:\WINDOWS\WinSxS\amd64_microsoft.windows.common-controls_6595b64144ccf1df_6.0.26100.7309_none_3e05feeae336a044;C:\Program Files\Eclipse Adoptium\jdk-17.0.16.8-hotspot\bin\server

VM Arguments:
java_command: org.jetbrains.kotlin.cli.jvm.K2JVMCompiler @C:\gawe\kencanaprint\my\packing_rn\frontend\node_modules\react-native-screens\android\build\20260114_12193990632042884933.compiler.options
java_class_path (initial): C:\Users\LENOVO\.gradle\caches\modules-2\files-2.1\org.jetbrains.kotlin\kotlin-compiler-embeddable\1.8.0\eb9118d4bcceaa2a94b2ae2a33a4ddba7c9a947f\kotlin-compiler-embeddable-1.8.0.jar;C:\Users\LENOVO\.gradle\caches\modules-2\files-2.1\org.jetbrains.kotlin\kotlin-stdlib\1.8.0\1796921c7a3e2e2665a83e6c8d33399336cd39bc\kotlin-stdlib-1.8.0.jar;C:\Users\LENOVO\.gradle\caches\modules-2\files-2.1\org.jetbrains.kotlin\kotlin-script-runtime\1.8.0\b2f7e760d283cb339974851c222a4c1d48f2d3d\kotlin-script-runtime-1.8.0.jar;C:\Users\LENOVO\.gradle\caches\modules-2\files-2.1\org.jetbrains.kotlin\kotlin-reflect\1.6.10\1cbe9c92c12a94eea200d23c2bbaedaf3daf5132\kotlin-reflect-1.6.10.jar;C:\Users\LENOVO\.gradle\caches\modules-2\files-2.1\org.jetbrains.kotlin\kotlin-daemon-embeddable\1.8.0\d255216c551685dc3a7e852b53617f5f01aaaa5c\kotlin-daemon-embeddable-1.8.0.jar;C:\Users\LENOVO\.gradle\caches\modules-2\files-2.1\org.jetbrains.intellij.deps\trove4j\1.0.20200330\3afb14d5f9ceb459d724e907a21145e8ff394f02\trove4j-1.0.20200330.jar;C:\Users\LENOVO\.gradle\caches\modules-2\files-2.1\net.java.dev.jna\jna\5.6.0\330f2244e9030119ab3030fc3fededc86713d9cc\jna-5.6.0.jar;C:\Users\LENOVO\.gradle\caches\modules-2\files-2.1\org.jetbrains.kotlin\kotlin-stdlib-common\1.8.0\f7197e7cc76453ac59f8b0f8d5137cc600becd36\kotlin-stdlib-common-1.8.0.jar;C:\Users\LENOVO\.gradle\caches\modules-2\files-2.1\org.jetbrains\annotations\13.0\919f0dfe192fb4e063e7dacadee7f8bb9a2672a9\annotations-13.0.jar
Launcher Type: SUN_STANDARD

[Global flags]
     intx CICompilerCount                          = 4                                         {product} {ergonomic}
     uint ConcGCThreads                            = 2                                         {product} {ergonomic}
     uint G1ConcRefinementThreads                  = 8                                         {product} {ergonomic}
   size_t G1HeapRegionSize                         = 1048576                                   {product} {ergonomic}
    uintx GCDrainStackTargetSize                   = 64                                        {product} {ergonomic}
   size_t InitialHeapSize                          = 115343360                                 {product} {ergonomic}
   size_t MarkStackSize                            = 4194304                                   {product} {ergonomic}
   size_t MaxHeapSize                              = 1832910848                                {product} {ergonomic}
   size_t MaxNewSize                               = 1098907648                                {product} {ergonomic}
   size_t MinHeapDeltaBytes                        = 1048576                                   {product} {ergonomic}
   size_t MinHeapSize                              = 8388608                                   {product} {ergonomic}
    uintx NonNMethodCodeHeapSize                   = 5839372                                {pd product} {ergonomic}
    uintx NonProfiledCodeHeapSize                  = 122909434                              {pd product} {ergonomic}
    uintx ProfiledCodeHeapSize                     = 122909434                              {pd product} {ergonomic}
    uintx ReservedCodeCacheSize                    = 251658240                              {pd product} {ergonomic}
     bool SegmentedCodeCache                       = true                                      {product} {ergonomic}
   size_t SoftMaxHeapSize                          = 1832910848                             {manageable} {ergonomic}
     bool UseCompressedClassPointers               = true                           {product lp64_product} {ergonomic}
     bool UseCompressedOops                        = true                           {product lp64_product} {ergonomic}
     bool UseG1GC                                  = true                                      {product} {ergonomic}
     bool UseLargePagesIndividualAllocation        = false                                  {pd product} {ergonomic}

Logging:
Log output configuration:
 #0: stdout all=warning uptime,level,tags
 #1: stderr all=off uptime,level,tags

Environment Variables:
JAVA_HOME=C:\Program Files\Eclipse Adoptium\jdk-17.0.16.8-hotspot\
CLASSPATH=C:\gawe\kencanaprint\my\packing_rn\frontend\android\\gradle\wrapper\gradle-wrapper.jar
PATH=C:\Program Files\Eclipse Adoptium\jdk-17.0.16.8-hotspot\bin;C:\Program Files\AdoptOpenJDK\jdk-8.0.242.08-hotspot\bin;C:\Program Files (x86)\Embarcadero\Studio\21.0\bin;C:\Users\Public\Documents\Embarcadero\Studio\21.0\Bpl;C:\Program Files (x86)\Embarcadero\Studio\21.0\bin64;C:\Users\Public\Documents\Embarcadero\Studio\21.0\Bpl\Win64;C:\Program Files (x86)\Borland\Delphi7\Bin;C:\Program Files (x86)\Borland\Delphi7\Projects\Bpl\;C:\Program Files (x86)\Embarcadero\Studio\23.0\bin;C:\Users\Public\Documents\Embarcadero\Studio\23.0\Bpl;C:\Program Files (x86)\Embarcadero\Studio\23.0\bin64;C:\Users\Public\Documents\Embarcadero\Studio\23.0\Bpl\Win64;C:\Program Files\Common Files\Oracle\Java\javapath;C:\WINDOWS\system32;C:\WINDOWS;C:\WINDOWS\System32\Wbem;C:\WINDOWS\System32\WindowsPowerShell\v1.0\;C:\WINDOWS\System32\OpenSSH\;C:\xampp\php;C:\ProgramData\ComposerSetup\bin;C:\Program Files\dotnet\;C:\Program Files\GitHub CLI\;C:\Program Files (x86)\DevExpress\VCL\Library\RS27;C:\Program Files (x86)\DevExpress\VCL\Library\RS27\Win64;C:\Program Files\Cloudflare\Cloudflare WARP\;C:\Program Files\nodejs\;C:\ProgramData\chocolatey\bin;C:\Program Files\Microsoft SQL Server\150\Tools\Binn\;C:\Program Files\PuTTY\;C:\Program Files\WireGuard\;C:\Users\LENOVO\AppData\Local\Programs\Python\Python313\Scripts\;C:\Users\LENOVO\AppData\Local\Programs\Python\Python313\;C:\Users\LENOVO\AppData\Local\Microsoft\WindowsApps;C:\Users\LENOVO\AppData\Local\Programs\Microsoft VS Code\bin;C:\Users\LENOVO\AppData\Roaming\Composer\vendor\bin;C:\Program Files\Eclipse Adoptium\jdk-17.0.16.8-hotspot\\bin;C:\Program Files\Git\bin;C:\Program Files\PostgreSQL\16\bin;C:\flutter\src\flutter\bin;C:\Program Files\heroku\bin;C:\Users\LENOVO\AppData\Roaming\npm;C:\ffmpeg\bin;C:\Users\LENOVO\AppData\Local\Android\Sdk;C:\Users\LENOVO\AppData\Local\Android\Sdk\platform-tools;
USERNAME=LENOVO
LANG=en_US.UTF-8
OS=Windows_NT
PROCESSOR_IDENTIFIER=AMD64 Family 23 Model 160 Stepping 0, AuthenticAMD
TMP=C:\Users\LENOVO\AppData\Local\Temp
TEMP=C:\Users\LENOVO\AppData\Local\Temp



Periodic native trim disabled


---------------  S Y S T E M  ---------------

OS:
 Windows 11 , 64 bit Build 26100 (10.0.26100.7309)
OS uptime: 1 days 1:04 hours
Hyper-V role detected

CPU: total 8 (initial active 8) (8 cores per cpu, 2 threads per core) family 23 model 160 stepping 0 microcode 0x8a00006, cx8, cmov, fxsr, ht, mmx, 3dnowpref, sse, sse2, sse3, ssse3, sse4a, sse4.1, sse4.2, popcnt, lzcnt, tsc, tscinvbit, avx, avx2, aes, clmul, bmi1, bmi2, adx, sha, fma, vzeroupper, clflush, clflushopt, hv
Processor Information for all 8 processors :
  Max Mhz: 2801, Current Mhz: 2801, Mhz Limit: 2801

Memory: 4k page, system-wide physical 6989M (655M free)
TotalPageFile size 23373M (AvailPageFile size 17M)
current process WorkingSet (physical memory assigned to process): 335M, peak: 339M
current process commit charge ("private bytes"): 406M, peak: 411M

vm_info: OpenJDK 64-Bit Server VM (17.0.16+8) for windows-amd64 JRE (17.0.16+8), built on Jul 16 2025 10:37:56 by "admin" with MS VC++ 17.7 (VS2022)

END.
