#
# There is insufficient memory for the Java Runtime Environment to continue.
# Native memory allocation (mmap) failed to map 57671680 bytes. Error detail: G1 virtual space
# Possible reasons:
#   The system is out of physical RAM or swap space
#   This process is running with CompressedOops enabled, and the Java Heap may be blocking the growth of the native heap
# Possible solutions:
#   Reduce memory load on the system
#   Increase physical memory or swap space
#   Check if swap backing store is full
#   Decrease Java heap size (-Xmx/-Xms)
#   Decrease number of Java threads
#   Decrease Java thread stack sizes (-Xss)
#   Set larger code cache with -XX:ReservedCodeCacheSize=
#   JVM is running with Unscaled Compressed Oops mode in which the Java heap is
#     placed in the first 4GB address space. The Java Heap base address is the
#     maximum limit for the native heap growth. Please use -XX:HeapBaseMinAddress
#     to set the Java Heap base and to place the Java Heap above 4GB virtual address.
# This output file may be truncated or incomplete.
#
#  Out of Memory Error (os_windows.cpp:3618), pid=18460, tid=26228
#
# JRE version: OpenJDK Runtime Environment Temurin-17.0.16+8 (17.0.16+8) (build 17.0.16+8)
# Java VM: OpenJDK 64-Bit Server VM Temurin-17.0.16+8 (17.0.16+8, mixed mode, sharing, tiered, compressed oops, compressed class ptrs, g1 gc, windows-amd64)
# No core dump will be written. Minidumps are not enabled by default on client versions of Windows
#

---------------  S U M M A R Y ------------

Command Line: -XX:MaxMetaspaceSize=512m --add-opens=java.base/java.util=ALL-UNNAMED --add-opens=java.base/java.lang=ALL-UNNAMED --add-opens=java.base/java.lang.invoke=ALL-UNNAMED --add-opens=java.prefs/java.util.prefs=ALL-UNNAMED --add-opens=java.base/java.nio.charset=ALL-UNNAMED --add-opens=java.base/java.net=ALL-UNNAMED --add-opens=java.base/java.util.concurrent.atomic=ALL-UNNAMED -Xmx2048m -Dfile.encoding=windows-1252 -Duser.country=ID -Duser.language=id -Duser.variant -javaagent:C:\Users\LENOVO\.gradle\wrapper\dists\gradle-8.3-all\6en3ugtfdg5xnpx44z4qbwgas\gradle-8.3\lib\agents\gradle-instrumentation-agent-8.3.jar org.gradle.launcher.daemon.bootstrap.GradleDaemon 8.3

Host: AMD Ryzen 5 7520U with Radeon Graphics         , 8 cores, 6G,  Windows 11 , 64 bit Build 26100 (10.0.26100.7309)
Time: Wed Jan  7 13:55:04 2026 SE Asia Standard Time elapsed time: 311.120439 seconds (0d 0h 5m 11s)

---------------  T H R E A D  ---------------

Current thread (0x0000025e26de4b80):  VMThread "VM Thread" [stack: 0x000000f1a2b00000,0x000000f1a2c00000] [id=26228]

Stack: [0x000000f1a2b00000,0x000000f1a2c00000]
Native frames: (J=compiled Java code, j=interpreted, Vv=VM code, C=native code)
V  [jvm.dll+0x683169]
V  [jvm.dll+0x839ac8]
V  [jvm.dll+0x83b573]
V  [jvm.dll+0x83bbe3]
V  [jvm.dll+0x2473ff]
V  [jvm.dll+0x67ff49]
V  [jvm.dll+0x674e3a]
V  [jvm.dll+0x304ea6]
V  [jvm.dll+0x30c366]
V  [jvm.dll+0x35deee]
V  [jvm.dll+0x35e12d]
V  [jvm.dll+0x2dc26c]
V  [jvm.dll+0x2df286]
V  [jvm.dll+0x2e99ac]
V  [jvm.dll+0x31d7cd]
V  [jvm.dll+0x84041d]
V  [jvm.dll+0x841153]
V  [jvm.dll+0x84167f]
V  [jvm.dll+0x841a64]
V  [jvm.dll+0x841b2e]
V  [jvm.dll+0x7e979c]
V  [jvm.dll+0x682047]
C  [ucrtbase.dll+0x37b0]
C  [KERNEL32.DLL+0x2e8d7]
C  [ntdll.dll+0x8c53c]

VM_Operation (0x000000f1a27ffa50): G1PauseRemark, mode: safepoint, requested by thread 0x0000025e06beff70


---------------  P R O C E S S  ---------------

Threads class SMR info:
_java_thread_list=0x0000025e4a316d40, length=102, elements={
0x0000025e06b81210, 0x0000025e26dea310, 0x0000025e26deade0, 0x0000025e26e01be0,
0x0000025e26e064d0, 0x0000025e26e06da0, 0x0000025e26e07670, 0x0000025e26e0e290,
0x0000025e26e12c70, 0x0000025e46028030, 0x0000025e26dd8c10, 0x0000025e4616a240,
0x0000025e477039c0, 0x0000025e4748c030, 0x0000025e46fe8130, 0x0000025e471c3080,
0x0000025e479808c0, 0x0000025e4748b9c0, 0x0000025e4748a070, 0x0000025e4748b4b0,
0x0000025e4748aa90, 0x0000025e4748afa0, 0x0000025e48304dd0, 0x0000025e483052e0,
0x0000025e48308070, 0x0000025e483057f0, 0x0000025e48307650, 0x0000025e48308a90,
0x0000025e48308580, 0x0000025e48306210, 0x0000025e48308fa0, 0x0000025e483094b0,
0x0000025e48306720, 0x0000025e483099c0, 0x0000025e48307140, 0x0000025e48306c30,
0x0000025e4830ae00, 0x0000025e483048c0, 0x0000025e4830a8f0, 0x0000025e4830bd30,
0x0000025e4830c240, 0x0000025e4748a580, 0x0000025e4883fe30, 0x0000025e48841270,
0x0000025e48841780, 0x0000025e48840d60, 0x0000025e488426b0, 0x0000025e48841c90,
0x0000025e488421a0, 0x0000025e48842bc0, 0x0000025e488430d0, 0x0000025e488435e0,
0x0000025e48840850, 0x0000025e47491a50, 0x0000025e4748f6e0, 0x0000025e4748f1d0,
0x0000025e4748fbf0, 0x0000025e47490610, 0x0000025e47490b20, 0x0000025e47491030,
0x0000025e47491f60, 0x0000025e4a96cec0, 0x0000025e4a96d3d0, 0x0000025e4a96e300,
0x0000025e4a96c4a0, 0x0000025e4a96d8e0, 0x0000025e4a96ba80, 0x0000025e4a96ddf0,
0x0000025e4a96b570, 0x0000025e4a970b80, 0x0000025e4a9715a0, 0x0000025e4a971ab0,
0x0000025e4a9724d0, 0x0000025e4a971fc0, 0x0000025e4a9729e0, 0x0000025e4a970160,
0x0000025e4a96f230, 0x0000025e4a96fc50, 0x0000025e4a96f740, 0x0000025e4a970670,
0x0000025e4a971090, 0x0000025e499932b0, 0x0000025e499941e0, 0x0000025e49992380,
0x0000025e499937c0, 0x0000025e49991e70, 0x0000025e499988c0, 0x0000025e49998dd0,
0x0000025e49995620, 0x0000025e499992e0, 0x0000025e49995b30, 0x0000025e499997f0,
0x0000025e49996550, 0x0000025e4858f570, 0x0000025e51090020, 0x0000025e4a96e810,
0x0000025e4a96b060, 0x0000025e4a96bf90, 0x0000025e4a96ed20, 0x0000025e4830b310,
0x0000025e48307b60, 0x0000025e4bca1220
}

Java Threads: ( => current thread )
  0x0000025e06b81210 JavaThread "main" [_thread_blocked, id=24040, stack(0x000000f1a2500000,0x000000f1a2600000)]
  0x0000025e26dea310 JavaThread "Reference Handler" daemon [_thread_blocked, id=19124, stack(0x000000f1a2c00000,0x000000f1a2d00000)]
  0x0000025e26deade0 JavaThread "Finalizer" daemon [_thread_blocked, id=14312, stack(0x000000f1a2d00000,0x000000f1a2e00000)]
  0x0000025e26e01be0 JavaThread "Signal Dispatcher" daemon [_thread_blocked, id=16272, stack(0x000000f1a2e00000,0x000000f1a2f00000)]
  0x0000025e26e064d0 JavaThread "Attach Listener" daemon [_thread_blocked, id=13272, stack(0x000000f1a2f00000,0x000000f1a3000000)]
  0x0000025e26e06da0 JavaThread "Service Thread" daemon [_thread_blocked, id=22712, stack(0x000000f1a3000000,0x000000f1a3100000)]
  0x0000025e26e07670 JavaThread "Monitor Deflation Thread" daemon [_thread_blocked, id=22032, stack(0x000000f1a3100000,0x000000f1a3200000)]
  0x0000025e26e0e290 JavaThread "C2 CompilerThread0" daemon [_thread_blocked, id=16576, stack(0x000000f1a3200000,0x000000f1a3300000)]
  0x0000025e26e12c70 JavaThread "C1 CompilerThread0" daemon [_thread_blocked, id=6532, stack(0x000000f1a3300000,0x000000f1a3400000)]
  0x0000025e46028030 JavaThread "Sweeper thread" daemon [_thread_blocked, id=6284, stack(0x000000f1a3400000,0x000000f1a3500000)]
  0x0000025e26dd8c10 JavaThread "Common-Cleaner" daemon [_thread_blocked, id=7680, stack(0x000000f1a3500000,0x000000f1a3600000)]
  0x0000025e4616a240 JavaThread "Notification Thread" daemon [_thread_blocked, id=14732, stack(0x000000f1a3600000,0x000000f1a3700000)]
  0x0000025e477039c0 JavaThread "Daemon health stats" [_thread_blocked, id=3452, stack(0x000000f1a3c00000,0x000000f1a3d00000)]
  0x0000025e4748c030 JavaThread "Incoming local TCP Connector on port 55732" [_thread_in_native, id=24684, stack(0x000000f1a3d00000,0x000000f1a3e00000)]
  0x0000025e46fe8130 JavaThread "Daemon periodic checks" [_thread_blocked, id=7788, stack(0x000000f1a3e00000,0x000000f1a3f00000)]
  0x0000025e471c3080 JavaThread "Daemon" [_thread_blocked, id=22924, stack(0x000000f1a3f00000,0x000000f1a4000000)]
  0x0000025e479808c0 JavaThread "Handler for socket connection from /127.0.0.1:55732 to /127.0.0.1:55733" [_thread_in_native, id=15256, stack(0x000000f1a4000000,0x000000f1a4100000)]
  0x0000025e4748b9c0 JavaThread "Cancel handler" [_thread_blocked, id=18548, stack(0x000000f1a4100000,0x000000f1a4200000)]
  0x0000025e4748a070 JavaThread "Daemon worker" [_thread_blocked, id=5132, stack(0x000000f1a4200000,0x000000f1a4300000)]
  0x0000025e4748b4b0 JavaThread "Asynchronous log dispatcher for DefaultDaemonConnection: socket connection from /127.0.0.1:55732 to /127.0.0.1:55733" [_thread_blocked, id=176, stack(0x000000f1a4300000,0x000000f1a4400000)]
  0x0000025e4748aa90 JavaThread "Stdin handler" [_thread_blocked, id=10500, stack(0x000000f1a4400000,0x000000f1a4500000)]
  0x0000025e4748afa0 JavaThread "Daemon client event forwarder" [_thread_blocked, id=24276, stack(0x000000f1a4500000,0x000000f1a4600000)]
  0x0000025e48304dd0 JavaThread "Cache worker for journal cache (C:\Users\LENOVO\.gradle\caches\journal-1)" [_thread_blocked, id=18488, stack(0x000000f1a4600000,0x000000f1a4700000)]
  0x0000025e483052e0 JavaThread "File lock request listener" [_thread_in_native, id=4692, stack(0x000000f1a4700000,0x000000f1a4800000)]
  0x0000025e48308070 JavaThread "Cache worker for file hash cache (C:\Users\LENOVO\.gradle\caches\8.3\fileHashes)" [_thread_blocked, id=25668, stack(0x000000f1a4b00000,0x000000f1a4c00000)]
  0x0000025e483057f0 JavaThread "File watcher server" daemon [_thread_blocked, id=12032, stack(0x000000f1a4d00000,0x000000f1a4e00000)]
  0x0000025e48307650 JavaThread "File watcher consumer" daemon [_thread_blocked, id=3256, stack(0x000000f1a4e00000,0x000000f1a4f00000)]
  0x0000025e48308a90 JavaThread "Cache worker for checksums cache (C:\gawe\kencanaprint\my\packing_rn\frontend\android\.gradle\8.3\checksums)" [_thread_blocked, id=2172, stack(0x000000f1a4f00000,0x000000f1a5000000)]
  0x0000025e48308580 JavaThread "Cache worker for file hash cache (C:\gawe\kencanaprint\my\packing_rn\frontend\android\.gradle\8.3\fileHashes)" [_thread_blocked, id=2328, stack(0x000000f1a5000000,0x000000f1a5100000)]
  0x0000025e48306210 JavaThread "Cache worker for cache directory md-supplier (C:\Users\LENOVO\.gradle\caches\8.3\md-supplier)" [_thread_blocked, id=24752, stack(0x000000f1a5100000,0x000000f1a5200000)]
  0x0000025e48308fa0 JavaThread "Cache worker for file content cache (C:\Users\LENOVO\.gradle\caches\8.3\fileContent)" [_thread_blocked, id=25836, stack(0x000000f1a5200000,0x000000f1a5300000)]
  0x0000025e483094b0 JavaThread "Cache worker for cache directory md-rule (C:\Users\LENOVO\.gradle\caches\8.3\md-rule)" [_thread_blocked, id=25688, stack(0x000000f1a5400000,0x000000f1a5500000)]
  0x0000025e48306720 JavaThread "Cache worker for execution history cache (C:\Users\LENOVO\.gradle\caches\8.3\executionHistory)" [_thread_blocked, id=17508, stack(0x000000f1a5500000,0x000000f1a5600000)]
  0x0000025e483099c0 JavaThread "jar transforms" [_thread_blocked, id=25560, stack(0x000000f1a2400000,0x000000f1a2500000)]
  0x0000025e48307140 JavaThread "jar transforms Thread 2" [_thread_blocked, id=26300, stack(0x000000f1a5600000,0x000000f1a5700000)]
  0x0000025e48306c30 JavaThread "jar transforms Thread 3" [_thread_blocked, id=25336, stack(0x000000f1a5700000,0x000000f1a5800000)]
  0x0000025e4830ae00 JavaThread "jar transforms Thread 4" [_thread_blocked, id=14812, stack(0x000000f1a5900000,0x000000f1a5a00000)]
  0x0000025e483048c0 JavaThread "Cache worker for kotlin-dsl (C:\Users\LENOVO\.gradle\caches\8.3\kotlin-dsl)" [_thread_blocked, id=18692, stack(0x000000f1a2200000,0x000000f1a2300000)]
  0x0000025e4830a8f0 JavaThread "jar transforms Thread 5" [_thread_blocked, id=19068, stack(0x000000f1a2300000,0x000000f1a2400000)]
  0x0000025e4830bd30 JavaThread "jar transforms Thread 6" [_thread_blocked, id=5088, stack(0x000000f1a4c00000,0x000000f1a4d00000)]
  0x0000025e4830c240 JavaThread "Unconstrained build operations" [_thread_blocked, id=18052, stack(0x000000f1a5a00000,0x000000f1a5b00000)]
  0x0000025e4748a580 JavaThread "Unconstrained build operations Thread 2" [_thread_blocked, id=2256, stack(0x000000f1a5b00000,0x000000f1a5c00000)]
  0x0000025e4883fe30 JavaThread "jar transforms Thread 7" [_thread_blocked, id=12096, stack(0x000000f1a5c00000,0x000000f1a5d00000)]
  0x0000025e48841270 JavaThread "jar transforms Thread 8" [_thread_blocked, id=15852, stack(0x000000f1a5d00000,0x000000f1a5e00000)]
  0x0000025e48841780 JavaThread "Cache worker for dependencies-accessors (C:\gawe\kencanaprint\my\packing_rn\frontend\android\.gradle\8.3\dependencies-accessors)" [_thread_blocked, id=23480, stack(0x000000f1a5e00000,0x000000f1a5f00000)]
  0x0000025e48840d60 JavaThread "Cache worker for Build Output Cleanup Cache (C:\gawe\kencanaprint\my\packing_rn\frontend\node_modules\@react-native\gradle-plugin\.gradle\buildOutputCleanup)" [_thread_blocked, id=11792, stack(0x000000f1a5f00000,0x000000f1a6000000)]
  0x0000025e488426b0 JavaThread "Unconstrained build operations Thread 3" [_thread_blocked, id=21508, stack(0x000000f1a6100000,0x000000f1a6200000)]
  0x0000025e48841c90 JavaThread "Unconstrained build operations Thread 4" [_thread_blocked, id=25796, stack(0x000000f1a6200000,0x000000f1a6300000)]
  0x0000025e488421a0 JavaThread "Unconstrained build operations Thread 5" [_thread_blocked, id=2812, stack(0x000000f1a6300000,0x000000f1a6400000)]
  0x0000025e48842bc0 JavaThread "Unconstrained build operations Thread 6" [_thread_blocked, id=18932, stack(0x000000f1a6400000,0x000000f1a6500000)]
  0x0000025e488430d0 JavaThread "Unconstrained build operations Thread 7" [_thread_blocked, id=328, stack(0x000000f1a6500000,0x000000f1a6600000)]
  0x0000025e488435e0 JavaThread "Unconstrained build operations Thread 8" [_thread_blocked, id=17624, stack(0x000000f1a6600000,0x000000f1a6700000)]
  0x0000025e48840850 JavaThread "Unconstrained build operations Thread 9" [_thread_blocked, id=9612, stack(0x000000f1a6700000,0x000000f1a6800000)]
  0x0000025e47491a50 JavaThread "Memory manager" [_thread_blocked, id=12372, stack(0x000000f1a6800000,0x000000f1a6900000)]
  0x0000025e4748f6e0 JavaThread "Cache worker for Build Output Cleanup Cache (C:\gawe\kencanaprint\my\packing_rn\frontend\android\.gradle\buildOutputCleanup)" [_thread_blocked, id=25468, stack(0x000000f1a6900000,0x000000f1a6a00000)]
  0x0000025e4748f1d0 JavaThread "ForkJoinPool.commonPool-worker-1" daemon [_thread_blocked, id=9856, stack(0x000000f1a6000000,0x000000f1a6100000)]
  0x0000025e4748fbf0 JavaThread "ForkJoinPool.commonPool-worker-2" daemon [_thread_blocked, id=6196, stack(0x000000f1a6a00000,0x000000f1a6b00000)]
  0x0000025e47490610 JavaThread "ForkJoinPool.commonPool-worker-3" daemon [_thread_blocked, id=20884, stack(0x000000f1a6b00000,0x000000f1a6c00000)]
  0x0000025e47490b20 JavaThread "ForkJoinPool.commonPool-worker-4" daemon [_thread_blocked, id=12864, stack(0x000000f1a6c00000,0x000000f1a6d00000)]
  0x0000025e47491030 JavaThread "ForkJoinPool.commonPool-worker-5" daemon [_thread_blocked, id=18668, stack(0x000000f1a6d00000,0x000000f1a6e00000)]
  0x0000025e47491f60 JavaThread "ForkJoinPool.commonPool-worker-6" daemon [_thread_blocked, id=17132, stack(0x000000f1a6e00000,0x000000f1a6f00000)]
  0x0000025e4a96cec0 JavaThread "Execution worker" [_thread_blocked, id=26120, stack(0x000000f1a7400000,0x000000f1a7500000)]
  0x0000025e4a96d3d0 JavaThread "Execution worker Thread 2" [_thread_blocked, id=21872, stack(0x000000f1a7500000,0x000000f1a7600000)]
  0x0000025e4a96e300 JavaThread "Execution worker Thread 3" [_thread_blocked, id=8088, stack(0x000000f1a7600000,0x000000f1a7700000)]
  0x0000025e4a96c4a0 JavaThread "Execution worker Thread 4" [_thread_blocked, id=21372, stack(0x000000f1a7700000,0x000000f1a7800000)]
  0x0000025e4a96d8e0 JavaThread "Execution worker Thread 5" [_thread_blocked, id=18040, stack(0x000000f1a7800000,0x000000f1a7900000)]
  0x0000025e4a96ba80 JavaThread "Execution worker Thread 6" [_thread_blocked, id=14148, stack(0x000000f1a7900000,0x000000f1a7a00000)]
  0x0000025e4a96ddf0 JavaThread "Execution worker Thread 7" [_thread_blocked, id=20132, stack(0x000000f1a7a00000,0x000000f1a7b00000)]
  0x0000025e4a96b570 JavaThread "Cache worker for execution history cache (C:\gawe\kencanaprint\my\packing_rn\frontend\node_modules\@react-native\gradle-plugin\.gradle\8.3\executionHistory)" [_thread_blocked, id=19448, stack(0x000000f1a7b00000,0x000000f1a7c00000)]
  0x0000025e4a970b80 JavaThread "Unconstrained build operations Thread 10" [_thread_blocked, id=14492, stack(0x000000f1a7c00000,0x000000f1a7d00000)]
  0x0000025e4a9715a0 JavaThread "Unconstrained build operations Thread 11" [_thread_blocked, id=11104, stack(0x000000f1a7d00000,0x000000f1a7e00000)]
  0x0000025e4a971ab0 JavaThread "Unconstrained build operations Thread 12" [_thread_blocked, id=16380, stack(0x000000f1a7e00000,0x000000f1a7f00000)]
  0x0000025e4a9724d0 JavaThread "Unconstrained build operations Thread 13" [_thread_blocked, id=22864, stack(0x000000f1a7f00000,0x000000f1a8000000)]
  0x0000025e4a971fc0 JavaThread "Unconstrained build operations Thread 14" [_thread_blocked, id=23568, stack(0x000000f1a8000000,0x000000f1a8100000)]
  0x0000025e4a9729e0 JavaThread "Unconstrained build operations Thread 15" [_thread_blocked, id=12336, stack(0x000000f1a8100000,0x000000f1a8200000)]
  0x0000025e4a970160 JavaThread "Unconstrained build operations Thread 16" [_thread_blocked, id=17352, stack(0x000000f1a8200000,0x000000f1a8300000)]
  0x0000025e4a96f230 JavaThread "Unconstrained build operations Thread 17" [_thread_blocked, id=2720, stack(0x000000f1a8300000,0x000000f1a8400000)]
  0x0000025e4a96fc50 JavaThread "Unconstrained build operations Thread 18" [_thread_blocked, id=19940, stack(0x000000f1a8400000,0x000000f1a8500000)]
  0x0000025e4a96f740 JavaThread "Unconstrained build operations Thread 19" [_thread_blocked, id=14092, stack(0x000000f1a8600000,0x000000f1a8700000)]
  0x0000025e4a970670 JavaThread "Unconstrained build operations Thread 20" [_thread_blocked, id=16664, stack(0x000000f1a8700000,0x000000f1a8800000)]
  0x0000025e4a971090 JavaThread "Unconstrained build operations Thread 21" [_thread_blocked, id=10060, stack(0x000000f1a8800000,0x000000f1a8900000)]
  0x0000025e499932b0 JavaThread "Unconstrained build operations Thread 22" [_thread_blocked, id=20224, stack(0x000000f1a8900000,0x000000f1a8a00000)]
  0x0000025e499941e0 JavaThread "Unconstrained build operations Thread 23" [_thread_blocked, id=22196, stack(0x000000f1a8a00000,0x000000f1a8b00000)]
  0x0000025e49992380 JavaThread "Unconstrained build operations Thread 24" [_thread_blocked, id=13808, stack(0x000000f1a8b00000,0x000000f1a8c00000)]
  0x0000025e499937c0 JavaThread "Unconstrained build operations Thread 25" [_thread_blocked, id=25324, stack(0x000000f1a8c00000,0x000000f1a8d00000)]
  0x0000025e49991e70 JavaThread "Unconstrained build operations Thread 26" [_thread_blocked, id=10728, stack(0x000000f1a6f00000,0x000000f1a7000000)]
  0x0000025e499988c0 JavaThread "Unconstrained build operations Thread 27" [_thread_blocked, id=19144, stack(0x000000f1a7100000,0x000000f1a7200000)]
  0x0000025e49998dd0 JavaThread "Unconstrained build operations Thread 28" [_thread_blocked, id=18500, stack(0x000000f1a7200000,0x000000f1a7300000)]
  0x0000025e49995620 JavaThread "Unconstrained build operations Thread 29" [_thread_blocked, id=4560, stack(0x000000f1a7300000,0x000000f1a7400000)]
  0x0000025e499992e0 JavaThread "Unconstrained build operations Thread 30" [_thread_blocked, id=20984, stack(0x000000f1a8e00000,0x000000f1a8f00000)]
  0x0000025e49995b30 JavaThread "Unconstrained build operations Thread 31" [_thread_blocked, id=5580, stack(0x000000f1a8f00000,0x000000f1a9000000)]
  0x0000025e499997f0 JavaThread "Unconstrained build operations Thread 32" [_thread_blocked, id=4352, stack(0x000000f1a9000000,0x000000f1a9100000)]
  0x0000025e49996550 JavaThread "Unconstrained build operations Thread 33" [_thread_blocked, id=12280, stack(0x000000f1a9100000,0x000000f1a9200000)]
  0x0000025e4858f570 JavaThread "C2 CompilerThread1" daemon [_thread_blocked, id=4176, stack(0x000000f1a5800000,0x000000f1a5900000)]
  0x0000025e51090020 JavaThread "C2 CompilerThread2" daemon [_thread_blocked, id=22960, stack(0x000000f1a7000000,0x000000f1a7100000)]
  0x0000025e4a96e810 JavaThread "Unconstrained build operations Thread 34" [_thread_blocked, id=1784, stack(0x000000f1a9200000,0x000000f1a9300000)]
  0x0000025e4a96b060 JavaThread "Unconstrained build operations Thread 35" [_thread_blocked, id=17096, stack(0x000000f1a9300000,0x000000f1a9400000)]
  0x0000025e4a96bf90 JavaThread "Unconstrained build operations Thread 36" [_thread_blocked, id=12856, stack(0x000000f1a9400000,0x000000f1a9500000)]
  0x0000025e4a96ed20 JavaThread "Unconstrained build operations Thread 37" [_thread_blocked, id=4896, stack(0x000000f1a9500000,0x000000f1a9600000)]
  0x0000025e4830b310 JavaThread "Unconstrained build operations Thread 38" [_thread_blocked, id=15684, stack(0x000000f1a9600000,0x000000f1a9700000)]
  0x0000025e48307b60 JavaThread "Unconstrained build operations Thread 39" [_thread_blocked, id=14620, stack(0x000000f1a9700000,0x000000f1a9800000)]
  0x0000025e4bca1220 JavaThread "Unconstrained build operations Thread 40" [_thread_blocked, id=26200, stack(0x000000f1a9800000,0x000000f1a9900000)]

Other Threads:
=>0x0000025e26de4b80 VMThread "VM Thread" [stack: 0x000000f1a2b00000,0x000000f1a2c00000] [id=26228]
  0x0000025e06b81fa0 WatcherThread [stack: 0x000000f1a3700000,0x000000f1a3800000] [id=16980]
  0x0000025e06bdf110 GCTaskThread "GC Thread#0" [stack: 0x000000f1a2600000,0x000000f1a2700000] [id=17856]
  0x0000025e46c0eb90 GCTaskThread "GC Thread#1" [stack: 0x000000f1a3800000,0x000000f1a3900000] [id=15772]
  0x0000025e46a25a40 GCTaskThread "GC Thread#2" [stack: 0x000000f1a3900000,0x000000f1a3a00000] [id=14472]
  0x0000025e46b326d0 GCTaskThread "GC Thread#3" [stack: 0x000000f1a3a00000,0x000000f1a3b00000] [id=23376]
  0x0000025e46b83f00 GCTaskThread "GC Thread#4" [stack: 0x000000f1a3b00000,0x000000f1a3c00000] [id=26604]
  0x0000025e46aef390 GCTaskThread "GC Thread#5" [stack: 0x000000f1a4800000,0x000000f1a4900000] [id=6956]
  0x0000025e49115af0 GCTaskThread "GC Thread#6" [stack: 0x000000f1a4900000,0x000000f1a4a00000] [id=11680]
  0x0000025e4725d400 GCTaskThread "GC Thread#7" [stack: 0x000000f1a4a00000,0x000000f1a4b00000] [id=15068]
  0x0000025e06beff70 ConcurrentGCThread "G1 Main Marker" [stack: 0x000000f1a2700000,0x000000f1a2800000] [id=1872]
  0x0000025e06bf08a0 ConcurrentGCThread "G1 Conc#0" [stack: 0x000000f1a2800000,0x000000f1a2900000] [id=6872]
  0x0000025e49050100 ConcurrentGCThread "G1 Conc#1" [stack: 0x000000f1a5300000,0x000000f1a5400000] [id=22112]
  0x0000025e26c964e0 ConcurrentGCThread "G1 Refine#0" [stack: 0x000000f1a2900000,0x000000f1a2a00000] [id=25288]
  0x0000025e06c2e060 ConcurrentGCThread "G1 Service" [stack: 0x000000f1a2a00000,0x000000f1a2b00000] [id=23896]

Threads with active compile tasks:
C2 CompilerThread2   311177 12075       4       java.net.URI$Parser::checkChars (44 bytes)

VM state: at safepoint (normal execution)

VM Mutex/Monitor currently owned by a thread:  ([mutex/lock_event])
[0x0000025e06832090] Threads_lock - owner thread: 0x0000025e26de4b80
[0x0000025e06b7eab0] Heap_lock - owner thread: 0x0000025e06beff70

Heap address: 0x0000000080000000, size: 2048 MB, Compressed Oops mode: 32-bit

CDS archive(s) mapped at: [0x0000025e27000000-0x0000025e27bb0000-0x0000025e27bb0000), size 12255232, SharedBaseAddress: 0x0000025e27000000, ArchiveRelocationMode: 1.
Compressed class space mapped at: 0x0000025e28000000-0x0000025e42000000, reserved size: 436207616
Narrow klass base: 0x0000025e27000000, Narrow klass shift: 0, Narrow klass range: 0x100000000

GC Precious Log:
 CPUs: 8 total, 8 available
 Memory: 6989M
 Large Page Support: Disabled
 NUMA Support: Disabled
 Compressed Oops: Enabled (32-bit)
 Heap Region Size: 1M
 Heap Min Capacity: 8M
 Heap Initial Capacity: 110M
 Heap Max Capacity: 2G
 Pre-touch: Disabled
 Parallel Workers: 8
 Concurrent Workers: 2
 Concurrent Refinement Workers: 8
 Periodic GC: Disabled

Heap:
 garbage-first heap   total 181248K, used 140716K [0x0000000080000000, 0x0000000100000000)
  region size 1024K, 9 young (9216K), 3 survivors (3072K)
 Metaspace       used 91133K, committed 92224K, reserved 557056K
  class space    used 12811K, committed 13312K, reserved 425984K

Heap Regions: E=young(eden), S=young(survivor), O=old, HS=humongous(starts), HC=humongous(continues), CS=collection set, F=free, OA=open archive, CA=closed archive, TAMS=top-at-mark-start (previous, next)
|   0|0x0000000080000000, 0x0000000080100000, 0x0000000080100000|100%|HS|  |TAMS 0x0000000080100000, 0x0000000080000000| Complete 
|   1|0x0000000080100000, 0x0000000080200000, 0x0000000080200000|100%|HC|  |TAMS 0x0000000080200000, 0x0000000080100000| Complete 
|   2|0x0000000080200000, 0x0000000080300000, 0x0000000080300000|100%|HC|  |TAMS 0x0000000080300000, 0x0000000080200000| Complete 
|   3|0x0000000080300000, 0x0000000080400000, 0x0000000080400000|100%|HC|  |TAMS 0x0000000080400000, 0x0000000080300000| Complete 
|   4|0x0000000080400000, 0x0000000080500000, 0x0000000080500000|100%| O|  |TAMS 0x0000000080500000, 0x0000000080400000| Updating 
|   5|0x0000000080500000, 0x0000000080600000, 0x0000000080600000|100%| O|  |TAMS 0x0000000080600000, 0x0000000080500000| Untracked 
|   6|0x0000000080600000, 0x0000000080700000, 0x0000000080700000|100%| O|  |TAMS 0x0000000080700000, 0x0000000080600000| Untracked 
|   7|0x0000000080700000, 0x0000000080800000, 0x0000000080800000|100%| O|  |TAMS 0x0000000080800000, 0x0000000080700000| Untracked 
|   8|0x0000000080800000, 0x0000000080900000, 0x0000000080900000|100%| O|  |TAMS 0x0000000080900000, 0x0000000080800000| Untracked 
|   9|0x0000000080900000, 0x0000000080a00000, 0x0000000080a00000|100%| O|  |TAMS 0x0000000080a00000, 0x0000000080900000| Untracked 
|  10|0x0000000080a00000, 0x0000000080b00000, 0x0000000080b00000|100%| O|  |TAMS 0x0000000080b00000, 0x0000000080a00000| Updating 
|  11|0x0000000080b00000, 0x0000000080c00000, 0x0000000080c00000|100%| O|  |TAMS 0x0000000080c00000, 0x0000000080b00000| Untracked 
|  12|0x0000000080c00000, 0x0000000080d00000, 0x0000000080d00000|100%| O|  |TAMS 0x0000000080d00000, 0x0000000080c00000| Untracked 
|  13|0x0000000080d00000, 0x0000000080e00000, 0x0000000080e00000|100%| O|  |TAMS 0x0000000080e00000, 0x0000000080d00000| Untracked 
|  14|0x0000000080e00000, 0x0000000080f00000, 0x0000000080f00000|100%| O|  |TAMS 0x0000000080f00000, 0x0000000080e00000| Untracked 
|  15|0x0000000080f00000, 0x0000000081000000, 0x0000000081000000|100%| O|  |TAMS 0x0000000081000000, 0x0000000080f00000| Untracked 
|  16|0x0000000081000000, 0x0000000081100000, 0x0000000081100000|100%| O|  |TAMS 0x0000000081100000, 0x0000000081000000| Untracked 
|  17|0x0000000081100000, 0x0000000081200000, 0x0000000081200000|100%| O|  |TAMS 0x0000000081200000, 0x0000000081100000| Untracked 
|  18|0x0000000081200000, 0x0000000081300000, 0x0000000081300000|100%| O|  |TAMS 0x0000000081300000, 0x0000000081200000| Untracked 
|  19|0x0000000081300000, 0x0000000081400000, 0x0000000081400000|100%|HS|  |TAMS 0x0000000081400000, 0x0000000081300000| Complete 
|  20|0x0000000081400000, 0x0000000081500000, 0x0000000081500000|100%| O|  |TAMS 0x0000000081500000, 0x0000000081400000| Untracked 
|  21|0x0000000081500000, 0x0000000081600000, 0x0000000081600000|100%| O|  |TAMS 0x0000000081600000, 0x0000000081500000| Updating 
|  22|0x0000000081600000, 0x0000000081700000, 0x0000000081700000|100%| O|  |TAMS 0x0000000081700000, 0x0000000081600000| Updating 
|  23|0x0000000081700000, 0x0000000081800000, 0x0000000081800000|100%| O|  |TAMS 0x0000000081800000, 0x0000000081700000| Untracked 
|  24|0x0000000081800000, 0x0000000081900000, 0x0000000081900000|100%| O|  |TAMS 0x0000000081900000, 0x0000000081800000| Untracked 
|  25|0x0000000081900000, 0x0000000081a00000, 0x0000000081a00000|100%| O|  |TAMS 0x0000000081a00000, 0x0000000081900000| Untracked 
|  26|0x0000000081a00000, 0x0000000081b00000, 0x0000000081b00000|100%| O|  |TAMS 0x0000000081b00000, 0x0000000081a00000| Untracked 
|  27|0x0000000081b00000, 0x0000000081c00000, 0x0000000081c00000|100%| O|  |TAMS 0x0000000081c00000, 0x0000000081b00000| Updating 
|  28|0x0000000081c00000, 0x0000000081d00000, 0x0000000081d00000|100%|HS|  |TAMS 0x0000000081d00000, 0x0000000081c00000| Complete 
|  29|0x0000000081d00000, 0x0000000081e00000, 0x0000000081e00000|100%|HC|  |TAMS 0x0000000081e00000, 0x0000000081d00000| Complete 
|  30|0x0000000081e00000, 0x0000000081f00000, 0x0000000081f00000|100%|HS|  |TAMS 0x0000000081f00000, 0x0000000081e00000| Complete 
|  31|0x0000000081f00000, 0x0000000082000000, 0x0000000082000000|100%|HC|  |TAMS 0x0000000082000000, 0x0000000081f00000| Complete 
|  32|0x0000000082000000, 0x0000000082100000, 0x0000000082100000|100%| O|  |TAMS 0x0000000082100000, 0x0000000082000000| Updating 
|  33|0x0000000082100000, 0x0000000082200000, 0x0000000082200000|100%| O|  |TAMS 0x0000000082200000, 0x0000000082100000| Updating 
|  34|0x0000000082200000, 0x0000000082300000, 0x0000000082300000|100%| O|  |TAMS 0x0000000082300000, 0x0000000082200000| Untracked 
|  35|0x0000000082300000, 0x0000000082400000, 0x0000000082400000|100%| O|  |TAMS 0x0000000082400000, 0x0000000082300000| Untracked 
|  36|0x0000000082400000, 0x0000000082500000, 0x0000000082500000|100%| O|  |TAMS 0x0000000082500000, 0x0000000082400000| Untracked 
|  37|0x0000000082500000, 0x0000000082600000, 0x0000000082600000|100%| O|  |TAMS 0x0000000082600000, 0x0000000082500000| Untracked 
|  38|0x0000000082600000, 0x0000000082700000, 0x0000000082700000|100%| O|  |TAMS 0x0000000082700000, 0x0000000082600000| Untracked 
|  39|0x0000000082700000, 0x0000000082800000, 0x0000000082800000|100%|HS|  |TAMS 0x0000000082800000, 0x0000000082700000| Complete 
|  40|0x0000000082800000, 0x0000000082900000, 0x0000000082900000|100%|HC|  |TAMS 0x0000000082900000, 0x0000000082800000| Complete 
|  41|0x0000000082900000, 0x0000000082a00000, 0x0000000082a00000|100%|HC|  |TAMS 0x0000000082a00000, 0x0000000082900000| Complete 
|  42|0x0000000082a00000, 0x0000000082b00000, 0x0000000082b00000|100%|HC|  |TAMS 0x0000000082b00000, 0x0000000082a00000| Complete 
|  43|0x0000000082b00000, 0x0000000082c00000, 0x0000000082c00000|100%| O|  |TAMS 0x0000000082c00000, 0x0000000082b00000| Untracked 
|  44|0x0000000082c00000, 0x0000000082d00000, 0x0000000082d00000|100%| O|  |TAMS 0x0000000082d00000, 0x0000000082c00000| Updating 
|  45|0x0000000082d00000, 0x0000000082e00000, 0x0000000082e00000|100%| O|  |TAMS 0x0000000082e00000, 0x0000000082d00000| Updating 
|  46|0x0000000082e00000, 0x0000000082f00000, 0x0000000082f00000|100%| O|  |TAMS 0x0000000082f00000, 0x0000000082e00000| Untracked 
|  47|0x0000000082f00000, 0x0000000083000000, 0x0000000083000000|100%| O|  |TAMS 0x0000000083000000, 0x0000000082f00000| Untracked 
|  48|0x0000000083000000, 0x0000000083100000, 0x0000000083100000|100%| O|  |TAMS 0x0000000083100000, 0x0000000083000000| Untracked 
|  49|0x0000000083100000, 0x0000000083200000, 0x0000000083200000|100%| O|  |TAMS 0x0000000083200000, 0x0000000083100000| Untracked 
|  50|0x0000000083200000, 0x0000000083300000, 0x0000000083300000|100%| O|  |TAMS 0x0000000083300000, 0x0000000083200000| Untracked 
|  51|0x0000000083300000, 0x0000000083400000, 0x0000000083400000|100%| O|  |TAMS 0x0000000083400000, 0x0000000083300000| Untracked 
|  52|0x0000000083400000, 0x0000000083500000, 0x0000000083500000|100%|HS|  |TAMS 0x0000000083500000, 0x0000000083400000| Complete 
|  53|0x0000000083500000, 0x0000000083600000, 0x0000000083600000|100%|HC|  |TAMS 0x0000000083600000, 0x0000000083500000| Complete 
|  54|0x0000000083600000, 0x0000000083700000, 0x0000000083700000|100%|HC|  |TAMS 0x0000000083700000, 0x0000000083600000| Complete 
|  55|0x0000000083700000, 0x0000000083800000, 0x0000000083800000|100%|HC|  |TAMS 0x0000000083800000, 0x0000000083700000| Complete 
|  56|0x0000000083800000, 0x0000000083900000, 0x0000000083900000|100%| O|  |TAMS 0x0000000083900000, 0x0000000083800000| Untracked 
|  57|0x0000000083900000, 0x0000000083a00000, 0x0000000083a00000|100%| O|  |TAMS 0x0000000083a00000, 0x0000000083900000| Untracked 
|  58|0x0000000083a00000, 0x0000000083b00000, 0x0000000083b00000|100%| O|  |TAMS 0x0000000083b00000, 0x0000000083a00000| Updating 
|  59|0x0000000083b00000, 0x0000000083c00000, 0x0000000083c00000|100%| O|  |TAMS 0x0000000083c00000, 0x0000000083b00000| Untracked 
|  60|0x0000000083c00000, 0x0000000083d00000, 0x0000000083d00000|100%| O|  |TAMS 0x0000000083d00000, 0x0000000083c00000| Updating 
|  61|0x0000000083d00000, 0x0000000083d00000, 0x0000000083e00000|  0%| F|  |TAMS 0x0000000083d00000, 0x0000000083d00000| Untracked 
|  62|0x0000000083e00000, 0x0000000083f00000, 0x0000000083f00000|100%| O|  |TAMS 0x0000000083f00000, 0x0000000083e00000| Updating 
|  63|0x0000000083f00000, 0x0000000084000000, 0x0000000084000000|100%| O|  |TAMS 0x0000000084000000, 0x0000000083f00000| Untracked 
|  64|0x0000000084000000, 0x0000000084100000, 0x0000000084100000|100%| O|  |TAMS 0x0000000084100000, 0x0000000084000000| Updating 
|  65|0x0000000084100000, 0x0000000084200000, 0x0000000084200000|100%| O|  |TAMS 0x0000000084200000, 0x0000000084100000| Updating 
|  66|0x0000000084200000, 0x0000000084300000, 0x0000000084300000|100%|HS|  |TAMS 0x0000000084300000, 0x0000000084200000| Complete 
|  67|0x0000000084300000, 0x0000000084400000, 0x0000000084400000|100%| O|  |TAMS 0x0000000084400000, 0x0000000084300000| Updating 
|  68|0x0000000084400000, 0x0000000084500000, 0x0000000084500000|100%| O|  |TAMS 0x0000000084500000, 0x0000000084400000| Updating 
|  69|0x0000000084500000, 0x0000000084600000, 0x0000000084600000|100%| O|  |TAMS 0x0000000084600000, 0x0000000084500000| Updating 
|  70|0x0000000084600000, 0x0000000084700000, 0x0000000084700000|100%|HS|  |TAMS 0x0000000084700000, 0x0000000084600000| Complete 
|  71|0x0000000084700000, 0x0000000084800000, 0x0000000084800000|100%| O|  |TAMS 0x0000000084800000, 0x0000000084700000| Updating 
|  72|0x0000000084800000, 0x0000000084900000, 0x0000000084900000|100%| O|  |TAMS 0x0000000084900000, 0x0000000084800000| Untracked 
|  73|0x0000000084900000, 0x0000000084a00000, 0x0000000084a00000|100%| O|  |TAMS 0x0000000084a00000, 0x0000000084900000| Untracked 
|  74|0x0000000084a00000, 0x0000000084b00000, 0x0000000084b00000|100%| O|  |TAMS 0x0000000084b00000, 0x0000000084a00000| Untracked 
|  75|0x0000000084b00000, 0x0000000084c00000, 0x0000000084c00000|100%| O|  |TAMS 0x0000000084c00000, 0x0000000084b00000| Updating 
|  76|0x0000000084c00000, 0x0000000084c00000, 0x0000000084d00000|  0%| F|  |TAMS 0x0000000084c00000, 0x0000000084c00000| Untracked 
|  77|0x0000000084d00000, 0x0000000084e00000, 0x0000000084e00000|100%| O|  |TAMS 0x0000000084e00000, 0x0000000084d00000| Untracked 
|  78|0x0000000084e00000, 0x0000000084f00000, 0x0000000084f00000|100%|HS|  |TAMS 0x0000000084f00000, 0x0000000084e00000| Complete 
|  79|0x0000000084f00000, 0x0000000085000000, 0x0000000085000000|100%| O|  |TAMS 0x0000000085000000, 0x0000000084f00000| Untracked 
|  80|0x0000000085000000, 0x0000000085100000, 0x0000000085100000|100%| O|  |TAMS 0x0000000085100000, 0x0000000085000000| Untracked 
|  81|0x0000000085100000, 0x0000000085200000, 0x0000000085200000|100%| O|  |TAMS 0x0000000085200000, 0x0000000085100000| Untracked 
|  82|0x0000000085200000, 0x0000000085300000, 0x0000000085300000|100%| O|  |TAMS 0x0000000085300000, 0x0000000085200000| Untracked 
|  83|0x0000000085300000, 0x0000000085400000, 0x0000000085400000|100%| O|  |TAMS 0x0000000085400000, 0x0000000085300000| Untracked 
|  84|0x0000000085400000, 0x0000000085500000, 0x0000000085500000|100%| O|  |TAMS 0x0000000085500000, 0x0000000085400000| Updating 
|  85|0x0000000085500000, 0x0000000085600000, 0x0000000085600000|100%| O|  |TAMS 0x0000000085600000, 0x0000000085500000| Untracked 
|  86|0x0000000085600000, 0x0000000085600000, 0x0000000085700000|  0%| F|  |TAMS 0x0000000085600000, 0x0000000085600000| Untracked 
|  87|0x0000000085700000, 0x0000000085700000, 0x0000000085800000|  0%| F|  |TAMS 0x0000000085700000, 0x0000000085700000| Untracked 
|  88|0x0000000085800000, 0x0000000085800000, 0x0000000085900000|  0%| F|  |TAMS 0x0000000085800000, 0x0000000085800000| Untracked 
|  89|0x0000000085900000, 0x0000000085a00000, 0x0000000085a00000|100%| O|  |TAMS 0x0000000085a00000, 0x0000000085900000| Untracked 
|  90|0x0000000085a00000, 0x0000000085b00000, 0x0000000085b00000|100%| O|  |TAMS 0x0000000085b00000, 0x0000000085a00000| Updating 
|  91|0x0000000085b00000, 0x0000000085c00000, 0x0000000085c00000|100%| O|  |TAMS 0x0000000085c00000, 0x0000000085b00000| Updating 
|  92|0x0000000085c00000, 0x0000000085d00000, 0x0000000085d00000|100%| O|  |TAMS 0x0000000085d00000, 0x0000000085c00000| Updating 
|  93|0x0000000085d00000, 0x0000000085e00000, 0x0000000085e00000|100%| O|  |TAMS 0x0000000085e00000, 0x0000000085d00000| Updating 
|  94|0x0000000085e00000, 0x0000000085f00000, 0x0000000085f00000|100%| O|  |TAMS 0x0000000085f00000, 0x0000000085e00000| Untracked 
|  95|0x0000000085f00000, 0x0000000086000000, 0x0000000086000000|100%| O|  |TAMS 0x0000000086000000, 0x0000000085f00000| Untracked 
|  96|0x0000000086000000, 0x0000000086100000, 0x0000000086100000|100%| O|  |TAMS 0x0000000086100000, 0x0000000086000000| Untracked 
|  97|0x0000000086100000, 0x0000000086200000, 0x0000000086200000|100%| O|  |TAMS 0x0000000086200000, 0x0000000086100000| Untracked 
|  98|0x0000000086200000, 0x0000000086300000, 0x0000000086300000|100%| O|  |TAMS 0x0000000086300000, 0x0000000086200000| Untracked 
|  99|0x0000000086300000, 0x0000000086400000, 0x0000000086400000|100%| O|  |TAMS 0x0000000086400000, 0x0000000086300000| Updating 
| 100|0x0000000086400000, 0x0000000086500000, 0x0000000086500000|100%| O|  |TAMS 0x0000000086500000, 0x0000000086400000| Untracked 
| 101|0x0000000086500000, 0x0000000086600000, 0x0000000086600000|100%| O|  |TAMS 0x0000000086600000, 0x0000000086500000| Untracked 
| 102|0x0000000086600000, 0x0000000086700000, 0x0000000086700000|100%| O|  |TAMS 0x0000000086700000, 0x0000000086600000| Updating 
| 103|0x0000000086700000, 0x0000000086800000, 0x0000000086800000|100%| O|  |TAMS 0x0000000086800000, 0x0000000086700000| Untracked 
| 104|0x0000000086800000, 0x0000000086900000, 0x0000000086900000|100%| O|  |TAMS 0x0000000086900000, 0x0000000086800000| Untracked 
| 105|0x0000000086900000, 0x0000000086a00000, 0x0000000086a00000|100%| O|  |TAMS 0x0000000086a00000, 0x0000000086900000| Untracked 
| 106|0x0000000086a00000, 0x0000000086b00000, 0x0000000086b00000|100%| O|  |TAMS 0x0000000086b00000, 0x0000000086a00000| Untracked 
| 107|0x0000000086b00000, 0x0000000086c00000, 0x0000000086c00000|100%| O|  |TAMS 0x0000000086c00000, 0x0000000086b00000| Untracked 
| 108|0x0000000086c00000, 0x0000000086d00000, 0x0000000086d00000|100%| O|  |TAMS 0x0000000086d00000, 0x0000000086c00000| Updating 
| 109|0x0000000086d00000, 0x0000000086e00000, 0x0000000086e00000|100%| O|  |TAMS 0x0000000086e00000, 0x0000000086d00000| Untracked 
| 110|0x0000000086e00000, 0x0000000086f00000, 0x0000000086f00000|100%| O|  |TAMS 0x0000000086f00000, 0x0000000086e00000| Updating 
| 111|0x0000000086f00000, 0x0000000087000000, 0x0000000087000000|100%|HS|  |TAMS 0x0000000087000000, 0x0000000086f00000| Complete 
| 112|0x0000000087000000, 0x0000000087100000, 0x0000000087100000|100%|HC|  |TAMS 0x0000000087100000, 0x0000000087000000| Complete 
| 113|0x0000000087100000, 0x0000000087200000, 0x0000000087200000|100%|HS|  |TAMS 0x0000000087200000, 0x0000000087100000| Complete 
| 114|0x0000000087200000, 0x0000000087300000, 0x0000000087300000|100%|HC|  |TAMS 0x0000000087300000, 0x0000000087200000| Complete 
| 115|0x0000000087300000, 0x0000000087400000, 0x0000000087400000|100%|HC|  |TAMS 0x0000000087400000, 0x0000000087300000| Complete 
| 116|0x0000000087400000, 0x0000000087500000, 0x0000000087500000|100%|HC|  |TAMS 0x0000000087500000, 0x0000000087400000| Complete 
| 117|0x0000000087500000, 0x0000000087600000, 0x0000000087600000|100%| O|  |TAMS 0x0000000087600000, 0x0000000087500000| Untracked 
| 118|0x0000000087600000, 0x0000000087700000, 0x0000000087700000|100%| O|  |TAMS 0x0000000087700000, 0x0000000087600000| Untracked 
| 119|0x0000000087700000, 0x0000000087800000, 0x0000000087800000|100%| O|  |TAMS 0x0000000087800000, 0x0000000087700000| Untracked 
| 120|0x0000000087800000, 0x0000000087900000, 0x0000000087900000|100%| O|  |TAMS 0x0000000087900000, 0x0000000087800000| Untracked 
| 121|0x0000000087900000, 0x0000000087a00000, 0x0000000087a00000|100%| O|  |TAMS 0x0000000087a00000, 0x0000000087900000| Untracked 
| 122|0x0000000087a00000, 0x0000000087b00000, 0x0000000087b00000|100%| O|  |TAMS 0x0000000087b00000, 0x0000000087a00000| Untracked 
| 123|0x0000000087b00000, 0x0000000087c00000, 0x0000000087c00000|100%| O|  |TAMS 0x0000000087c00000, 0x0000000087b00000| Untracked 
| 124|0x0000000087c00000, 0x0000000087d00000, 0x0000000087d00000|100%| O|  |TAMS 0x0000000087d00000, 0x0000000087c00000| Untracked 
| 125|0x0000000087d00000, 0x0000000087e00000, 0x0000000087e00000|100%| O|  |TAMS 0x0000000087e00000, 0x0000000087d00000| Untracked 
| 126|0x0000000087e00000, 0x0000000087f00000, 0x0000000087f00000|100%| O|  |TAMS 0x0000000087f00000, 0x0000000087e00000| Untracked 
| 127|0x0000000087f00000, 0x0000000088000000, 0x0000000088000000|100%| O|  |TAMS 0x0000000087f9c000, 0x0000000087f00000| Untracked 
| 128|0x0000000088000000, 0x0000000088100000, 0x0000000088100000|100%| O|  |TAMS 0x0000000088000000, 0x0000000088000000| Untracked 
| 129|0x0000000088100000, 0x0000000088200000, 0x0000000088200000|100%| O|  |TAMS 0x0000000088100000, 0x0000000088100000| Untracked 
| 130|0x0000000088200000, 0x0000000088300000, 0x0000000088300000|100%| O|  |TAMS 0x0000000088200000, 0x0000000088200000| Untracked 
| 131|0x0000000088300000, 0x0000000088400000, 0x0000000088400000|100%| O|  |TAMS 0x0000000088300000, 0x0000000088300000| Untracked 
| 132|0x0000000088400000, 0x0000000088500000, 0x0000000088500000|100%| O|  |TAMS 0x0000000088400000, 0x0000000088400000| Untracked 
| 133|0x0000000088500000, 0x0000000088600000, 0x0000000088600000|100%| O|  |TAMS 0x0000000088500000, 0x0000000088500000| Untracked 
| 134|0x0000000088600000, 0x000000008866b200, 0x0000000088700000| 41%| O|  |TAMS 0x0000000088600000, 0x0000000088600000| Updating 
| 135|0x0000000088700000, 0x0000000088700000, 0x0000000088800000|  0%| F|  |TAMS 0x0000000088700000, 0x0000000088700000| Untracked 
| 136|0x0000000088800000, 0x0000000088800000, 0x0000000088900000|  0%| F|  |TAMS 0x0000000088800000, 0x0000000088800000| Untracked 
| 137|0x0000000088900000, 0x0000000088900000, 0x0000000088a00000|  0%| F|  |TAMS 0x0000000088900000, 0x0000000088900000| Untracked 
| 138|0x0000000088a00000, 0x0000000088a00000, 0x0000000088b00000|  0%| F|  |TAMS 0x0000000088a00000, 0x0000000088a00000| Untracked 
| 139|0x0000000088b00000, 0x0000000088b00000, 0x0000000088c00000|  0%| F|  |TAMS 0x0000000088b00000, 0x0000000088b00000| Untracked 
| 140|0x0000000088c00000, 0x0000000088c00000, 0x0000000088d00000|  0%| F|  |TAMS 0x0000000088c00000, 0x0000000088c00000| Untracked 
| 141|0x0000000088d00000, 0x0000000088d00000, 0x0000000088e00000|  0%| F|  |TAMS 0x0000000088d00000, 0x0000000088d00000| Untracked 
| 142|0x0000000088e00000, 0x0000000088e00000, 0x0000000088f00000|  0%| F|  |TAMS 0x0000000088e00000, 0x0000000088e00000| Untracked 
| 143|0x0000000088f00000, 0x0000000088f00000, 0x0000000089000000|  0%| F|  |TAMS 0x0000000088f00000, 0x0000000088f00000| Untracked 
| 144|0x0000000089000000, 0x0000000089000000, 0x0000000089100000|  0%| F|  |TAMS 0x0000000089000000, 0x0000000089000000| Untracked 
| 145|0x0000000089100000, 0x0000000089100000, 0x0000000089200000|  0%| F|  |TAMS 0x0000000089100000, 0x0000000089100000| Untracked 
| 146|0x0000000089200000, 0x0000000089200000, 0x0000000089300000|  0%| F|  |TAMS 0x0000000089200000, 0x0000000089200000| Untracked 
| 147|0x0000000089300000, 0x0000000089300000, 0x0000000089400000|  0%| F|  |TAMS 0x0000000089300000, 0x0000000089300000| Untracked 
| 148|0x0000000089400000, 0x0000000089400000, 0x0000000089500000|  0%| F|  |TAMS 0x0000000089400000, 0x0000000089400000| Untracked 
| 149|0x0000000089500000, 0x0000000089500000, 0x0000000089600000|  0%| F|  |TAMS 0x0000000089500000, 0x0000000089500000| Untracked 
| 150|0x0000000089600000, 0x0000000089600000, 0x0000000089700000|  0%| F|  |TAMS 0x0000000089600000, 0x0000000089600000| Untracked 
| 151|0x0000000089700000, 0x0000000089700000, 0x0000000089800000|  0%| F|  |TAMS 0x0000000089700000, 0x0000000089700000| Untracked 
| 152|0x0000000089800000, 0x0000000089800000, 0x0000000089900000|  0%| F|  |TAMS 0x0000000089800000, 0x0000000089800000| Untracked 
| 153|0x0000000089900000, 0x0000000089900000, 0x0000000089a00000|  0%| F|  |TAMS 0x0000000089900000, 0x0000000089900000| Untracked 
| 154|0x0000000089a00000, 0x0000000089a00000, 0x0000000089b00000|  0%| F|  |TAMS 0x0000000089a00000, 0x0000000089a00000| Untracked 
| 155|0x0000000089b00000, 0x0000000089b00000, 0x0000000089c00000|  0%| F|  |TAMS 0x0000000089b00000, 0x0000000089b00000| Untracked 
| 156|0x0000000089c00000, 0x0000000089c00000, 0x0000000089d00000|  0%| F|  |TAMS 0x0000000089c00000, 0x0000000089c00000| Untracked 
| 157|0x0000000089d00000, 0x0000000089e00000, 0x0000000089e00000|100%| S|CS|TAMS 0x0000000089d00000, 0x0000000089d00000| Complete 
| 158|0x0000000089e00000, 0x0000000089f00000, 0x0000000089f00000|100%| S|CS|TAMS 0x0000000089e00000, 0x0000000089e00000| Complete 
| 159|0x0000000089f00000, 0x000000008a000000, 0x000000008a000000|100%| S|CS|TAMS 0x0000000089f00000, 0x0000000089f00000| Complete 
| 160|0x000000008a000000, 0x000000008a000000, 0x000000008a100000|  0%| F|  |TAMS 0x000000008a000000, 0x000000008a000000| Untracked 
| 161|0x000000008a100000, 0x000000008a100000, 0x000000008a200000|  0%| F|  |TAMS 0x000000008a100000, 0x000000008a100000| Untracked 
| 162|0x000000008a200000, 0x000000008a200000, 0x000000008a300000|  0%| F|  |TAMS 0x000000008a200000, 0x000000008a200000| Untracked 
| 163|0x000000008a300000, 0x000000008a300000, 0x000000008a400000|  0%| F|  |TAMS 0x000000008a300000, 0x000000008a300000| Untracked 
| 164|0x000000008a400000, 0x000000008a400000, 0x000000008a500000|  0%| F|  |TAMS 0x000000008a400000, 0x000000008a400000| Untracked 
| 165|0x000000008a500000, 0x000000008a500000, 0x000000008a600000|  0%| F|  |TAMS 0x000000008a500000, 0x000000008a500000| Untracked 
| 166|0x000000008a600000, 0x000000008a600000, 0x000000008a700000|  0%| F|  |TAMS 0x000000008a600000, 0x000000008a600000| Untracked 
| 167|0x000000008a700000, 0x000000008a700000, 0x000000008a800000|  0%| F|  |TAMS 0x000000008a700000, 0x000000008a700000| Untracked 
| 168|0x000000008a800000, 0x000000008a800000, 0x000000008a900000|  0%| F|  |TAMS 0x000000008a800000, 0x000000008a800000| Untracked 
| 169|0x000000008a900000, 0x000000008a900000, 0x000000008aa00000|  0%| F|  |TAMS 0x000000008a900000, 0x000000008a900000| Untracked 
| 170|0x000000008aa00000, 0x000000008aa00000, 0x000000008ab00000|  0%| F|  |TAMS 0x000000008aa00000, 0x000000008aa00000| Untracked 
| 171|0x000000008ab00000, 0x000000008abb5868, 0x000000008ac00000| 70%| E|  |TAMS 0x000000008ab00000, 0x000000008ab00000| Complete 
| 172|0x000000008ac00000, 0x000000008ad00000, 0x000000008ad00000|100%| E|CS|TAMS 0x000000008ac00000, 0x000000008ac00000| Complete 
| 173|0x000000008ad00000, 0x000000008ae00000, 0x000000008ae00000|100%| E|CS|TAMS 0x000000008ad00000, 0x000000008ad00000| Complete 
| 174|0x000000008ae00000, 0x000000008af00000, 0x000000008af00000|100%| E|CS|TAMS 0x000000008ae00000, 0x000000008ae00000| Complete 
| 175|0x000000008af00000, 0x000000008b000000, 0x000000008b000000|100%| E|CS|TAMS 0x000000008af00000, 0x000000008af00000| Complete 
| 176|0x000000008b000000, 0x000000008b100000, 0x000000008b100000|100%| E|CS|TAMS 0x000000008b000000, 0x000000008b000000| Complete 

Card table byte_map: [0x0000025e1fb40000,0x0000025e1ff40000] _byte_map_base: 0x0000025e1f740000

Marking Bits (Prev, Next): (CMBitMap*) 0x0000025e06bdf640, (CMBitMap*) 0x0000025e06bdf680
 Prev Bits: [0x0000025e20340000, 0x0000025e22340000)
 Next Bits: [0x0000025e22340000, 0x0000025e24340000)

Polling page: 0x0000025e06c30000

Metaspace:

Usage:
  Non-class:     76.49 MB used.
      Class:     12.51 MB used.
       Both:     89.00 MB used.

Virtual space:
  Non-class space:      128.00 MB reserved,      77.06 MB ( 60%) committed,  2 nodes.
      Class space:      416.00 MB reserved,      13.00 MB (  3%) committed,  1 nodes.
             Both:      544.00 MB reserved,      90.06 MB ( 17%) committed. 

Chunk freelists:
   Non-Class:  2.34 MB
       Class:  3.04 MB
        Both:  5.38 MB

MaxMetaspaceSize: 512.00 MB
CompressedClassSpaceSize: 416.00 MB
Initial GC threshold: 21.00 MB
Current GC threshold: 113.69 MB
CDS: on
MetaspaceReclaimPolicy: balanced
 - commit_granule_bytes: 65536.
 - commit_granule_words: 8192.
 - virtual_space_node_default_size: 8388608.
 - enlarge_chunks_in_place: 1.
 - new_chunks_are_fully_committed: 0.
 - uncommit_free_chunks: 1.
 - use_allocation_guard: 0.
 - handle_deallocations: 1.


Internal statistics:

num_allocs_failed_limit: 9.
num_arena_births: 1258.
num_arena_deaths: 0.
num_vsnodes_births: 3.
num_vsnodes_deaths: 0.
num_space_committed: 1441.
num_space_uncommitted: 0.
num_chunks_returned_to_freelist: 9.
num_chunks_taken_from_freelist: 5162.
num_chunk_merges: 9.
num_chunk_splits: 3375.
num_chunks_enlarged: 2161.
num_inconsistent_stats: 0.

CodeHeap 'non-profiled nmethods': size=120000Kb used=6900Kb max_used=6900Kb free=113099Kb
 bounds [0x0000025e177b0000, 0x0000025e17e70000, 0x0000025e1ece0000]
CodeHeap 'profiled nmethods': size=120000Kb used=21198Kb max_used=21198Kb free=98801Kb
 bounds [0x0000025e0fce0000, 0x0000025e111a0000, 0x0000025e17210000]
CodeHeap 'non-nmethods': size=5760Kb used=2396Kb max_used=2458Kb free=3363Kb
 bounds [0x0000025e17210000, 0x0000025e17490000, 0x0000025e177b0000]
 total_blobs=11551 nmethods=10623 adapters=840
 compilation: enabled
              stopped_count=0, restarted_count=0
 full_count=0

Compilation events (20 events):
Event: 309.052 Thread 0x0000025e26e12c70 nmethod 12066 0x0000025e1118d090 code [0x0000025e1118d2c0, 0x0000025e1118dbc8]
Event: 309.063 Thread 0x0000025e51090020 12067       4       org.gradle.internal.io.StreamByteBuffer::totalBytesUnread (52 bytes)
Event: 309.064 Thread 0x0000025e51090020 nmethod 12067 0x0000025e17e6c990 code [0x0000025e17e6cb20, 0x0000025e17e6cbf8]
Event: 309.069 Thread 0x0000025e4858f570 12069       4       java.util.concurrent.ConcurrentLinkedQueue$Node::<init> (13 bytes)
Event: 309.069 Thread 0x0000025e26e12c70 12068       3       java.util.concurrent.ConcurrentLinkedQueue::offer (120 bytes)
Event: 309.071 Thread 0x0000025e4858f570 nmethod 12069 0x0000025e17e6cd10 code [0x0000025e17e6ce80, 0x0000025e17e6cfb8]
Event: 309.071 Thread 0x0000025e26e12c70 nmethod 12068 0x0000025e1118df90 code [0x0000025e1118e3c0, 0x0000025e111902c8]
Event: 309.071 Thread 0x0000025e26e12c70 12070       2       java.lang.invoke.VarHandleReferences$FieldInstanceReadWrite::set (35 bytes)
Event: 309.072 Thread 0x0000025e26e12c70 nmethod 12070 0x0000025e11190d10 code [0x0000025e11190f00, 0x0000025e111913a8]
Event: 309.074 Thread 0x0000025e26e12c70 12071       3       org.gradle.internal.classpath.TransformedClassPath$Builder::add (28 bytes)
Event: 309.074 Thread 0x0000025e26e12c70 nmethod 12071 0x0000025e11191610 code [0x0000025e11191820, 0x0000025e11192168]
Event: 309.074 Thread 0x0000025e26e12c70 12072       3       org.gradle.internal.classpath.DefaultClassPath$Builder::add (9 bytes)
Event: 309.075 Thread 0x0000025e26e12c70 nmethod 12072 0x0000025e11192490 code [0x0000025e11192640, 0x0000025e111927a8]
Event: 309.076 Thread 0x0000025e4858f570 12073       4       com.google.common.cache.LongAdder::add (108 bytes)
Event: 309.077 Thread 0x0000025e4858f570 nmethod 12073 0x0000025e17e6d010 code [0x0000025e17e6d1a0, 0x0000025e17e6d278]
Event: 309.080 Thread 0x0000025e26e12c70 12074       3       com.esotericsoftware.kryo.io.Output::writeBytes (90 bytes)
Event: 309.081 Thread 0x0000025e26e12c70 nmethod 12074 0x0000025e11192890 code [0x0000025e11192a80, 0x0000025e11193008]
Event: 309.085 Thread 0x0000025e51090020 12075       4       java.net.URI$Parser::checkChars (44 bytes)
Event: 309.087 Thread 0x0000025e26e12c70 12076   !   3       org.gradle.internal.classpath.DefaultClassPath::toURL (14 bytes)
Event: 309.087 Thread 0x0000025e26e12c70 nmethod 12076 0x0000025e11193210 code [0x0000025e111933e0, 0x0000025e111936e8]

GC Heap History (20 events):
Event: 304.235 GC heap before
{Heap before GC invocations=43 (full 0):
 garbage-first heap   total 150528K, used 126667K [0x0000000080000000, 0x0000000100000000)
  region size 1024K, 27 young (27648K), 4 survivors (4096K)
 Metaspace       used 80136K, committed 80896K, reserved 557056K
  class space    used 11146K, committed 11520K, reserved 425984K
}
Event: 304.239 GC heap after
{Heap after GC invocations=44 (full 0):
 garbage-first heap   total 150528K, used 105246K [0x0000000080000000, 0x0000000100000000)
  region size 1024K, 3 young (3072K), 3 survivors (3072K)
 Metaspace       used 80136K, committed 80896K, reserved 557056K
  class space    used 11146K, committed 11520K, reserved 425984K
}
Event: 304.623 GC heap before
{Heap before GC invocations=44 (full 0):
 garbage-first heap   total 150528K, used 128798K [0x0000000080000000, 0x0000000100000000)
  region size 1024K, 26 young (26624K), 3 survivors (3072K)
 Metaspace       used 81670K, committed 82368K, reserved 557056K
  class space    used 11390K, committed 11712K, reserved 425984K
}
Event: 304.627 GC heap after
{Heap after GC invocations=45 (full 0):
 garbage-first heap   total 150528K, used 105899K [0x0000000080000000, 0x0000000100000000)
  region size 1024K, 2 young (2048K), 2 survivors (2048K)
 Metaspace       used 81670K, committed 82368K, reserved 557056K
  class space    used 11390K, committed 11712K, reserved 425984K
}
Event: 304.989 GC heap before
{Heap before GC invocations=45 (full 0):
 garbage-first heap   total 150528K, used 128427K [0x0000000080000000, 0x0000000100000000)
  region size 1024K, 25 young (25600K), 2 survivors (2048K)
 Metaspace       used 83366K, committed 84096K, reserved 557056K
  class space    used 11755K, committed 12096K, reserved 425984K
}
Event: 304.993 GC heap after
{Heap after GC invocations=46 (full 0):
 garbage-first heap   total 150528K, used 106656K [0x0000000080000000, 0x0000000100000000)
  region size 1024K, 3 young (3072K), 3 survivors (3072K)
 Metaspace       used 83366K, committed 84096K, reserved 557056K
  class space    used 11755K, committed 12096K, reserved 425984K
}
Event: 305.323 GC heap before
{Heap before GC invocations=46 (full 0):
 garbage-first heap   total 150528K, used 128160K [0x0000000080000000, 0x0000000100000000)
  region size 1024K, 25 young (25600K), 3 survivors (3072K)
 Metaspace       used 84874K, committed 85568K, reserved 557056K
  class space    used 11952K, committed 12288K, reserved 425984K
}
Event: 305.326 GC heap after
{Heap after GC invocations=47 (full 0):
 garbage-first heap   total 150528K, used 107639K [0x0000000080000000, 0x0000000100000000)
  region size 1024K, 3 young (3072K), 3 survivors (3072K)
 Metaspace       used 84874K, committed 85568K, reserved 557056K
  class space    used 11952K, committed 12288K, reserved 425984K
}
Event: 305.643 GC heap before
{Heap before GC invocations=47 (full 0):
 garbage-first heap   total 150528K, used 130167K [0x0000000080000000, 0x0000000100000000)
  region size 1024K, 25 young (25600K), 3 survivors (3072K)
 Metaspace       used 86014K, committed 86848K, reserved 557056K
  class space    used 12119K, committed 12480K, reserved 425984K
}
Event: 305.648 GC heap after
{Heap after GC invocations=48 (full 0):
 garbage-first heap   total 150528K, used 109685K [0x0000000080000000, 0x0000000100000000)
  region size 1024K, 4 young (4096K), 4 survivors (4096K)
 Metaspace       used 86014K, committed 86848K, reserved 557056K
  class space    used 12119K, committed 12480K, reserved 425984K
}
Event: 305.850 GC heap before
{Heap before GC invocations=48 (full 0):
 garbage-first heap   total 150528K, used 129141K [0x0000000080000000, 0x0000000100000000)
  region size 1024K, 23 young (23552K), 4 survivors (4096K)
 Metaspace       used 86654K, committed 87424K, reserved 557056K
  class space    used 12199K, committed 12544K, reserved 425984K
}
Event: 305.858 GC heap after
{Heap after GC invocations=49 (full 0):
 garbage-first heap   total 150528K, used 111269K [0x0000000080000000, 0x0000000100000000)
  region size 1024K, 2 young (2048K), 2 survivors (2048K)
 Metaspace       used 86654K, committed 87424K, reserved 557056K
  class space    used 12199K, committed 12544K, reserved 425984K
}
Event: 306.195 GC heap before
{Heap before GC invocations=49 (full 0):
 garbage-first heap   total 150528K, used 129701K [0x0000000080000000, 0x0000000100000000)
  region size 1024K, 20 young (20480K), 2 survivors (2048K)
 Metaspace       used 87287K, committed 88128K, reserved 557056K
  class space    used 12275K, committed 12672K, reserved 425984K
}
Event: 306.202 GC heap after
{Heap after GC invocations=50 (full 0):
 garbage-first heap   total 181248K, used 113370K [0x0000000080000000, 0x0000000100000000)
  region size 1024K, 2 young (2048K), 2 survivors (2048K)
 Metaspace       used 87287K, committed 88128K, reserved 557056K
  class space    used 12275K, committed 12672K, reserved 425984K
}
Event: 307.532 GC heap before
{Heap before GC invocations=50 (full 0):
 garbage-first heap   total 181248K, used 154330K [0x0000000080000000, 0x0000000100000000)
  region size 1024K, 42 young (43008K), 2 survivors (2048K)
 Metaspace       used 88946K, committed 89920K, reserved 557056K
  class space    used 12580K, committed 12992K, reserved 425984K
}
Event: 307.540 GC heap after
{Heap after GC invocations=51 (full 0):
 garbage-first heap   total 181248K, used 119601K [0x0000000080000000, 0x0000000100000000)
  region size 1024K, 6 young (6144K), 6 survivors (6144K)
 Metaspace       used 88946K, committed 89920K, reserved 557056K
  class space    used 12580K, committed 12992K, reserved 425984K
}
Event: 308.300 GC heap before
{Heap before GC invocations=51 (full 0):
 garbage-first heap   total 181248K, used 159537K [0x0000000080000000, 0x0000000100000000)
  region size 1024K, 39 young (39936K), 6 survivors (6144K)
 Metaspace       used 89566K, committed 90624K, reserved 557056K
  class space    used 12657K, committed 13120K, reserved 425984K
}
Event: 308.311 GC heap after
{Heap after GC invocations=52 (full 0):
 garbage-first heap   total 181248K, used 135792K [0x0000000080000000, 0x0000000100000000)
  region size 1024K, 5 young (5120K), 5 survivors (5120K)
 Metaspace       used 89566K, committed 90624K, reserved 557056K
  class space    used 12657K, committed 13120K, reserved 425984K
}
Event: 308.928 GC heap before
{Heap before GC invocations=52 (full 0):
 garbage-first heap   total 181248K, used 153200K [0x0000000080000000, 0x0000000100000000)
  region size 1024K, 22 young (22528K), 5 survivors (5120K)
 Metaspace       used 91092K, committed 92160K, reserved 557056K
  class space    used 12811K, committed 13312K, reserved 425984K
}
Event: 308.937 GC heap after
{Heap after GC invocations=53 (full 0):
 garbage-first heap   total 181248K, used 140716K [0x0000000080000000, 0x0000000100000000)
  region size 1024K, 3 young (3072K), 3 survivors (3072K)
 Metaspace       used 91092K, committed 92160K, reserved 557056K
  class space    used 12811K, committed 13312K, reserved 425984K
}

Dll operation events (15 events):
Event: 0.038 Loaded shared library C:\Program Files\Eclipse Adoptium\jdk-17.0.16.8-hotspot\bin\java.dll
Event: 0.080 Loaded shared library C:\Program Files\Eclipse Adoptium\jdk-17.0.16.8-hotspot\bin\jsvml.dll
Event: 0.175 Loaded shared library C:\Program Files\Eclipse Adoptium\jdk-17.0.16.8-hotspot\bin\zip.dll
Event: 0.231 Loaded shared library C:\Program Files\Eclipse Adoptium\jdk-17.0.16.8-hotspot\bin\instrument.dll
Event: 0.237 Loaded shared library C:\Program Files\Eclipse Adoptium\jdk-17.0.16.8-hotspot\bin\net.dll
Event: 0.239 Loaded shared library C:\Program Files\Eclipse Adoptium\jdk-17.0.16.8-hotspot\bin\nio.dll
Event: 0.242 Loaded shared library C:\Program Files\Eclipse Adoptium\jdk-17.0.16.8-hotspot\bin\zip.dll
Event: 0.818 Loaded shared library C:\Program Files\Eclipse Adoptium\jdk-17.0.16.8-hotspot\bin\jimage.dll
Event: 0.945 Loaded shared library C:\Program Files\Eclipse Adoptium\jdk-17.0.16.8-hotspot\bin\verify.dll
Event: 1.715 Loaded shared library C:\Users\LENOVO\.gradle\native\68d5fa5c4cc2d200863cafc0d521ce42e7d3e7ee720ec0a83991735586a16f82\windows-amd64\native-platform.dll
Event: 1.789 Loaded shared library C:\Users\LENOVO\.gradle\native\e376f236ea51e6404a007f0833ffe2c6e607c4080706a723a18a27aeea778392\windows-amd64\native-platform-file-events.dll
Event: 5.919 Loaded shared library C:\Program Files\Eclipse Adoptium\jdk-17.0.16.8-hotspot\bin\management.dll
Event: 5.925 Loaded shared library C:\Program Files\Eclipse Adoptium\jdk-17.0.16.8-hotspot\bin\management_ext.dll
Event: 7.431 Loaded shared library C:\Program Files\Eclipse Adoptium\jdk-17.0.16.8-hotspot\bin\extnet.dll
Event: 9.302 Loaded shared library C:\Program Files\Eclipse Adoptium\jdk-17.0.16.8-hotspot\bin\sunmscapi.dll

Deoptimization events (20 events):
Event: 308.326 Thread 0x0000025e4748a070 Uncommon trap: trap_request=0xffffffbe fr.pc=0x0000025e17e05f84 relative=0x0000000000000864
Event: 308.326 Thread 0x0000025e4748a070 Uncommon trap: reason=profile_predicate action=maybe_recompile pc=0x0000025e17e05f84 method=groovy.lang.MetaClassImpl$MethodIndexAction.iterate()V @ 78 c2
Event: 308.326 Thread 0x0000025e4748a070 DEOPT PACKING pc=0x0000025e17e05f84 sp=0x000000f1a42f8de0
Event: 308.326 Thread 0x0000025e4748a070 DEOPT UNPACKING pc=0x0000025e172669a3 sp=0x000000f1a42f8db8 mode 2
Event: 308.420 Thread 0x0000025e4748a070 Uncommon trap: trap_request=0xffffffbe fr.pc=0x0000025e17e05f84 relative=0x0000000000000864
Event: 308.420 Thread 0x0000025e4748a070 Uncommon trap: reason=profile_predicate action=maybe_recompile pc=0x0000025e17e05f84 method=groovy.lang.MetaClassImpl$MethodIndexAction.iterate()V @ 78 c2
Event: 308.420 Thread 0x0000025e4748a070 DEOPT PACKING pc=0x0000025e17e05f84 sp=0x000000f1a42f8f20
Event: 308.420 Thread 0x0000025e4748a070 DEOPT UNPACKING pc=0x0000025e172669a3 sp=0x000000f1a42f8ef8 mode 2
Event: 308.420 Thread 0x0000025e4748a070 Uncommon trap: trap_request=0xffffffbe fr.pc=0x0000025e17e05f84 relative=0x0000000000000864
Event: 308.420 Thread 0x0000025e4748a070 Uncommon trap: reason=profile_predicate action=maybe_recompile pc=0x0000025e17e05f84 method=groovy.lang.MetaClassImpl$MethodIndexAction.iterate()V @ 78 c2
Event: 308.420 Thread 0x0000025e4748a070 DEOPT PACKING pc=0x0000025e17e05f84 sp=0x000000f1a42f8f20
Event: 308.420 Thread 0x0000025e4748a070 DEOPT UNPACKING pc=0x0000025e172669a3 sp=0x000000f1a42f8ef8 mode 2
Event: 308.481 Thread 0x0000025e4748a070 Uncommon trap: trap_request=0xfffffff4 fr.pc=0x0000025e17e00408 relative=0x00000000000000e8
Event: 308.481 Thread 0x0000025e4748a070 Uncommon trap: reason=null_check action=make_not_entrant pc=0x0000025e17e00408 method=org.gradle.internal.instantiation.generator.AbstractClassGenerator.isPropertyType(Ljava/lang/Class;)Z @ 3 c2
Event: 308.481 Thread 0x0000025e4748a070 DEOPT PACKING pc=0x0000025e17e00408 sp=0x000000f1a42f6dc0
Event: 308.481 Thread 0x0000025e4748a070 DEOPT UNPACKING pc=0x0000025e172669a3 sp=0x000000f1a42f6d50 mode 2
Event: 308.574 Thread 0x0000025e4748a070 Uncommon trap: trap_request=0xffffff45 fr.pc=0x0000025e17c4a230 relative=0x00000000000002d0
Event: 308.574 Thread 0x0000025e4748a070 Uncommon trap: reason=unstable_if action=reinterpret pc=0x0000025e17c4a230 method=java.io.BufferedInputStream.read1([BII)I @ 60 c2
Event: 308.574 Thread 0x0000025e4748a070 DEOPT PACKING pc=0x0000025e17c4a230 sp=0x000000f1a42f8ed0
Event: 308.574 Thread 0x0000025e4748a070 DEOPT UNPACKING pc=0x0000025e172669a3 sp=0x000000f1a42f8e20 mode 2

Classes loaded (20 events):
Event: 308.571 Loading class com/sun/org/apache/xerces/internal/impl/Constants
Event: 308.573 Loading class com/sun/org/apache/xerces/internal/impl/Constants done
Event: 308.573 Loading class com/sun/org/apache/xerces/internal/impl/Constants$ArrayEnumeration
Event: 308.573 Loading class com/sun/org/apache/xerces/internal/impl/Constants$ArrayEnumeration done
Event: 308.574 Loading class com/sun/org/apache/xerces/internal/impl/io/MalformedByteSequenceException
Event: 308.574 Loading class java/io/CharConversionException
Event: 308.575 Loading class java/io/CharConversionException done
Event: 308.575 Loading class com/sun/org/apache/xerces/internal/impl/io/MalformedByteSequenceException done
Event: 308.575 Loading class com/sun/org/apache/xerces/internal/dom/DeepNodeListImpl
Event: 308.575 Loading class com/sun/org/apache/xerces/internal/dom/DeepNodeListImpl done
Event: 308.576 Loading class com/sun/org/apache/xerces/internal/dom/DeferredElementImpl
Event: 308.576 Loading class com/sun/org/apache/xerces/internal/dom/DeferredElementImpl done
Event: 308.576 Loading class com/sun/org/apache/xerces/internal/dom/AttributeMap
Event: 308.577 Loading class com/sun/org/apache/xerces/internal/dom/NamedNodeMapImpl
Event: 308.577 Loading class com/sun/org/apache/xerces/internal/dom/NamedNodeMapImpl done
Event: 308.577 Loading class com/sun/org/apache/xerces/internal/dom/AttributeMap done
Event: 308.578 Loading class com/sun/org/apache/xerces/internal/dom/DeferredAttrImpl
Event: 308.578 Loading class com/sun/org/apache/xerces/internal/dom/AttrImpl
Event: 308.579 Loading class com/sun/org/apache/xerces/internal/dom/AttrImpl done
Event: 308.579 Loading class com/sun/org/apache/xerces/internal/dom/DeferredAttrImpl done

Classes unloaded (0 events):
No events

Classes redefined (0 events):
No events

Internal exceptions (20 events):
Event: 308.046 Thread 0x0000025e4748a070 Exception <a 'java/lang/ClassNotFoundException'{0x00000000899d4cc8}: build_jefc7dpgy8lqc5ypipsu6x90Customizer> (0x00000000899d4cc8) 
thrown [s\src\hotspot\share\classfile\systemDictionary.cpp, line 256]
Event: 308.131 Thread 0x0000025e4748a070 Exception <a 'java/lang/ClassNotFoundException'{0x000000008964ab10}: build_jefc7dpgy8lqc5ypipsu6x90BeanInfo> (0x000000008964ab10) 
thrown [s\src\hotspot\share\classfile\systemDictionary.cpp, line 256]
Event: 308.131 Thread 0x0000025e4748a070 Exception <a 'java/lang/ClassNotFoundException'{0x00000000896514d0}: build_jefc7dpgy8lqc5ypipsu6x90Customizer> (0x00000000896514d0) 
thrown [s\src\hotspot\share\classfile\systemDictionary.cpp, line 256]
Event: 308.163 Thread 0x0000025e4748a070 Exception <a 'java/lang/ClassNotFoundException'{0x000000008954a3e0}: firebase_json_2edxxvgdzx6d78dmd68ndqaaxBeanInfo> (0x000000008954a3e0) 
thrown [s\src\hotspot\share\classfile\systemDictionary.cpp, line 256]
Event: 308.163 Thread 0x0000025e4748a070 Exception <a 'java/lang/ClassNotFoundException'{0x0000000089554688}: firebase_json_2edxxvgdzx6d78dmd68ndqaaxCustomizer> (0x0000000089554688) 
thrown [s\src\hotspot\share\classfile\systemDictionary.cpp, line 256]
Event: 308.184 Thread 0x0000025e4748a070 Exception <a 'java/lang/ClassNotFoundException'{0x0000000089407758}: org/gradle/internal/jvm/JvmBeanInfo> (0x0000000089407758) 
thrown [s\src\hotspot\share\classfile\systemDictionary.cpp, line 256]
Event: 308.185 Thread 0x0000025e4748a070 Exception <a 'java/lang/ClassNotFoundException'{0x000000008941a380}: org/gradle/internal/jvm/JvmCustomizer> (0x000000008941a380) 
thrown [s\src\hotspot\share\classfile\systemDictionary.cpp, line 256]
Event: 308.247 Thread 0x0000025e4748a070 Exception <a 'java/lang/ClassNotFoundException'{0x00000000892e6da0}: build_inrkoov6guqq55qw43otq6geBeanInfo> (0x00000000892e6da0) 
thrown [s\src\hotspot\share\classfile\systemDictionary.cpp, line 256]
Event: 308.247 Thread 0x0000025e4748a070 Exception <a 'java/lang/ClassNotFoundException'{0x00000000892ed7c0}: build_inrkoov6guqq55qw43otq6geCustomizer> (0x00000000892ed7c0) 
thrown [s\src\hotspot\share\classfile\systemDictionary.cpp, line 256]
Event: 308.327 Thread 0x0000025e4748a070 Exception <a 'java/lang/ClassNotFoundException'{0x000000008b09af90}: build_inrkoov6guqq55qw43otq6geBeanInfo> (0x000000008b09af90) 
thrown [s\src\hotspot\share\classfile\systemDictionary.cpp, line 256]
Event: 308.328 Thread 0x0000025e4748a070 Exception <a 'java/lang/ClassNotFoundException'{0x000000008b0a1950}: build_inrkoov6guqq55qw43otq6geCustomizer> (0x000000008b0a1950) 
thrown [s\src\hotspot\share\classfile\systemDictionary.cpp, line 256]
Event: 308.420 Thread 0x0000025e4748a070 Exception <a 'java/lang/ClassNotFoundException'{0x000000008ac1dbb0}: build_3abp8n0r0fxbunrgmlbm6wyfaBeanInfo> (0x000000008ac1dbb0) 
thrown [s\src\hotspot\share\classfile\systemDictionary.cpp, line 256]
Event: 308.422 Thread 0x0000025e4748a070 Exception <a 'java/lang/ClassNotFoundException'{0x000000008ac245f0}: build_3abp8n0r0fxbunrgmlbm6wyfaCustomizer> (0x000000008ac245f0) 
thrown [s\src\hotspot\share\classfile\systemDictionary.cpp, line 256]
Event: 308.444 Thread 0x0000025e4748a070 Exception <a 'java/lang/ClassNotFoundException'{0x000000008acda160}: build_3abp8n0r0fxbunrgmlbm6wyfaBeanInfo> (0x000000008acda160) 
thrown [s\src\hotspot\share\classfile\systemDictionary.cpp, line 256]
Event: 308.445 Thread 0x0000025e4748a070 Exception <a 'java/lang/ClassNotFoundException'{0x000000008ace0b40}: build_3abp8n0r0fxbunrgmlbm6wyfaCustomizer> (0x000000008ace0b40) 
thrown [s\src\hotspot\share\classfile\systemDictionary.cpp, line 256]
Event: 308.471 Thread 0x0000025e4748a070 Exception <a 'java/lang/ClassNotFoundException'{0x000000008aa55660}: build_3abp8n0r0fxbunrgmlbm6wyfa$_run_closure1BeanInfo> (0x000000008aa55660) 
thrown [s\src\hotspot\share\classfile\systemDictionary.cpp, line 256]
Event: 308.471 Thread 0x0000025e4748a070 Exception <a 'java/lang/ClassNotFoundException'{0x000000008aa5f328}: build_3abp8n0r0fxbunrgmlbm6wyfa$_run_closure1Customizer> (0x000000008aa5f328) 
thrown [s\src\hotspot\share\classfile\systemDictionary.cpp, line 256]
Event: 308.481 Thread 0x0000025e4748a070 Implicit null exception at 0x0000025e17e00330 to 0x0000025e17e003f8
Event: 308.632 Thread 0x0000025e4748a070 Exception <a 'java/lang/ClassNotFoundException'{0x000000008a50ae28}: build_bx1i04vlyoh6z7hmh6w8cz3hmBeanInfo> (0x000000008a50ae28) 
thrown [s\src\hotspot\share\classfile\systemDictionary.cpp, line 256]
Event: 308.632 Thread 0x0000025e4748a070 Exception <a 'java/lang/ClassNotFoundException'{0x000000008a511868}: build_bx1i04vlyoh6z7hmh6w8cz3hmCustomizer> (0x000000008a511868) 
thrown [s\src\hotspot\share\classfile\systemDictionary.cpp, line 256]

VM Operations (20 events):
Event: 306.454 Executing VM operation: HandshakeAllThreads done
Event: 306.454 Executing VM operation: HandshakeAllThreads
Event: 306.454 Executing VM operation: HandshakeAllThreads done
Event: 306.457 Executing VM operation: HandshakeAllThreads
Event: 306.457 Executing VM operation: HandshakeAllThreads done
Event: 306.462 Executing VM operation: HandshakeAllThreads
Event: 306.463 Executing VM operation: HandshakeAllThreads done
Event: 307.214 Executing VM operation: ICBufferFull
Event: 307.214 Executing VM operation: ICBufferFull done
Event: 307.532 Executing VM operation: G1CollectForAllocation
Event: 307.540 Executing VM operation: G1CollectForAllocation done
Event: 308.064 Executing VM operation: ICBufferFull
Event: 308.064 Executing VM operation: ICBufferFull done
Event: 308.300 Executing VM operation: G1CollectForAllocation
Event: 308.311 Executing VM operation: G1CollectForAllocation done
Event: 308.522 Executing VM operation: HandshakeAllThreads
Event: 308.522 Executing VM operation: HandshakeAllThreads done
Event: 308.928 Executing VM operation: G1CollectForAllocation
Event: 308.937 Executing VM operation: G1CollectForAllocation done
Event: 309.089 Executing VM operation: G1PauseRemark

Memory protections (0 events):
No events

Nmethod flushes (20 events):
Event: 208.931 Thread 0x0000025e46028030 flushing  nmethod 0x0000025e10aad110
Event: 208.931 Thread 0x0000025e46028030 flushing  nmethod 0x0000025e10ab4090
Event: 208.931 Thread 0x0000025e46028030 flushing  nmethod 0x0000025e10b09e90
Event: 208.932 Thread 0x0000025e46028030 flushing  nmethod 0x0000025e10b6e110
Event: 208.932 Thread 0x0000025e46028030 flushing  nmethod 0x0000025e10b6e810
Event: 208.932 Thread 0x0000025e46028030 flushing  nmethod 0x0000025e10b74910
Event: 208.932 Thread 0x0000025e46028030 flushing  nmethod 0x0000025e10b95090
Event: 208.932 Thread 0x0000025e46028030 flushing  nmethod 0x0000025e10b98410
Event: 208.932 Thread 0x0000025e46028030 flushing  nmethod 0x0000025e10bc2310
Event: 208.932 Thread 0x0000025e46028030 flushing  nmethod 0x0000025e10bce810
Event: 208.933 Thread 0x0000025e46028030 flushing  nmethod 0x0000025e10cc1a10
Event: 208.933 Thread 0x0000025e46028030 flushing  nmethod 0x0000025e10ccf210
Event: 208.933 Thread 0x0000025e46028030 flushing  nmethod 0x0000025e10ccf790
Event: 208.933 Thread 0x0000025e46028030 flushing  nmethod 0x0000025e10ccfb90
Event: 208.933 Thread 0x0000025e46028030 flushing  nmethod 0x0000025e10cd0210
Event: 208.933 Thread 0x0000025e46028030 flushing  nmethod 0x0000025e10cd4b10
Event: 208.933 Thread 0x0000025e46028030 flushing osr nmethod 0x0000025e10cd8e90
Event: 208.933 Thread 0x0000025e46028030 flushing  nmethod 0x0000025e10cd9b90
Event: 208.933 Thread 0x0000025e46028030 flushing  nmethod 0x0000025e10cdb610
Event: 306.505 Thread 0x0000025e46028030 flushing  nmethod 0x0000025e10d12010

Events (20 events):
Event: 305.997 Thread 0x0000025e4748a070 Thread added: 0x0000025e49991e70
Event: 306.338 Thread 0x0000025e4858ead0 Thread added: 0x0000025e4858f570
Event: 307.442 Thread 0x0000025e4748a070 Thread added: 0x0000025e499988c0
Event: 307.442 Thread 0x0000025e4748a070 Thread added: 0x0000025e49998dd0
Event: 307.443 Thread 0x0000025e4748a070 Thread added: 0x0000025e49995620
Event: 307.444 Thread 0x0000025e4748a070 Thread added: 0x0000025e499992e0
Event: 307.444 Thread 0x0000025e4748a070 Thread added: 0x0000025e49995b30
Event: 307.445 Thread 0x0000025e4748a070 Thread added: 0x0000025e499997f0
Event: 307.446 Thread 0x0000025e4748a070 Thread added: 0x0000025e49996550
Event: 307.608 Thread 0x0000025e4858f570 Thread exited: 0x0000025e4858f570
Event: 307.608 Thread 0x0000025e4858ead0 Thread exited: 0x0000025e4858ead0
Event: 307.781 Thread 0x0000025e26e12c70 Thread added: 0x0000025e4858f570
Event: 308.013 Thread 0x0000025e26e12c70 Thread added: 0x0000025e51090020
Event: 308.896 Thread 0x0000025e4748a070 Thread added: 0x0000025e4a96e810
Event: 308.896 Thread 0x0000025e4748a070 Thread added: 0x0000025e4a96b060
Event: 308.896 Thread 0x0000025e4748a070 Thread added: 0x0000025e4a96bf90
Event: 308.896 Thread 0x0000025e4748a070 Thread added: 0x0000025e4a96ed20
Event: 308.896 Thread 0x0000025e4748a070 Thread added: 0x0000025e4830b310
Event: 308.897 Thread 0x0000025e4748a070 Thread added: 0x0000025e48307b60
Event: 308.897 Thread 0x0000025e4748a070 Thread added: 0x0000025e4bca1220


Dynamic libraries:
0x00007ff6ffda0000 - 0x00007ff6ffdae000 	C:\Program Files\Eclipse Adoptium\jdk-17.0.16.8-hotspot\bin\java.exe
0x00007fff41c00000 - 0x00007fff41e67000 	C:\WINDOWS\SYSTEM32\ntdll.dll
0x00007fff40da0000 - 0x00007fff40e69000 	C:\WINDOWS\System32\KERNEL32.DLL
0x00007fff3f5a0000 - 0x00007fff3f98f000 	C:\WINDOWS\System32\KERNELBASE.dll
0x00007fff3eec0000 - 0x00007fff3f00b000 	C:\WINDOWS\System32\ucrtbase.dll
0x00007fff2ca90000 - 0x00007fff2caa7000 	C:\Program Files\Eclipse Adoptium\jdk-17.0.16.8-hotspot\bin\jli.dll
0x00007fff41200000 - 0x00007fff413c5000 	C:\WINDOWS\System32\USER32.dll
0x00007fff3f3f0000 - 0x00007fff3f417000 	C:\WINDOWS\System32\win32u.dll
0x00007fff416d0000 - 0x00007fff416fb000 	C:\WINDOWS\System32\GDI32.dll
0x00007fff3f010000 - 0x00007fff3f13c000 	C:\WINDOWS\System32\gdi32full.dll
0x00007fff3f290000 - 0x00007fff3f333000 	C:\WINDOWS\System32\msvcp_win.dll
0x00007fff27e50000 - 0x00007fff27e6e000 	C:\Program Files\Eclipse Adoptium\jdk-17.0.16.8-hotspot\bin\VCRUNTIME140.dll
0x00007fff28090000 - 0x00007fff28323000 	C:\WINDOWS\WinSxS\amd64_microsoft.windows.common-controls_6595b64144ccf1df_6.0.26100.7309_none_3e05feeae336a044\COMCTL32.dll
0x00007fff41610000 - 0x00007fff416b9000 	C:\WINDOWS\System32\msvcrt.dll
0x00007fff413d0000 - 0x00007fff41401000 	C:\WINDOWS\System32\IMM32.DLL
0x00007fff34400000 - 0x00007fff3440c000 	C:\Program Files\Eclipse Adoptium\jdk-17.0.16.8-hotspot\bin\vcruntime140_1.dll
0x00007fff1c8d0000 - 0x00007fff1c95d000 	C:\Program Files\Eclipse Adoptium\jdk-17.0.16.8-hotspot\bin\msvcp140.dll
0x00007ffec9720000 - 0x00007ffeca38b000 	C:\Program Files\Eclipse Adoptium\jdk-17.0.16.8-hotspot\bin\server\jvm.dll
0x00007fff41960000 - 0x00007fff41a14000 	C:\WINDOWS\System32\ADVAPI32.dll
0x00007fff41410000 - 0x00007fff414b6000 	C:\WINDOWS\System32\sechost.dll
0x00007fff414d0000 - 0x00007fff415e8000 	C:\WINDOWS\System32\RPCRT4.dll
0x00007fff418e0000 - 0x00007fff41954000 	C:\WINDOWS\System32\WS2_32.dll
0x00007fff3ebb0000 - 0x00007fff3ec0e000 	C:\WINDOWS\SYSTEM32\POWRPROF.dll
0x00007fff34670000 - 0x00007fff346a5000 	C:\WINDOWS\SYSTEM32\WINMM.dll
0x00007fff34640000 - 0x00007fff3464b000 	C:\WINDOWS\SYSTEM32\VERSION.dll
0x00007fff3eb90000 - 0x00007fff3eba4000 	C:\WINDOWS\SYSTEM32\UMPDC.dll
0x00007fff3dac0000 - 0x00007fff3dadb000 	C:\WINDOWS\SYSTEM32\kernel.appcore.dll
0x00007fff33c40000 - 0x00007fff33c4a000 	C:\Program Files\Eclipse Adoptium\jdk-17.0.16.8-hotspot\bin\jimage.dll
0x00007fff31eb0000 - 0x00007fff320f2000 	C:\WINDOWS\SYSTEM32\DBGHELP.DLL
0x00007fff40e70000 - 0x00007fff411f5000 	C:\WINDOWS\System32\combase.dll
0x00007fff3fa00000 - 0x00007fff3fad6000 	C:\WINDOWS\System32\OLEAUT32.dll
0x00007fff26dd0000 - 0x00007fff26e0c000 	C:\WINDOWS\SYSTEM32\dbgcore.DLL
0x00007fff3f340000 - 0x00007fff3f3e5000 	C:\WINDOWS\System32\bcryptPrimitives.dll
0x00007fff3a0b0000 - 0x00007fff3a0be000 	C:\Program Files\Eclipse Adoptium\jdk-17.0.16.8-hotspot\bin\instrument.dll
0x00007fff206a0000 - 0x00007fff206c5000 	C:\Program Files\Eclipse Adoptium\jdk-17.0.16.8-hotspot\bin\java.dll
0x00007ffee2bc0000 - 0x00007ffee2c97000 	C:\Program Files\Eclipse Adoptium\jdk-17.0.16.8-hotspot\bin\jsvml.dll
0x00007fff402a0000 - 0x00007fff409f3000 	C:\WINDOWS\System32\SHELL32.dll
0x00007fff3ed50000 - 0x00007fff3eeba000 	C:\WINDOWS\System32\wintypes.dll
0x00007fff3c910000 - 0x00007fff3d16e000 	C:\WINDOWS\SYSTEM32\windows.storage.dll
0x00007fff3fae0000 - 0x00007fff3fbd5000 	C:\WINDOWS\System32\SHCORE.dll
0x00007fff40ae0000 - 0x00007fff40b46000 	C:\WINDOWS\System32\shlwapi.dll
0x00007fff3ec70000 - 0x00007fff3ec99000 	C:\WINDOWS\SYSTEM32\profapi.dll
0x00007fff2fbd0000 - 0x00007fff2fbe8000 	C:\Program Files\Eclipse Adoptium\jdk-17.0.16.8-hotspot\bin\zip.dll
0x00007fff33110000 - 0x00007fff33129000 	C:\Program Files\Eclipse Adoptium\jdk-17.0.16.8-hotspot\bin\net.dll
0x00007fff38e60000 - 0x00007fff38f88000 	C:\WINDOWS\SYSTEM32\WINHTTP.dll
0x00007fff3e010000 - 0x00007fff3e07b000 	C:\WINDOWS\system32\mswsock.dll
0x00007fff2fbf0000 - 0x00007fff2fc06000 	C:\Program Files\Eclipse Adoptium\jdk-17.0.16.8-hotspot\bin\nio.dll
0x00007fff3a060000 - 0x00007fff3a070000 	C:\Program Files\Eclipse Adoptium\jdk-17.0.16.8-hotspot\bin\verify.dll
0x00007fff34360000 - 0x00007fff34387000 	C:\Users\LENOVO\.gradle\native\68d5fa5c4cc2d200863cafc0d521ce42e7d3e7ee720ec0a83991735586a16f82\windows-amd64\native-platform.dll
0x00007fff11030000 - 0x00007fff11174000 	C:\Users\LENOVO\.gradle\native\e376f236ea51e6404a007f0833ffe2c6e607c4080706a723a18a27aeea778392\windows-amd64\native-platform-file-events.dll
0x00007fff336a0000 - 0x00007fff336aa000 	C:\Program Files\Eclipse Adoptium\jdk-17.0.16.8-hotspot\bin\management.dll
0x00007fff2fbc0000 - 0x00007fff2fbcb000 	C:\Program Files\Eclipse Adoptium\jdk-17.0.16.8-hotspot\bin\management_ext.dll
0x00007fff40a10000 - 0x00007fff40a18000 	C:\WINDOWS\System32\PSAPI.DLL
0x00007fff3e400000 - 0x00007fff3e41b000 	C:\WINDOWS\SYSTEM32\CRYPTSP.dll
0x00007fff3da20000 - 0x00007fff3da5a000 	C:\WINDOWS\system32\rsaenh.dll
0x00007fff3e0c0000 - 0x00007fff3e0eb000 	C:\WINDOWS\SYSTEM32\USERENV.dll
0x00007fff3ec40000 - 0x00007fff3ec6a000 	C:\WINDOWS\SYSTEM32\bcrypt.dll
0x00007fff3e260000 - 0x00007fff3e26c000 	C:\WINDOWS\SYSTEM32\CRYPTBASE.dll
0x00007fff3d500000 - 0x00007fff3d534000 	C:\WINDOWS\SYSTEM32\IPHLPAPI.DLL
0x00007fff40a00000 - 0x00007fff40a0a000 	C:\WINDOWS\System32\NSI.dll
0x00007fff39130000 - 0x00007fff3914e000 	C:\WINDOWS\SYSTEM32\dhcpcsvc6.DLL
0x00007fff39060000 - 0x00007fff39083000 	C:\WINDOWS\SYSTEM32\dhcpcsvc.DLL
0x00007fff3d5a0000 - 0x00007fff3d6cc000 	C:\WINDOWS\SYSTEM32\DNSAPI.dll
0x00007fff2db70000 - 0x00007fff2db79000 	C:\Program Files\Eclipse Adoptium\jdk-17.0.16.8-hotspot\bin\extnet.dll
0x00007fff2fbb0000 - 0x00007fff2fbbe000 	C:\Program Files\Eclipse Adoptium\jdk-17.0.16.8-hotspot\bin\sunmscapi.dll
0x00007fff3f420000 - 0x00007fff3f597000 	C:\WINDOWS\System32\CRYPT32.dll
0x00007fff3e550000 - 0x00007fff3e580000 	C:\WINDOWS\SYSTEM32\ncrypt.dll
0x00007fff3e500000 - 0x00007fff3e53f000 	C:\WINDOWS\SYSTEM32\NTASN1.dll
0x00007fff2fba0000 - 0x00007fff2fba8000 	C:\WINDOWS\system32\wshunix.dll
0x00007fff26e80000 - 0x00007fff26e98000 	C:\WINDOWS\system32\napinsp.dll
0x00007fff26e60000 - 0x00007fff26e72000 	C:\WINDOWS\System32\winrnr.dll
0x00007fff26e30000 - 0x00007fff26e52000 	C:\WINDOWS\system32\nlansp_c.dll
0x00007fff26e10000 - 0x00007fff26e26000 	C:\WINDOWS\system32\wshbth.dll
0x00007fff32a10000 - 0x00007fff32a1b000 	C:\Windows\System32\rasadhlp.dll
0x00007fff39610000 - 0x00007fff39696000 	C:\WINDOWS\System32\fwpuclnt.dll

dbghelp: loaded successfully - version: 4.0.5 - missing functions: none
symbol engine: initialized successfully - sym options: 0x614 - pdb path: .;C:\Program Files\Eclipse Adoptium\jdk-17.0.16.8-hotspot\bin;C:\WINDOWS\SYSTEM32;C:\WINDOWS\WinSxS\amd64_microsoft.windows.common-controls_6595b64144ccf1df_6.0.26100.7309_none_3e05feeae336a044;C:\Program Files\Eclipse Adoptium\jdk-17.0.16.8-hotspot\bin\server;C:\Users\LENOVO\.gradle\native\68d5fa5c4cc2d200863cafc0d521ce42e7d3e7ee720ec0a83991735586a16f82\windows-amd64;C:\Users\LENOVO\.gradle\native\e376f236ea51e6404a007f0833ffe2c6e607c4080706a723a18a27aeea778392\windows-amd64

VM Arguments:
jvm_args: -XX:MaxMetaspaceSize=512m --add-opens=java.base/java.util=ALL-UNNAMED --add-opens=java.base/java.lang=ALL-UNNAMED --add-opens=java.base/java.lang.invoke=ALL-UNNAMED --add-opens=java.prefs/java.util.prefs=ALL-UNNAMED --add-opens=java.base/java.nio.charset=ALL-UNNAMED --add-opens=java.base/java.net=ALL-UNNAMED --add-opens=java.base/java.util.concurrent.atomic=ALL-UNNAMED -Xmx2048m -Dfile.encoding=windows-1252 -Duser.country=ID -Duser.language=id -Duser.variant -javaagent:C:\Users\LENOVO\.gradle\wrapper\dists\gradle-8.3-all\6en3ugtfdg5xnpx44z4qbwgas\gradle-8.3\lib\agents\gradle-instrumentation-agent-8.3.jar 
java_command: org.gradle.launcher.daemon.bootstrap.GradleDaemon 8.3
java_class_path (initial): C:\Users\LENOVO\.gradle\wrapper\dists\gradle-8.3-all\6en3ugtfdg5xnpx44z4qbwgas\gradle-8.3\lib\gradle-launcher-8.3.jar
Launcher Type: SUN_STANDARD

[Global flags]
     intx CICompilerCount                          = 4                                         {product} {ergonomic}
   size_t CompressedClassSpaceSize                 = 436207616                                 {product} {ergonomic}
     uint ConcGCThreads                            = 2                                         {product} {ergonomic}
     uint G1ConcRefinementThreads                  = 8                                         {product} {ergonomic}
   size_t G1HeapRegionSize                         = 1048576                                   {product} {ergonomic}
    uintx GCDrainStackTargetSize                   = 64                                        {product} {ergonomic}
   size_t InitialHeapSize                          = 115343360                                 {product} {ergonomic}
   size_t MarkStackSize                            = 4194304                                   {product} {ergonomic}
   size_t MaxHeapSize                              = 2147483648                                {product} {command line}
   size_t MaxMetaspaceSize                         = 536870912                                 {product} {command line}
   size_t MaxNewSize                               = 1287651328                                {product} {ergonomic}
   size_t MinHeapDeltaBytes                        = 1048576                                   {product} {ergonomic}
   size_t MinHeapSize                              = 8388608                                   {product} {ergonomic}
    uintx NonNMethodCodeHeapSize                   = 5839372                                {pd product} {ergonomic}
    uintx NonProfiledCodeHeapSize                  = 122909434                              {pd product} {ergonomic}
    uintx ProfiledCodeHeapSize                     = 122909434                              {pd product} {ergonomic}
    uintx ReservedCodeCacheSize                    = 251658240                              {pd product} {ergonomic}
     bool SegmentedCodeCache                       = true                                      {product} {ergonomic}
   size_t SoftMaxHeapSize                          = 2147483648                             {manageable} {ergonomic}
     bool UseCompressedClassPointers               = true                           {product lp64_product} {ergonomic}
     bool UseCompressedOops                        = true                           {product lp64_product} {ergonomic}
     bool UseG1GC                                  = true                                      {product} {ergonomic}
     bool UseLargePagesIndividualAllocation        = false                                  {pd product} {ergonomic}

Logging:
Log output configuration:
 #0: stdout all=warning uptime,level,tags
 #1: stderr all=off uptime,level,tags

Environment Variables:
JAVA_HOME=C:\Program Files\Eclipse Adoptium\jdk-17.0.16.8-hotspot\
CLASSPATH=C:\gawe\kencanaprint\my\packing_rn\frontend\android\\gradle\wrapper\gradle-wrapper.jar
PATH=C:\gawe\kencanaprint\my\packing_rn\frontend\node_modules\.bin;C:\gawe\kencanaprint\my\packing_rn\frontend\node_modules\.bin;C:\gawe\kencanaprint\my\packing_rn\node_modules\.bin;C:\gawe\kencanaprint\my\node_modules\.bin;C:\gawe\kencanaprint\node_modules\.bin;C:\gawe\node_modules\.bin;C:\node_modules\.bin;C:\Program Files\nodejs\node_modules\npm\node_modules\@npmcli\run-script\lib\node-gyp-bin;C:\Program Files\Eclipse Adoptium\jdk-17.0.16.8-hotspot\bin;C:\Program Files\AdoptOpenJDK\jdk-8.0.242.08-hotspot\bin;C:\Program Files (x86)\Embarcadero\Studio\21.0\bin;C:\Users\Public\Documents\Embarcadero\Studio\21.0\Bpl;C:\Program Files (x86)\Embarcadero\Studio\21.0\bin64;C:\Users\Public\Documents\Embarcadero\Studio\21.0\Bpl\Win64;C:\Program Files (x86)\Borland\Delphi7\Bin;C:\Program Files (x86)\Borland\Delphi7\Projects\Bpl\;C:\Program Files (x86)\Embarcadero\Studio\23.0\bin;C:\Users\Public\Documents\Embarcadero\Studio\23.0\Bpl;C:\Program Files (x86)\Embarcadero\Studio\23.0\bin64;C:\Users\Public\Documents\Embarcadero\Studio\23.0\Bpl\Win64;C:\Program Files\Common Files\Oracle\Java\javapath;C:\WINDOWS\system32;C:\WINDOWS;C:\WINDOWS\System32\Wbem;C:\WINDOWS\System32\WindowsPowerShell\v1.0\;C:\WINDOWS\System32\OpenSSH\;C:\xampp\php;C:\ProgramData\ComposerSetup\bin;C:\Program Files\dotnet\;C:\Program Files\GitHub CLI\;C:\Program Files (x86)\DevExpress\VCL\Library\RS27;C:\Program Files (x86)\DevExpress\VCL\Library\RS27\Win64;C:\Program Files\Cloudflare\Cloudflare WARP\;C:\Program Files\nodejs\;C:\ProgramData\chocolatey\bin;C:\Program Files\Microsoft SQL Server\150\Tools\Binn\;C:\Program Files\PuTTY\;C:\Program Files\WireGuard\;C:\Users\LENOVO\AppData\Local\Programs\Python\Python313\Scripts\;C:\Users\LENOVO\AppData\Local\Programs\Python\Python313\;C:\Users\LENOVO\AppData\Local\Microsoft\WindowsApps;C:\Users\LENOVO\AppData\Local\Programs\Microsoft VS Code\bin;C:\Users\LENOVO\AppData\Roaming\Composer\vendor\bin;C:\Program Files\Eclipse Adoptium\jdk-17.0.16.8-hotspot\\bin;C:\Program Files\Git\bin;C:\Program Files\PostgreSQL\16\bin;C:\flutter\src\flutter\bin;C:\Program Files\heroku\bin;C:\Users\LENOVO\AppData\Roaming\npm;C:\ffmpeg\bin;C:\Users\LENOVO\AppData\Local\Android\Sdk;C:\Users\LENOVO\AppData\Local\Android\Sdk\platform-tools;
USERNAME=LENOVO
LANG=en_US.UTF-8
OS=Windows_NT
PROCESSOR_IDENTIFIER=AMD64 Family 23 Model 160 Stepping 0, AuthenticAMD
TMP=C:\Users\LENOVO\AppData\Local\Temp
TEMP=C:\Users\LENOVO\AppData\Local\Temp



Periodic native trim disabled


---------------  S Y S T E M  ---------------

OS:
 Windows 11 , 64 bit Build 26100 (10.0.26100.7309)
OS uptime: 1 days 21:26 hours
Hyper-V role detected

CPU: total 8 (initial active 8) (8 cores per cpu, 2 threads per core) family 23 model 160 stepping 0 microcode 0x8a00006, cx8, cmov, fxsr, ht, mmx, 3dnowpref, sse, sse2, sse3, ssse3, sse4a, sse4.1, sse4.2, popcnt, lzcnt, tsc, tscinvbit, avx, avx2, aes, clmul, bmi1, bmi2, adx, sha, fma, vzeroupper, clflush, clflushopt, hv
Processor Information for all 8 processors :
  Max Mhz: 2801, Current Mhz: 2801, Mhz Limit: 2801

Memory: 4k page, system-wide physical 6989M (594M free)
TotalPageFile size 23373M (AvailPageFile size 145M)
current process WorkingSet (physical memory assigned to process): 306M, peak: 357M
current process commit charge ("private bytes"): 468M, peak: 546M

vm_info: OpenJDK 64-Bit Server VM (17.0.16+8) for windows-amd64 JRE (17.0.16+8), built on Jul 16 2025 10:37:56 by "admin" with MS VC++ 17.7 (VS2022)

END.
