#
# There is insufficient memory for the Java Runtime Environment to continue.
# Native memory allocation (malloc) failed to allocate 32784 bytes. Error detail: Chunk::new
# Possible reasons:
#   The system is out of physical RAM or swap space
#   This process is running with CompressedOops enabled, and the Java Heap may be blocking the growth of the native heap
# Possible solutions:
#   Reduce memory load on the system
#   Increase physical memory or swap space
#   Check if swap backing store is full
#   Decrease Java heap size (-Xmx/-Xms)
#   Decrease number of Java threads
#   Decrease Java thread stack sizes (-Xss)
#   Set larger code cache with -XX:ReservedCodeCacheSize=
#   JVM is running with Unscaled Compressed Oops mode in which the Java heap is
#     placed in the first 4GB address space. The Java Heap base address is the
#     maximum limit for the native heap growth. Please use -XX:HeapBaseMinAddress
#     to set the Java Heap base and to place the Java Heap above 4GB virtual address.
# This output file may be truncated or incomplete.
#
#  Out of Memory Error (arena.cpp:191), pid=21868, tid=320
#
# JRE version: OpenJDK Runtime Environment Temurin-17.0.16+8 (17.0.16+8) (build 17.0.16+8)
# Java VM: OpenJDK 64-Bit Server VM Temurin-17.0.16+8 (17.0.16+8, mixed mode, sharing, tiered, compressed oops, compressed class ptrs, g1 gc, windows-amd64)
# No core dump will be written. Minidumps are not enabled by default on client versions of Windows
#

---------------  S U M M A R Y ------------

Command Line: -Xmx64m -Xms64m -Dorg.gradle.appname=gradlew org.gradle.wrapper.GradleWrapperMain assembleRelease

Host: AMD Ryzen 5 7520U with Radeon Graphics         , 8 cores, 6G,  Windows 11 , 64 bit Build 26100 (10.0.26100.7309)
Time: Tue Jan  6 08:48:58 2026 SE Asia Standard Time elapsed time: 125.202368 seconds (0d 0h 2m 5s)

---------------  T H R E A D  ---------------

Current thread (0x0000019b5ab4e990):  JavaThread "C2 CompilerThread0" daemon [_thread_in_native, id=320, stack(0x0000007029b00000,0x0000007029c00000)]


Current CompileTask:
C2: 125202 1816 %     4       org.gradle.internal.logging.text.AbstractLineChoppingStyledTextOutput::doAppend @ 10 (43 bytes)

Stack: [0x0000007029b00000,0x0000007029c00000]
Native frames: (J=compiled Java code, j=interpreted, Vv=VM code, C=native code)
V  [jvm.dll+0x683169]
V  [jvm.dll+0x839ac8]
V  [jvm.dll+0x83b573]
V  [jvm.dll+0x83bbe3]
V  [jvm.dll+0x2473ff]
V  [jvm.dll+0xace94]
V  [jvm.dll+0xad52c]
V  [jvm.dll+0xb8c4d]
V  [jvm.dll+0x589545]
V  [jvm.dll+0x221182]
V  [jvm.dll+0x219bfb]
V  [jvm.dll+0x21765b]
V  [jvm.dll+0x1a32a0]
V  [jvm.dll+0x227b3c]
V  [jvm.dll+0x225ccb]
V  [jvm.dll+0x7ef2d8]
V  [jvm.dll+0x7e979c]
V  [jvm.dll+0x682047]
C  [ucrtbase.dll+0x37b0]
C  [KERNEL32.DLL+0x2e8d7]
C  [ntdll.dll+0x8c53c]


---------------  P R O C E S S  ---------------

Threads class SMR info:
_java_thread_list=0x0000019ba0f95c50, length=15, elements={
0x0000019b3f138540, 0x0000019b5ab33e30, 0x0000019b5ab349f0, 0x0000019b5ab48e90,
0x0000019b5ab4b860, 0x0000019b5ab4c220, 0x0000019b5ab4dbf0, 0x0000019b5ab4e990,
0x0000019b5ab4f440, 0x0000019b5ab51e50, 0x0000019ba00ba110, 0x0000019ba00ba620,
0x0000019ba00b7890, 0x0000019ba00b96f0, 0x0000019ba00b6e70
}

Java Threads: ( => current thread )
  0x0000019b3f138540 JavaThread "main" [_thread_in_native, id=21108, stack(0x0000007028e00000,0x0000007028f00000)]
  0x0000019b5ab33e30 JavaThread "Reference Handler" daemon [_thread_blocked, id=21248, stack(0x0000007029500000,0x0000007029600000)]
  0x0000019b5ab349f0 JavaThread "Finalizer" daemon [_thread_blocked, id=5932, stack(0x0000007029600000,0x0000007029700000)]
  0x0000019b5ab48e90 JavaThread "Signal Dispatcher" daemon [_thread_blocked, id=20012, stack(0x0000007029700000,0x0000007029800000)]
  0x0000019b5ab4b860 JavaThread "Attach Listener" daemon [_thread_blocked, id=19236, stack(0x0000007029800000,0x0000007029900000)]
  0x0000019b5ab4c220 JavaThread "Service Thread" daemon [_thread_blocked, id=21716, stack(0x0000007029900000,0x0000007029a00000)]
  0x0000019b5ab4dbf0 JavaThread "Monitor Deflation Thread" daemon [_thread_blocked, id=804, stack(0x0000007029a00000,0x0000007029b00000)]
=>0x0000019b5ab4e990 JavaThread "C2 CompilerThread0" daemon [_thread_in_native, id=320, stack(0x0000007029b00000,0x0000007029c00000)]
  0x0000019b5ab4f440 JavaThread "C1 CompilerThread0" daemon [_thread_blocked, id=19328, stack(0x0000007029c00000,0x0000007029d00000)]
  0x0000019b5ab51e50 JavaThread "Sweeper thread" daemon [_thread_blocked, id=18108, stack(0x0000007029d00000,0x0000007029e00000)]
  0x0000019ba00ba110 JavaThread "Notification Thread" daemon [_thread_blocked, id=22436, stack(0x0000007029e00000,0x0000007029f00000)]
  0x0000019ba00ba620 JavaThread "Common-Cleaner" daemon [_thread_blocked, id=12784, stack(0x000000702a000000,0x000000702a100000)]
  0x0000019ba00b7890 JavaThread "pool-1-thread-1" [_thread_blocked, id=14184, stack(0x000000702a600000,0x000000702a700000)]
  0x0000019ba00b96f0 JavaThread "DisconnectableInputStream source reader" daemon [_thread_in_native, id=1044, stack(0x000000702a700000,0x000000702a800000)]
  0x0000019ba00b6e70 JavaThread "Forward input" [_thread_blocked, id=21584, stack(0x000000702a800000,0x000000702a900000)]

Other Threads:
  0x0000019b5ab2e4d0 VMThread "VM Thread" [stack: 0x0000007029400000,0x0000007029500000] [id=21924]
  0x0000019ba00bce40 WatcherThread [stack: 0x0000007029f00000,0x000000702a000000] [id=15876]
  0x0000019b3f15d7c0 GCTaskThread "GC Thread#0" [stack: 0x0000007028f00000,0x0000007029000000] [id=480]
  0x0000019ba0913850 GCTaskThread "GC Thread#1" [stack: 0x000000702a100000,0x000000702a200000] [id=17180]
  0x0000019ba0a20de0 GCTaskThread "GC Thread#2" [stack: 0x000000702a200000,0x000000702a300000] [id=4396]
  0x0000019ba09bfe80 GCTaskThread "GC Thread#3" [stack: 0x000000702a300000,0x000000702a400000] [id=21888]
  0x0000019ba09f5eb0 GCTaskThread "GC Thread#4" [stack: 0x000000702a400000,0x000000702a500000] [id=18508]
  0x0000019b3f15ef10 ConcurrentGCThread "G1 Main Marker" [stack: 0x0000007029000000,0x0000007029100000] [id=19976]
  0x0000019b3f160600 ConcurrentGCThread "G1 Conc#0" [stack: 0x0000007029100000,0x0000007029200000] [id=20704]
  0x0000019b3f1ea4e0 ConcurrentGCThread "G1 Refine#0" [stack: 0x0000007029200000,0x0000007029300000] [id=1912]
  0x0000019b3f1eb520 ConcurrentGCThread "G1 Service" [stack: 0x0000007029300000,0x0000007029400000] [id=21516]

Threads with active compile tasks:
C2 CompilerThread0   126287 1816 %     4       org.gradle.internal.logging.text.AbstractLineChoppingStyledTextOutput::doAppend @ 10 (43 bytes)

VM state: not at safepoint (normal execution)

VM Mutex/Monitor currently owned by a thread: None

Heap address: 0x00000000fc000000, size: 64 MB, Compressed Oops mode: 32-bit

CDS archive(s) mapped at: [0x0000019b5b000000-0x0000019b5bbb0000-0x0000019b5bbb0000), size 12255232, SharedBaseAddress: 0x0000019b5b000000, ArchiveRelocationMode: 1.
Compressed class space mapped at: 0x0000019b5c000000-0x0000019b9c000000, reserved size: 1073741824
Narrow klass base: 0x0000019b5b000000, Narrow klass shift: 0, Narrow klass range: 0x100000000

GC Precious Log:
 CPUs: 8 total, 8 available
 Memory: 6989M
 Large Page Support: Disabled
 NUMA Support: Disabled
 Compressed Oops: Enabled (32-bit)
 Heap Region Size: 1M
 Heap Min Capacity: 64M
 Heap Initial Capacity: 64M
 Heap Max Capacity: 64M
 Pre-touch: Disabled
 Parallel Workers: 8
 Concurrent Workers: 2
 Concurrent Refinement Workers: 8
 Periodic GC: Disabled

Heap:
 garbage-first heap   total 65536K, used 31456K [0x00000000fc000000, 0x0000000100000000)
  region size 1024K, 24 young (24576K), 3 survivors (3072K)
 Metaspace       used 9447K, committed 9664K, reserved 1114112K
  class space    used 1226K, committed 1344K, reserved 1048576K

Heap Regions: E=young(eden), S=young(survivor), O=old, HS=humongous(starts), HC=humongous(continues), CS=collection set, F=free, OA=open archive, CA=closed archive, TAMS=top-at-mark-start (previous, next)
|   0|0x00000000fc000000, 0x00000000fc100000, 0x00000000fc100000|100%|HS|  |TAMS 0x00000000fc000000, 0x00000000fc000000| Complete 
|   1|0x00000000fc100000, 0x00000000fc200000, 0x00000000fc200000|100%|HC|  |TAMS 0x00000000fc100000, 0x00000000fc100000| Complete 
|   2|0x00000000fc200000, 0x00000000fc300000, 0x00000000fc300000|100%|HC|  |TAMS 0x00000000fc200000, 0x00000000fc200000| Complete 
|   3|0x00000000fc300000, 0x00000000fc400000, 0x00000000fc400000|100%|HC|  |TAMS 0x00000000fc300000, 0x00000000fc300000| Complete 
|   4|0x00000000fc400000, 0x00000000fc500000, 0x00000000fc500000|100%| O|  |TAMS 0x00000000fc400000, 0x00000000fc400000| Untracked 
|   5|0x00000000fc500000, 0x00000000fc600000, 0x00000000fc600000|100%| O|  |TAMS 0x00000000fc500000, 0x00000000fc500000| Untracked 
|   6|0x00000000fc600000, 0x00000000fc700000, 0x00000000fc700000|100%| O|  |TAMS 0x00000000fc600000, 0x00000000fc600000| Untracked 
|   7|0x00000000fc700000, 0x00000000fc7b8200, 0x00000000fc800000| 71%| O|  |TAMS 0x00000000fc700000, 0x00000000fc700000| Untracked 
|   8|0x00000000fc800000, 0x00000000fc800000, 0x00000000fc900000|  0%| F|  |TAMS 0x00000000fc800000, 0x00000000fc800000| Untracked 
|   9|0x00000000fc900000, 0x00000000fc900000, 0x00000000fca00000|  0%| F|  |TAMS 0x00000000fc900000, 0x00000000fc900000| Untracked 
|  10|0x00000000fca00000, 0x00000000fca00000, 0x00000000fcb00000|  0%| F|  |TAMS 0x00000000fca00000, 0x00000000fca00000| Untracked 
|  11|0x00000000fcb00000, 0x00000000fcb00000, 0x00000000fcc00000|  0%| F|  |TAMS 0x00000000fcb00000, 0x00000000fcb00000| Untracked 
|  12|0x00000000fcc00000, 0x00000000fcc00000, 0x00000000fcd00000|  0%| F|  |TAMS 0x00000000fcc00000, 0x00000000fcc00000| Untracked 
|  13|0x00000000fcd00000, 0x00000000fcd00000, 0x00000000fce00000|  0%| F|  |TAMS 0x00000000fcd00000, 0x00000000fcd00000| Untracked 
|  14|0x00000000fce00000, 0x00000000fce00000, 0x00000000fcf00000|  0%| F|  |TAMS 0x00000000fce00000, 0x00000000fce00000| Untracked 
|  15|0x00000000fcf00000, 0x00000000fcf00000, 0x00000000fd000000|  0%| F|  |TAMS 0x00000000fcf00000, 0x00000000fcf00000| Untracked 
|  16|0x00000000fd000000, 0x00000000fd000000, 0x00000000fd100000|  0%| F|  |TAMS 0x00000000fd000000, 0x00000000fd000000| Untracked 
|  17|0x00000000fd100000, 0x00000000fd100000, 0x00000000fd200000|  0%| F|  |TAMS 0x00000000fd100000, 0x00000000fd100000| Untracked 
|  18|0x00000000fd200000, 0x00000000fd200000, 0x00000000fd300000|  0%| F|  |TAMS 0x00000000fd200000, 0x00000000fd200000| Untracked 
|  19|0x00000000fd300000, 0x00000000fd300000, 0x00000000fd400000|  0%| F|  |TAMS 0x00000000fd300000, 0x00000000fd300000| Untracked 
|  20|0x00000000fd400000, 0x00000000fd400000, 0x00000000fd500000|  0%| F|  |TAMS 0x00000000fd400000, 0x00000000fd400000| Untracked 
|  21|0x00000000fd500000, 0x00000000fd500000, 0x00000000fd600000|  0%| F|  |TAMS 0x00000000fd500000, 0x00000000fd500000| Untracked 
|  22|0x00000000fd600000, 0x00000000fd600000, 0x00000000fd700000|  0%| F|  |TAMS 0x00000000fd600000, 0x00000000fd600000| Untracked 
|  23|0x00000000fd700000, 0x00000000fd700000, 0x00000000fd800000|  0%| F|  |TAMS 0x00000000fd700000, 0x00000000fd700000| Untracked 
|  24|0x00000000fd800000, 0x00000000fd800000, 0x00000000fd900000|  0%| F|  |TAMS 0x00000000fd800000, 0x00000000fd800000| Untracked 
|  25|0x00000000fd900000, 0x00000000fd900000, 0x00000000fda00000|  0%| F|  |TAMS 0x00000000fd900000, 0x00000000fd900000| Untracked 
|  26|0x00000000fda00000, 0x00000000fda00000, 0x00000000fdb00000|  0%| F|  |TAMS 0x00000000fda00000, 0x00000000fda00000| Untracked 
|  27|0x00000000fdb00000, 0x00000000fdb00000, 0x00000000fdc00000|  0%| F|  |TAMS 0x00000000fdb00000, 0x00000000fdb00000| Untracked 
|  28|0x00000000fdc00000, 0x00000000fdc00000, 0x00000000fdd00000|  0%| F|  |TAMS 0x00000000fdc00000, 0x00000000fdc00000| Untracked 
|  29|0x00000000fdd00000, 0x00000000fdd00000, 0x00000000fde00000|  0%| F|  |TAMS 0x00000000fdd00000, 0x00000000fdd00000| Untracked 
|  30|0x00000000fde00000, 0x00000000fde00000, 0x00000000fdf00000|  0%| F|  |TAMS 0x00000000fde00000, 0x00000000fde00000| Untracked 
|  31|0x00000000fdf00000, 0x00000000fdf00000, 0x00000000fe000000|  0%| F|  |TAMS 0x00000000fdf00000, 0x00000000fdf00000| Untracked 
|  32|0x00000000fe000000, 0x00000000fe000000, 0x00000000fe100000|  0%| F|  |TAMS 0x00000000fe000000, 0x00000000fe000000| Untracked 
|  33|0x00000000fe100000, 0x00000000fe100000, 0x00000000fe200000|  0%| F|  |TAMS 0x00000000fe100000, 0x00000000fe100000| Untracked 
|  34|0x00000000fe200000, 0x00000000fe200000, 0x00000000fe300000|  0%| F|  |TAMS 0x00000000fe200000, 0x00000000fe200000| Untracked 
|  35|0x00000000fe300000, 0x00000000fe300000, 0x00000000fe400000|  0%| F|  |TAMS 0x00000000fe300000, 0x00000000fe300000| Untracked 
|  36|0x00000000fe400000, 0x00000000fe400000, 0x00000000fe500000|  0%| F|  |TAMS 0x00000000fe400000, 0x00000000fe400000| Untracked 
|  37|0x00000000fe500000, 0x00000000fe500000, 0x00000000fe600000|  0%| F|  |TAMS 0x00000000fe500000, 0x00000000fe500000| Untracked 
|  38|0x00000000fe600000, 0x00000000fe700000, 0x00000000fe700000|100%| S|CS|TAMS 0x00000000fe600000, 0x00000000fe600000| Complete 
|  39|0x00000000fe700000, 0x00000000fe800000, 0x00000000fe800000|100%| S|CS|TAMS 0x00000000fe700000, 0x00000000fe700000| Complete 
|  40|0x00000000fe800000, 0x00000000fe900000, 0x00000000fe900000|100%| S|CS|TAMS 0x00000000fe800000, 0x00000000fe800000| Complete 
|  41|0x00000000fe900000, 0x00000000fe900000, 0x00000000fea00000|  0%| F|  |TAMS 0x00000000fe900000, 0x00000000fe900000| Untracked 
|  42|0x00000000fea00000, 0x00000000fea00000, 0x00000000feb00000|  0%| F|  |TAMS 0x00000000fea00000, 0x00000000fea00000| Untracked 
|  43|0x00000000feb00000, 0x00000000fec00000, 0x00000000fec00000|100%| E|  |TAMS 0x00000000feb00000, 0x00000000feb00000| Complete 
|  44|0x00000000fec00000, 0x00000000fed00000, 0x00000000fed00000|100%| E|CS|TAMS 0x00000000fec00000, 0x00000000fec00000| Complete 
|  45|0x00000000fed00000, 0x00000000fee00000, 0x00000000fee00000|100%| E|CS|TAMS 0x00000000fed00000, 0x00000000fed00000| Complete 
|  46|0x00000000fee00000, 0x00000000fef00000, 0x00000000fef00000|100%| E|CS|TAMS 0x00000000fee00000, 0x00000000fee00000| Complete 
|  47|0x00000000fef00000, 0x00000000ff000000, 0x00000000ff000000|100%| E|CS|TAMS 0x00000000fef00000, 0x00000000fef00000| Complete 
|  48|0x00000000ff000000, 0x00000000ff100000, 0x00000000ff100000|100%| E|CS|TAMS 0x00000000ff000000, 0x00000000ff000000| Complete 
|  49|0x00000000ff100000, 0x00000000ff200000, 0x00000000ff200000|100%| E|CS|TAMS 0x00000000ff100000, 0x00000000ff100000| Complete 
|  50|0x00000000ff200000, 0x00000000ff300000, 0x00000000ff300000|100%| E|CS|TAMS 0x00000000ff200000, 0x00000000ff200000| Complete 
|  51|0x00000000ff300000, 0x00000000ff400000, 0x00000000ff400000|100%| E|CS|TAMS 0x00000000ff300000, 0x00000000ff300000| Complete 
|  52|0x00000000ff400000, 0x00000000ff500000, 0x00000000ff500000|100%| E|CS|TAMS 0x00000000ff400000, 0x00000000ff400000| Complete 
|  53|0x00000000ff500000, 0x00000000ff600000, 0x00000000ff600000|100%| E|CS|TAMS 0x00000000ff500000, 0x00000000ff500000| Complete 
|  54|0x00000000ff600000, 0x00000000ff700000, 0x00000000ff700000|100%| E|CS|TAMS 0x00000000ff600000, 0x00000000ff600000| Complete 
|  55|0x00000000ff700000, 0x00000000ff800000, 0x00000000ff800000|100%| E|CS|TAMS 0x00000000ff700000, 0x00000000ff700000| Complete 
|  56|0x00000000ff800000, 0x00000000ff900000, 0x00000000ff900000|100%| E|CS|TAMS 0x00000000ff800000, 0x00000000ff800000| Complete 
|  57|0x00000000ff900000, 0x00000000ffa00000, 0x00000000ffa00000|100%| E|CS|TAMS 0x00000000ff900000, 0x00000000ff900000| Complete 
|  58|0x00000000ffa00000, 0x00000000ffb00000, 0x00000000ffb00000|100%| E|CS|TAMS 0x00000000ffa00000, 0x00000000ffa00000| Complete 
|  59|0x00000000ffb00000, 0x00000000ffc00000, 0x00000000ffc00000|100%| E|CS|TAMS 0x00000000ffb00000, 0x00000000ffb00000| Complete 
|  60|0x00000000ffc00000, 0x00000000ffd00000, 0x00000000ffd00000|100%| E|CS|TAMS 0x00000000ffc00000, 0x00000000ffc00000| Complete 
|  61|0x00000000ffd00000, 0x00000000ffe00000, 0x00000000ffe00000|100%| E|CS|TAMS 0x00000000ffd00000, 0x00000000ffd00000| Complete 
|  62|0x00000000ffe00000, 0x00000000fff00000, 0x00000000fff00000|100%| E|CS|TAMS 0x00000000ffe00000, 0x00000000ffe00000| Complete 
|  63|0x00000000fff00000, 0x0000000100000000, 0x0000000100000000|100%| E|CS|TAMS 0x00000000fff00000, 0x00000000fff00000| Complete 

Card table byte_map: [0x0000019b57f30000,0x0000019b57f50000] _byte_map_base: 0x0000019b57750000

Marking Bits (Prev, Next): (CMBitMap*) 0x0000019b3f15dde0, (CMBitMap*) 0x0000019b3f15de20
 Prev Bits: [0x0000019b57f70000, 0x0000019b58070000)
 Next Bits: [0x0000019b58070000, 0x0000019b58170000)

Polling page: 0x0000019b3f1f0000

Metaspace:

Usage:
  Non-class:      8.03 MB used.
      Class:      1.20 MB used.
       Both:      9.23 MB used.

Virtual space:
  Non-class space:       64.00 MB reserved,       8.12 MB ( 13%) committed,  1 nodes.
      Class space:        1.00 GB reserved,       1.31 MB ( <1%) committed,  1 nodes.
             Both:        1.06 GB reserved,       9.44 MB ( <1%) committed. 

Chunk freelists:
   Non-Class:  7.70 MB
       Class:  14.61 MB
        Both:  22.31 MB

MaxMetaspaceSize: unlimited
CompressedClassSpaceSize: 1.00 GB
Initial GC threshold: 21.00 MB
Current GC threshold: 21.00 MB
CDS: on
MetaspaceReclaimPolicy: balanced
 - commit_granule_bytes: 65536.
 - commit_granule_words: 8192.
 - virtual_space_node_default_size: 8388608.
 - enlarge_chunks_in_place: 1.
 - new_chunks_are_fully_committed: 0.
 - uncommit_free_chunks: 1.
 - use_allocation_guard: 0.
 - handle_deallocations: 1.


Internal statistics:

num_allocs_failed_limit: 0.
num_arena_births: 78.
num_arena_deaths: 0.
num_vsnodes_births: 2.
num_vsnodes_deaths: 0.
num_space_committed: 151.
num_space_uncommitted: 0.
num_chunks_returned_to_freelist: 0.
num_chunks_taken_from_freelist: 323.
num_chunk_merges: 0.
num_chunk_splits: 224.
num_chunks_enlarged: 184.
num_inconsistent_stats: 0.

CodeHeap 'non-profiled nmethods': size=120000Kb used=642Kb max_used=642Kb free=119357Kb
 bounds [0x0000019b4ff90000, 0x0000019b50200000, 0x0000019b574c0000]
CodeHeap 'profiled nmethods': size=120000Kb used=3402Kb max_used=3402Kb free=116597Kb
 bounds [0x0000019b484c0000, 0x0000019b48820000, 0x0000019b4f9f0000]
CodeHeap 'non-nmethods': size=5760Kb used=1171Kb max_used=1190Kb free=4588Kb
 bounds [0x0000019b4f9f0000, 0x0000019b4fc60000, 0x0000019b4ff90000]
 total_blobs=2287 nmethods=1819 adapters=381
 compilation: enabled
              stopped_count=0, restarted_count=0
 full_count=0

Compilation events (20 events):
Event: 109.130 Thread 0x0000019b5ab4e990 1808       4       org.gradle.internal.logging.console.DefaultRedrawableLabel::redraw (163 bytes)
Event: 110.168 Thread 0x0000019b5ab4e990 nmethod 1808 0x0000019b5002d290 code [0x0000019b5002d520, 0x0000019b5002ea10]
Event: 111.933 Thread 0x0000019b5ab4e990 1809       4       java.lang.String::<init> (10 bytes)
Event: 111.937 Thread 0x0000019b5ab4e990 nmethod 1809 0x0000019b5002f910 code [0x0000019b5002faa0, 0x0000019b5002fe98]
Event: 112.932 Thread 0x0000019b5ab4e990 1810       4       java.util.Objects::equals (23 bytes)
Event: 112.933 Thread 0x0000019b5ab4e990 nmethod 1810 0x0000019b50030010 code [0x0000019b500301a0, 0x0000019b50030238]
Event: 113.943 Thread 0x0000019b5ab4f440 1811       3       java.util.Collections::addAll (43 bytes)
Event: 113.945 Thread 0x0000019b5ab4f440 nmethod 1811 0x0000019b4880e690 code [0x0000019b4880e840, 0x0000019b4880eae8]
Event: 115.947 Thread 0x0000019b5ab4f440 1812       3       java.util.ArrayList::<init> (63 bytes)
Event: 115.950 Thread 0x0000019b5ab4f440 nmethod 1812 0x0000019b4880ec10 code [0x0000019b4880ee20, 0x0000019b4880f3b8]
Event: 117.139 Thread 0x0000019b5ab4e990 1813       4       java.io.OutputStream::flush (1 bytes)
Event: 117.139 Thread 0x0000019b5ab4e990 nmethod 1813 0x0000019b50030310 code [0x0000019b50030480, 0x0000019b500304f8]
Event: 119.442 Thread 0x0000019b5ab4e990 1814       4       jdk.internal.misc.Unsafe::weakCompareAndSetInt (11 bytes)
Event: 119.442 Thread 0x0000019b5ab4e990 nmethod 1814 0x0000019b50030610 code [0x0000019b50030780, 0x0000019b50030818]
Event: 121.141 Thread 0x0000019b5ab4f440 1815       3       org.gradle.internal.logging.console.DefaultAnsiExecutor::newLineWritten (51 bytes)
Event: 121.142 Thread 0x0000019b5ab4f440 nmethod 1815 0x0000019b4880f590 code [0x0000019b4880f740, 0x0000019b4880f958]
Event: 121.142 Thread 0x0000019b5ab4e990 1816 %     4       org.gradle.internal.logging.text.AbstractLineChoppingStyledTextOutput::doAppend @ 10 (43 bytes)
Event: 121.938 Thread 0x0000019b5ab4f440 1817       3       com.google.common.collect.Lists::computeArrayListCapacity (23 bytes)
Event: 122.158 Thread 0x0000019b5ab4f440 nmethod 1817 0x0000019b4880fa90 code [0x0000019b4880fc60, 0x0000019b4880ff08]
Event: 123.123 Thread 0x0000019b5ab4f440 1819   !   3       java.lang.Class::getEnumConstantsShared (71 bytes)

GC Heap History (2 events):
Event: 0.820 GC heap before
{Heap before GC invocations=0 (full 0):
 garbage-first heap   total 65536K, used 26624K [0x00000000fc000000, 0x0000000100000000)
  region size 1024K, 23 young (23552K), 0 survivors (0K)
 Metaspace       used 3800K, committed 3904K, reserved 1114112K
  class space    used 467K, committed 512K, reserved 1048576K
}
Event: 0.829 GC heap after
{Heap after GC invocations=1 (full 0):
 garbage-first heap   total 65536K, used 10976K [0x00000000fc000000, 0x0000000100000000)
  region size 1024K, 3 young (3072K), 3 survivors (3072K)
 Metaspace       used 3800K, committed 3904K, reserved 1114112K
  class space    used 467K, committed 512K, reserved 1048576K
}

Dll operation events (13 events):
Event: 0.011 Loaded shared library C:\Program Files\Eclipse Adoptium\jdk-17.0.16.8-hotspot\bin\java.dll
Event: 0.036 Loaded shared library C:\Program Files\Eclipse Adoptium\jdk-17.0.16.8-hotspot\bin\jsvml.dll
Event: 0.074 Loaded shared library C:\Program Files\Eclipse Adoptium\jdk-17.0.16.8-hotspot\bin\net.dll
Event: 0.077 Loaded shared library C:\Program Files\Eclipse Adoptium\jdk-17.0.16.8-hotspot\bin\nio.dll
Event: 0.082 Loaded shared library C:\Program Files\Eclipse Adoptium\jdk-17.0.16.8-hotspot\bin\zip.dll
Event: 0.436 Loaded shared library C:\Program Files\Eclipse Adoptium\jdk-17.0.16.8-hotspot\bin\jimage.dll
Event: 0.527 Loaded shared library C:\Program Files\Eclipse Adoptium\jdk-17.0.16.8-hotspot\bin\verify.dll
Event: 0.883 Loaded shared library C:\Users\LENOVO\.gradle\native\68d5fa5c4cc2d200863cafc0d521ce42e7d3e7ee720ec0a83991735586a16f82\windows-amd64\native-platform.dll
Event: 0.906 Loaded shared library C:\Users\LENOVO\.gradle\native\jansi\1.18\windows64\jansi.dll
Event: 1.062 Loaded shared library C:\Program Files\Eclipse Adoptium\jdk-17.0.16.8-hotspot\bin\management.dll
Event: 1.072 Loaded shared library C:\Program Files\Eclipse Adoptium\jdk-17.0.16.8-hotspot\bin\management_ext.dll
Event: 1.791 Loaded shared library C:\Program Files\Eclipse Adoptium\jdk-17.0.16.8-hotspot\bin\extnet.dll
Event: 1.857 Loaded shared library C:\Program Files\Eclipse Adoptium\jdk-17.0.16.8-hotspot\bin\sunmscapi.dll

Deoptimization events (20 events):
Event: 1.125 Thread 0x0000019b3f138540 DEOPT PACKING pc=0x0000019b485bee60 sp=0x0000007028efa1d0
Event: 1.125 Thread 0x0000019b3f138540 DEOPT UNPACKING pc=0x0000019b4fa47143 sp=0x0000007028ef96e8 mode 0
Event: 1.349 Thread 0x0000019b3f138540 Uncommon trap: trap_request=0xffffff45 fr.pc=0x0000019b4ffe36e4 relative=0x0000000000001b24
Event: 1.349 Thread 0x0000019b3f138540 Uncommon trap: reason=unstable_if action=reinterpret pc=0x0000019b4ffe36e4 method=java.io.WinNTFileSystem.normalize(Ljava/lang/String;)Ljava/lang/String; @ 128 c2
Event: 1.349 Thread 0x0000019b3f138540 DEOPT PACKING pc=0x0000019b4ffe36e4 sp=0x0000007028efbb70
Event: 1.349 Thread 0x0000019b3f138540 DEOPT UNPACKING pc=0x0000019b4fa469a3 sp=0x0000007028efbb58 mode 2
Event: 1.813 Thread 0x0000019b3f138540 Uncommon trap: trap_request=0xffffff45 fr.pc=0x0000019b4ffca458 relative=0x0000000000000618
Event: 1.813 Thread 0x0000019b3f138540 Uncommon trap: reason=unstable_if action=reinterpret pc=0x0000019b4ffca458 method=java.lang.AbstractStringBuilder.append(Ljava/lang/String;)Ljava/lang/AbstractStringBuilder; @ 1 c2
Event: 1.813 Thread 0x0000019b3f138540 DEOPT PACKING pc=0x0000019b4ffca458 sp=0x0000007028efc8d0
Event: 1.813 Thread 0x0000019b3f138540 DEOPT UNPACKING pc=0x0000019b4fa469a3 sp=0x0000007028efc850 mode 2
Event: 1.813 Thread 0x0000019b3f138540 Uncommon trap: trap_request=0xffffff45 fr.pc=0x0000019b4ffd7a68 relative=0x0000000000000628
Event: 1.813 Thread 0x0000019b3f138540 Uncommon trap: reason=unstable_if action=reinterpret pc=0x0000019b4ffd7a68 method=java.lang.AbstractStringBuilder.append(Ljava/lang/String;)Ljava/lang/AbstractStringBuilder; @ 1 c2
Event: 1.813 Thread 0x0000019b3f138540 DEOPT PACKING pc=0x0000019b4ffd7a68 sp=0x0000007028efc870
Event: 1.813 Thread 0x0000019b3f138540 DEOPT UNPACKING pc=0x0000019b4fa469a3 sp=0x0000007028efc858 mode 2
Event: 1.887 Thread 0x0000019b3f138540 Uncommon trap: trap_request=0xffffff45 fr.pc=0x0000019b4ffdf080 relative=0x0000000000000420
Event: 1.887 Thread 0x0000019b3f138540 Uncommon trap: reason=unstable_if action=reinterpret pc=0x0000019b4ffdf080 method=java.util.regex.Matcher.match(II)Z @ 76 c2
Event: 1.887 Thread 0x0000019b3f138540 DEOPT PACKING pc=0x0000019b4ffdf080 sp=0x0000007028efbb70
Event: 1.887 Thread 0x0000019b3f138540 DEOPT UNPACKING pc=0x0000019b4fa469a3 sp=0x0000007028efbb28 mode 2
Event: 93.941 Thread 0x0000019ba00b7890 DEOPT PACKING pc=0x0000019b487518f7 sp=0x000000702a6fe570
Event: 93.942 Thread 0x0000019ba00b7890 DEOPT UNPACKING pc=0x0000019b4fa47143 sp=0x000000702a6fd9e0 mode 0

Classes loaded (20 events):
Event: 34.685 Loading class jdk/internal/logger/LazyLoggers$LazyLoggerFactories
Event: 34.685 Loading class jdk/internal/logger/LazyLoggers$LazyLoggerFactories done
Event: 34.686 Loading class jdk/internal/logger/LoggerFinderLoader
Event: 34.686 Loading class jdk/internal/logger/LoggerFinderLoader done
Event: 34.687 Loading class jdk/internal/logger/LoggerFinderLoader$TemporaryLoggerFinder
Event: 34.687 Loading class jdk/internal/logger/LoggerFinderLoader$TemporaryLoggerFinder done
Event: 34.687 Loading class sun/util/logging/internal/LoggingProviderImpl$JULWrapper
Event: 34.688 Loading class sun/util/logging/PlatformLogger$ConfigurableBridge$LoggerConfiguration
Event: 34.688 Loading class sun/util/logging/PlatformLogger$ConfigurableBridge$LoggerConfiguration done
Event: 34.688 Loading class sun/util/logging/internal/LoggingProviderImpl$JULWrapper done
Event: 34.689 Loading class java/io/ObjectInputFilter
Event: 34.689 Loading class java/io/ObjectInputFilter done
Event: 34.690 Loading class java/io/ObjectInputFilter$Config$BuiltinFilterFactory
Event: 34.690 Loading class java/io/ObjectInputFilter$Config$BuiltinFilterFactory done
Event: 34.690 Loading class jdk/internal/access/JavaObjectInputFilterAccess
Event: 34.690 Loading class jdk/internal/access/JavaObjectInputFilterAccess done
Event: 34.691 Loading class java/lang/System$Logger$Level
Event: 34.691 Loading class java/lang/System$Logger$Level done
Event: 34.691 Loading class java/io/Bits
Event: 34.691 Loading class java/io/Bits done

Classes unloaded (0 events):
No events

Classes redefined (0 events):
No events

Internal exceptions (18 events):
Event: 0.207 Thread 0x0000019b3f138540 Exception <a 'java/lang/NoSuchMethodError'{0x00000000ffc72720}: 'int java.lang.invoke.DirectMethodHandle$Holder.invokeStaticInit(java.lang.Object, java.lang.Object)'> (0x00000000ffc72720) 
thrown [s\src\hotspot\share\interpreter\linkResolver.cpp, line 759]
Event: 0.779 Thread 0x0000019b3f138540 Exception <a 'java/lang/NoSuchMethodError'{0x00000000fe9363e8}: 'void java.lang.invoke.DirectMethodHandle$Holder.invokeStatic(java.lang.Object, java.lang.Object)'> (0x00000000fe9363e8) 
thrown [s\src\hotspot\share\interpreter\linkResolver.cpp, line 759]
Event: 0.811 Thread 0x0000019b3f138540 Exception <a 'java/lang/NoClassDefFoundError'{0x00000000fe9ba1a8}: org/slf4j/impl/StaticMarkerBinder> (0x00000000fe9ba1a8) 
thrown [s\src\hotspot\share\classfile\systemDictionary.cpp, line 245]
Event: 0.842 Thread 0x0000019b3f138540 Exception <a 'java/lang/NoSuchMethodError'{0x00000000fff5ba58}: 'java.lang.Object java.lang.invoke.DirectMethodHandle$Holder.invokeVirtual(java.lang.Object, java.lang.Object, java.lang.Object, java.lang.Object, java.lang.Object, java.lang.Object, java.lang.Object)'> (0x00000000fff5ba58) 
thrown [s\src\hotspot\share\interpreter\linkResolver.cpp, line 759]
Event: 0.846 Thread 0x0000019b3f138540 Exception <a 'java/lang/NoSuchMethodError'{0x00000000fff6d5b8}: 'java.lang.Object java.lang.invoke.Invokers$Holder.invoker(java.lang.Object, java.lang.Object, java.lang.Object)'> (0x00000000fff6d5b8) 
thrown [s\src\hotspot\share\interpreter\linkResolver.cpp, line 759]
Event: 0.849 Thread 0x0000019b3f138540 Exception <a 'java/lang/NoSuchMethodError'{0x00000000fff76790}: 'java.lang.Object java.lang.invoke.DirectMethodHandle$Holder.invokeStatic(java.lang.Object, java.lang.Object, int)'> (0x00000000fff76790) 
thrown [s\src\hotspot\share\interpreter\linkResolver.cpp, line 759]
Event: 0.854 Thread 0x0000019b3f138540 Exception <a 'java/lang/NoSuchMethodError'{0x00000000fffbabf0}: 'void java.lang.invoke.DelegatingMethodHandle$Holder.delegate(java.lang.Object, java.lang.Object, int, java.lang.Object)'> (0x00000000fffbabf0) 
thrown [s\src\hotspot\share\interpreter\linkResolver.cpp, line 759]
Event: 0.855 Thread 0x0000019b3f138540 Exception <a 'java/lang/NoSuchMethodError'{0x00000000fffbedb8}: 'int java.lang.invoke.DirectMethodHandle$Holder.invokeSpecial(java.lang.Object, java.lang.Object, java.lang.Object)'> (0x00000000fffbedb8) 
thrown [s\src\hotspot\share\interpreter\linkResolver.cpp, line 759]
Event: 0.859 Thread 0x0000019b3f138540 Exception <a 'java/lang/NoSuchMethodError'{0x00000000fffd1f00}: 'java.lang.Object java.lang.invoke.Invokers$Holder.invokeExact_MT(java.lang.Object, java.lang.Object, java.lang.Object, java.lang.Object)'> (0x00000000fffd1f00) 
thrown [s\src\hotspot\share\interpreter\linkResolver.cpp, line 759]
Event: 1.024 Thread 0x0000019b3f138540 Exception <a 'java/lang/NoSuchMethodError'{0x00000000ff9ec840}: 'void java.lang.invoke.DirectMethodHandle$Holder.invokeSpecial(java.lang.Object, java.lang.Object, java.lang.Object)'> (0x00000000ff9ec840) 
thrown [s\src\hotspot\share\interpreter\linkResolver.cpp, line 759]
Event: 1.036 Thread 0x0000019b3f138540 Implicit null exception at 0x0000019b4ffea72a to 0x0000019b4ffeac94
Event: 1.036 Thread 0x0000019b3f138540 Implicit null exception at 0x0000019b4ffd04ac to 0x0000019b4ffd0a2c
Event: 1.059 Thread 0x0000019b3f138540 Exception <a 'java/lang/NoSuchMethodError'{0x00000000ff789dc0}: 'java.lang.Object java.lang.invoke.DirectMethodHandle$Holder.invokeStaticInit(java.lang.Object)'> (0x00000000ff789dc0) 
thrown [s\src\hotspot\share\interpreter\linkResolver.cpp, line 759]
Event: 1.181 Thread 0x0000019b3f138540 Exception <a 'java/lang/NoSuchMethodError'{0x00000000ff33f478}: 'java.lang.Object java.lang.invoke.DirectMethodHandle$Holder.invokeStaticInit(java.lang.Object, int, int, int, int)'> (0x00000000ff33f478) 
thrown [s\src\hotspot\share\interpreter\linkResolver.cpp, line 759]
Event: 1.461 Thread 0x0000019b3f138540 Exception <a 'java/lang/NoSuchMethodError'{0x00000000ff215cd8}: 'java.lang.Object java.lang.invoke.DirectMethodHandle$Holder.invokeStaticInit(java.lang.Object, java.lang.Object, int, int, int, int)'> (0x00000000ff215cd8) 
thrown [s\src\hotspot\share\interpreter\linkResolver.cpp, line 759]
Event: 1.794 Thread 0x0000019b3f138540 Exception <a 'java/lang/NoSuchMethodError'{0x00000000ff243ec8}: 'void java.lang.invoke.DirectMethodHandle$Holder.invokeStatic(java.lang.Object, java.lang.Object, java.lang.Object)'> (0x00000000ff243ec8) 
thrown [s\src\hotspot\share\interpreter\linkResolver.cpp, line 759]
Event: 1.813 Thread 0x0000019b3f138540 Implicit null exception at 0x0000019b4ffc9e72 to 0x0000019b4ffca440
Event: 1.813 Thread 0x0000019b3f138540 Implicit null exception at 0x0000019b4ffd7472 to 0x0000019b4ffd7a50

VM Operations (20 events):
Event: 78.267 Executing VM operation: Cleanup
Event: 78.267 Executing VM operation: Cleanup done
Event: 86.323 Executing VM operation: Cleanup
Event: 86.323 Executing VM operation: Cleanup done
Event: 88.346 Executing VM operation: Cleanup
Event: 88.347 Executing VM operation: Cleanup done
Event: 101.449 Executing VM operation: Cleanup
Event: 101.450 Executing VM operation: Cleanup done
Event: 110.521 Executing VM operation: Cleanup
Event: 110.521 Executing VM operation: Cleanup done
Event: 111.527 Executing VM operation: Cleanup
Event: 111.527 Executing VM operation: Cleanup done
Event: 116.555 Executing VM operation: Cleanup
Event: 116.555 Executing VM operation: Cleanup done
Event: 117.560 Executing VM operation: Cleanup
Event: 117.560 Executing VM operation: Cleanup done
Event: 120.143 Executing VM operation: HandshakeAllThreads
Event: 120.143 Executing VM operation: HandshakeAllThreads done
Event: 121.155 Executing VM operation: Cleanup
Event: 121.155 Executing VM operation: Cleanup done

Memory protections (0 events):
No events

Nmethod flushes (0 events):
No events

Events (17 events):
Event: 0.036 Thread 0x0000019b3f138540 Thread added: 0x0000019b3f138540
Event: 0.039 Thread 0x0000019b3f138540 Thread added: 0x0000019b5ab33e30
Event: 0.039 Thread 0x0000019b3f138540 Thread added: 0x0000019b5ab349f0
Event: 0.050 Thread 0x0000019b3f138540 Thread added: 0x0000019b5ab48e90
Event: 0.050 Thread 0x0000019b3f138540 Thread added: 0x0000019b5ab4b860
Event: 0.050 Thread 0x0000019b3f138540 Thread added: 0x0000019b5ab4c220
Event: 0.050 Thread 0x0000019b3f138540 Thread added: 0x0000019b5ab4dbf0
Event: 0.051 Thread 0x0000019b3f138540 Thread added: 0x0000019b5ab4e990
Event: 0.051 Thread 0x0000019b3f138540 Thread added: 0x0000019b5ab4f440
Event: 0.051 Thread 0x0000019b3f138540 Thread added: 0x0000019b5ab51e50
Event: 0.066 Thread 0x0000019b3f138540 Thread added: 0x0000019ba00ba110
Event: 0.069 Thread 0x0000019b3f138540 Thread added: 0x0000019ba00ba620
Event: 0.839 Thread 0x0000019b5ab4f440 Thread added: 0x0000019ba09f6170
Event: 0.929 Thread 0x0000019b3f138540 Thread added: 0x0000019ba00b7890
Event: 1.373 Thread 0x0000019ba09f6170 Thread exited: 0x0000019ba09f6170
Event: 1.900 Thread 0x0000019b3f138540 Thread added: 0x0000019ba00b96f0
Event: 1.902 Thread 0x0000019b3f138540 Thread added: 0x0000019ba00b6e70


Dynamic libraries:
0x00007ff649d60000 - 0x00007ff649d6e000 	C:\Program Files\Eclipse Adoptium\jdk-17.0.16.8-hotspot\bin\java.exe
0x00007fff41c00000 - 0x00007fff41e67000 	C:\WINDOWS\SYSTEM32\ntdll.dll
0x00007fff40da0000 - 0x00007fff40e69000 	C:\WINDOWS\System32\KERNEL32.DLL
0x00007fff3f5a0000 - 0x00007fff3f98f000 	C:\WINDOWS\System32\KERNELBASE.dll
0x00007fff3eec0000 - 0x00007fff3f00b000 	C:\WINDOWS\System32\ucrtbase.dll
0x00007fff33380000 - 0x00007fff33397000 	C:\Program Files\Eclipse Adoptium\jdk-17.0.16.8-hotspot\bin\jli.dll
0x00007fff33360000 - 0x00007fff3337e000 	C:\Program Files\Eclipse Adoptium\jdk-17.0.16.8-hotspot\bin\VCRUNTIME140.dll
0x00007fff41200000 - 0x00007fff413c5000 	C:\WINDOWS\System32\USER32.dll
0x00007fff28090000 - 0x00007fff28323000 	C:\WINDOWS\WinSxS\amd64_microsoft.windows.common-controls_6595b64144ccf1df_6.0.26100.7309_none_3e05feeae336a044\COMCTL32.dll
0x00007fff3f3f0000 - 0x00007fff3f417000 	C:\WINDOWS\System32\win32u.dll
0x00007fff41610000 - 0x00007fff416b9000 	C:\WINDOWS\System32\msvcrt.dll
0x00007fff416d0000 - 0x00007fff416fb000 	C:\WINDOWS\System32\GDI32.dll
0x00007fff3f010000 - 0x00007fff3f13c000 	C:\WINDOWS\System32\gdi32full.dll
0x00007fff3f290000 - 0x00007fff3f333000 	C:\WINDOWS\System32\msvcp_win.dll
0x00007fff413d0000 - 0x00007fff41401000 	C:\WINDOWS\System32\IMM32.DLL
0x00007fff33ca0000 - 0x00007fff33cac000 	C:\Program Files\Eclipse Adoptium\jdk-17.0.16.8-hotspot\bin\vcruntime140_1.dll
0x00007ffeee560000 - 0x00007ffeee5ed000 	C:\Program Files\Eclipse Adoptium\jdk-17.0.16.8-hotspot\bin\msvcp140.dll
0x00007ffec91a0000 - 0x00007ffec9e0b000 	C:\Program Files\Eclipse Adoptium\jdk-17.0.16.8-hotspot\bin\server\jvm.dll
0x00007fff41960000 - 0x00007fff41a14000 	C:\WINDOWS\System32\ADVAPI32.dll
0x00007fff41410000 - 0x00007fff414b6000 	C:\WINDOWS\System32\sechost.dll
0x00007fff414d0000 - 0x00007fff415e8000 	C:\WINDOWS\System32\RPCRT4.dll
0x00007fff418e0000 - 0x00007fff41954000 	C:\WINDOWS\System32\WS2_32.dll
0x00007fff3ebb0000 - 0x00007fff3ec0e000 	C:\WINDOWS\SYSTEM32\POWRPROF.dll
0x00007fff34670000 - 0x00007fff346a5000 	C:\WINDOWS\SYSTEM32\WINMM.dll
0x00007fff34640000 - 0x00007fff3464b000 	C:\WINDOWS\SYSTEM32\VERSION.dll
0x00007fff3eb90000 - 0x00007fff3eba4000 	C:\WINDOWS\SYSTEM32\UMPDC.dll
0x00007fff3dac0000 - 0x00007fff3dadb000 	C:\WINDOWS\SYSTEM32\kernel.appcore.dll
0x00007fff33350000 - 0x00007fff3335a000 	C:\Program Files\Eclipse Adoptium\jdk-17.0.16.8-hotspot\bin\jimage.dll
0x00007fff31eb0000 - 0x00007fff320f2000 	C:\WINDOWS\SYSTEM32\DBGHELP.DLL
0x00007fff40e70000 - 0x00007fff411f5000 	C:\WINDOWS\System32\combase.dll
0x00007fff3fa00000 - 0x00007fff3fad6000 	C:\WINDOWS\System32\OLEAUT32.dll
0x00007fff26dd0000 - 0x00007fff26e0c000 	C:\WINDOWS\SYSTEM32\dbgcore.DLL
0x00007fff3f340000 - 0x00007fff3f3e5000 	C:\WINDOWS\System32\bcryptPrimitives.dll
0x00007fff32f70000 - 0x00007fff32f95000 	C:\Program Files\Eclipse Adoptium\jdk-17.0.16.8-hotspot\bin\java.dll
0x00007ffeeca90000 - 0x00007ffeecb67000 	C:\Program Files\Eclipse Adoptium\jdk-17.0.16.8-hotspot\bin\jsvml.dll
0x00007fff402a0000 - 0x00007fff409f3000 	C:\WINDOWS\System32\SHELL32.dll
0x00007fff3ed50000 - 0x00007fff3eeba000 	C:\WINDOWS\System32\wintypes.dll
0x00007fff3c910000 - 0x00007fff3d16e000 	C:\WINDOWS\SYSTEM32\windows.storage.dll
0x00007fff3fae0000 - 0x00007fff3fbd5000 	C:\WINDOWS\System32\SHCORE.dll
0x00007fff40ae0000 - 0x00007fff40b46000 	C:\WINDOWS\System32\shlwapi.dll
0x00007fff3ec70000 - 0x00007fff3ec99000 	C:\WINDOWS\SYSTEM32\profapi.dll
0x00007fff33260000 - 0x00007fff33279000 	C:\Program Files\Eclipse Adoptium\jdk-17.0.16.8-hotspot\bin\net.dll
0x00007fff38e60000 - 0x00007fff38f88000 	C:\WINDOWS\SYSTEM32\WINHTTP.dll
0x00007fff3e010000 - 0x00007fff3e07b000 	C:\WINDOWS\system32\mswsock.dll
0x00007fff2d9d0000 - 0x00007fff2d9e6000 	C:\Program Files\Eclipse Adoptium\jdk-17.0.16.8-hotspot\bin\nio.dll
0x00007fff2b210000 - 0x00007fff2b228000 	C:\Program Files\Eclipse Adoptium\jdk-17.0.16.8-hotspot\bin\zip.dll
0x00007fff34650000 - 0x00007fff34660000 	C:\Program Files\Eclipse Adoptium\jdk-17.0.16.8-hotspot\bin\verify.dll
0x00007fff33480000 - 0x00007fff334a7000 	C:\Users\LENOVO\.gradle\native\68d5fa5c4cc2d200863cafc0d521ce42e7d3e7ee720ec0a83991735586a16f82\windows-amd64\native-platform.dll
0x00007fff33ce0000 - 0x00007fff33cea000 	C:\Users\LENOVO\.gradle\native\jansi\1.18\windows64\jansi.dll
0x00007fff33340000 - 0x00007fff3334a000 	C:\Program Files\Eclipse Adoptium\jdk-17.0.16.8-hotspot\bin\management.dll
0x00007fff33300000 - 0x00007fff3330b000 	C:\Program Files\Eclipse Adoptium\jdk-17.0.16.8-hotspot\bin\management_ext.dll
0x00007fff40a10000 - 0x00007fff40a18000 	C:\WINDOWS\System32\PSAPI.DLL
0x00007fff3e400000 - 0x00007fff3e41b000 	C:\WINDOWS\SYSTEM32\CRYPTSP.dll
0x00007fff3da20000 - 0x00007fff3da5a000 	C:\WINDOWS\system32\rsaenh.dll
0x00007fff3e0c0000 - 0x00007fff3e0eb000 	C:\WINDOWS\SYSTEM32\USERENV.dll
0x00007fff3ec40000 - 0x00007fff3ec6a000 	C:\WINDOWS\SYSTEM32\bcrypt.dll
0x00007fff3e260000 - 0x00007fff3e26c000 	C:\WINDOWS\SYSTEM32\CRYPTBASE.dll
0x00007fff3d500000 - 0x00007fff3d534000 	C:\WINDOWS\SYSTEM32\IPHLPAPI.DLL
0x00007fff40a00000 - 0x00007fff40a0a000 	C:\WINDOWS\System32\NSI.dll
0x00007fff39130000 - 0x00007fff3914e000 	C:\WINDOWS\SYSTEM32\dhcpcsvc6.DLL
0x00007fff39060000 - 0x00007fff39083000 	C:\WINDOWS\SYSTEM32\dhcpcsvc.DLL
0x00007fff3d5a0000 - 0x00007fff3d6cc000 	C:\WINDOWS\SYSTEM32\DNSAPI.dll
0x00007fff32d20000 - 0x00007fff32d29000 	C:\Program Files\Eclipse Adoptium\jdk-17.0.16.8-hotspot\bin\extnet.dll
0x00007fff32f60000 - 0x00007fff32f6e000 	C:\Program Files\Eclipse Adoptium\jdk-17.0.16.8-hotspot\bin\sunmscapi.dll
0x00007fff3f420000 - 0x00007fff3f597000 	C:\WINDOWS\System32\CRYPT32.dll
0x00007fff3e550000 - 0x00007fff3e580000 	C:\WINDOWS\SYSTEM32\ncrypt.dll
0x00007fff3e500000 - 0x00007fff3e53f000 	C:\WINDOWS\SYSTEM32\NTASN1.dll
0x00007fff32e70000 - 0x00007fff32e78000 	C:\WINDOWS\system32\wshunix.dll

dbghelp: loaded successfully - version: 4.0.5 - missing functions: none
symbol engine: initialized successfully - sym options: 0x614 - pdb path: .;C:\Program Files\Eclipse Adoptium\jdk-17.0.16.8-hotspot\bin;C:\WINDOWS\SYSTEM32;C:\WINDOWS\WinSxS\amd64_microsoft.windows.common-controls_6595b64144ccf1df_6.0.26100.7309_none_3e05feeae336a044;C:\Program Files\Eclipse Adoptium\jdk-17.0.16.8-hotspot\bin\server;C:\Users\LENOVO\.gradle\native\68d5fa5c4cc2d200863cafc0d521ce42e7d3e7ee720ec0a83991735586a16f82\windows-amd64;C:\Users\LENOVO\.gradle\native\jansi\1.18\windows64

VM Arguments:
jvm_args: -Xmx64m -Xms64m -Dorg.gradle.appname=gradlew 
java_command: org.gradle.wrapper.GradleWrapperMain assembleRelease
java_class_path (initial): C:\gawe\kencanaprint\my\packing_rn\frontend\android\\gradle\wrapper\gradle-wrapper.jar
Launcher Type: SUN_STANDARD

[Global flags]
     intx CICompilerCount                          = 4                                         {product} {ergonomic}
     uint ConcGCThreads                            = 2                                         {product} {ergonomic}
     uint G1ConcRefinementThreads                  = 8                                         {product} {ergonomic}
   size_t G1HeapRegionSize                         = 1048576                                   {product} {ergonomic}
    uintx GCDrainStackTargetSize                   = 64                                        {product} {ergonomic}
   size_t InitialHeapSize                          = 67108864                                  {product} {command line}
   size_t MarkStackSize                            = 4194304                                   {product} {ergonomic}
   size_t MaxHeapSize                              = 67108864                                  {product} {command line}
   size_t MaxNewSize                               = 39845888                                  {product} {ergonomic}
   size_t MinHeapDeltaBytes                        = 1048576                                   {product} {ergonomic}
   size_t MinHeapSize                              = 67108864                                  {product} {command line}
    uintx NonNMethodCodeHeapSize                   = 5839372                                {pd product} {ergonomic}
    uintx NonProfiledCodeHeapSize                  = 122909434                              {pd product} {ergonomic}
    uintx ProfiledCodeHeapSize                     = 122909434                              {pd product} {ergonomic}
    uintx ReservedCodeCacheSize                    = 251658240                              {pd product} {ergonomic}
     bool SegmentedCodeCache                       = true                                      {product} {ergonomic}
   size_t SoftMaxHeapSize                          = 67108864                               {manageable} {ergonomic}
     bool UseCompressedClassPointers               = true                           {product lp64_product} {ergonomic}
     bool UseCompressedOops                        = true                           {product lp64_product} {ergonomic}
     bool UseG1GC                                  = true                                      {product} {ergonomic}
     bool UseLargePagesIndividualAllocation        = false                                  {pd product} {ergonomic}

Logging:
Log output configuration:
 #0: stdout all=warning uptime,level,tags
 #1: stderr all=off uptime,level,tags

Environment Variables:
JAVA_HOME=C:\Program Files\Eclipse Adoptium\jdk-17.0.16.8-hotspot\
CLASSPATH=C:\gawe\kencanaprint\my\packing_rn\frontend\android\\gradle\wrapper\gradle-wrapper.jar
PATH=C:\Program Files\Eclipse Adoptium\jdk-17.0.16.8-hotspot\bin;C:\Program Files\AdoptOpenJDK\jdk-8.0.242.08-hotspot\bin;C:\Program Files (x86)\Embarcadero\Studio\21.0\bin;C:\Users\Public\Documents\Embarcadero\Studio\21.0\Bpl;C:\Program Files (x86)\Embarcadero\Studio\21.0\bin64;C:\Users\Public\Documents\Embarcadero\Studio\21.0\Bpl\Win64;C:\Program Files (x86)\Borland\Delphi7\Bin;C:\Program Files (x86)\Borland\Delphi7\Projects\Bpl\;C:\Program Files (x86)\Embarcadero\Studio\23.0\bin;C:\Users\Public\Documents\Embarcadero\Studio\23.0\Bpl;C:\Program Files (x86)\Embarcadero\Studio\23.0\bin64;C:\Users\Public\Documents\Embarcadero\Studio\23.0\Bpl\Win64;C:\Program Files\Common Files\Oracle\Java\javapath;C:\WINDOWS\system32;C:\WINDOWS;C:\WINDOWS\System32\Wbem;C:\WINDOWS\System32\WindowsPowerShell\v1.0\;C:\WINDOWS\System32\OpenSSH\;C:\xampp\php;C:\ProgramData\ComposerSetup\bin;C:\Program Files\dotnet\;C:\Program Files\GitHub CLI\;C:\Program Files (x86)\DevExpress\VCL\Library\RS27;C:\Program Files (x86)\DevExpress\VCL\Library\RS27\Win64;C:\Program Files\Cloudflare\Cloudflare WARP\;C:\Program Files\nodejs\;C:\ProgramData\chocolatey\bin;C:\Program Files\Microsoft SQL Server\150\Tools\Binn\;C:\Program Files\PuTTY\;C:\Program Files\WireGuard\;C:\Users\LENOVO\AppData\Local\Programs\Python\Python313\Scripts\;C:\Users\LENOVO\AppData\Local\Programs\Python\Python313\;C:\Users\LENOVO\AppData\Local\Microsoft\WindowsApps;C:\Users\LENOVO\AppData\Local\Programs\Microsoft VS Code\bin;C:\Users\LENOVO\AppData\Roaming\Composer\vendor\bin;C:\Program Files\Eclipse Adoptium\jdk-17.0.16.8-hotspot\\bin;C:\Program Files\Git\bin;C:\Program Files\PostgreSQL\16\bin;C:\flutter\src\flutter\bin;C:\Program Files\heroku\bin;C:\Users\LENOVO\AppData\Roaming\npm;C:\ffmpeg\bin;C:\Users\LENOVO\AppData\Local\Android\Sdk;C:\Users\LENOVO\AppData\Local\Android\Sdk\platform-tools;
USERNAME=LENOVO
LANG=en_US.UTF-8
OS=Windows_NT
PROCESSOR_IDENTIFIER=AMD64 Family 23 Model 160 Stepping 0, AuthenticAMD
TMP=C:\Users\LENOVO\AppData\Local\Temp
TEMP=C:\Users\LENOVO\AppData\Local\Temp



Periodic native trim disabled


---------------  S Y S T E M  ---------------

OS:
 Windows 11 , 64 bit Build 26100 (10.0.26100.7309)
OS uptime: 0 days 16:20 hours
Hyper-V role detected

CPU: total 8 (initial active 8) (8 cores per cpu, 2 threads per core) family 23 model 160 stepping 0 microcode 0x8a00006, cx8, cmov, fxsr, ht, mmx, 3dnowpref, sse, sse2, sse3, ssse3, sse4a, sse4.1, sse4.2, popcnt, lzcnt, tsc, tscinvbit, avx, avx2, aes, clmul, bmi1, bmi2, adx, sha, fma, vzeroupper, clflush, clflushopt, hv
Processor Information for all 8 processors :
  Max Mhz: 2801, Current Mhz: 2801, Mhz Limit: 2801

Memory: 4k page, system-wide physical 6989M (530M free)
TotalPageFile size 23373M (AvailPageFile size 1M)
current process WorkingSet (physical memory assigned to process): 20M, peak: 97M
current process commit charge ("private bytes"): 164M, peak: 168M

vm_info: OpenJDK 64-Bit Server VM (17.0.16+8) for windows-amd64 JRE (17.0.16+8), built on Jul 16 2025 10:37:56 by "admin" with MS VC++ 17.7 (VS2022)

END.
