#
# There is insufficient memory for the Java Runtime Environment to continue.
# Native memory allocation (malloc) failed to allocate 442896 bytes. Error detail: Chunk::new
# Possible reasons:
#   The system is out of physical RAM or swap space
#   This process is running with CompressedOops enabled, and the Java Heap may be blocking the growth of the native heap
# Possible solutions:
#   Reduce memory load on the system
#   Increase physical memory or swap space
#   Check if swap backing store is full
#   Decrease Java heap size (-Xmx/-Xms)
#   Decrease number of Java threads
#   Decrease Java thread stack sizes (-Xss)
#   Set larger code cache with -XX:ReservedCodeCacheSize=
#   JVM is running with Unscaled Compressed Oops mode in which the Java heap is
#     placed in the first 4GB address space. The Java Heap base address is the
#     maximum limit for the native heap growth. Please use -XX:HeapBaseMinAddress
#     to set the Java Heap base and to place the Java Heap above 4GB virtual address.
# This output file may be truncated or incomplete.
#
#  Out of Memory Error (arena.cpp:191), pid=18332, tid=17024
#
# JRE version: OpenJDK Runtime Environment Temurin-17.0.16+8 (17.0.16+8) (build 17.0.16+8)
# Java VM: OpenJDK 64-Bit Server VM Temurin-17.0.16+8 (17.0.16+8, mixed mode, sharing, tiered, compressed oops, compressed class ptrs, g1 gc, windows-amd64)
# No core dump will be written. Minidumps are not enabled by default on client versions of Windows
#

---------------  S U M M A R Y ------------

Command Line: -Xmx64m -Xms64m -Dorg.gradle.appname=gradlew org.gradle.wrapper.GradleWrapperMain app:installDebug -PreactNativeDevServerPort=8081

Host: AMD Ryzen 5 7520U with Radeon Graphics         , 8 cores, 6G,  Windows 11 , 64 bit Build 26100 (10.0.26100.7309)
Time: Sat Jan 10 09:05:14 2026 SE Asia Standard Time elapsed time: 233.935999 seconds (0d 0h 3m 53s)

---------------  T H R E A D  ---------------

Current thread (0x00000287a8ed4a90):  JavaThread "C2 CompilerThread0" daemon [_thread_in_native, id=17024, stack(0x000000ecba200000,0x000000ecba300000)]


Current CompileTask:
C2: 233936 2043       4       org.fusesource.jansi.Ansi::flushAttributes (94 bytes)

Stack: [0x000000ecba200000,0x000000ecba300000]
Native frames: (J=compiled Java code, j=interpreted, Vv=VM code, C=native code)
V  [jvm.dll+0x683169]
V  [jvm.dll+0x839ac8]
V  [jvm.dll+0x83b573]
V  [jvm.dll+0x83bbe3]
V  [jvm.dll+0x2473ff]
V  [jvm.dll+0xace94]
V  [jvm.dll+0xad52c]
V  [jvm.dll+0x365dbf]
V  [jvm.dll+0x32fff8]
V  [jvm.dll+0x32f47a]
V  [jvm.dll+0x21831f]
V  [jvm.dll+0x21775f]
V  [jvm.dll+0x1a32a0]
V  [jvm.dll+0x227b3c]
V  [jvm.dll+0x225ccb]
V  [jvm.dll+0x7ef2d8]
V  [jvm.dll+0x7e979c]
V  [jvm.dll+0x682047]
C  [ucrtbase.dll+0x37b0]
C  [KERNEL32.DLL+0x2e8d7]
C  [ntdll.dll+0x8c53c]


---------------  P R O C E S S  ---------------

Threads class SMR info:
_java_thread_list=0x00000287ee6f7ea0, length=15, elements={
0x000002878f44cc80, 0x00000287a8eb2c20, 0x00000287a8eb37e0, 0x00000287a8ed0050,
0x00000287a8ed0a10, 0x00000287a8ed13d0, 0x00000287a8ed1d90, 0x00000287a8ed4a90,
0x00000287a8ede4b0, 0x00000287a8edfdd0, 0x00000287ee1d7180, 0x00000287ee1db910,
0x00000287eef3c0f0, 0x00000287ef062230, 0x00000287eeb79dc0
}

Java Threads: ( => current thread )
  0x000002878f44cc80 JavaThread "main" [_thread_in_native, id=17160, stack(0x000000ecb9500000,0x000000ecb9600000)]
  0x00000287a8eb2c20 JavaThread "Reference Handler" daemon [_thread_blocked, id=23868, stack(0x000000ecb9c00000,0x000000ecb9d00000)]
  0x00000287a8eb37e0 JavaThread "Finalizer" daemon [_thread_blocked, id=17624, stack(0x000000ecb9d00000,0x000000ecb9e00000)]
  0x00000287a8ed0050 JavaThread "Signal Dispatcher" daemon [_thread_blocked, id=24000, stack(0x000000ecb9e00000,0x000000ecb9f00000)]
  0x00000287a8ed0a10 JavaThread "Attach Listener" daemon [_thread_blocked, id=21824, stack(0x000000ecb9f00000,0x000000ecba000000)]
  0x00000287a8ed13d0 JavaThread "Service Thread" daemon [_thread_blocked, id=18032, stack(0x000000ecba000000,0x000000ecba100000)]
  0x00000287a8ed1d90 JavaThread "Monitor Deflation Thread" daemon [_thread_blocked, id=23560, stack(0x000000ecba100000,0x000000ecba200000)]
=>0x00000287a8ed4a90 JavaThread "C2 CompilerThread0" daemon [_thread_in_native, id=17024, stack(0x000000ecba200000,0x000000ecba300000)]
  0x00000287a8ede4b0 JavaThread "C1 CompilerThread0" daemon [_thread_blocked, id=17132, stack(0x000000ecba300000,0x000000ecba400000)]
  0x00000287a8edfdd0 JavaThread "Sweeper thread" daemon [_thread_blocked, id=16980, stack(0x000000ecba400000,0x000000ecba500000)]
  0x00000287ee1d7180 JavaThread "Notification Thread" daemon [_thread_blocked, id=3576, stack(0x000000ecba500000,0x000000ecba600000)]
  0x00000287ee1db910 JavaThread "Common-Cleaner" daemon [_thread_blocked, id=21904, stack(0x000000ecba700000,0x000000ecba800000)]
  0x00000287eef3c0f0 JavaThread "pool-1-thread-1" [_thread_blocked, id=20196, stack(0x000000ecbad00000,0x000000ecbae00000)]
  0x00000287ef062230 JavaThread "DisconnectableInputStream source reader" daemon [_thread_in_native, id=23304, stack(0x000000ecbb200000,0x000000ecbb300000)]
  0x00000287eeb79dc0 JavaThread "Forward input" [_thread_blocked, id=836, stack(0x000000ecbb300000,0x000000ecbb400000)]

Other Threads:
  0x00000287a8eae6e0 VMThread "VM Thread" [stack: 0x000000ecb9b00000,0x000000ecb9c00000] [id=11704]
  0x00000287ee1db670 WatcherThread [stack: 0x000000ecba600000,0x000000ecba700000] [id=24452]
  0x000002878f46f8e0 GCTaskThread "GC Thread#0" [stack: 0x000000ecb9600000,0x000000ecb9700000] [id=23548]
  0x00000287ee71b090 GCTaskThread "GC Thread#1" [stack: 0x000000ecba900000,0x000000ecbaa00000] [id=24808]
  0x00000287ee71c950 GCTaskThread "GC Thread#2" [stack: 0x000000ecbaa00000,0x000000ecbab00000] [id=16276]
  0x00000287ee71b610 GCTaskThread "GC Thread#3" [stack: 0x000000ecbab00000,0x000000ecbac00000] [id=7164]
  0x00000287ee71c690 GCTaskThread "GC Thread#4" [stack: 0x000000ecbac00000,0x000000ecbad00000] [id=22784]
  0x00000287ee71be50 GCTaskThread "GC Thread#5" [stack: 0x000000ecbaf00000,0x000000ecbb000000] [id=1592]
  0x00000287ee71c110 GCTaskThread "GC Thread#6" [stack: 0x000000ecbb000000,0x000000ecbb100000] [id=6220]
  0x00000287ee71add0 GCTaskThread "GC Thread#7" [stack: 0x000000ecbb100000,0x000000ecbb200000] [id=2060]
  0x000002878f471030 ConcurrentGCThread "G1 Main Marker" [stack: 0x000000ecb9700000,0x000000ecb9800000] [id=10672]
  0x000002878f472720 ConcurrentGCThread "G1 Conc#0" [stack: 0x000000ecb9800000,0x000000ecb9900000] [id=23384]
  0x000002878f4fe2c0 ConcurrentGCThread "G1 Refine#0" [stack: 0x000000ecb9900000,0x000000ecb9a00000] [id=24592]
  0x000002878f4feb90 ConcurrentGCThread "G1 Service" [stack: 0x000000ecb9a00000,0x000000ecb9b00000] [id=7484]

Threads with active compile tasks:
C2 CompilerThread0   233971 2043       4       org.fusesource.jansi.Ansi::flushAttributes (94 bytes)

VM state: not at safepoint (normal execution)

VM Mutex/Monitor currently owned by a thread: None

Heap address: 0x00000000fc000000, size: 64 MB, Compressed Oops mode: 32-bit

CDS archive(s) mapped at: [0x00000287a9000000-0x00000287a9bb0000-0x00000287a9bb0000), size 12255232, SharedBaseAddress: 0x00000287a9000000, ArchiveRelocationMode: 1.
Compressed class space mapped at: 0x00000287aa000000-0x00000287ea000000, reserved size: 1073741824
Narrow klass base: 0x00000287a9000000, Narrow klass shift: 0, Narrow klass range: 0x100000000

GC Precious Log:
 CPUs: 8 total, 8 available
 Memory: 6989M
 Large Page Support: Disabled
 NUMA Support: Disabled
 Compressed Oops: Enabled (32-bit)
 Heap Region Size: 1M
 Heap Min Capacity: 64M
 Heap Initial Capacity: 64M
 Heap Max Capacity: 64M
 Pre-touch: Disabled
 Parallel Workers: 8
 Concurrent Workers: 2
 Concurrent Refinement Workers: 8
 Periodic GC: Disabled

Heap:
 garbage-first heap   total 65536K, used 18505K [0x00000000fc000000, 0x0000000100000000)
  region size 1024K, 9 young (9216K), 2 survivors (2048K)
 Metaspace       used 10164K, committed 10432K, reserved 1114112K
  class space    used 1307K, committed 1408K, reserved 1048576K

Heap Regions: E=young(eden), S=young(survivor), O=old, HS=humongous(starts), HC=humongous(continues), CS=collection set, F=free, OA=open archive, CA=closed archive, TAMS=top-at-mark-start (previous, next)
|   0|0x00000000fc000000, 0x00000000fc100000, 0x00000000fc100000|100%|HS|  |TAMS 0x00000000fc000000, 0x00000000fc000000| Complete 
|   1|0x00000000fc100000, 0x00000000fc200000, 0x00000000fc200000|100%|HC|  |TAMS 0x00000000fc100000, 0x00000000fc100000| Complete 
|   2|0x00000000fc200000, 0x00000000fc300000, 0x00000000fc300000|100%|HC|  |TAMS 0x00000000fc200000, 0x00000000fc200000| Complete 
|   3|0x00000000fc300000, 0x00000000fc400000, 0x00000000fc400000|100%|HC|  |TAMS 0x00000000fc300000, 0x00000000fc300000| Complete 
|   4|0x00000000fc400000, 0x00000000fc500000, 0x00000000fc500000|100%| O|  |TAMS 0x00000000fc400000, 0x00000000fc400000| Untracked 
|   5|0x00000000fc500000, 0x00000000fc600000, 0x00000000fc600000|100%| O|  |TAMS 0x00000000fc500000, 0x00000000fc500000| Untracked 
|   6|0x00000000fc600000, 0x00000000fc700000, 0x00000000fc700000|100%| O|  |TAMS 0x00000000fc600000, 0x00000000fc600000| Untracked 
|   7|0x00000000fc700000, 0x00000000fc800000, 0x00000000fc800000|100%| O|  |TAMS 0x00000000fc700000, 0x00000000fc700000| Untracked 
|   8|0x00000000fc800000, 0x00000000fc900000, 0x00000000fc900000|100%| O|  |TAMS 0x00000000fc800000, 0x00000000fc800000| Untracked 
|   9|0x00000000fc900000, 0x00000000fca00000, 0x00000000fca00000|100%| O|  |TAMS 0x00000000fc900000, 0x00000000fc900000| Untracked 
|  10|0x00000000fca00000, 0x00000000fca64c00, 0x00000000fcb00000| 39%| O|  |TAMS 0x00000000fca00000, 0x00000000fca00000| Untracked 
|  11|0x00000000fcb00000, 0x00000000fcb00000, 0x00000000fcc00000|  0%| F|  |TAMS 0x00000000fcb00000, 0x00000000fcb00000| Untracked 
|  12|0x00000000fcc00000, 0x00000000fcc00000, 0x00000000fcd00000|  0%| F|  |TAMS 0x00000000fcc00000, 0x00000000fcc00000| Untracked 
|  13|0x00000000fcd00000, 0x00000000fcd00000, 0x00000000fce00000|  0%| F|  |TAMS 0x00000000fcd00000, 0x00000000fcd00000| Untracked 
|  14|0x00000000fce00000, 0x00000000fce00000, 0x00000000fcf00000|  0%| F|  |TAMS 0x00000000fce00000, 0x00000000fce00000| Untracked 
|  15|0x00000000fcf00000, 0x00000000fcf00000, 0x00000000fd000000|  0%| F|  |TAMS 0x00000000fcf00000, 0x00000000fcf00000| Untracked 
|  16|0x00000000fd000000, 0x00000000fd000000, 0x00000000fd100000|  0%| F|  |TAMS 0x00000000fd000000, 0x00000000fd000000| Untracked 
|  17|0x00000000fd100000, 0x00000000fd100000, 0x00000000fd200000|  0%| F|  |TAMS 0x00000000fd100000, 0x00000000fd100000| Untracked 
|  18|0x00000000fd200000, 0x00000000fd200000, 0x00000000fd300000|  0%| F|  |TAMS 0x00000000fd200000, 0x00000000fd200000| Untracked 
|  19|0x00000000fd300000, 0x00000000fd300000, 0x00000000fd400000|  0%| F|  |TAMS 0x00000000fd300000, 0x00000000fd300000| Untracked 
|  20|0x00000000fd400000, 0x00000000fd400000, 0x00000000fd500000|  0%| F|  |TAMS 0x00000000fd400000, 0x00000000fd400000| Untracked 
|  21|0x00000000fd500000, 0x00000000fd500000, 0x00000000fd600000|  0%| F|  |TAMS 0x00000000fd500000, 0x00000000fd500000| Untracked 
|  22|0x00000000fd600000, 0x00000000fd600000, 0x00000000fd700000|  0%| F|  |TAMS 0x00000000fd600000, 0x00000000fd600000| Untracked 
|  23|0x00000000fd700000, 0x00000000fd700000, 0x00000000fd800000|  0%| F|  |TAMS 0x00000000fd700000, 0x00000000fd700000| Untracked 
|  24|0x00000000fd800000, 0x00000000fd800000, 0x00000000fd900000|  0%| F|  |TAMS 0x00000000fd800000, 0x00000000fd800000| Untracked 
|  25|0x00000000fd900000, 0x00000000fd900000, 0x00000000fda00000|  0%| F|  |TAMS 0x00000000fd900000, 0x00000000fd900000| Untracked 
|  26|0x00000000fda00000, 0x00000000fda00000, 0x00000000fdb00000|  0%| F|  |TAMS 0x00000000fda00000, 0x00000000fda00000| Untracked 
|  27|0x00000000fdb00000, 0x00000000fdb00000, 0x00000000fdc00000|  0%| F|  |TAMS 0x00000000fdb00000, 0x00000000fdb00000| Untracked 
|  28|0x00000000fdc00000, 0x00000000fdc00000, 0x00000000fdd00000|  0%| F|  |TAMS 0x00000000fdc00000, 0x00000000fdc00000| Untracked 
|  29|0x00000000fdd00000, 0x00000000fdd00000, 0x00000000fde00000|  0%| F|  |TAMS 0x00000000fdd00000, 0x00000000fdd00000| Untracked 
|  30|0x00000000fde00000, 0x00000000fde00000, 0x00000000fdf00000|  0%| F|  |TAMS 0x00000000fde00000, 0x00000000fde00000| Untracked 
|  31|0x00000000fdf00000, 0x00000000fdf00000, 0x00000000fe000000|  0%| F|  |TAMS 0x00000000fdf00000, 0x00000000fdf00000| Untracked 
|  32|0x00000000fe000000, 0x00000000fe000000, 0x00000000fe100000|  0%| F|  |TAMS 0x00000000fe000000, 0x00000000fe000000| Untracked 
|  33|0x00000000fe100000, 0x00000000fe100000, 0x00000000fe200000|  0%| F|  |TAMS 0x00000000fe100000, 0x00000000fe100000| Untracked 
|  34|0x00000000fe200000, 0x00000000fe200000, 0x00000000fe300000|  0%| F|  |TAMS 0x00000000fe200000, 0x00000000fe200000| Untracked 
|  35|0x00000000fe300000, 0x00000000fe300000, 0x00000000fe400000|  0%| F|  |TAMS 0x00000000fe300000, 0x00000000fe300000| Untracked 
|  36|0x00000000fe400000, 0x00000000fe400000, 0x00000000fe500000|  0%| F|  |TAMS 0x00000000fe400000, 0x00000000fe400000| Untracked 
|  37|0x00000000fe500000, 0x00000000fe5adb90, 0x00000000fe600000| 67%| S|CS|TAMS 0x00000000fe500000, 0x00000000fe500000| Complete 
|  38|0x00000000fe600000, 0x00000000fe600000, 0x00000000fe700000|  0%| F|  |TAMS 0x00000000fe600000, 0x00000000fe600000| Untracked 
|  39|0x00000000fe700000, 0x00000000fe700000, 0x00000000fe800000|  0%| F|  |TAMS 0x00000000fe700000, 0x00000000fe700000| Untracked 
|  40|0x00000000fe800000, 0x00000000fe800000, 0x00000000fe900000|  0%| F|  |TAMS 0x00000000fe800000, 0x00000000fe800000| Untracked 
|  41|0x00000000fe900000, 0x00000000fea00000, 0x00000000fea00000|100%| S|CS|TAMS 0x00000000fe900000, 0x00000000fe900000| Complete 
|  42|0x00000000fea00000, 0x00000000fea00000, 0x00000000feb00000|  0%| F|  |TAMS 0x00000000fea00000, 0x00000000fea00000| Untracked 
|  43|0x00000000feb00000, 0x00000000feb00000, 0x00000000fec00000|  0%| F|  |TAMS 0x00000000feb00000, 0x00000000feb00000| Untracked 
|  44|0x00000000fec00000, 0x00000000fec00000, 0x00000000fed00000|  0%| F|  |TAMS 0x00000000fec00000, 0x00000000fec00000| Untracked 
|  45|0x00000000fed00000, 0x00000000fed00000, 0x00000000fee00000|  0%| F|  |TAMS 0x00000000fed00000, 0x00000000fed00000| Untracked 
|  46|0x00000000fee00000, 0x00000000fee00000, 0x00000000fef00000|  0%| F|  |TAMS 0x00000000fee00000, 0x00000000fee00000| Untracked 
|  47|0x00000000fef00000, 0x00000000fef00000, 0x00000000ff000000|  0%| F|  |TAMS 0x00000000fef00000, 0x00000000fef00000| Untracked 
|  48|0x00000000ff000000, 0x00000000ff000000, 0x00000000ff100000|  0%| F|  |TAMS 0x00000000ff000000, 0x00000000ff000000| Untracked 
|  49|0x00000000ff100000, 0x00000000ff100000, 0x00000000ff200000|  0%| F|  |TAMS 0x00000000ff100000, 0x00000000ff100000| Untracked 
|  50|0x00000000ff200000, 0x00000000ff200000, 0x00000000ff300000|  0%| F|  |TAMS 0x00000000ff200000, 0x00000000ff200000| Untracked 
|  51|0x00000000ff300000, 0x00000000ff300000, 0x00000000ff400000|  0%| F|  |TAMS 0x00000000ff300000, 0x00000000ff300000| Untracked 
|  52|0x00000000ff400000, 0x00000000ff400000, 0x00000000ff500000|  0%| F|  |TAMS 0x00000000ff400000, 0x00000000ff400000| Untracked 
|  53|0x00000000ff500000, 0x00000000ff500000, 0x00000000ff600000|  0%| F|  |TAMS 0x00000000ff500000, 0x00000000ff500000| Untracked 
|  54|0x00000000ff600000, 0x00000000ff600000, 0x00000000ff700000|  0%| F|  |TAMS 0x00000000ff600000, 0x00000000ff600000| Untracked 
|  55|0x00000000ff700000, 0x00000000ff700000, 0x00000000ff800000|  0%| F|  |TAMS 0x00000000ff700000, 0x00000000ff700000| Untracked 
|  56|0x00000000ff800000, 0x00000000ff800000, 0x00000000ff900000|  0%| F|  |TAMS 0x00000000ff800000, 0x00000000ff800000| Untracked 
|  57|0x00000000ff900000, 0x00000000ff91f438, 0x00000000ffa00000| 12%| E|  |TAMS 0x00000000ff900000, 0x00000000ff900000| Complete 
|  58|0x00000000ffa00000, 0x00000000ffb00000, 0x00000000ffb00000|100%| E|CS|TAMS 0x00000000ffa00000, 0x00000000ffa00000| Complete 
|  59|0x00000000ffb00000, 0x00000000ffc00000, 0x00000000ffc00000|100%| E|CS|TAMS 0x00000000ffb00000, 0x00000000ffb00000| Complete 
|  60|0x00000000ffc00000, 0x00000000ffd00000, 0x00000000ffd00000|100%| E|CS|TAMS 0x00000000ffc00000, 0x00000000ffc00000| Complete 
|  61|0x00000000ffd00000, 0x00000000ffe00000, 0x00000000ffe00000|100%| E|CS|TAMS 0x00000000ffd00000, 0x00000000ffd00000| Complete 
|  62|0x00000000ffe00000, 0x00000000fff00000, 0x00000000fff00000|100%| E|CS|TAMS 0x00000000ffe00000, 0x00000000ffe00000| Complete 
|  63|0x00000000fff00000, 0x0000000100000000, 0x0000000100000000|100%| E|CS|TAMS 0x00000000fff00000, 0x00000000fff00000| Complete 

Card table byte_map: [0x000002878d3f0000,0x000002878d410000] _byte_map_base: 0x000002878cc10000

Marking Bits (Prev, Next): (CMBitMap*) 0x000002878f46ff00, (CMBitMap*) 0x000002878f46ff40
 Prev Bits: [0x00000287a62e0000, 0x00000287a63e0000)
 Next Bits: [0x00000287a63e0000, 0x00000287a64e0000)

Polling page: 0x000002878d3a0000

Metaspace:

Usage:
  Non-class:      8.65 MB used.
      Class:      1.28 MB used.
       Both:      9.93 MB used.

Virtual space:
  Non-class space:       64.00 MB reserved,       8.81 MB ( 14%) committed,  1 nodes.
      Class space:        1.00 GB reserved,       1.38 MB ( <1%) committed,  1 nodes.
             Both:        1.06 GB reserved,      10.19 MB ( <1%) committed. 

Chunk freelists:
   Non-Class:  6.42 MB
       Class:  14.54 MB
        Both:  20.97 MB

MaxMetaspaceSize: unlimited
CompressedClassSpaceSize: 1.00 GB
Initial GC threshold: 21.00 MB
Current GC threshold: 21.00 MB
CDS: on
MetaspaceReclaimPolicy: balanced
 - commit_granule_bytes: 65536.
 - commit_granule_words: 8192.
 - virtual_space_node_default_size: 8388608.
 - enlarge_chunks_in_place: 1.
 - new_chunks_are_fully_committed: 0.
 - uncommit_free_chunks: 1.
 - use_allocation_guard: 0.
 - handle_deallocations: 1.


Internal statistics:

num_allocs_failed_limit: 0.
num_arena_births: 90.
num_arena_deaths: 0.
num_vsnodes_births: 2.
num_vsnodes_deaths: 0.
num_space_committed: 163.
num_space_uncommitted: 0.
num_chunks_returned_to_freelist: 0.
num_chunks_taken_from_freelist: 347.
num_chunk_merges: 0.
num_chunk_splits: 245.
num_chunks_enlarged: 202.
num_inconsistent_stats: 0.

CodeHeap 'non-profiled nmethods': size=120000Kb used=743Kb max_used=743Kb free=119256Kb
 bounds [0x000002879ea70000, 0x000002879ece0000, 0x00000287a5fa0000]
CodeHeap 'profiled nmethods': size=120000Kb used=3881Kb max_used=3881Kb free=116118Kb
 bounds [0x0000028796fa0000, 0x0000028797370000, 0x000002879e4d0000]
CodeHeap 'non-nmethods': size=5760Kb used=1181Kb max_used=1202Kb free=4578Kb
 bounds [0x000002879e4d0000, 0x000002879e740000, 0x000002879ea70000]
 total_blobs=2523 nmethods=2042 adapters=394
 compilation: enabled
              stopped_count=0, restarted_count=0
 full_count=0

Compilation events (20 events):
Event: 221.165 Thread 0x00000287a8ede4b0 2034       3       org.gradle.internal.logging.text.AbstractLineChoppingStyledTextOutput$4::execute (9 bytes)
Event: 221.166 Thread 0x00000287a8ede4b0 nmethod 2034 0x0000028797367210 code [0x0000028797367400, 0x0000028797367978]
Event: 221.166 Thread 0x00000287a8ede4b0 2035       3       org.gradle.internal.logging.text.AbstractLineChoppingStyledTextOutput$4::execute (12 bytes)
Event: 221.166 Thread 0x00000287a8ede4b0 nmethod 2035 0x0000028797367b90 code [0x0000028797367d60, 0x0000028797368158]
Event: 221.166 Thread 0x00000287a8ede4b0 2036       3       org.gradle.internal.logging.text.AbstractLineChoppingStyledTextOutput$StateContext::flushStartLine (8 bytes)
Event: 221.166 Thread 0x00000287a8ede4b0 nmethod 2036 0x0000028797368310 code [0x00000287973684c0, 0x00000287973686b8]
Event: 221.166 Thread 0x00000287a8ed4a90 nmethod 2033 0x000002879eb29410 code [0x000002879eb295a0, 0x000002879eb296f8]
Event: 222.773 Thread 0x00000287a8ede4b0 2037       3       org.gradle.internal.logging.console.Cursor::at (20 bytes)
Event: 222.773 Thread 0x00000287a8ede4b0 nmethod 2037 0x0000028797368790 code [0x0000028797368940, 0x0000028797368b58]
Event: 224.175 Thread 0x00000287a8ede4b0 2038       3       org.gradle.internal.logging.text.AbstractLineChoppingStyledTextOutput$StateContext::flushEndLine (9 bytes)
Event: 224.175 Thread 0x00000287a8ede4b0 nmethod 2038 0x0000028797368c90 code [0x0000028797368e40, 0x0000028797369008]
Event: 224.175 Thread 0x00000287a8ede4b0 2039       3       org.gradle.internal.logging.text.AbstractLineChoppingStyledTextOutput$StateContext::reset (16 bytes)
Event: 224.176 Thread 0x00000287a8ede4b0 nmethod 2039 0x0000028797369110 code [0x00000287973692c0, 0x0000028797369438]
Event: 224.271 Thread 0x00000287a8ede4b0 2040       3       java.util.ArrayDeque::removeFirstOccurrence (86 bytes)
Event: 224.272 Thread 0x00000287a8ede4b0 nmethod 2040 0x0000028797369510 code [0x0000028797369700, 0x0000028797369bd8]
Event: 225.275 Thread 0x00000287a8ed4a90 2041 %     4       java.lang.StringCoding::implEncodeAsciiArray @ 3 (47 bytes)
Event: 225.281 Thread 0x00000287a8ed4a90 nmethod 2041% 0x000002879eb29790 code [0x000002879eb29920, 0x000002879eb29d58]
Event: 226.769 Thread 0x00000287a8ede4b0 2042       3       org.gradle.internal.logging.sink.GroupingProgressLogEventGenerator$OperationGroup::shouldForward (42 bytes)
Event: 226.770 Thread 0x00000287a8ede4b0 nmethod 2042 0x0000028797369d90 code [0x0000028797369f80, 0x000002879736a488]
Event: 230.865 Thread 0x00000287a8ed4a90 2043       4       org.fusesource.jansi.Ansi::flushAttributes (94 bytes)

GC Heap History (4 events):
Event: 1.213 GC heap before
{Heap before GC invocations=0 (full 0):
 garbage-first heap   total 65536K, used 26624K [0x00000000fc000000, 0x0000000100000000)
  region size 1024K, 23 young (23552K), 0 survivors (0K)
 Metaspace       used 3803K, committed 3904K, reserved 1114112K
  class space    used 466K, committed 512K, reserved 1048576K
}
Event: 1.223 GC heap after
{Heap after GC invocations=1 (full 0):
 garbage-first heap   total 65536K, used 10560K [0x00000000fc000000, 0x0000000100000000)
  region size 1024K, 3 young (3072K), 3 survivors (3072K)
 Metaspace       used 3803K, committed 3904K, reserved 1114112K
  class space    used 466K, committed 512K, reserved 1048576K
}
Event: 10.299 GC heap before
{Heap before GC invocations=1 (full 0):
 garbage-first heap   total 65536K, used 33088K [0x00000000fc000000, 0x0000000100000000)
  region size 1024K, 25 young (25600K), 3 survivors (3072K)
 Metaspace       used 9117K, committed 9280K, reserved 1114112K
  class space    used 1209K, committed 1280K, reserved 1048576K
}
Event: 10.304 GC heap after
{Heap after GC invocations=2 (full 0):
 garbage-first heap   total 65536K, used 12361K [0x00000000fc000000, 0x0000000100000000)
  region size 1024K, 2 young (2048K), 2 survivors (2048K)
 Metaspace       used 9117K, committed 9280K, reserved 1114112K
  class space    used 1209K, committed 1280K, reserved 1048576K
}

Dll operation events (13 events):
Event: 0.016 Loaded shared library C:\Program Files\Eclipse Adoptium\jdk-17.0.16.8-hotspot\bin\java.dll
Event: 0.044 Loaded shared library C:\Program Files\Eclipse Adoptium\jdk-17.0.16.8-hotspot\bin\jsvml.dll
Event: 0.093 Loaded shared library C:\Program Files\Eclipse Adoptium\jdk-17.0.16.8-hotspot\bin\net.dll
Event: 0.097 Loaded shared library C:\Program Files\Eclipse Adoptium\jdk-17.0.16.8-hotspot\bin\nio.dll
Event: 0.103 Loaded shared library C:\Program Files\Eclipse Adoptium\jdk-17.0.16.8-hotspot\bin\zip.dll
Event: 0.554 Loaded shared library C:\Program Files\Eclipse Adoptium\jdk-17.0.16.8-hotspot\bin\jimage.dll
Event: 0.717 Loaded shared library C:\Program Files\Eclipse Adoptium\jdk-17.0.16.8-hotspot\bin\verify.dll
Event: 1.295 Loaded shared library C:\Users\LENOVO\.gradle\native\68d5fa5c4cc2d200863cafc0d521ce42e7d3e7ee720ec0a83991735586a16f82\windows-amd64\native-platform.dll
Event: 1.339 Loaded shared library C:\Users\LENOVO\.gradle\native\jansi\1.18\windows64\jansi.dll
Event: 1.570 Loaded shared library C:\Program Files\Eclipse Adoptium\jdk-17.0.16.8-hotspot\bin\management.dll
Event: 1.576 Loaded shared library C:\Program Files\Eclipse Adoptium\jdk-17.0.16.8-hotspot\bin\management_ext.dll
Event: 2.424 Loaded shared library C:\Program Files\Eclipse Adoptium\jdk-17.0.16.8-hotspot\bin\extnet.dll
Event: 10.270 Loaded shared library C:\Program Files\Eclipse Adoptium\jdk-17.0.16.8-hotspot\bin\sunmscapi.dll

Deoptimization events (20 events):
Event: 5.808 Thread 0x00000287ee6ff760 DEOPT PACKING pc=0x000002879eaac7fc sp=0x000000ecba8feb30
Event: 5.808 Thread 0x00000287ee6ff760 DEOPT UNPACKING pc=0x000002879e5269a3 sp=0x000000ecba8feac0 mode 2
Event: 5.808 Thread 0x00000287ee6ff760 Uncommon trap: trap_request=0xffffff45 fr.pc=0x000002879ead8a6c relative=0x00000000000003cc
Event: 5.808 Thread 0x00000287ee6ff760 Uncommon trap: reason=unstable_if action=reinterpret pc=0x000002879ead8a6c method=java.lang.AbstractStringBuilder.isLatin1()Z @ 10 c2
Event: 5.808 Thread 0x00000287ee6ff760 DEOPT PACKING pc=0x000002879ead8a6c sp=0x000000ecba8fed60
Event: 5.808 Thread 0x00000287ee6ff760 DEOPT UNPACKING pc=0x000002879e5269a3 sp=0x000000ecba8fece0 mode 2
Event: 10.163 Thread 0x00000287ee6ff760 Uncommon trap: trap_request=0xffffff45 fr.pc=0x000002879ea8d320 relative=0x0000000000000080
Event: 10.163 Thread 0x00000287ee6ff760 Uncommon trap: reason=unstable_if action=reinterpret pc=0x000002879ea8d320 method=java.lang.String.codePointAt(I)I @ 4 c2
Event: 10.163 Thread 0x00000287ee6ff760 DEOPT PACKING pc=0x000002879ea8d320 sp=0x000000ecba8fece0
Event: 10.163 Thread 0x00000287ee6ff760 DEOPT UNPACKING pc=0x000002879e5269a3 sp=0x000000ecba8fec78 mode 2
Event: 10.173 Thread 0x000002878f44cc80 DEOPT PACKING pc=0x000002879721604a sp=0x000000ecb95fc520
Event: 10.173 Thread 0x000002878f44cc80 DEOPT UNPACKING pc=0x000002879e527143 sp=0x000000ecb95fb9a8 mode 0
Event: 10.363 Thread 0x000002878f44cc80 Uncommon trap: trap_request=0xffffff45 fr.pc=0x000002879eac17c0 relative=0x0000000000000380
Event: 10.363 Thread 0x000002878f44cc80 Uncommon trap: reason=unstable_if action=reinterpret pc=0x000002879eac17c0 method=java.util.regex.Matcher.match(II)Z @ 76 c2
Event: 10.363 Thread 0x000002878f44cc80 DEOPT PACKING pc=0x000002879eac17c0 sp=0x000000ecb95fb6c0
Event: 10.363 Thread 0x000002878f44cc80 DEOPT UNPACKING pc=0x000002879e5269a3 sp=0x000000ecb95fb668 mode 2
Event: 189.474 Thread 0x00000287eef3c0f0 Uncommon trap: trap_request=0xffffff45 fr.pc=0x000002879eb1a5e4 relative=0x00000000000001a4
Event: 189.474 Thread 0x00000287eef3c0f0 Uncommon trap: reason=unstable_if action=reinterpret pc=0x000002879eb1a5e4 method=org.gradle.internal.logging.console.DefaultRedrawableLabel.redraw(Lorg/gradle/internal/logging/console/AnsiContext;)V @ 95 c2
Event: 189.474 Thread 0x00000287eef3c0f0 DEOPT PACKING pc=0x000002879eb1a5e4 sp=0x000000ecbadfec40
Event: 189.474 Thread 0x00000287eef3c0f0 DEOPT UNPACKING pc=0x000002879e5269a3 sp=0x000000ecbadfebf0 mode 2

Classes loaded (20 events):
Event: 195.096 Loading class jdk/internal/logger/LazyLoggers$LazyLoggerFactories
Event: 195.096 Loading class jdk/internal/logger/LazyLoggers$LazyLoggerFactories done
Event: 195.097 Loading class jdk/internal/logger/LoggerFinderLoader
Event: 195.097 Loading class jdk/internal/logger/LoggerFinderLoader done
Event: 195.099 Loading class jdk/internal/logger/LoggerFinderLoader$TemporaryLoggerFinder
Event: 195.099 Loading class jdk/internal/logger/LoggerFinderLoader$TemporaryLoggerFinder done
Event: 195.099 Loading class sun/util/logging/internal/LoggingProviderImpl$JULWrapper
Event: 195.100 Loading class sun/util/logging/PlatformLogger$ConfigurableBridge$LoggerConfiguration
Event: 195.100 Loading class sun/util/logging/PlatformLogger$ConfigurableBridge$LoggerConfiguration done
Event: 195.100 Loading class sun/util/logging/internal/LoggingProviderImpl$JULWrapper done
Event: 195.100 Loading class java/io/ObjectInputFilter
Event: 195.100 Loading class java/io/ObjectInputFilter done
Event: 195.101 Loading class java/io/ObjectInputFilter$Config$BuiltinFilterFactory
Event: 195.101 Loading class java/io/ObjectInputFilter$Config$BuiltinFilterFactory done
Event: 195.101 Loading class jdk/internal/access/JavaObjectInputFilterAccess
Event: 195.101 Loading class jdk/internal/access/JavaObjectInputFilterAccess done
Event: 195.103 Loading class java/lang/System$Logger$Level
Event: 195.103 Loading class java/lang/System$Logger$Level done
Event: 195.103 Loading class java/io/Bits
Event: 195.103 Loading class java/io/Bits done

Classes unloaded (0 events):
No events

Classes redefined (0 events):
No events

Internal exceptions (20 events):
Event: 1.243 Thread 0x000002878f44cc80 Exception <a 'java/lang/NoSuchMethodError'{0x00000000fff5da98}: 'java.lang.Object java.lang.invoke.DirectMethodHandle$Holder.invokeVirtual(java.lang.Object, java.lang.Object, java.lang.Object, java.lang.Object, java.lang.Object, java.lang.Object, java.lang.Object)'> (0x00000000fff5da98) 
thrown [s\src\hotspot\share\interpreter\linkResolver.cpp, line 759]
Event: 1.247 Thread 0x000002878f44cc80 Exception <a 'java/lang/NoSuchMethodError'{0x00000000fff6f058}: 'java.lang.Object java.lang.invoke.Invokers$Holder.invoker(java.lang.Object, java.lang.Object, java.lang.Object)'> (0x00000000fff6f058) 
thrown [s\src\hotspot\share\interpreter\linkResolver.cpp, line 759]
Event: 1.248 Thread 0x000002878f44cc80 Exception <a 'java/lang/NoSuchMethodError'{0x00000000fff78230}: 'java.lang.Object java.lang.invoke.DirectMethodHandle$Holder.invokeStatic(java.lang.Object, java.lang.Object, int)'> (0x00000000fff78230) 
thrown [s\src\hotspot\share\interpreter\linkResolver.cpp, line 759]
Event: 1.251 Thread 0x000002878f44cc80 Exception <a 'java/lang/NoSuchMethodError'{0x00000000fffbc6b8}: 'void java.lang.invoke.DelegatingMethodHandle$Holder.delegate(java.lang.Object, java.lang.Object, int, java.lang.Object)'> (0x00000000fffbc6b8) 
thrown [s\src\hotspot\share\interpreter\linkResolver.cpp, line 759]
Event: 1.252 Thread 0x000002878f44cc80 Exception <a 'java/lang/NoSuchMethodError'{0x00000000fffc0880}: 'int java.lang.invoke.DirectMethodHandle$Holder.invokeSpecial(java.lang.Object, java.lang.Object, java.lang.Object)'> (0x00000000fffc0880) 
thrown [s\src\hotspot\share\interpreter\linkResolver.cpp, line 759]
Event: 1.256 Thread 0x000002878f44cc80 Exception <a 'java/lang/NoSuchMethodError'{0x00000000fffd39c8}: 'java.lang.Object java.lang.invoke.Invokers$Holder.invokeExact_MT(java.lang.Object, java.lang.Object, java.lang.Object, java.lang.Object)'> (0x00000000fffd39c8) 
thrown [s\src\hotspot\share\interpreter\linkResolver.cpp, line 759]
Event: 1.508 Thread 0x000002878f44cc80 Exception <a 'java/lang/NoSuchMethodError'{0x00000000ff864328}: 'void java.lang.invoke.DirectMethodHandle$Holder.invokeSpecial(java.lang.Object, java.lang.Object, java.lang.Object)'> (0x00000000ff864328) 
thrown [s\src\hotspot\share\interpreter\linkResolver.cpp, line 759]
Event: 1.522 Thread 0x000002878f44cc80 Implicit null exception at 0x000002879eaca2aa to 0x000002879eaca814
Event: 1.522 Thread 0x000002878f44cc80 Implicit null exception at 0x000002879eaafeac to 0x000002879eab042c
Event: 1.566 Thread 0x000002878f44cc80 Exception <a 'java/lang/NoSuchMethodError'{0x00000000ff7b2e08}: 'java.lang.Object java.lang.invoke.DirectMethodHandle$Holder.invokeStaticInit(java.lang.Object)'> (0x00000000ff7b2e08) 
thrown [s\src\hotspot\share\interpreter\linkResolver.cpp, line 759]
Event: 1.721 Thread 0x000002878f44cc80 Exception <a 'java/lang/NoSuchMethodError'{0x00000000ff368e00}: 'java.lang.Object java.lang.invoke.DirectMethodHandle$Holder.invokeStaticInit(java.lang.Object, int, int, int, int)'> (0x00000000ff368e00) 
thrown [s\src\hotspot\share\interpreter\linkResolver.cpp, line 759]
Event: 2.112 Thread 0x000002878f44cc80 Exception <a 'java/lang/NoSuchMethodError'{0x00000000ff241b78}: 'java.lang.Object java.lang.invoke.DirectMethodHandle$Holder.invokeStaticInit(java.lang.Object, java.lang.Object, int, int, int, int)'> (0x00000000ff241b78) 
thrown [s\src\hotspot\share\interpreter\linkResolver.cpp, line 759]
Event: 2.427 Thread 0x000002878f44cc80 Exception <a 'java/lang/NoSuchMethodError'{0x00000000ff26fb00}: 'void java.lang.invoke.DirectMethodHandle$Holder.invokeStatic(java.lang.Object, java.lang.Object, java.lang.Object)'> (0x00000000ff26fb00) 
thrown [s\src\hotspot\share\interpreter\linkResolver.cpp, line 759]
Event: 2.450 Thread 0x000002878f44cc80 Implicit null exception at 0x000002879eaa8df2 to 0x000002879eaa93c0
Event: 2.451 Thread 0x000002878f44cc80 Implicit null exception at 0x000002879eabc372 to 0x000002879eabc950
Event: 5.765 Thread 0x00000287ee6ff760 Exception <a 'java/lang/NoSuchMethodError'{0x00000000fecf3de8}: 'void java.lang.invoke.DirectMethodHandle$Holder.invokeStatic(java.lang.Object, long)'> (0x00000000fecf3de8) 
thrown [s\src\hotspot\share\interpreter\linkResolver.cpp, line 759]
Event: 5.767 Thread 0x00000287ee6ff760 Exception <a 'java/lang/NoSuchMethodError'{0x00000000fecf9740}: 'java.lang.Object java.lang.invoke.DirectMethodHandle$Holder.newInvokeSpecial(java.lang.Object, long)'> (0x00000000fecf9740) 
thrown [s\src\hotspot\share\interpreter\linkResolver.cpp, line 759]
Event: 5.772 Thread 0x00000287ee6ff760 Exception <a 'java/lang/NoSuchMethodError'{0x00000000feb04520}: 'java.lang.Object java.lang.invoke.DirectMethodHandle$Holder.invokeStaticInit(java.lang.Object, java.lang.Object, long, java.lang.Object)'> (0x00000000feb04520) 
thrown [s\src\hotspot\share\interpreter\linkResolver.cpp, line 759]
Event: 5.773 Thread 0x00000287ee6ff760 Exception <a 'java/lang/NoSuchMethodError'{0x00000000feb0aba8}: 'java.lang.Object java.lang.invoke.DirectMethodHandle$Holder.newInvokeSpecial(java.lang.Object, java.lang.Object, long)'> (0x00000000feb0aba8) 
thrown [s\src\hotspot\share\interpreter\linkResolver.cpp, line 759]
Event: 5.774 Thread 0x00000287ee6ff760 Exception <a 'java/lang/NoSuchMethodError'{0x00000000feb0ee98}: 'java.lang.Object java.lang.invoke.Invokers$Holder.linkToTargetMethod(java.lang.Object, long, java.lang.Object)'> (0x00000000feb0ee98) 
thrown [s\src\hotspot\share\interpreter\linkResolver.cpp, line 759]

VM Operations (20 events):
Event: 198.848 Executing VM operation: Cleanup
Event: 198.848 Executing VM operation: Cleanup done
Event: 200.864 Executing VM operation: Cleanup
Event: 200.864 Executing VM operation: Cleanup done
Event: 201.874 Executing VM operation: Cleanup
Event: 201.874 Executing VM operation: Cleanup done
Event: 210.933 Executing VM operation: Cleanup
Event: 210.933 Executing VM operation: Cleanup done
Event: 211.947 Executing VM operation: Cleanup
Event: 211.947 Executing VM operation: Cleanup done
Event: 212.951 Executing VM operation: Cleanup
Event: 212.951 Executing VM operation: Cleanup done
Event: 213.958 Executing VM operation: Cleanup
Event: 213.958 Executing VM operation: Cleanup done
Event: 216.980 Executing VM operation: Cleanup
Event: 216.980 Executing VM operation: Cleanup done
Event: 221.021 Executing VM operation: Cleanup
Event: 221.021 Executing VM operation: Cleanup done
Event: 226.057 Executing VM operation: Cleanup
Event: 226.057 Executing VM operation: Cleanup done

Memory protections (0 events):
No events

Nmethod flushes (0 events):
No events

Events (20 events):
Event: 0.061 Thread 0x000002878f44cc80 Thread added: 0x00000287a8ed13d0
Event: 0.061 Thread 0x000002878f44cc80 Thread added: 0x00000287a8ed1d90
Event: 0.061 Thread 0x000002878f44cc80 Thread added: 0x00000287a8ed4a90
Event: 0.061 Thread 0x000002878f44cc80 Thread added: 0x00000287a8ede4b0
Event: 0.061 Thread 0x000002878f44cc80 Thread added: 0x00000287a8edfdd0
Event: 0.084 Thread 0x000002878f44cc80 Thread added: 0x00000287ee1d7180
Event: 0.087 Thread 0x000002878f44cc80 Thread added: 0x00000287ee1db910
Event: 1.099 Thread 0x00000287a8ed4a90 Thread added: 0x00000287ee50b300
Event: 1.362 Thread 0x000002878f44cc80 Thread added: 0x00000287eef3c0f0
Event: 1.709 Thread 0x00000287ee50b300 Thread exited: 0x00000287ee50b300
Event: 5.747 Thread 0x000002878f44cc80 Thread added: 0x00000287ee6ff760
Event: 5.777 Thread 0x00000287ee6ff760 Thread added: 0x00000287ee6ffe80
Event: 5.779 Thread 0x00000287ee6ff760 Thread added: 0x00000287ef0b4490
Event: 5.783 Thread 0x00000287ee6ffe80 Thread exited: 0x00000287ee6ffe80
Event: 10.169 Thread 0x00000287ee6ff760 Thread exited: 0x00000287ee6ff760
Event: 10.173 Thread 0x00000287ef0b4490 Thread exited: 0x00000287ef0b4490
Event: 10.290 Thread 0x00000287a8ede4b0 Thread added: 0x00000287ee50a860
Event: 10.432 Thread 0x000002878f44cc80 Thread added: 0x00000287ef062230
Event: 10.434 Thread 0x000002878f44cc80 Thread added: 0x00000287eeb79dc0
Event: 11.275 Thread 0x00000287ee50a860 Thread exited: 0x00000287ee50a860


Dynamic libraries:
0x00007ff614170000 - 0x00007ff61417e000 	C:\Program Files\Eclipse Adoptium\jdk-17.0.16.8-hotspot\bin\java.exe
0x00007ffc135a0000 - 0x00007ffc13807000 	C:\WINDOWS\SYSTEM32\ntdll.dll
0x00007ffc124a0000 - 0x00007ffc12569000 	C:\WINDOWS\System32\KERNEL32.DLL
0x00007ffc10b20000 - 0x00007ffc10f0f000 	C:\WINDOWS\System32\KERNELBASE.dll
0x00007ffc107a0000 - 0x00007ffc108eb000 	C:\WINDOWS\System32\ucrtbase.dll
0x00007ffbf2ad0000 - 0x00007ffbf2ae7000 	C:\Program Files\Eclipse Adoptium\jdk-17.0.16.8-hotspot\bin\jli.dll
0x00007ffc119f0000 - 0x00007ffc11bb5000 	C:\WINDOWS\System32\USER32.dll
0x00007ffbfb000000 - 0x00007ffbfb293000 	C:\WINDOWS\WinSxS\amd64_microsoft.windows.common-controls_6595b64144ccf1df_6.0.26100.7309_none_3e05feeae336a044\COMCTL32.dll
0x00007ffc10af0000 - 0x00007ffc10b17000 	C:\WINDOWS\System32\win32u.dll
0x00007ffc11420000 - 0x00007ffc114c9000 	C:\WINDOWS\System32\msvcrt.dll
0x00007ffc12810000 - 0x00007ffc1283b000 	C:\WINDOWS\System32\GDI32.dll
0x00007ffbf4e80000 - 0x00007ffbf4e9e000 	C:\Program Files\Eclipse Adoptium\jdk-17.0.16.8-hotspot\bin\VCRUNTIME140.dll
0x00007ffc10f20000 - 0x00007ffc1104c000 	C:\WINDOWS\System32\gdi32full.dll
0x00007ffc11050000 - 0x00007ffc110f3000 	C:\WINDOWS\System32\msvcp_win.dll
0x00007ffc12210000 - 0x00007ffc12241000 	C:\WINDOWS\System32\IMM32.DLL
0x00007ffc03760000 - 0x00007ffc0376c000 	C:\Program Files\Eclipse Adoptium\jdk-17.0.16.8-hotspot\bin\vcruntime140_1.dll
0x00007ffbd0d70000 - 0x00007ffbd0dfd000 	C:\Program Files\Eclipse Adoptium\jdk-17.0.16.8-hotspot\bin\msvcp140.dll
0x00007ffba6800000 - 0x00007ffba746b000 	C:\Program Files\Eclipse Adoptium\jdk-17.0.16.8-hotspot\bin\server\jvm.dll
0x00007ffc122b0000 - 0x00007ffc12364000 	C:\WINDOWS\System32\ADVAPI32.dll
0x00007ffc12760000 - 0x00007ffc12806000 	C:\WINDOWS\System32\sechost.dll
0x00007ffc12840000 - 0x00007ffc12958000 	C:\WINDOWS\System32\RPCRT4.dll
0x00007ffc11970000 - 0x00007ffc119e4000 	C:\WINDOWS\System32\WS2_32.dll
0x00007ffc10550000 - 0x00007ffc105ae000 	C:\WINDOWS\SYSTEM32\POWRPROF.dll
0x00007ffc06240000 - 0x00007ffc06275000 	C:\WINDOWS\SYSTEM32\WINMM.dll
0x00007ffc06140000 - 0x00007ffc0614b000 	C:\WINDOWS\SYSTEM32\VERSION.dll
0x00007ffc10530000 - 0x00007ffc10544000 	C:\WINDOWS\SYSTEM32\UMPDC.dll
0x00007ffc0f460000 - 0x00007ffc0f47b000 	C:\WINDOWS\SYSTEM32\kernel.appcore.dll
0x00007ffbffa10000 - 0x00007ffbffa1a000 	C:\Program Files\Eclipse Adoptium\jdk-17.0.16.8-hotspot\bin\jimage.dll
0x00007ffc03790000 - 0x00007ffc039d2000 	C:\WINDOWS\SYSTEM32\DBGHELP.DLL
0x00007ffc11bd0000 - 0x00007ffc11f55000 	C:\WINDOWS\System32\combase.dll
0x00007ffc11340000 - 0x00007ffc11416000 	C:\WINDOWS\System32\OLEAUT32.dll
0x00007ffbf9d40000 - 0x00007ffbf9d7c000 	C:\WINDOWS\SYSTEM32\dbgcore.DLL
0x00007ffc106f0000 - 0x00007ffc10795000 	C:\WINDOWS\System32\bcryptPrimitives.dll
0x00007ffbe96a0000 - 0x00007ffbe96c5000 	C:\Program Files\Eclipse Adoptium\jdk-17.0.16.8-hotspot\bin\java.dll
0x00007ffbccf40000 - 0x00007ffbcd017000 	C:\Program Files\Eclipse Adoptium\jdk-17.0.16.8-hotspot\bin\jsvml.dll
0x00007ffc12e00000 - 0x00007ffc13553000 	C:\WINDOWS\System32\SHELL32.dll
0x00007ffc10980000 - 0x00007ffc10aea000 	C:\WINDOWS\System32\wintypes.dll
0x00007ffc0e2b0000 - 0x00007ffc0eb0e000 	C:\WINDOWS\SYSTEM32\windows.storage.dll
0x00007ffc12b50000 - 0x00007ffc12c45000 	C:\WINDOWS\System32\SHCORE.dll
0x00007ffc12d60000 - 0x00007ffc12dc6000 	C:\WINDOWS\System32\shlwapi.dll
0x00007ffc10610000 - 0x00007ffc10639000 	C:\WINDOWS\SYSTEM32\profapi.dll
0x00007ffbe8880000 - 0x00007ffbe8899000 	C:\Program Files\Eclipse Adoptium\jdk-17.0.16.8-hotspot\bin\net.dll
0x00007ffc05a60000 - 0x00007ffc05b88000 	C:\WINDOWS\SYSTEM32\WINHTTP.dll
0x00007ffc0f9b0000 - 0x00007ffc0fa1b000 	C:\WINDOWS\system32\mswsock.dll
0x00007ffbe6a50000 - 0x00007ffbe6a66000 	C:\Program Files\Eclipse Adoptium\jdk-17.0.16.8-hotspot\bin\nio.dll
0x00007ffbe6a30000 - 0x00007ffbe6a48000 	C:\Program Files\Eclipse Adoptium\jdk-17.0.16.8-hotspot\bin\zip.dll
0x00007ffc00910000 - 0x00007ffc00920000 	C:\Program Files\Eclipse Adoptium\jdk-17.0.16.8-hotspot\bin\verify.dll
0x00007ffbf6cc0000 - 0x00007ffbf6ce7000 	C:\Users\LENOVO\.gradle\native\68d5fa5c4cc2d200863cafc0d521ce42e7d3e7ee720ec0a83991735586a16f82\windows-amd64\native-platform.dll
0x00007ffbffd00000 - 0x00007ffbffd0a000 	C:\Users\LENOVO\.gradle\native\jansi\1.18\windows64\jansi.dll
0x00007ffbff920000 - 0x00007ffbff92a000 	C:\Program Files\Eclipse Adoptium\jdk-17.0.16.8-hotspot\bin\management.dll
0x00007ffbff870000 - 0x00007ffbff87b000 	C:\Program Files\Eclipse Adoptium\jdk-17.0.16.8-hotspot\bin\management_ext.dll
0x00007ffc11bc0000 - 0x00007ffc11bc8000 	C:\WINDOWS\System32\PSAPI.DLL
0x00007ffc0fda0000 - 0x00007ffc0fdbb000 	C:\WINDOWS\SYSTEM32\CRYPTSP.dll
0x00007ffc0f3c0000 - 0x00007ffc0f3fa000 	C:\WINDOWS\system32\rsaenh.dll
0x00007ffc0fa60000 - 0x00007ffc0fa8b000 	C:\WINDOWS\SYSTEM32\USERENV.dll
0x00007ffc105e0000 - 0x00007ffc1060a000 	C:\WINDOWS\SYSTEM32\bcrypt.dll
0x00007ffc0fc00000 - 0x00007ffc0fc0c000 	C:\WINDOWS\SYSTEM32\CRYPTBASE.dll
0x00007ffc0eea0000 - 0x00007ffc0eed4000 	C:\WINDOWS\SYSTEM32\IPHLPAPI.DLL
0x00007ffc114d0000 - 0x00007ffc114da000 	C:\WINDOWS\System32\NSI.dll
0x00007ffc0aaf0000 - 0x00007ffc0ab0e000 	C:\WINDOWS\SYSTEM32\dhcpcsvc6.DLL
0x00007ffc0aa80000 - 0x00007ffc0aaa3000 	C:\WINDOWS\SYSTEM32\dhcpcsvc.DLL
0x00007ffc0ef40000 - 0x00007ffc0f06c000 	C:\WINDOWS\SYSTEM32\DNSAPI.dll
0x00007ffbff950000 - 0x00007ffbff959000 	C:\Program Files\Eclipse Adoptium\jdk-17.0.16.8-hotspot\bin\extnet.dll
0x00007ffc0b920000 - 0x00007ffc0b92e000 	C:\Program Files\Eclipse Adoptium\jdk-17.0.16.8-hotspot\bin\sunmscapi.dll
0x00007ffc11100000 - 0x00007ffc11277000 	C:\WINDOWS\System32\CRYPT32.dll
0x00007ffc0fef0000 - 0x00007ffc0ff20000 	C:\WINDOWS\SYSTEM32\ncrypt.dll
0x00007ffc0fea0000 - 0x00007ffc0fedf000 	C:\WINDOWS\SYSTEM32\NTASN1.dll
0x00007ffc0b910000 - 0x00007ffc0b918000 	C:\WINDOWS\system32\wshunix.dll

dbghelp: loaded successfully - version: 4.0.5 - missing functions: none
symbol engine: initialized successfully - sym options: 0x614 - pdb path: .;C:\Program Files\Eclipse Adoptium\jdk-17.0.16.8-hotspot\bin;C:\WINDOWS\SYSTEM32;C:\WINDOWS\WinSxS\amd64_microsoft.windows.common-controls_6595b64144ccf1df_6.0.26100.7309_none_3e05feeae336a044;C:\Program Files\Eclipse Adoptium\jdk-17.0.16.8-hotspot\bin\server;C:\Users\LENOVO\.gradle\native\68d5fa5c4cc2d200863cafc0d521ce42e7d3e7ee720ec0a83991735586a16f82\windows-amd64;C:\Users\LENOVO\.gradle\native\jansi\1.18\windows64

VM Arguments:
jvm_args: -Xmx64m -Xms64m -Dorg.gradle.appname=gradlew 
java_command: org.gradle.wrapper.GradleWrapperMain app:installDebug -PreactNativeDevServerPort=8081
java_class_path (initial): C:\gawe\kencanaprint\my\packing_rn\frontend\android\\gradle\wrapper\gradle-wrapper.jar
Launcher Type: SUN_STANDARD

[Global flags]
     intx CICompilerCount                          = 4                                         {product} {ergonomic}
     uint ConcGCThreads                            = 2                                         {product} {ergonomic}
     uint G1ConcRefinementThreads                  = 8                                         {product} {ergonomic}
   size_t G1HeapRegionSize                         = 1048576                                   {product} {ergonomic}
    uintx GCDrainStackTargetSize                   = 64                                        {product} {ergonomic}
   size_t InitialHeapSize                          = 67108864                                  {product} {command line}
   size_t MarkStackSize                            = 4194304                                   {product} {ergonomic}
   size_t MaxHeapSize                              = 67108864                                  {product} {command line}
   size_t MaxNewSize                               = 39845888                                  {product} {ergonomic}
   size_t MinHeapDeltaBytes                        = 1048576                                   {product} {ergonomic}
   size_t MinHeapSize                              = 67108864                                  {product} {command line}
    uintx NonNMethodCodeHeapSize                   = 5839372                                {pd product} {ergonomic}
    uintx NonProfiledCodeHeapSize                  = 122909434                              {pd product} {ergonomic}
    uintx ProfiledCodeHeapSize                     = 122909434                              {pd product} {ergonomic}
    uintx ReservedCodeCacheSize                    = 251658240                              {pd product} {ergonomic}
     bool SegmentedCodeCache                       = true                                      {product} {ergonomic}
   size_t SoftMaxHeapSize                          = 67108864                               {manageable} {ergonomic}
     bool UseCompressedClassPointers               = true                           {product lp64_product} {ergonomic}
     bool UseCompressedOops                        = true                           {product lp64_product} {ergonomic}
     bool UseG1GC                                  = true                                      {product} {ergonomic}
     bool UseLargePagesIndividualAllocation        = false                                  {pd product} {ergonomic}

Logging:
Log output configuration:
 #0: stdout all=warning uptime,level,tags
 #1: stderr all=off uptime,level,tags

Environment Variables:
JAVA_HOME=C:\Program Files\Eclipse Adoptium\jdk-17.0.16.8-hotspot\
CLASSPATH=C:\gawe\kencanaprint\my\packing_rn\frontend\android\\gradle\wrapper\gradle-wrapper.jar
PATH=C:\gawe\kencanaprint\my\packing_rn\frontend\node_modules\.bin;C:\gawe\kencanaprint\my\packing_rn\frontend\node_modules\.bin;C:\gawe\kencanaprint\my\packing_rn\node_modules\.bin;C:\gawe\kencanaprint\my\node_modules\.bin;C:\gawe\kencanaprint\node_modules\.bin;C:\gawe\node_modules\.bin;C:\node_modules\.bin;C:\Program Files\nodejs\node_modules\npm\node_modules\@npmcli\run-script\lib\node-gyp-bin;C:\Program Files\Eclipse Adoptium\jdk-17.0.16.8-hotspot\bin;C:\Program Files\AdoptOpenJDK\jdk-8.0.242.08-hotspot\bin;C:\Program Files (x86)\Embarcadero\Studio\21.0\bin;C:\Users\Public\Documents\Embarcadero\Studio\21.0\Bpl;C:\Program Files (x86)\Embarcadero\Studio\21.0\bin64;C:\Users\Public\Documents\Embarcadero\Studio\21.0\Bpl\Win64;C:\Program Files (x86)\Borland\Delphi7\Bin;C:\Program Files (x86)\Borland\Delphi7\Projects\Bpl\;C:\Program Files (x86)\Embarcadero\Studio\23.0\bin;C:\Users\Public\Documents\Embarcadero\Studio\23.0\Bpl;C:\Program Files (x86)\Embarcadero\Studio\23.0\bin64;C:\Users\Public\Documents\Embarcadero\Studio\23.0\Bpl\Win64;C:\Program Files\Common Files\Oracle\Java\javapath;C:\WINDOWS\system32;C:\WINDOWS;C:\WINDOWS\System32\Wbem;C:\WINDOWS\System32\WindowsPowerShell\v1.0\;C:\WINDOWS\System32\OpenSSH\;C:\xampp\php;C:\ProgramData\ComposerSetup\bin;C:\Program Files\dotnet\;C:\Program Files\GitHub CLI\;C:\Program Files (x86)\DevExpress\VCL\Library\RS27;C:\Program Files (x86)\DevExpress\VCL\Library\RS27\Win64;C:\Program Files\Cloudflare\Cloudflare WARP\;C:\Program Files\nodejs\;C:\ProgramData\chocolatey\bin;C:\Program Files\Microsoft SQL Server\150\Tools\Binn\;C:\Program Files\PuTTY\;C:\Program Files\WireGuard\;C:\Users\LENOVO\AppData\Local\Programs\Python\Python313\Scripts\;C:\Users\LENOVO\AppData\Local\Programs\Python\Python313\;C:\Users\LENOVO\AppData\Local\Microsoft\WindowsApps;C:\Users\LENOVO\AppData\Local\Programs\Microsoft VS Code\bin;C:\Users\LENOVO\AppData\Roaming\Composer\vendor\bin;C:\Program Files\Eclipse Adoptium\jdk-17.0.16.8-hotspot\\bin;C:\Program Files\Git\bin;C:\Program Files\PostgreSQL\16\bin;C:\flutter\src\flutter\bin;C:\Program Files\heroku\bin;C:\Users\LENOVO\AppData\Roaming\npm;C:\ffmpeg\bin;C:\Users\LENOVO\AppData\Local\Android\Sdk;C:\Users\LENOVO\AppData\Local\Android\Sdk\platform-tools;
USERNAME=LENOVO
LANG=en_US.UTF-8
OS=Windows_NT
PROCESSOR_IDENTIFIER=AMD64 Family 23 Model 160 Stepping 0, AuthenticAMD
TMP=C:\Users\LENOVO\AppData\Local\Temp
TEMP=C:\Users\LENOVO\AppData\Local\Temp



Periodic native trim disabled


---------------  S Y S T E M  ---------------

OS:
 Windows 11 , 64 bit Build 26100 (10.0.26100.7309)
OS uptime: 1 days 11:09 hours
Hyper-V role detected

CPU: total 8 (initial active 8) (8 cores per cpu, 2 threads per core) family 23 model 160 stepping 0 microcode 0x8a00006, cx8, cmov, fxsr, ht, mmx, 3dnowpref, sse, sse2, sse3, ssse3, sse4a, sse4.1, sse4.2, popcnt, lzcnt, tsc, tscinvbit, avx, avx2, aes, clmul, bmi1, bmi2, adx, sha, fma, vzeroupper, clflush, clflushopt, hv
Processor Information for all 8 processors :
  Max Mhz: 2801, Current Mhz: 2801, Mhz Limit: 2801

Memory: 4k page, system-wide physical 6989M (700M free)
TotalPageFile size 23373M (AvailPageFile size 3M)
current process WorkingSet (physical memory assigned to process): 26M, peak: 99M
current process commit charge ("private bytes"): 167M, peak: 168M

vm_info: OpenJDK 64-Bit Server VM (17.0.16+8) for windows-amd64 JRE (17.0.16+8), built on Jul 16 2025 10:37:56 by "admin" with MS VC++ 17.7 (VS2022)

END.
