#
# There is insufficient memory for the Java Runtime Environment to continue.
# Native memory allocation (mmap) failed to map 143654912 bytes. Error detail: G1 virtual space
# Possible reasons:
#   The system is out of physical RAM or swap space
#   This process is running with CompressedOops enabled, and the Java Heap may be blocking the growth of the native heap
# Possible solutions:
#   Reduce memory load on the system
#   Increase physical memory or swap space
#   Check if swap backing store is full
#   Decrease Java heap size (-Xmx/-Xms)
#   Decrease number of Java threads
#   Decrease Java thread stack sizes (-Xss)
#   Set larger code cache with -XX:ReservedCodeCacheSize=
#   JVM is running with Unscaled Compressed Oops mode in which the Java heap is
#     placed in the first 4GB address space. The Java Heap base address is the
#     maximum limit for the native heap growth. Please use -XX:HeapBaseMinAddress
#     to set the Java Heap base and to place the Java Heap above 4GB virtual address.
# This output file may be truncated or incomplete.
#
#  Out of Memory Error (os_windows.cpp:3618), pid=4020, tid=23836
#
# JRE version: OpenJDK Runtime Environment Temurin-17.0.16+8 (17.0.16+8) (build 17.0.16+8)
# Java VM: OpenJDK 64-Bit Server VM Temurin-17.0.16+8 (17.0.16+8, mixed mode, sharing, tiered, compressed oops, compressed class ptrs, g1 gc, windows-amd64)
# No core dump will be written. Minidumps are not enabled by default on client versions of Windows
#

---------------  S U M M A R Y ------------

Command Line: org.jetbrains.kotlin.cli.jvm.K2JVMCompiler @C:\gawe\kencanaprint\my\packing_rn\frontend\node_modules\react-native-screens\android\build\20260113_15452922063010014250.compiler.options

Host: AMD Ryzen 5 7520U with Radeon Graphics         , 8 cores, 6G,  Windows 11 , 64 bit Build 26100 (10.0.26100.7309)
Time: Tue Jan 13 19:12:16 2026 SE Asia Standard Time elapsed time: 9.376576 seconds (0d 0h 0m 9s)

---------------  T H R E A D  ---------------

Current thread (0x000002ba7f176a10):  VMThread "VM Thread" [stack: 0x000000cf51900000,0x000000cf51a00000] [id=23836]

Stack: [0x000000cf51900000,0x000000cf51a00000]
Native frames: (J=compiled Java code, j=interpreted, Vv=VM code, C=native code)
V  [jvm.dll+0x683169]
V  [jvm.dll+0x839ac8]
V  [jvm.dll+0x83b573]
V  [jvm.dll+0x83bbe3]
V  [jvm.dll+0x2473ff]
V  [jvm.dll+0x67ff49]
V  [jvm.dll+0x674e3a]
V  [jvm.dll+0x304ea6]
V  [jvm.dll+0x30c366]
V  [jvm.dll+0x35deee]
V  [jvm.dll+0x35e12d]
V  [jvm.dll+0x2dc26c]
V  [jvm.dll+0x2da60f]
V  [jvm.dll+0x2d9d7c]
V  [jvm.dll+0x31d55b]
V  [jvm.dll+0x84041d]
V  [jvm.dll+0x841153]
V  [jvm.dll+0x84167f]
V  [jvm.dll+0x841a64]
V  [jvm.dll+0x841b2e]
V  [jvm.dll+0x7e979c]
V  [jvm.dll+0x682047]
C  [ucrtbase.dll+0x37b0]
C  [KERNEL32.DLL+0x2e8d7]
C  [ntdll.dll+0x8c53c]

VM_Operation (0x000000cf513fa970): G1CollectForAllocation, mode: safepoint, requested by thread 0x000002ba7a28aea0


---------------  P R O C E S S  ---------------

Threads class SMR info:
_java_thread_list=0x000002ba5e24ce70, length=14, elements={
0x000002ba7a28aea0, 0x000002ba7f17bed0, 0x000002ba7f17f610, 0x000002ba7f197140,
0x000002ba7f197a10, 0x000002ba7f199e60, 0x000002ba7f19b2a0, 0x000002ba7f1a6390,
0x000002ba7f1a6d50, 0x000002ba7f1bc120, 0x000002ba18cef1f0, 0x000002ba18cf1ef0,
0x000002ba18d51330, 0x000002ba5f3dd010
}

Java Threads: ( => current thread )
  0x000002ba7a28aea0 JavaThread "main" [_thread_blocked, id=5948, stack(0x000000cf51300000,0x000000cf51400000)]
  0x000002ba7f17bed0 JavaThread "Reference Handler" daemon [_thread_blocked, id=17984, stack(0x000000cf51a00000,0x000000cf51b00000)]
  0x000002ba7f17f610 JavaThread "Finalizer" daemon [_thread_blocked, id=23728, stack(0x000000cf51b00000,0x000000cf51c00000)]
  0x000002ba7f197140 JavaThread "Signal Dispatcher" daemon [_thread_blocked, id=21336, stack(0x000000cf51c00000,0x000000cf51d00000)]
  0x000002ba7f197a10 JavaThread "Attach Listener" daemon [_thread_blocked, id=3672, stack(0x000000cf51d00000,0x000000cf51e00000)]
  0x000002ba7f199e60 JavaThread "Service Thread" daemon [_thread_blocked, id=10288, stack(0x000000cf51e00000,0x000000cf51f00000)]
  0x000002ba7f19b2a0 JavaThread "Monitor Deflation Thread" daemon [_thread_blocked, id=22952, stack(0x000000cf51f00000,0x000000cf52000000)]
  0x000002ba7f1a6390 JavaThread "C2 CompilerThread0" daemon [_thread_blocked, id=23912, stack(0x000000cf52000000,0x000000cf52100000)]
  0x000002ba7f1a6d50 JavaThread "C1 CompilerThread0" daemon [_thread_blocked, id=16760, stack(0x000000cf52100000,0x000000cf52200000)]
  0x000002ba7f1bc120 JavaThread "Sweeper thread" daemon [_thread_blocked, id=19364, stack(0x000000cf52200000,0x000000cf52300000)]
  0x000002ba18cef1f0 JavaThread "Notification Thread" daemon [_thread_blocked, id=23868, stack(0x000000cf52300000,0x000000cf52400000)]
  0x000002ba18cf1ef0 JavaThread "Common-Cleaner" daemon [_thread_blocked, id=6008, stack(0x000000cf52500000,0x000000cf52600000)]
  0x000002ba18d51330 JavaThread "C2 CompilerThread1" daemon [_thread_blocked, id=24320, stack(0x000000cf52b00000,0x000000cf52c00000)]
  0x000002ba5f3dd010 JavaThread "C2 CompilerThread2" daemon [_thread_blocked, id=13376, stack(0x000000cf52f00000,0x000000cf53000000)]

Other Threads:
=>0x000002ba7f176a10 VMThread "VM Thread" [stack: 0x000000cf51900000,0x000000cf51a00000] [id=23836]
  0x000002ba18cf00f0 WatcherThread [stack: 0x000000cf52400000,0x000000cf52500000] [id=17600]
  0x000002ba7a2e20d0 GCTaskThread "GC Thread#0" [stack: 0x000000cf51400000,0x000000cf51500000] [id=3744]
  0x000002ba5e253020 GCTaskThread "GC Thread#1" [stack: 0x000000cf52700000,0x000000cf52800000] [id=17552]
  0x000002ba5e25cf60 GCTaskThread "GC Thread#2" [stack: 0x000000cf52800000,0x000000cf52900000] [id=23800]
  0x000002ba5e274ab0 GCTaskThread "GC Thread#3" [stack: 0x000000cf52900000,0x000000cf52a00000] [id=11776]
  0x000002ba5e278d80 GCTaskThread "GC Thread#4" [stack: 0x000000cf52a00000,0x000000cf52b00000] [id=22980]
  0x000002ba5e6f9b00 GCTaskThread "GC Thread#5" [stack: 0x000000cf52c00000,0x000000cf52d00000] [id=24300]
  0x000002ba5eb165c0 GCTaskThread "GC Thread#6" [stack: 0x000000cf52d00000,0x000000cf52e00000] [id=7088]
  0x000002ba5e7132f0 GCTaskThread "GC Thread#7" [stack: 0x000000cf52e00000,0x000000cf52f00000] [id=4512]
  0x000002ba7a2f0aa0 ConcurrentGCThread "G1 Main Marker" [stack: 0x000000cf51500000,0x000000cf51600000] [id=7016]
  0x000002ba7a2f2190 ConcurrentGCThread "G1 Conc#0" [stack: 0x000000cf51600000,0x000000cf51700000] [id=3332]
  0x000002ba5f312320 ConcurrentGCThread "G1 Conc#1" [stack: 0x000000cf52600000,0x000000cf52700000] [id=23100]
  0x000002ba7f033d50 ConcurrentGCThread "G1 Refine#0" [stack: 0x000000cf51700000,0x000000cf51800000] [id=3184]
  0x000002ba5f1647e0 ConcurrentGCThread "G1 Refine#1" [stack: 0x000000cf53000000,0x000000cf53100000] [id=24028]
  0x000002ba5f163640 ConcurrentGCThread "G1 Refine#2" [stack: 0x000000cf53100000,0x000000cf53200000] [id=22248]
  0x000002ba7f035630 ConcurrentGCThread "G1 Service" [stack: 0x000000cf51800000,0x000000cf51900000] [id=23764]

Threads with active compile tasks:
C2 CompilerThread0     9387 7544       4       kotlin.collections.CollectionsKt__MutableCollectionsKt::addAll (74 bytes)
C2 CompilerThread1     9387 7344       4       org.jetbrains.org.objectweb.asm.ClassReader::readMethod (1061 bytes)
C2 CompilerThread2     9387 7576       4       kotlin.collections.ArraysKt___ArraysKt::toCollection (45 bytes)

VM state: at safepoint (normal execution)

VM Mutex/Monitor currently owned by a thread:  ([mutex/lock_event])
[0x000002ba7a288400] Threads_lock - owner thread: 0x000002ba7f176a10
[0x000002ba7a287a70] Heap_lock - owner thread: 0x000002ba7a28aea0

Heap address: 0x0000000092c00000, size: 1748 MB, Compressed Oops mode: 32-bit

CDS archive(s) mapped at: [0x000002ba19000000-0x000002ba19bb0000-0x000002ba19bb0000), size 12255232, SharedBaseAddress: 0x000002ba19000000, ArchiveRelocationMode: 1.
Compressed class space mapped at: 0x000002ba1a000000-0x000002ba5a000000, reserved size: 1073741824
Narrow klass base: 0x000002ba19000000, Narrow klass shift: 0, Narrow klass range: 0x100000000

GC Precious Log:
 CPUs: 8 total, 8 available
 Memory: 6989M
 Large Page Support: Disabled
 NUMA Support: Disabled
 Compressed Oops: Enabled (32-bit)
 Heap Region Size: 1M
 Heap Min Capacity: 8M
 Heap Initial Capacity: 110M
 Heap Max Capacity: 1748M
 Pre-touch: Disabled
 Parallel Workers: 8
 Concurrent Workers: 2
 Concurrent Refinement Workers: 8
 Periodic GC: Disabled

Heap:
 garbage-first heap   total 119808K, used 51155K [0x0000000092c00000, 0x0000000100000000)
  region size 1024K, 1 young (1024K), 1 survivors (1024K)
 Metaspace       used 51610K, committed 51904K, reserved 1114112K
  class space    used 6113K, committed 6272K, reserved 1048576K

Heap Regions: E=young(eden), S=young(survivor), O=old, HS=humongous(starts), HC=humongous(continues), CS=collection set, F=free, OA=open archive, CA=closed archive, TAMS=top-at-mark-start (previous, next)
|   0|0x0000000092c00000, 0x0000000092d00000, 0x0000000092d00000|100%|HS|  |TAMS 0x0000000092d00000, 0x0000000092c00000| Complete 
|   1|0x0000000092d00000, 0x0000000092e00000, 0x0000000092e00000|100%|HC|  |TAMS 0x0000000092e00000, 0x0000000092d00000| Complete 
|   2|0x0000000092e00000, 0x0000000092f00000, 0x0000000092f00000|100%|HC|  |TAMS 0x0000000092f00000, 0x0000000092e00000| Complete 
|   3|0x0000000092f00000, 0x0000000093000000, 0x0000000093000000|100%|HC|  |TAMS 0x0000000093000000, 0x0000000092f00000| Complete 
|   4|0x0000000093000000, 0x0000000093100000, 0x0000000093100000|100%| O|  |TAMS 0x0000000093100000, 0x0000000093000000| Untracked 
|   5|0x0000000093100000, 0x0000000093200000, 0x0000000093200000|100%| O|  |TAMS 0x0000000093200000, 0x0000000093100000| Untracked 
|   6|0x0000000093200000, 0x0000000093300000, 0x0000000093300000|100%| O|  |TAMS 0x0000000093200000, 0x0000000093200000| Untracked 
|   7|0x0000000093300000, 0x0000000093400000, 0x0000000093400000|100%|HS|  |TAMS 0x0000000093400000, 0x0000000093300000| Complete 
|   8|0x0000000093400000, 0x0000000093500000, 0x0000000093500000|100%|HC|  |TAMS 0x0000000093500000, 0x0000000093400000| Complete 
|   9|0x0000000093500000, 0x0000000093600000, 0x0000000093600000|100%|HC|  |TAMS 0x0000000093600000, 0x0000000093500000| Complete 
|  10|0x0000000093600000, 0x0000000093700000, 0x0000000093700000|100%|HC|  |TAMS 0x0000000093700000, 0x0000000093600000| Complete 
|  11|0x0000000093700000, 0x0000000093800000, 0x0000000093800000|100%|HS|  |TAMS 0x0000000093700000, 0x0000000093700000| Complete 
|  12|0x0000000093800000, 0x0000000093900000, 0x0000000093900000|100%|HC|  |TAMS 0x0000000093800000, 0x0000000093800000| Complete 
|  13|0x0000000093900000, 0x0000000093a00000, 0x0000000093a00000|100%| O|  |TAMS 0x0000000093a00000, 0x0000000093900000| Untracked 
|  14|0x0000000093a00000, 0x0000000093b00000, 0x0000000093b00000|100%| O|  |TAMS 0x0000000093b00000, 0x0000000093a00000| Untracked 
|  15|0x0000000093b00000, 0x0000000093c00000, 0x0000000093c00000|100%| O|  |TAMS 0x0000000093c00000, 0x0000000093b00000| Untracked 
|  16|0x0000000093c00000, 0x0000000093d00000, 0x0000000093d00000|100%| O|  |TAMS 0x0000000093d00000, 0x0000000093c00000| Untracked 
|  17|0x0000000093d00000, 0x0000000093e00000, 0x0000000093e00000|100%| O|  |TAMS 0x0000000093e00000, 0x0000000093d00000| Untracked 
|  18|0x0000000093e00000, 0x0000000093f00000, 0x0000000093f00000|100%| O|  |TAMS 0x0000000093f00000, 0x0000000093e00000| Untracked 
|  19|0x0000000093f00000, 0x0000000094000000, 0x0000000094000000|100%| O|  |TAMS 0x0000000093f00000, 0x0000000093f00000| Untracked 
|  20|0x0000000094000000, 0x0000000094100000, 0x0000000094100000|100%| O|  |TAMS 0x0000000094000000, 0x0000000094000000| Untracked 
|  21|0x0000000094100000, 0x0000000094200000, 0x0000000094200000|100%| O|  |TAMS 0x0000000094100000, 0x0000000094100000| Untracked 
|  22|0x0000000094200000, 0x0000000094300000, 0x0000000094300000|100%| O|  |TAMS 0x0000000094200000, 0x0000000094200000| Untracked 
|  23|0x0000000094300000, 0x0000000094400000, 0x0000000094400000|100%| O|  |TAMS 0x0000000094300000, 0x0000000094300000| Untracked 
|  24|0x0000000094400000, 0x0000000094500000, 0x0000000094500000|100%| O|  |TAMS 0x0000000094500000, 0x0000000094400000| Untracked 
|  25|0x0000000094500000, 0x0000000094600000, 0x0000000094600000|100%| O|  |TAMS 0x0000000094600000, 0x0000000094500000| Untracked 
|  26|0x0000000094600000, 0x0000000094700000, 0x0000000094700000|100%| O|  |TAMS 0x0000000094700000, 0x0000000094600000| Untracked 
|  27|0x0000000094700000, 0x0000000094800000, 0x0000000094800000|100%| O|  |TAMS 0x0000000094800000, 0x0000000094700000| Untracked 
|  28|0x0000000094800000, 0x0000000094900000, 0x0000000094900000|100%| O|  |TAMS 0x0000000094900000, 0x0000000094800000| Untracked 
|  29|0x0000000094900000, 0x0000000094a00000, 0x0000000094a00000|100%| O|  |TAMS 0x0000000094a00000, 0x0000000094900000| Untracked 
|  30|0x0000000094a00000, 0x0000000094b00000, 0x0000000094b00000|100%| O|  |TAMS 0x0000000094a00000, 0x0000000094a00000| Untracked 
|  31|0x0000000094b00000, 0x0000000094c00000, 0x0000000094c00000|100%| O|  |TAMS 0x0000000094b00000, 0x0000000094b00000| Untracked 
|  32|0x0000000094c00000, 0x0000000094d00000, 0x0000000094d00000|100%| O|  |TAMS 0x0000000094c00000, 0x0000000094c00000| Untracked 
|  33|0x0000000094d00000, 0x0000000094e00000, 0x0000000094e00000|100%| O|  |TAMS 0x0000000094d00000, 0x0000000094d00000| Untracked 
|  34|0x0000000094e00000, 0x0000000094f00000, 0x0000000094f00000|100%| O|  |TAMS 0x0000000094e00000, 0x0000000094e00000| Untracked 
|  35|0x0000000094f00000, 0x0000000095000000, 0x0000000095000000|100%| O|  |TAMS 0x0000000094f00000, 0x0000000094f00000| Untracked 
|  36|0x0000000095000000, 0x0000000095100000, 0x0000000095100000|100%| O|  |TAMS 0x0000000095000000, 0x0000000095000000| Untracked 
|  37|0x0000000095100000, 0x0000000095200000, 0x0000000095200000|100%| O|  |TAMS 0x0000000095100000, 0x0000000095100000| Untracked 
|  38|0x0000000095200000, 0x0000000095300000, 0x0000000095300000|100%| O|  |TAMS 0x0000000095200000, 0x0000000095200000| Untracked 
|  39|0x0000000095300000, 0x0000000095400000, 0x0000000095400000|100%| O|  |TAMS 0x0000000095300000, 0x0000000095300000| Untracked 
|  40|0x0000000095400000, 0x0000000095500000, 0x0000000095500000|100%| O|  |TAMS 0x0000000095400000, 0x0000000095400000| Untracked 
|  41|0x0000000095500000, 0x0000000095600000, 0x0000000095600000|100%| O|  |TAMS 0x0000000095500000, 0x0000000095500000| Untracked 
|  42|0x0000000095600000, 0x0000000095700000, 0x0000000095700000|100%| O|  |TAMS 0x0000000095600000, 0x0000000095600000| Untracked 
|  43|0x0000000095700000, 0x0000000095800000, 0x0000000095800000|100%| O|  |TAMS 0x0000000095700000, 0x0000000095700000| Untracked 
|  44|0x0000000095800000, 0x0000000095900000, 0x0000000095900000|100%| O|  |TAMS 0x0000000095800000, 0x0000000095800000| Untracked 
|  45|0x0000000095900000, 0x0000000095a00000, 0x0000000095a00000|100%| O|  |TAMS 0x0000000095900000, 0x0000000095900000| Untracked 
|  46|0x0000000095a00000, 0x0000000095b00000, 0x0000000095b00000|100%| O|  |TAMS 0x0000000095a00000, 0x0000000095a00000| Untracked 
|  47|0x0000000095b00000, 0x0000000095c00000, 0x0000000095c00000|100%| O|  |TAMS 0x0000000095b00000, 0x0000000095b00000| Untracked 
|  48|0x0000000095c00000, 0x0000000095d00000, 0x0000000095d00000|100%| O|  |TAMS 0x0000000095c00000, 0x0000000095c00000| Untracked 
|  49|0x0000000095d00000, 0x0000000095d32000, 0x0000000095e00000| 19%| O|  |TAMS 0x0000000095d00000, 0x0000000095d00000| Untracked 
|  50|0x0000000095e00000, 0x0000000095e00000, 0x0000000095f00000|  0%| F|  |TAMS 0x0000000095e00000, 0x0000000095e00000| Untracked 
|  51|0x0000000095f00000, 0x0000000095f00000, 0x0000000096000000|  0%| F|  |TAMS 0x0000000095f00000, 0x0000000095f00000| Untracked 
|  52|0x0000000096000000, 0x0000000096000000, 0x0000000096100000|  0%| F|  |TAMS 0x0000000096000000, 0x0000000096000000| Untracked 
|  53|0x0000000096100000, 0x0000000096100000, 0x0000000096200000|  0%| F|  |TAMS 0x0000000096100000, 0x0000000096100000| Untracked 
|  54|0x0000000096200000, 0x0000000096200000, 0x0000000096300000|  0%| F|  |TAMS 0x0000000096200000, 0x0000000096200000| Untracked 
|  55|0x0000000096300000, 0x0000000096300000, 0x0000000096400000|  0%| F|  |TAMS 0x0000000096300000, 0x0000000096300000| Untracked 
|  56|0x0000000096400000, 0x0000000096400000, 0x0000000096500000|  0%| F|  |TAMS 0x0000000096400000, 0x0000000096400000| Untracked 
|  57|0x0000000096500000, 0x0000000096500000, 0x0000000096600000|  0%| F|  |TAMS 0x0000000096500000, 0x0000000096500000| Untracked 
|  58|0x0000000096600000, 0x0000000096600000, 0x0000000096700000|  0%| F|  |TAMS 0x0000000096600000, 0x0000000096600000| Untracked 
|  59|0x0000000096700000, 0x0000000096700000, 0x0000000096800000|  0%| F|  |TAMS 0x0000000096700000, 0x0000000096700000| Untracked 
|  60|0x0000000096800000, 0x0000000096800000, 0x0000000096900000|  0%| F|  |TAMS 0x0000000096800000, 0x0000000096800000| Untracked 
|  61|0x0000000096900000, 0x0000000096900000, 0x0000000096a00000|  0%| F|  |TAMS 0x0000000096900000, 0x0000000096900000| Untracked 
|  62|0x0000000096a00000, 0x0000000096a00000, 0x0000000096b00000|  0%| F|  |TAMS 0x0000000096a00000, 0x0000000096a00000| Untracked 
|  63|0x0000000096b00000, 0x0000000096b00000, 0x0000000096c00000|  0%| F|  |TAMS 0x0000000096b00000, 0x0000000096b00000| Untracked 
|  64|0x0000000096c00000, 0x0000000096c00000, 0x0000000096d00000|  0%| F|  |TAMS 0x0000000096c00000, 0x0000000096c00000| Untracked 
|  65|0x0000000096d00000, 0x0000000096d00000, 0x0000000096e00000|  0%| F|  |TAMS 0x0000000096d00000, 0x0000000096d00000| Untracked 
|  66|0x0000000096e00000, 0x0000000096e00000, 0x0000000096f00000|  0%| F|  |TAMS 0x0000000096e00000, 0x0000000096e00000| Untracked 
|  67|0x0000000096f00000, 0x0000000096f00000, 0x0000000097000000|  0%| F|  |TAMS 0x0000000096f00000, 0x0000000096f00000| Untracked 
|  68|0x0000000097000000, 0x0000000097000000, 0x0000000097100000|  0%| F|  |TAMS 0x0000000097000000, 0x0000000097000000| Untracked 
|  69|0x0000000097100000, 0x0000000097100000, 0x0000000097200000|  0%| F|  |TAMS 0x0000000097100000, 0x0000000097100000| Untracked 
|  70|0x0000000097200000, 0x0000000097200000, 0x0000000097300000|  0%| F|  |TAMS 0x0000000097200000, 0x0000000097200000| Untracked 
|  71|0x0000000097300000, 0x0000000097300000, 0x0000000097400000|  0%| F|  |TAMS 0x0000000097300000, 0x0000000097300000| Untracked 
|  72|0x0000000097400000, 0x0000000097400000, 0x0000000097500000|  0%| F|  |TAMS 0x0000000097400000, 0x0000000097400000| Untracked 
|  73|0x0000000097500000, 0x0000000097500000, 0x0000000097600000|  0%| F|  |TAMS 0x0000000097500000, 0x0000000097500000| Untracked 
|  74|0x0000000097600000, 0x0000000097600000, 0x0000000097700000|  0%| F|  |TAMS 0x0000000097600000, 0x0000000097600000| Untracked 
|  75|0x0000000097700000, 0x0000000097700000, 0x0000000097800000|  0%| F|  |TAMS 0x0000000097700000, 0x0000000097700000| Untracked 
|  76|0x0000000097800000, 0x0000000097800000, 0x0000000097900000|  0%| F|  |TAMS 0x0000000097800000, 0x0000000097800000| Untracked 
|  77|0x0000000097900000, 0x0000000097900000, 0x0000000097a00000|  0%| F|  |TAMS 0x0000000097900000, 0x0000000097900000| Untracked 
|  78|0x0000000097a00000, 0x0000000097a00000, 0x0000000097b00000|  0%| F|  |TAMS 0x0000000097a00000, 0x0000000097a00000| Untracked 
|  79|0x0000000097b00000, 0x0000000097b00000, 0x0000000097c00000|  0%| F|  |TAMS 0x0000000097b00000, 0x0000000097b00000| Untracked 
|  80|0x0000000097c00000, 0x0000000097c00000, 0x0000000097d00000|  0%| F|  |TAMS 0x0000000097c00000, 0x0000000097c00000| Untracked 
|  81|0x0000000097d00000, 0x0000000097d00000, 0x0000000097e00000|  0%| F|  |TAMS 0x0000000097d00000, 0x0000000097d00000| Untracked 
|  82|0x0000000097e00000, 0x0000000097e00000, 0x0000000097f00000|  0%| F|  |TAMS 0x0000000097e00000, 0x0000000097e00000| Untracked 
|  83|0x0000000097f00000, 0x0000000097f00000, 0x0000000098000000|  0%| F|  |TAMS 0x0000000097f00000, 0x0000000097f00000| Untracked 
|  84|0x0000000098000000, 0x0000000098000000, 0x0000000098100000|  0%| F|  |TAMS 0x0000000098000000, 0x0000000098000000| Untracked 
|  85|0x0000000098100000, 0x0000000098100000, 0x0000000098200000|  0%| F|  |TAMS 0x0000000098100000, 0x0000000098100000| Untracked 
|  86|0x0000000098200000, 0x0000000098200000, 0x0000000098300000|  0%| F|  |TAMS 0x0000000098200000, 0x0000000098200000| Untracked 
|  87|0x0000000098300000, 0x0000000098300000, 0x0000000098400000|  0%| F|  |TAMS 0x0000000098300000, 0x0000000098300000| Untracked 
|  88|0x0000000098400000, 0x0000000098400000, 0x0000000098500000|  0%| F|  |TAMS 0x0000000098400000, 0x0000000098400000| Untracked 
|  89|0x0000000098500000, 0x0000000098500000, 0x0000000098600000|  0%| F|  |TAMS 0x0000000098500000, 0x0000000098500000| Untracked 
|  90|0x0000000098600000, 0x0000000098600000, 0x0000000098700000|  0%| F|  |TAMS 0x0000000098600000, 0x0000000098600000| Untracked 
|  91|0x0000000098700000, 0x0000000098700000, 0x0000000098800000|  0%| F|  |TAMS 0x0000000098700000, 0x0000000098700000| Untracked 
|  92|0x0000000098800000, 0x0000000098800000, 0x0000000098900000|  0%| F|  |TAMS 0x0000000098800000, 0x0000000098800000| Untracked 
|  93|0x0000000098900000, 0x0000000098900000, 0x0000000098a00000|  0%| F|  |TAMS 0x0000000098900000, 0x0000000098900000| Untracked 
|  94|0x0000000098a00000, 0x0000000098a00000, 0x0000000098b00000|  0%| F|  |TAMS 0x0000000098a00000, 0x0000000098a00000| Untracked 
|  95|0x0000000098b00000, 0x0000000098b00000, 0x0000000098c00000|  0%| F|  |TAMS 0x0000000098b00000, 0x0000000098b00000| Untracked 
|  96|0x0000000098c00000, 0x0000000098c00000, 0x0000000098d00000|  0%| F|  |TAMS 0x0000000098c00000, 0x0000000098c00000| Untracked 
|  97|0x0000000098d00000, 0x0000000098d00000, 0x0000000098e00000|  0%| F|  |TAMS 0x0000000098d00000, 0x0000000098d00000| Untracked 
|  98|0x0000000098e00000, 0x0000000098e00000, 0x0000000098f00000|  0%| F|  |TAMS 0x0000000098e00000, 0x0000000098e00000| Untracked 
|  99|0x0000000098f00000, 0x0000000098f00000, 0x0000000099000000|  0%| F|  |TAMS 0x0000000098f00000, 0x0000000098f00000| Untracked 
| 100|0x0000000099000000, 0x0000000099000000, 0x0000000099100000|  0%| F|  |TAMS 0x0000000099000000, 0x0000000099000000| Untracked 
| 101|0x0000000099100000, 0x0000000099100000, 0x0000000099200000|  0%| F|  |TAMS 0x0000000099100000, 0x0000000099100000| Untracked 
| 102|0x0000000099200000, 0x0000000099200000, 0x0000000099300000|  0%| F|  |TAMS 0x0000000099200000, 0x0000000099200000| Untracked 
| 103|0x0000000099300000, 0x0000000099300000, 0x0000000099400000|  0%| F|  |TAMS 0x0000000099300000, 0x0000000099300000| Untracked 
| 104|0x0000000099400000, 0x0000000099400000, 0x0000000099500000|  0%| F|  |TAMS 0x0000000099400000, 0x0000000099400000| Untracked 
| 105|0x0000000099500000, 0x0000000099500000, 0x0000000099600000|  0%| F|  |TAMS 0x0000000099500000, 0x0000000099500000| Untracked 
| 106|0x0000000099600000, 0x0000000099600000, 0x0000000099700000|  0%| F|  |TAMS 0x0000000099600000, 0x0000000099600000| Untracked 
| 107|0x0000000099700000, 0x0000000099700000, 0x0000000099800000|  0%| F|  |TAMS 0x0000000099700000, 0x0000000099700000| Untracked 
| 108|0x0000000099800000, 0x0000000099800000, 0x0000000099900000|  0%| F|  |TAMS 0x0000000099800000, 0x0000000099800000| Untracked 
| 109|0x0000000099900000, 0x0000000099900000, 0x0000000099a00000|  0%| F|  |TAMS 0x0000000099900000, 0x0000000099900000| Untracked 
| 110|0x0000000099a00000, 0x0000000099a00000, 0x0000000099b00000|  0%| F|  |TAMS 0x0000000099a00000, 0x0000000099a00000| Untracked 
| 111|0x0000000099b00000, 0x0000000099bc2f10, 0x0000000099c00000| 76%| S|CS|TAMS 0x0000000099b00000, 0x0000000099b00000| Complete 
| 112|0x0000000099c00000, 0x0000000099c00000, 0x0000000099d00000|  0%| F|  |TAMS 0x0000000099c00000, 0x0000000099c00000| Untracked 
| 113|0x0000000099d00000, 0x0000000099d00000, 0x0000000099e00000|  0%| F|  |TAMS 0x0000000099d00000, 0x0000000099d00000| Untracked 
| 114|0x0000000099e00000, 0x0000000099e00000, 0x0000000099f00000|  0%| F|  |TAMS 0x0000000099e00000, 0x0000000099e00000| Untracked 
| 115|0x0000000099f00000, 0x0000000099f00000, 0x000000009a000000|  0%| F|  |TAMS 0x0000000099f00000, 0x0000000099f00000| Untracked 
| 116|0x000000009a000000, 0x000000009a000000, 0x000000009a100000|  0%| F|  |TAMS 0x000000009a000000, 0x000000009a000000| Untracked 

Card table byte_map: [0x000002ba7a9e0000,0x000002ba7ad50000] _byte_map_base: 0x000002ba7a54a000

Marking Bits (Prev, Next): (CMBitMap*) 0x000002ba7a2e26f0, (CMBitMap*) 0x000002ba7a2e2730
 Prev Bits: [0x000002ba7b0c0000, 0x000002ba7cc10000)
 Next Bits: [0x000002ba7cc10000, 0x000002ba7e760000)

Polling page: 0x000002ba78150000

Metaspace:

Usage:
  Non-class:     44.43 MB used.
      Class:      5.97 MB used.
       Both:     50.40 MB used.

Virtual space:
  Non-class space:       64.00 MB reserved,      44.56 MB ( 70%) committed,  1 nodes.
      Class space:        1.00 GB reserved,       6.12 MB ( <1%) committed,  1 nodes.
             Both:        1.06 GB reserved,      50.69 MB (  5%) committed. 

Chunk freelists:
   Non-Class:  3.16 MB
       Class:  9.83 MB
        Both:  12.98 MB

MaxMetaspaceSize: unlimited
CompressedClassSpaceSize: 1.00 GB
Initial GC threshold: 21.00 MB
Current GC threshold: 58.75 MB
CDS: on
MetaspaceReclaimPolicy: balanced
 - commit_granule_bytes: 65536.
 - commit_granule_words: 8192.
 - virtual_space_node_default_size: 8388608.
 - enlarge_chunks_in_place: 1.
 - new_chunks_are_fully_committed: 0.
 - uncommit_free_chunks: 1.
 - use_allocation_guard: 0.
 - handle_deallocations: 1.


Internal statistics:

num_allocs_failed_limit: 6.
num_arena_births: 300.
num_arena_deaths: 0.
num_vsnodes_births: 2.
num_vsnodes_deaths: 0.
num_space_committed: 809.
num_space_uncommitted: 0.
num_chunks_returned_to_freelist: 6.
num_chunks_taken_from_freelist: 2151.
num_chunk_merges: 6.
num_chunk_splits: 1692.
num_chunks_enlarged: 1461.
num_inconsistent_stats: 0.

CodeHeap 'non-profiled nmethods': size=120000Kb used=3101Kb max_used=3101Kb free=116898Kb
 bounds [0x000002ba0f570000, 0x000002ba0f880000, 0x000002ba16aa0000]
CodeHeap 'profiled nmethods': size=120000Kb used=13576Kb max_used=13576Kb free=106423Kb
 bounds [0x000002ba07aa0000, 0x000002ba087f0000, 0x000002ba0efd0000]
CodeHeap 'non-nmethods': size=5760Kb used=1304Kb max_used=1396Kb free=4455Kb
 bounds [0x000002ba0efd0000, 0x000002ba0f240000, 0x000002ba0f570000]
 total_blobs=7319 nmethods=6700 adapters=529
 compilation: enabled
              stopped_count=0, restarted_count=0
 full_count=0

Compilation events (20 events):
Event: 7.339 Thread 0x000002ba7f1a6d50 7583       3       org.jetbrains.kotlin.builtins.KotlinBuiltIns::getPrimitiveArrayType (46 bytes)
Event: 7.340 Thread 0x000002ba7f1a6d50 nmethod 7583 0x000002ba087d8410 code [0x000002ba087d8680, 0x000002ba087d8f98]
Event: 7.340 Thread 0x000002ba7f1a6d50 7585       3       org.jetbrains.kotlin.resolve.OverridingUtil::allHasSameContainingDeclaration (54 bytes)
Event: 7.340 Thread 0x000002ba7f1a6d50 nmethod 7585 0x000002ba087d9290 code [0x000002ba087d94c0, 0x000002ba087d9c58]
Event: 7.340 Thread 0x000002ba7f1a6d50 7584       3       org.jetbrains.kotlin.descriptors.DescriptorVisibilities::isVisibleIgnoringReceiver (34 bytes)
Event: 7.341 Thread 0x000002ba7f1a6d50 nmethod 7584 0x000002ba087d9e90 code [0x000002ba087da060, 0x000002ba087da2c8]
Event: 7.341 Thread 0x000002ba7f1a6d50 7590       3       org.jetbrains.kotlin.resolve.OverridingUtil::resolveUnknownVisibilityForMember (248 bytes)
Event: 7.342 Thread 0x000002ba7f1a6d50 nmethod 7590 0x000002ba087da390 code [0x000002ba087da740, 0x000002ba087dc568]
Event: 7.342 Thread 0x000002ba7f1a6d50 7589       3       org.jetbrains.kotlin.load.java.typeEnhancement.SignatureEnhancement$containsFunctionN$1::invoke (9 bytes)
Event: 7.342 Thread 0x000002ba7f1a6d50 nmethod 7589 0x000002ba087dcb90 code [0x000002ba087dcd40, 0x000002ba087dcf68]
Event: 7.342 Thread 0x000002ba7f1a6d50 7586       3       org.jetbrains.kotlin.load.java.lazy.descriptors.LazyJavaScope$MethodSignatureData::<init> (64 bytes)
Event: 7.343 Thread 0x000002ba7f1a6d50 nmethod 7586 0x000002ba087dd010 code [0x000002ba087dd3a0, 0x000002ba087de998]
Event: 7.343 Thread 0x000002ba7f1a6d50 7587       3       org.jetbrains.kotlin.load.java.lazy.descriptors.LazyJavaClassMemberScope::getDispatchReceiverParameter (11 bytes)
Event: 7.344 Thread 0x000002ba7f1a6d50 nmethod 7587 0x000002ba087df110 code [0x000002ba087df320, 0x000002ba087dfc08]
Event: 7.344 Thread 0x000002ba7f1a6d50 7588       3       org.jetbrains.kotlin.load.java.lazy.descriptors.LazyJavaClassMemberScope::isVisibleAsFunction (30 bytes)
Event: 7.344 Thread 0x000002ba7f1a6d50 nmethod 7588 0x000002ba087dfe10 code [0x000002ba087e0040, 0x000002ba087e0758]
Event: 7.346 Thread 0x000002ba7f1a6d50 7595       3       org.jetbrains.kotlin.load.java.components.SignaturePropagator$PropagatedSignature::<init> (72 bytes)
Event: 7.346 Thread 0x000002ba7f1a6d50 nmethod 7595 0x000002ba087e0a10 code [0x000002ba087e0c00, 0x000002ba087e1118]
Event: 7.346 Thread 0x000002ba7f1a6d50 7596       3       org.jetbrains.kotlin.load.java.AbstractAnnotationTypeQualifierResolver::findAnnotation (60 bytes)
Event: 7.347 Thread 0x000002ba7f1a6d50 nmethod 7596 0x000002ba087e1290 code [0x000002ba087e1560, 0x000002ba087e2478]

GC Heap History (20 events):
Event: 2.040 GC heap after
{Heap after GC invocations=5 (full 0):
 garbage-first heap   total 61440K, used 23964K [0x0000000092c00000, 0x0000000100000000)
  region size 1024K, 5 young (5120K), 5 survivors (5120K)
 Metaspace       used 25725K, committed 25920K, reserved 1114112K
  class space    used 3443K, committed 3520K, reserved 1048576K
}
Event: 2.057 GC heap before
{Heap before GC invocations=5 (full 0):
 garbage-first heap   total 61440K, used 24988K [0x0000000092c00000, 0x0000000100000000)
  region size 1024K, 6 young (6144K), 5 survivors (5120K)
 Metaspace       used 25817K, committed 26048K, reserved 1114112K
  class space    used 3448K, committed 3584K, reserved 1048576K
}
Event: 2.064 GC heap after
{Heap after GC invocations=6 (full 0):
 garbage-first heap   total 61440K, used 25404K [0x0000000092c00000, 0x0000000100000000)
  region size 1024K, 1 young (1024K), 1 survivors (1024K)
 Metaspace       used 25817K, committed 26048K, reserved 1114112K
  class space    used 3448K, committed 3584K, reserved 1048576K
}
Event: 2.327 GC heap before
{Heap before GC invocations=6 (full 0):
 garbage-first heap   total 61440K, used 46908K [0x0000000092c00000, 0x0000000100000000)
  region size 1024K, 22 young (22528K), 1 survivors (1024K)
 Metaspace       used 29765K, committed 29952K, reserved 1114112K
  class space    used 3871K, committed 3968K, reserved 1048576K
}
Event: 2.332 GC heap after
{Heap after GC invocations=7 (full 0):
 garbage-first heap   total 116736K, used 25600K [0x0000000092c00000, 0x0000000100000000)
  region size 1024K, 3 young (3072K), 3 survivors (3072K)
 Metaspace       used 29765K, committed 29952K, reserved 1114112K
  class space    used 3871K, committed 3968K, reserved 1048576K
}
Event: 2.775 GC heap before
{Heap before GC invocations=7 (full 0):
 garbage-first heap   total 116736K, used 52224K [0x0000000092c00000, 0x0000000100000000)
  region size 1024K, 30 young (30720K), 3 survivors (3072K)
 Metaspace       used 35832K, committed 35968K, reserved 1114112K
  class space    used 4410K, committed 4480K, reserved 1048576K
}
Event: 2.782 GC heap after
{Heap after GC invocations=8 (full 0):
 garbage-first heap   total 116736K, used 28397K [0x0000000092c00000, 0x0000000100000000)
  region size 1024K, 6 young (6144K), 6 survivors (6144K)
 Metaspace       used 35832K, committed 35968K, reserved 1114112K
  class space    used 4410K, committed 4480K, reserved 1048576K
}
Event: 4.186 GC heap before
{Heap before GC invocations=9 (full 0):
 garbage-first heap   total 99328K, used 83693K [0x0000000092c00000, 0x0000000100000000)
  region size 1024K, 58 young (59392K), 6 survivors (6144K)
 Metaspace       used 46019K, committed 46272K, reserved 1114112K
  class space    used 5695K, committed 5824K, reserved 1048576K
}
Event: 4.205 GC heap after
{Heap after GC invocations=10 (full 0):
 garbage-first heap   total 99328K, used 38611K [0x0000000092c00000, 0x0000000100000000)
  region size 1024K, 8 young (8192K), 8 survivors (8192K)
 Metaspace       used 46019K, committed 46272K, reserved 1114112K
  class space    used 5695K, committed 5824K, reserved 1048576K
}
Event: 4.463 GC heap before
{Heap before GC invocations=10 (full 0):
 garbage-first heap   total 99328K, used 74451K [0x0000000092c00000, 0x0000000100000000)
  region size 1024K, 42 young (43008K), 8 survivors (8192K)
 Metaspace       used 46418K, committed 46656K, reserved 1114112K
  class space    used 5713K, committed 5824K, reserved 1048576K
}
Event: 4.475 GC heap after
{Heap after GC invocations=11 (full 0):
 garbage-first heap   total 99328K, used 41984K [0x0000000092c00000, 0x0000000100000000)
  region size 1024K, 3 young (3072K), 3 survivors (3072K)
 Metaspace       used 46418K, committed 46656K, reserved 1114112K
  class space    used 5713K, committed 5824K, reserved 1048576K
}
Event: 5.979 GC heap before
{Heap before GC invocations=11 (full 0):
 garbage-first heap   total 99328K, used 75776K [0x0000000092c00000, 0x0000000100000000)
  region size 1024K, 36 young (36864K), 3 survivors (3072K)
 Metaspace       used 51030K, committed 51328K, reserved 1114112K
  class space    used 6081K, committed 6272K, reserved 1048576K
}
Event: 7.000 GC heap after
{Heap after GC invocations=12 (full 0):
 garbage-first heap   total 119808K, used 48128K [0x0000000092c00000, 0x0000000100000000)
  region size 1024K, 5 young (5120K), 5 survivors (5120K)
 Metaspace       used 51030K, committed 51328K, reserved 1114112K
  class space    used 6081K, committed 6272K, reserved 1048576K
}
Event: 7.054 GC heap before
{Heap before GC invocations=12 (full 0):
 garbage-first heap   total 119808K, used 49152K [0x0000000092c00000, 0x0000000100000000)
  region size 1024K, 6 young (6144K), 5 survivors (5120K)
 Metaspace       used 51074K, committed 51392K, reserved 1114112K
  class space    used 6084K, committed 6272K, reserved 1048576K
}
Event: 7.061 GC heap after
{Heap after GC invocations=13 (full 0):
 garbage-first heap   total 119808K, used 49488K [0x0000000092c00000, 0x0000000100000000)
  region size 1024K, 1 young (1024K), 1 survivors (1024K)
 Metaspace       used 51074K, committed 51392K, reserved 1114112K
  class space    used 6084K, committed 6272K, reserved 1048576K
}
Event: 7.159 GC heap before
{Heap before GC invocations=13 (full 0):
 garbage-first heap   total 119808K, used 53584K [0x0000000092c00000, 0x0000000100000000)
  region size 1024K, 5 young (5120K), 1 survivors (1024K)
 Metaspace       used 51426K, committed 51712K, reserved 1114112K
  class space    used 6111K, committed 6272K, reserved 1048576K
}
Event: 7.163 GC heap after
{Heap after GC invocations=14 (full 0):
 garbage-first heap   total 119808K, used 49584K [0x0000000092c00000, 0x0000000100000000)
  region size 1024K, 1 young (1024K), 1 survivors (1024K)
 Metaspace       used 51426K, committed 51712K, reserved 1114112K
  class space    used 6111K, committed 6272K, reserved 1048576K
}
Event: 7.267 GC heap before
{Heap before GC invocations=14 (full 0):
 garbage-first heap   total 119808K, used 53680K [0x0000000092c00000, 0x0000000100000000)
  region size 1024K, 5 young (5120K), 1 survivors (1024K)
 Metaspace       used 51565K, committed 51840K, reserved 1114112K
  class space    used 6113K, committed 6272K, reserved 1048576K
}
Event: 7.271 GC heap after
{Heap after GC invocations=15 (full 0):
 garbage-first heap   total 119808K, used 50388K [0x0000000092c00000, 0x0000000100000000)
  region size 1024K, 1 young (1024K), 1 survivors (1024K)
 Metaspace       used 51565K, committed 51840K, reserved 1114112K
  class space    used 6113K, committed 6272K, reserved 1048576K
}
Event: 7.348 GC heap before
{Heap before GC invocations=15 (full 0):
 garbage-first heap   total 119808K, used 54484K [0x0000000092c00000, 0x0000000100000000)
  region size 1024K, 5 young (5120K), 1 survivors (1024K)
 Metaspace       used 51610K, committed 51904K, reserved 1114112K
  class space    used 6113K, committed 6272K, reserved 1048576K
}

Dll operation events (7 events):
Event: 0.008 Loaded shared library C:\Program Files\Eclipse Adoptium\jdk-17.0.16.8-hotspot\bin\java.dll
Event: 0.030 Loaded shared library C:\Program Files\Eclipse Adoptium\jdk-17.0.16.8-hotspot\bin\jsvml.dll
Event: 0.064 Loaded shared library C:\Program Files\Eclipse Adoptium\jdk-17.0.16.8-hotspot\bin\net.dll
Event: 0.067 Loaded shared library C:\Program Files\Eclipse Adoptium\jdk-17.0.16.8-hotspot\bin\nio.dll
Event: 0.089 Loaded shared library C:\Program Files\Eclipse Adoptium\jdk-17.0.16.8-hotspot\bin\zip.dll
Event: 0.110 Loaded shared library C:\Program Files\Eclipse Adoptium\jdk-17.0.16.8-hotspot\bin\jimage.dll
Event: 0.872 Loaded shared library C:\Program Files\Eclipse Adoptium\jdk-17.0.16.8-hotspot\bin\verify.dll

Deoptimization events (20 events):
Event: 5.526 Thread 0x000002ba7a28aea0 DEOPT PACKING pc=0x000002ba0f6f1814 sp=0x000000cf513fd0d0
Event: 5.526 Thread 0x000002ba7a28aea0 DEOPT UNPACKING pc=0x000002ba0f0269a3 sp=0x000000cf513fd068 mode 2
Event: 5.529 Thread 0x000002ba7a28aea0 Uncommon trap: trap_request=0xffffffbe fr.pc=0x000002ba0f6f1814 relative=0x00000000000002b4
Event: 5.529 Thread 0x000002ba7a28aea0 Uncommon trap: reason=profile_predicate action=maybe_recompile pc=0x000002ba0f6f1814 method=org.jetbrains.kotlin.com.intellij.openapi.util.text.StringUtil.getLineBreakCount(Ljava/lang/CharSequence;)I @ 20 c2
Event: 5.530 Thread 0x000002ba7a28aea0 DEOPT PACKING pc=0x000002ba0f6f1814 sp=0x000000cf513fd0d0
Event: 5.530 Thread 0x000002ba7a28aea0 DEOPT UNPACKING pc=0x000002ba0f0269a3 sp=0x000000cf513fd068 mode 2
Event: 5.741 Thread 0x000002ba7a28aea0 Uncommon trap: trap_request=0xffffffbe fr.pc=0x000002ba0f6f1814 relative=0x00000000000002b4
Event: 5.741 Thread 0x000002ba7a28aea0 Uncommon trap: reason=profile_predicate action=maybe_recompile pc=0x000002ba0f6f1814 method=org.jetbrains.kotlin.com.intellij.openapi.util.text.StringUtil.getLineBreakCount(Ljava/lang/CharSequence;)I @ 20 c2
Event: 5.741 Thread 0x000002ba7a28aea0 DEOPT PACKING pc=0x000002ba0f6f1814 sp=0x000000cf513fd0e0
Event: 5.741 Thread 0x000002ba7a28aea0 DEOPT UNPACKING pc=0x000002ba0f0269a3 sp=0x000000cf513fd078 mode 2
Event: 5.756 Thread 0x000002ba7a28aea0 Uncommon trap: trap_request=0xffffffde fr.pc=0x000002ba0f693e04 relative=0x0000000000000064
Event: 5.756 Thread 0x000002ba7a28aea0 Uncommon trap: reason=class_check action=maybe_recompile pc=0x000002ba0f693e04 method=java.util.Collections$UnmodifiableCollection.size()I @ 4 c2
Event: 5.756 Thread 0x000002ba7a28aea0 DEOPT PACKING pc=0x000002ba0f693e04 sp=0x000000cf513fbe80
Event: 5.756 Thread 0x000002ba7a28aea0 DEOPT UNPACKING pc=0x000002ba0f0269a3 sp=0x000000cf513fbe08 mode 2
Event: 5.770 Thread 0x000002ba7a28aea0 DEOPT PACKING pc=0x000002ba081411ea sp=0x000000cf513fd3a0
Event: 5.770 Thread 0x000002ba7a28aea0 DEOPT UNPACKING pc=0x000002ba0f027143 sp=0x000000cf513fc868 mode 0
Event: 7.275 Thread 0x000002ba7a28aea0 DEOPT PACKING pc=0x000002ba085576ea sp=0x000000cf513fcef0
Event: 7.275 Thread 0x000002ba7a28aea0 DEOPT UNPACKING pc=0x000002ba0f027143 sp=0x000000cf513fc398 mode 0
Event: 7.275 Thread 0x000002ba7a28aea0 DEOPT PACKING pc=0x000002ba0855c0ba sp=0x000000cf513fc9f0
Event: 7.275 Thread 0x000002ba7a28aea0 DEOPT UNPACKING pc=0x000002ba0f027143 sp=0x000000cf513fbee0 mode 0

Classes loaded (20 events):
Event: 4.967 Loading class java/util/stream/Node$OfInt done
Event: 4.967 Loading class java/util/stream/Nodes$EmptyNode$OfInt done
Event: 4.967 Loading class java/util/stream/Nodes$EmptyNode$OfLong
Event: 4.967 Loading class java/util/stream/Node$OfLong
Event: 4.968 Loading class java/util/stream/Node$OfLong done
Event: 4.968 Loading class java/util/stream/Nodes$EmptyNode$OfLong done
Event: 4.968 Loading class java/util/stream/Nodes$EmptyNode$OfDouble
Event: 4.968 Loading class java/util/stream/Node$OfDouble
Event: 4.968 Loading class java/util/stream/Node$OfDouble done
Event: 4.968 Loading class java/util/stream/Nodes$EmptyNode$OfDouble done
Event: 4.968 Loading class java/util/stream/Nodes$SpinedNodeBuilder
Event: 4.969 Loading class java/util/stream/Node$Builder
Event: 4.969 Loading class java/util/stream/Node$Builder done
Event: 4.969 Loading class java/util/stream/SpinedBuffer
Event: 4.970 Loading class java/util/stream/AbstractSpinedBuffer
Event: 4.970 Loading class java/util/stream/AbstractSpinedBuffer done
Event: 4.970 Loading class java/util/stream/SpinedBuffer done
Event: 4.970 Loading class java/util/stream/Nodes$SpinedNodeBuilder done
Event: 5.027 Loading class java/util/RegularEnumSet$EnumSetIterator
Event: 5.027 Loading class java/util/RegularEnumSet$EnumSetIterator done

Classes unloaded (0 events):
No events

Classes redefined (0 events):
No events

Internal exceptions (20 events):
Event: 1.381 Thread 0x000002ba7a28aea0 Exception <a 'java/lang/NoSuchMethodError'{0x000000009811c438}: 'int java.lang.invoke.DirectMethodHandle$Holder.invokeVirtual(java.lang.Object, java.lang.Object)'> (0x000000009811c438) 
thrown [s\src\hotspot\share\interpreter\linkResolver.cpp, line 759]
Event: 1.395 Thread 0x000002ba7a28aea0 Exception <a 'java/lang/NoSuchMethodError'{0x00000000981c2f80}: 'java.lang.Object java.lang.invoke.Invokers$Holder.invokeExact_MT(java.lang.Object, java.lang.Object, java.lang.Object, java.lang.Object, java.lang.Object, java.lang.Object)'> (0x00000000981c2f80) 
thrown [s\src\hotspot\share\interpreter\linkResolver.cpp, line 759]
Event: 2.117 Thread 0x000002ba7a28aea0 Exception <a 'java/lang/NoSuchMethodError'{0x0000000097813200}: 'java.lang.Object java.lang.invoke.DirectMethodHandle$Holder.invokeVirtual(java.lang.Object, java.lang.Object, java.lang.Object)'> (0x0000000097813200) 
thrown [s\src\hotspot\share\interpreter\linkResolver.cpp, line 759]
Event: 2.659 Thread 0x000002ba7a28aea0 Exception <a 'java/lang/NoSuchMethodError'{0x00000000987e0cf0}: 'java.lang.Object java.lang.invoke.DirectMethodHandle$Holder.newInvokeSpecial(java.lang.Object, java.lang.Object, int)'> (0x00000000987e0cf0) 
thrown [s\src\hotspot\share\interpreter\linkResolver.cpp, line 759]
Event: 2.886 Thread 0x000002ba7a28aea0 Exception <a 'java/lang/NoSuchMethodError'{0x00000000989c8838}: 'java.lang.Object java.lang.invoke.DirectMethodHandle$Holder.newInvokeSpecial(java.lang.Object, java.lang.Object, java.lang.Object, int)'> (0x00000000989c8838) 
thrown [s\src\hotspot\share\interpreter\linkResolver.cpp, line 759]
Event: 2.887 Thread 0x000002ba7a28aea0 Exception <a 'java/lang/NoSuchMethodError'{0x00000000989ccec0}: 'java.lang.Object java.lang.invoke.DirectMethodHandle$Holder.invokeSpecial(java.lang.Object, java.lang.Object, java.lang.Object, java.lang.Object, int)'> (0x00000000989ccec0) 
thrown [s\src\hotspot\share\interpreter\linkResolver.cpp, line 759]
Event: 2.888 Thread 0x000002ba7a28aea0 Exception <a 'java/lang/NoSuchMethodError'{0x00000000989d0d30}: 'java.lang.Object java.lang.invoke.Invokers$Holder.linkToTargetMethod(java.lang.Object, java.lang.Object, int, java.lang.Object)'> (0x00000000989d0d30) 
thrown [s\src\hotspot\share\interpreter\linkResolver.cpp, line 759]
Event: 3.159 Thread 0x000002ba7a28aea0 Exception <a 'java/lang/NoSuchMethodError'{0x00000000979ebcd0}: 'java.lang.Object java.lang.invoke.DirectMethodHandle$Holder.invokeInterface(java.lang.Object, java.lang.Object)'> (0x00000000979ebcd0) 
thrown [s\src\hotspot\share\interpreter\linkResolver.cpp, line 759]
Event: 3.674 Thread 0x000002ba7a28aea0 Exception <a 'java/lang/NoSuchMethodError'{0x00000000965f82d8}: 'java.lang.Object java.lang.invoke.DirectMethodHandle$Holder.invokeStatic(java.lang.Object, java.lang.Object, java.lang.Object, java.lang.Object, int)'> (0x00000000965f82d8) 
thrown [s\src\hotspot\share\interpreter\linkResolver.cpp, line 759]
Event: 3.675 Thread 0x000002ba7a28aea0 Exception <a 'java/lang/NoSuchMethodError'{0x0000000096402898}: 'java.lang.Object java.lang.invoke.DirectMethodHandle$Holder.newInvokeSpecial(java.lang.Object, java.lang.Object, java.lang.Object, java.lang.Object, int)'> (0x0000000096402898) 
thrown [s\src\hotspot\share\interpreter\linkResolver.cpp, line 759]
Event: 3.676 Thread 0x000002ba7a28aea0 Exception <a 'java/lang/NoSuchMethodError'{0x00000000964073c8}: 'java.lang.Object java.lang.invoke.DirectMethodHandle$Holder.invokeSpecial(java.lang.Object, java.lang.Object, java.lang.Object, java.lang.Object, java.lang.Object, int)'> (0x00000000964073c8) 
thrown [s\src\hotspot\share\interpreter\linkResolver.cpp, line 759]
Event: 3.676 Thread 0x000002ba7a28aea0 Exception <a 'java/lang/NoSuchMethodError'{0x000000009640b8a8}: 'java.lang.Object java.lang.invoke.Invokers$Holder.linkToTargetMethod(java.lang.Object, java.lang.Object, java.lang.Object, int, java.lang.Object)'> (0x000000009640b8a8) 
thrown [s\src\hotspot\share\interpreter\linkResolver.cpp, line 759]
Event: 3.854 Thread 0x000002ba7a28aea0 Exception <a 'java/lang/NoSuchMethodError'{0x0000000095d05030}: 'int java.lang.invoke.DirectMethodHandle$Holder.invokeVirtual(java.lang.Object, java.lang.Object, java.lang.Object)'> (0x0000000095d05030) 
thrown [s\src\hotspot\share\interpreter\linkResolver.cpp, line 759]
Event: 3.860 Thread 0x000002ba7a28aea0 Exception <a 'java/lang/NoSuchMethodError'{0x0000000095d2f790}: 'java.lang.Object java.lang.invoke.DirectMethodHandle$Holder.invokeStaticInit(java.lang.Object, java.lang.Object, java.lang.Object)'> (0x0000000095d2f790) 
thrown [s\src\hotspot\share\interpreter\linkResolver.cpp, line 759]
Event: 3.999 Thread 0x000002ba7a28aea0 Exception <a 'java/lang/NoSuchMethodError'{0x00000000959e2080}: 'java.lang.Object java.lang.invoke.DirectMethodHandle$Holder.newInvokeSpecial(java.lang.Object, java.lang.Object, java.lang.Object, java.lang.Object, java.lang.Object, java.lang.Object, java.lang.Object, java.lang.Object)'> (0x00000000959e2080) 
thrown [s\src\hotspot\share\interpreter\linkResolver.cpp, line 759]
Event: 4.000 Thread 0x000002ba7a28aea0 Exception <a 'java/lang/NoSuchMethodError'{0x00000000959e7698}: 'java.lang.Object java.lang.invoke.DirectMethodHandle$Holder.invokeSpecial(java.lang.Object, java.lang.Object, java.lang.Object, java.lang.Object, java.lang.Object, java.lang.Object, java.lang.Object, java.lang.Object, java.lang.Object)'> (0x00000000959e7698) 
thrown [s\src\hotspot\share\interpreter\linkResolver.cpp, line 759]
Event: 4.001 Thread 0x000002ba7a28aea0 Exception <a 'java/lang/NoSuchMethodError'{0x00000000959ec5c8}: 'java.lang.Object java.lang.invoke.Invokers$Holder.linkToTargetMethod(java.lang.Object, java.lang.Object, java.lang.Object, java.lang.Object, java.lang.Object, java.lang.Object, java.lang.Object, java.lang.Object)'> (0x00000000959ec5c8) 
thrown [s\src\hotspot\share\interpreter\linkResolver.cpp, line 759]
Event: 4.961 Thread 0x000002ba7a28aea0 Exception <a 'java/lang/NoSuchMethodError'{0x0000000097e16cb8}: 'void java.lang.invoke.DirectMethodHandle$Holder.invokeInterface(java.lang.Object, java.lang.Object)'> (0x0000000097e16cb8) 
thrown [s\src\hotspot\share\interpreter\linkResolver.cpp, line 759]
Event: 5.583 Thread 0x000002ba7a28aea0 Exception <a 'java/lang/IncompatibleClassChangeError'{0x00000000973548b8}: Found class java.lang.Object, but interface was expected> (0x00000000973548b8) 
thrown [s\src\hotspot\share\interpreter\linkResolver.cpp, line 826]
Event: 7.078 Thread 0x000002ba7a28aea0 Exception <a 'java/lang/NoSuchMethodError'{0x000000009a0d8dd8}: 'int java.lang.invoke.DirectMethodHandle$Holder.invokeInterface(java.lang.Object, java.lang.Object)'> (0x000000009a0d8dd8) 
thrown [s\src\hotspot\share\interpreter\linkResolver.cpp, line 759]

VM Operations (20 events):
Event: 5.267 Executing VM operation: ICBufferFull done
Event: 5.422 Executing VM operation: ICBufferFull
Event: 5.422 Executing VM operation: ICBufferFull done
Event: 5.614 Executing VM operation: ICBufferFull
Event: 5.614 Executing VM operation: ICBufferFull done
Event: 5.869 Executing VM operation: ICBufferFull
Event: 5.869 Executing VM operation: ICBufferFull done
Event: 5.935 Executing VM operation: HandshakeAllThreads
Event: 5.935 Executing VM operation: HandshakeAllThreads done
Event: 5.979 Executing VM operation: G1CollectForAllocation
Event: 7.000 Executing VM operation: G1CollectForAllocation done
Event: 7.054 Executing VM operation: G1CollectForAllocation
Event: 7.061 Executing VM operation: G1CollectForAllocation done
Event: 7.072 Executing VM operation: HandshakeAllThreads
Event: 7.072 Executing VM operation: HandshakeAllThreads done
Event: 7.159 Executing VM operation: G1CollectForAllocation
Event: 7.163 Executing VM operation: G1CollectForAllocation done
Event: 7.266 Executing VM operation: G1CollectForAllocation
Event: 7.271 Executing VM operation: G1CollectForAllocation done
Event: 7.348 Executing VM operation: G1CollectForAllocation

Memory protections (0 events):
No events

Nmethod flushes (20 events):
Event: 5.217 Thread 0x000002ba7f1bc120 flushing  nmethod 0x000002ba0861f590
Event: 5.217 Thread 0x000002ba7f1bc120 flushing  nmethod 0x000002ba08620f90
Event: 5.217 Thread 0x000002ba7f1bc120 flushing  nmethod 0x000002ba08622090
Event: 5.217 Thread 0x000002ba7f1bc120 flushing  nmethod 0x000002ba08622490
Event: 5.217 Thread 0x000002ba7f1bc120 flushing  nmethod 0x000002ba08623010
Event: 5.217 Thread 0x000002ba7f1bc120 flushing  nmethod 0x000002ba08623c90
Event: 5.217 Thread 0x000002ba7f1bc120 flushing  nmethod 0x000002ba08624490
Event: 5.217 Thread 0x000002ba7f1bc120 flushing  nmethod 0x000002ba08625310
Event: 5.217 Thread 0x000002ba7f1bc120 flushing  nmethod 0x000002ba08626010
Event: 5.217 Thread 0x000002ba7f1bc120 flushing  nmethod 0x000002ba08626610
Event: 5.217 Thread 0x000002ba7f1bc120 flushing  nmethod 0x000002ba08626a90
Event: 5.217 Thread 0x000002ba7f1bc120 flushing  nmethod 0x000002ba08627a90
Event: 5.217 Thread 0x000002ba7f1bc120 flushing  nmethod 0x000002ba08628e90
Event: 5.217 Thread 0x000002ba7f1bc120 flushing  nmethod 0x000002ba08629810
Event: 5.217 Thread 0x000002ba7f1bc120 flushing  nmethod 0x000002ba08629f10
Event: 5.217 Thread 0x000002ba7f1bc120 flushing  nmethod 0x000002ba0862a290
Event: 5.217 Thread 0x000002ba7f1bc120 flushing  nmethod 0x000002ba0862a610
Event: 5.217 Thread 0x000002ba7f1bc120 flushing  nmethod 0x000002ba0862be10
Event: 5.217 Thread 0x000002ba7f1bc120 flushing  nmethod 0x000002ba08636e10
Event: 5.217 Thread 0x000002ba7f1bc120 flushing  nmethod 0x000002ba08638790

Events (20 events):
Event: 0.030 Thread 0x000002ba7a28aea0 Thread added: 0x000002ba7a28aea0
Event: 0.033 Thread 0x000002ba7a28aea0 Thread added: 0x000002ba7f17bed0
Event: 0.033 Thread 0x000002ba7a28aea0 Thread added: 0x000002ba7f17f610
Event: 0.042 Thread 0x000002ba7a28aea0 Thread added: 0x000002ba7f197140
Event: 0.042 Thread 0x000002ba7a28aea0 Thread added: 0x000002ba7f197a10
Event: 0.042 Thread 0x000002ba7a28aea0 Thread added: 0x000002ba7f199e60
Event: 0.042 Thread 0x000002ba7a28aea0 Thread added: 0x000002ba7f19b2a0
Event: 0.042 Thread 0x000002ba7a28aea0 Thread added: 0x000002ba7f1a6390
Event: 0.042 Thread 0x000002ba7a28aea0 Thread added: 0x000002ba7f1a6d50
Event: 0.042 Thread 0x000002ba7a28aea0 Thread added: 0x000002ba7f1bc120
Event: 0.059 Thread 0x000002ba7a28aea0 Thread added: 0x000002ba18cef1f0
Event: 0.061 Thread 0x000002ba7a28aea0 Thread added: 0x000002ba18cf1ef0
Event: 0.079 Thread 0x000002ba7f1a6390 Thread added: 0x000002ba18d51330
Event: 0.531 Thread 0x000002ba7f1a6d50 Thread added: 0x000002ba18f2ac60
Event: 1.033 Thread 0x000002ba18f2ac60 Thread exited: 0x000002ba18f2ac60
Event: 1.181 Thread 0x000002ba7f1a6390 Thread added: 0x000002ba5ea60910
Event: 1.433 Thread 0x000002ba5ea60910 Thread exited: 0x000002ba5ea60910
Event: 1.451 Thread 0x000002ba18d51330 Thread exited: 0x000002ba18d51330
Event: 1.520 Thread 0x000002ba7f1a6d50 Thread added: 0x000002ba18d51330
Event: 1.632 Thread 0x000002ba7f1a6d50 Thread added: 0x000002ba5f3dd010


Dynamic libraries:
0x00007ff786530000 - 0x00007ff78653e000 	C:\Program Files\Eclipse Adoptium\jdk-17.0.16.8-hotspot\bin\java.exe
0x00007ffd79260000 - 0x00007ffd794c7000 	C:\WINDOWS\SYSTEM32\ntdll.dll
0x00007ffd78010000 - 0x00007ffd780d9000 	C:\WINDOWS\System32\KERNEL32.DLL
0x00007ffd76c00000 - 0x00007ffd76fef000 	C:\WINDOWS\System32\KERNELBASE.dll
0x00007ffd76ab0000 - 0x00007ffd76bfb000 	C:\WINDOWS\System32\ucrtbase.dll
0x00007ffd66f50000 - 0x00007ffd66f67000 	C:\Program Files\Eclipse Adoptium\jdk-17.0.16.8-hotspot\bin\jli.dll
0x00007ffd67e10000 - 0x00007ffd67e2e000 	C:\Program Files\Eclipse Adoptium\jdk-17.0.16.8-hotspot\bin\VCRUNTIME140.dll
0x00007ffd78ae0000 - 0x00007ffd78ca5000 	C:\WINDOWS\System32\USER32.dll
0x00007ffd607e0000 - 0x00007ffd60a73000 	C:\WINDOWS\WinSxS\amd64_microsoft.windows.common-controls_6595b64144ccf1df_6.0.26100.7309_none_3e05feeae336a044\COMCTL32.dll
0x00007ffd769f0000 - 0x00007ffd76a17000 	C:\WINDOWS\System32\win32u.dll
0x00007ffd77100000 - 0x00007ffd771a9000 	C:\WINDOWS\System32\msvcrt.dll
0x00007ffd78a30000 - 0x00007ffd78a5b000 	C:\WINDOWS\System32\GDI32.dll
0x00007ffd76800000 - 0x00007ffd7692c000 	C:\WINDOWS\System32\gdi32full.dll
0x00007ffd76520000 - 0x00007ffd765c3000 	C:\WINDOWS\System32\msvcp_win.dll
0x00007ffd791e0000 - 0x00007ffd79211000 	C:\WINDOWS\System32\IMM32.DLL
0x00007ffd6fdd0000 - 0x00007ffd6fddc000 	C:\Program Files\Eclipse Adoptium\jdk-17.0.16.8-hotspot\bin\vcruntime140_1.dll
0x00007ffd49f60000 - 0x00007ffd49fed000 	C:\Program Files\Eclipse Adoptium\jdk-17.0.16.8-hotspot\bin\msvcp140.dll
0x00007ffd09a50000 - 0x00007ffd0a6bb000 	C:\Program Files\Eclipse Adoptium\jdk-17.0.16.8-hotspot\bin\server\jvm.dll
0x00007ffd781e0000 - 0x00007ffd78294000 	C:\WINDOWS\System32\ADVAPI32.dll
0x00007ffd78910000 - 0x00007ffd789b6000 	C:\WINDOWS\System32\sechost.dll
0x00007ffd78cb0000 - 0x00007ffd78dc8000 	C:\WINDOWS\System32\RPCRT4.dll
0x00007ffd78dd0000 - 0x00007ffd78e44000 	C:\WINDOWS\System32\WS2_32.dll
0x00007ffd76210000 - 0x00007ffd7626e000 	C:\WINDOWS\SYSTEM32\POWRPROF.dll
0x00007ffd6ff90000 - 0x00007ffd6ff9b000 	C:\WINDOWS\SYSTEM32\VERSION.dll
0x00007ffd6ac30000 - 0x00007ffd6ac65000 	C:\WINDOWS\SYSTEM32\WINMM.dll
0x00007ffd761f0000 - 0x00007ffd76204000 	C:\WINDOWS\SYSTEM32\UMPDC.dll
0x00007ffd75120000 - 0x00007ffd7513b000 	C:\WINDOWS\SYSTEM32\kernel.appcore.dll
0x00007ffd68200000 - 0x00007ffd6820a000 	C:\Program Files\Eclipse Adoptium\jdk-17.0.16.8-hotspot\bin\jimage.dll
0x00007ffd6f000000 - 0x00007ffd6f242000 	C:\WINDOWS\SYSTEM32\DBGHELP.DLL
0x00007ffd78e50000 - 0x00007ffd791d5000 	C:\WINDOWS\System32\combase.dll
0x00007ffd784b0000 - 0x00007ffd78586000 	C:\WINDOWS\System32\OLEAUT32.dll
0x00007ffd5e4a0000 - 0x00007ffd5e4dc000 	C:\WINDOWS\SYSTEM32\dbgcore.DLL
0x00007ffd765d0000 - 0x00007ffd76675000 	C:\WINDOWS\System32\bcryptPrimitives.dll
0x00007ffd668e0000 - 0x00007ffd66905000 	C:\Program Files\Eclipse Adoptium\jdk-17.0.16.8-hotspot\bin\java.dll
0x00007ffd49e80000 - 0x00007ffd49f57000 	C:\Program Files\Eclipse Adoptium\jdk-17.0.16.8-hotspot\bin\jsvml.dll
0x00007ffd778b0000 - 0x00007ffd78003000 	C:\WINDOWS\System32\SHELL32.dll
0x00007ffd763b0000 - 0x00007ffd7651a000 	C:\WINDOWS\System32\wintypes.dll
0x00007ffd73f70000 - 0x00007ffd747ce000 	C:\WINDOWS\SYSTEM32\windows.storage.dll
0x00007ffd780e0000 - 0x00007ffd781d5000 	C:\WINDOWS\System32\SHCORE.dll
0x00007ffd78a70000 - 0x00007ffd78ad6000 	C:\WINDOWS\System32\shlwapi.dll
0x00007ffd762d0000 - 0x00007ffd762f9000 	C:\WINDOWS\SYSTEM32\profapi.dll
0x00007ffd5d310000 - 0x00007ffd5d329000 	C:\Program Files\Eclipse Adoptium\jdk-17.0.16.8-hotspot\bin\net.dll
0x00007ffd6ab00000 - 0x00007ffd6ac28000 	C:\WINDOWS\SYSTEM32\WINHTTP.dll
0x00007ffd75670000 - 0x00007ffd756db000 	C:\WINDOWS\system32\mswsock.dll
0x00007ffd5b2e0000 - 0x00007ffd5b2f6000 	C:\Program Files\Eclipse Adoptium\jdk-17.0.16.8-hotspot\bin\nio.dll
0x00007ffd55130000 - 0x00007ffd55148000 	C:\Program Files\Eclipse Adoptium\jdk-17.0.16.8-hotspot\bin\zip.dll
0x00007ffd71200000 - 0x00007ffd71210000 	C:\Program Files\Eclipse Adoptium\jdk-17.0.16.8-hotspot\bin\verify.dll

dbghelp: loaded successfully - version: 4.0.5 - missing functions: none
symbol engine: initialized successfully - sym options: 0x614 - pdb path: .;C:\Program Files\Eclipse Adoptium\jdk-17.0.16.8-hotspot\bin;C:\WINDOWS\SYSTEM32;C:\WINDOWS\WinSxS\amd64_microsoft.windows.common-controls_6595b64144ccf1df_6.0.26100.7309_none_3e05feeae336a044;C:\Program Files\Eclipse Adoptium\jdk-17.0.16.8-hotspot\bin\server

VM Arguments:
java_command: org.jetbrains.kotlin.cli.jvm.K2JVMCompiler @C:\gawe\kencanaprint\my\packing_rn\frontend\node_modules\react-native-screens\android\build\20260113_15452922063010014250.compiler.options
java_class_path (initial): C:\Users\LENOVO\.gradle\caches\modules-2\files-2.1\org.jetbrains.kotlin\kotlin-compiler-embeddable\1.8.0\eb9118d4bcceaa2a94b2ae2a33a4ddba7c9a947f\kotlin-compiler-embeddable-1.8.0.jar;C:\Users\LENOVO\.gradle\caches\modules-2\files-2.1\org.jetbrains.kotlin\kotlin-stdlib\1.8.0\1796921c7a3e2e2665a83e6c8d33399336cd39bc\kotlin-stdlib-1.8.0.jar;C:\Users\LENOVO\.gradle\caches\modules-2\files-2.1\org.jetbrains.kotlin\kotlin-script-runtime\1.8.0\b2f7e760d283cb339974851c222a4c1d48f2d3d\kotlin-script-runtime-1.8.0.jar;C:\Users\LENOVO\.gradle\caches\modules-2\files-2.1\org.jetbrains.kotlin\kotlin-reflect\1.6.10\1cbe9c92c12a94eea200d23c2bbaedaf3daf5132\kotlin-reflect-1.6.10.jar;C:\Users\LENOVO\.gradle\caches\modules-2\files-2.1\org.jetbrains.kotlin\kotlin-daemon-embeddable\1.8.0\d255216c551685dc3a7e852b53617f5f01aaaa5c\kotlin-daemon-embeddable-1.8.0.jar;C:\Users\LENOVO\.gradle\caches\modules-2\files-2.1\org.jetbrains.intellij.deps\trove4j\1.0.20200330\3afb14d5f9ceb459d724e907a21145e8ff394f02\trove4j-1.0.20200330.jar;C:\Users\LENOVO\.gradle\caches\modules-2\files-2.1\net.java.dev.jna\jna\5.6.0\330f2244e9030119ab3030fc3fededc86713d9cc\jna-5.6.0.jar;C:\Users\LENOVO\.gradle\caches\modules-2\files-2.1\org.jetbrains.kotlin\kotlin-stdlib-common\1.8.0\f7197e7cc76453ac59f8b0f8d5137cc600becd36\kotlin-stdlib-common-1.8.0.jar;C:\Users\LENOVO\.gradle\caches\modules-2\files-2.1\org.jetbrains\annotations\13.0\919f0dfe192fb4e063e7dacadee7f8bb9a2672a9\annotations-13.0.jar
Launcher Type: SUN_STANDARD

[Global flags]
     intx CICompilerCount                          = 4                                         {product} {ergonomic}
     uint ConcGCThreads                            = 2                                         {product} {ergonomic}
     uint G1ConcRefinementThreads                  = 8                                         {product} {ergonomic}
   size_t G1HeapRegionSize                         = 1048576                                   {product} {ergonomic}
    uintx GCDrainStackTargetSize                   = 64                                        {product} {ergonomic}
   size_t InitialHeapSize                          = 115343360                                 {product} {ergonomic}
   size_t MarkStackSize                            = 4194304                                   {product} {ergonomic}
   size_t MaxHeapSize                              = 1832910848                                {product} {ergonomic}
   size_t MaxNewSize                               = 1098907648                                {product} {ergonomic}
   size_t MinHeapDeltaBytes                        = 1048576                                   {product} {ergonomic}
   size_t MinHeapSize                              = 8388608                                   {product} {ergonomic}
    uintx NonNMethodCodeHeapSize                   = 5839372                                {pd product} {ergonomic}
    uintx NonProfiledCodeHeapSize                  = 122909434                              {pd product} {ergonomic}
    uintx ProfiledCodeHeapSize                     = 122909434                              {pd product} {ergonomic}
    uintx ReservedCodeCacheSize                    = 251658240                              {pd product} {ergonomic}
     bool SegmentedCodeCache                       = true                                      {product} {ergonomic}
   size_t SoftMaxHeapSize                          = 1832910848                             {manageable} {ergonomic}
     bool UseCompressedClassPointers               = true                           {product lp64_product} {ergonomic}
     bool UseCompressedOops                        = true                           {product lp64_product} {ergonomic}
     bool UseG1GC                                  = true                                      {product} {ergonomic}
     bool UseLargePagesIndividualAllocation        = false                                  {pd product} {ergonomic}

Logging:
Log output configuration:
 #0: stdout all=warning uptime,level,tags
 #1: stderr all=off uptime,level,tags

Environment Variables:
JAVA_HOME=C:\Program Files\Eclipse Adoptium\jdk-17.0.16.8-hotspot\
CLASSPATH=C:\gawe\kencanaprint\my\packing_rn\frontend\android\\gradle\wrapper\gradle-wrapper.jar
PATH=C:\Program Files\Eclipse Adoptium\jdk-17.0.16.8-hotspot\bin;C:\Program Files\AdoptOpenJDK\jdk-8.0.242.08-hotspot\bin;C:\Program Files (x86)\Embarcadero\Studio\21.0\bin;C:\Users\Public\Documents\Embarcadero\Studio\21.0\Bpl;C:\Program Files (x86)\Embarcadero\Studio\21.0\bin64;C:\Users\Public\Documents\Embarcadero\Studio\21.0\Bpl\Win64;C:\Program Files (x86)\Borland\Delphi7\Bin;C:\Program Files (x86)\Borland\Delphi7\Projects\Bpl\;C:\Program Files (x86)\Embarcadero\Studio\23.0\bin;C:\Users\Public\Documents\Embarcadero\Studio\23.0\Bpl;C:\Program Files (x86)\Embarcadero\Studio\23.0\bin64;C:\Users\Public\Documents\Embarcadero\Studio\23.0\Bpl\Win64;C:\Program Files\Common Files\Oracle\Java\javapath;C:\WINDOWS\system32;C:\WINDOWS;C:\WINDOWS\System32\Wbem;C:\WINDOWS\System32\WindowsPowerShell\v1.0\;C:\WINDOWS\System32\OpenSSH\;C:\xampp\php;C:\ProgramData\ComposerSetup\bin;C:\Program Files\dotnet\;C:\Program Files\GitHub CLI\;C:\Program Files (x86)\DevExpress\VCL\Library\RS27;C:\Program Files (x86)\DevExpress\VCL\Library\RS27\Win64;C:\Program Files\Cloudflare\Cloudflare WARP\;C:\Program Files\nodejs\;C:\ProgramData\chocolatey\bin;C:\Program Files\Microsoft SQL Server\150\Tools\Binn\;C:\Program Files\PuTTY\;C:\Program Files\WireGuard\;C:\Users\LENOVO\AppData\Local\Programs\Python\Python313\Scripts\;C:\Users\LENOVO\AppData\Local\Programs\Python\Python313\;C:\Users\LENOVO\AppData\Local\Microsoft\WindowsApps;C:\Users\LENOVO\AppData\Local\Programs\Microsoft VS Code\bin;C:\Users\LENOVO\AppData\Roaming\Composer\vendor\bin;C:\Program Files\Eclipse Adoptium\jdk-17.0.16.8-hotspot\\bin;C:\Program Files\Git\bin;C:\Program Files\PostgreSQL\16\bin;C:\flutter\src\flutter\bin;C:\Program Files\heroku\bin;C:\Users\LENOVO\AppData\Roaming\npm;C:\ffmpeg\bin;C:\Users\LENOVO\AppData\Local\Android\Sdk;C:\Users\LENOVO\AppData\Local\Android\Sdk\platform-tools;
USERNAME=LENOVO
LANG=en_US.UTF-8
OS=Windows_NT
PROCESSOR_IDENTIFIER=AMD64 Family 23 Model 160 Stepping 0, AuthenticAMD
TMP=C:\Users\LENOVO\AppData\Local\Temp
TEMP=C:\Users\LENOVO\AppData\Local\Temp



Periodic native trim disabled


---------------  S Y S T E M  ---------------

OS:
 Windows 11 , 64 bit Build 26100 (10.0.26100.7309)
OS uptime: 0 days 10:45 hours
Hyper-V role detected

CPU: total 8 (initial active 8) (8 cores per cpu, 2 threads per core) family 23 model 160 stepping 0 microcode 0x8a00006, cx8, cmov, fxsr, ht, mmx, 3dnowpref, sse, sse2, sse3, ssse3, sse4a, sse4.1, sse4.2, popcnt, lzcnt, tsc, tscinvbit, avx, avx2, aes, clmul, bmi1, bmi2, adx, sha, fma, vzeroupper, clflush, clflushopt, hv
Processor Information for all 8 processors :
  Max Mhz: 2801, Current Mhz: 2801, Mhz Limit: 2801

Memory: 4k page, system-wide physical 6989M (506M free)
TotalPageFile size 23373M (AvailPageFile size 58M)
current process WorkingSet (physical memory assigned to process): 287M, peak: 290M
current process commit charge ("private bytes"): 342M, peak: 481M

vm_info: OpenJDK 64-Bit Server VM (17.0.16+8) for windows-amd64 JRE (17.0.16+8), built on Jul 16 2025 10:37:56 by "admin" with MS VC++ 17.7 (VS2022)

END.
