#
# There is insufficient memory for the Java Runtime Environment to continue.
# Native memory allocation (malloc) failed to allocate 447056 bytes. Error detail: Chunk::new
# Possible reasons:
#   The system is out of physical RAM or swap space
#   This process is running with CompressedOops enabled, and the Java Heap may be blocking the growth of the native heap
# Possible solutions:
#   Reduce memory load on the system
#   Increase physical memory or swap space
#   Check if swap backing store is full
#   Decrease Java heap size (-Xmx/-Xms)
#   Decrease number of Java threads
#   Decrease Java thread stack sizes (-Xss)
#   Set larger code cache with -XX:ReservedCodeCacheSize=
#   JVM is running with Unscaled Compressed Oops mode in which the Java heap is
#     placed in the first 4GB address space. The Java Heap base address is the
#     maximum limit for the native heap growth. Please use -XX:HeapBaseMinAddress
#     to set the Java Heap base and to place the Java Heap above 4GB virtual address.
# This output file may be truncated or incomplete.
#
#  Out of Memory Error (arena.cpp:191), pid=15552, tid=10608
#
# JRE version: OpenJDK Runtime Environment Temurin-17.0.16+8 (17.0.16+8) (build 17.0.16+8)
# Java VM: OpenJDK 64-Bit Server VM Temurin-17.0.16+8 (17.0.16+8, mixed mode, sharing, tiered, compressed oops, compressed class ptrs, g1 gc, windows-amd64)
# No core dump will be written. Minidumps are not enabled by default on client versions of Windows
#

---------------  S U M M A R Y ------------

Command Line: -Xmx64m -Xms64m -Dorg.gradle.appname=gradlew org.gradle.wrapper.GradleWrapperMain assembleRelease

Host: AMD Ryzen 5 7520U with Radeon Graphics         , 8 cores, 6G,  Windows 11 , 64 bit Build 26100 (10.0.26100.7309)
Time: Wed Jan  7 15:24:47 2026 SE Asia Standard Time elapsed time: 188.278758 seconds (0d 0h 3m 8s)

---------------  T H R E A D  ---------------

Current thread (0x000001267ea0c830):  JavaThread "C2 CompilerThread0" daemon [_thread_in_native, id=10608, stack(0x0000000184500000,0x0000000184600000)]


Current CompileTask:
C2: 188278 1853       4       org.gradle.internal.logging.text.AbstractLineChoppingStyledTextOutput::doAppend (43 bytes)

Stack: [0x0000000184500000,0x0000000184600000]
Native frames: (J=compiled Java code, j=interpreted, Vv=VM code, C=native code)
V  [jvm.dll+0x683169]
V  [jvm.dll+0x839ac8]
V  [jvm.dll+0x83b573]
V  [jvm.dll+0x83bbe3]
V  [jvm.dll+0x2473ff]
V  [jvm.dll+0xace94]
V  [jvm.dll+0xad52c]
V  [jvm.dll+0x365dbf]
V  [jvm.dll+0x32fff8]
V  [jvm.dll+0x32f47a]
V  [jvm.dll+0x21831f]
V  [jvm.dll+0x21775f]
V  [jvm.dll+0x1a32a0]
V  [jvm.dll+0x227b3c]
V  [jvm.dll+0x225ccb]
V  [jvm.dll+0x7ef2d8]
V  [jvm.dll+0x7e979c]
V  [jvm.dll+0x682047]
C  [ucrtbase.dll+0x37b0]
C  [KERNEL32.DLL+0x2e8d7]
C  [ntdll.dll+0x8c53c]


---------------  P R O C E S S  ---------------

Threads class SMR info:
_java_thread_list=0x000001264722f6e0, length=15, elements={
0x0000012666f99320, 0x0000012667048870, 0x0000012667049fa0, 0x000001267e9e1ce0,
0x000001267e9e25b0, 0x000001267e9e3ae0, 0x000001267e9e8030, 0x000001267ea0c830,
0x000001267ea152e0, 0x000001267ea19f30, 0x000001267ec66c80, 0x000001267ec63ef0,
0x000001267ec67190, 0x000001267ec64400, 0x000001267ec64910
}

Java Threads: ( => current thread )
  0x0000012666f99320 JavaThread "main" [_thread_in_native, id=14840, stack(0x0000000183800000,0x0000000183900000)]
  0x0000012667048870 JavaThread "Reference Handler" daemon [_thread_blocked, id=8244, stack(0x0000000183f00000,0x0000000184000000)]
  0x0000012667049fa0 JavaThread "Finalizer" daemon [_thread_blocked, id=25004, stack(0x0000000184000000,0x0000000184100000)]
  0x000001267e9e1ce0 JavaThread "Signal Dispatcher" daemon [_thread_blocked, id=19228, stack(0x0000000184100000,0x0000000184200000)]
  0x000001267e9e25b0 JavaThread "Attach Listener" daemon [_thread_blocked, id=21444, stack(0x0000000184200000,0x0000000184300000)]
  0x000001267e9e3ae0 JavaThread "Service Thread" daemon [_thread_blocked, id=25356, stack(0x0000000184300000,0x0000000184400000)]
  0x000001267e9e8030 JavaThread "Monitor Deflation Thread" daemon [_thread_blocked, id=17588, stack(0x0000000184400000,0x0000000184500000)]
=>0x000001267ea0c830 JavaThread "C2 CompilerThread0" daemon [_thread_in_native, id=10608, stack(0x0000000184500000,0x0000000184600000)]
  0x000001267ea152e0 JavaThread "C1 CompilerThread0" daemon [_thread_blocked, id=22404, stack(0x0000000184600000,0x0000000184700000)]
  0x000001267ea19f30 JavaThread "Sweeper thread" daemon [_thread_blocked, id=4144, stack(0x0000000184700000,0x0000000184800000)]
  0x000001267ec66c80 JavaThread "Notification Thread" daemon [_thread_blocked, id=14156, stack(0x0000000184800000,0x0000000184900000)]
  0x000001267ec63ef0 JavaThread "Common-Cleaner" daemon [_thread_blocked, id=7476, stack(0x0000000184a00000,0x0000000184b00000)]
  0x000001267ec67190 JavaThread "pool-1-thread-1" [_thread_blocked, id=23480, stack(0x0000000185000000,0x0000000185100000)]
  0x000001267ec64400 JavaThread "DisconnectableInputStream source reader" daemon [_thread_in_native, id=14932, stack(0x0000000185100000,0x0000000185200000)]
  0x000001267ec64910 JavaThread "Forward input" [_thread_blocked, id=11508, stack(0x0000000185200000,0x0000000185300000)]

Other Threads:
  0x00000126670443d0 VMThread "VM Thread" [stack: 0x0000000183e00000,0x0000000183f00000] [id=14172]
  0x000001267ec719c0 WatcherThread [stack: 0x0000000184900000,0x0000000184a00000] [id=14992]
  0x0000012666fba910 GCTaskThread "GC Thread#0" [stack: 0x0000000183900000,0x0000000183a00000] [id=20636]
  0x000001267f637a60 GCTaskThread "GC Thread#1" [stack: 0x0000000184c00000,0x0000000184d00000] [id=21104]
  0x000001264703a090 GCTaskThread "GC Thread#2" [stack: 0x0000000184d00000,0x0000000184e00000] [id=18768]
  0x000001267f4e9ea0 GCTaskThread "GC Thread#3" [stack: 0x0000000184e00000,0x0000000184f00000] [id=1380]
  0x000001267f637d20 GCTaskThread "GC Thread#4" [stack: 0x0000000184f00000,0x0000000185000000] [id=5272]
  0x0000012666fbc060 ConcurrentGCThread "G1 Main Marker" [stack: 0x0000000183a00000,0x0000000183b00000] [id=15292]
  0x0000012666fbd7c0 ConcurrentGCThread "G1 Conc#0" [stack: 0x0000000183b00000,0x0000000183c00000] [id=12220]
  0x0000012667022c60 ConcurrentGCThread "G1 Refine#0" [stack: 0x0000000183c00000,0x0000000183d00000] [id=14088]
  0x0000012667024540 ConcurrentGCThread "G1 Service" [stack: 0x0000000183d00000,0x0000000183e00000] [id=16592]

Threads with active compile tasks:
C2 CompilerThread0   188331 1853       4       org.gradle.internal.logging.text.AbstractLineChoppingStyledTextOutput::doAppend (43 bytes)

VM state: not at safepoint (normal execution)

VM Mutex/Monitor currently owned by a thread: None

Heap address: 0x00000000fc000000, size: 64 MB, Compressed Oops mode: 32-bit

CDS archive(s) mapped at: [0x0000012602000000-0x0000012602bb0000-0x0000012602bb0000), size 12255232, SharedBaseAddress: 0x0000012602000000, ArchiveRelocationMode: 1.
Compressed class space mapped at: 0x0000012603000000-0x0000012643000000, reserved size: 1073741824
Narrow klass base: 0x0000012602000000, Narrow klass shift: 0, Narrow klass range: 0x100000000

GC Precious Log:
 CPUs: 8 total, 8 available
 Memory: 6989M
 Large Page Support: Disabled
 NUMA Support: Disabled
 Compressed Oops: Enabled (32-bit)
 Heap Region Size: 1M
 Heap Min Capacity: 64M
 Heap Initial Capacity: 64M
 Heap Max Capacity: 64M
 Pre-touch: Disabled
 Parallel Workers: 8
 Concurrent Workers: 2
 Concurrent Refinement Workers: 8
 Periodic GC: Disabled

Heap:
 garbage-first heap   total 65536K, used 32480K [0x00000000fc000000, 0x0000000100000000)
  region size 1024K, 25 young (25600K), 3 survivors (3072K)
 Metaspace       used 9460K, committed 9664K, reserved 1114112K
  class space    used 1226K, committed 1344K, reserved 1048576K

Heap Regions: E=young(eden), S=young(survivor), O=old, HS=humongous(starts), HC=humongous(continues), CS=collection set, F=free, OA=open archive, CA=closed archive, TAMS=top-at-mark-start (previous, next)
|   0|0x00000000fc000000, 0x00000000fc100000, 0x00000000fc100000|100%|HS|  |TAMS 0x00000000fc000000, 0x00000000fc000000| Complete 
|   1|0x00000000fc100000, 0x00000000fc200000, 0x00000000fc200000|100%|HC|  |TAMS 0x00000000fc100000, 0x00000000fc100000| Complete 
|   2|0x00000000fc200000, 0x00000000fc300000, 0x00000000fc300000|100%|HC|  |TAMS 0x00000000fc200000, 0x00000000fc200000| Complete 
|   3|0x00000000fc300000, 0x00000000fc400000, 0x00000000fc400000|100%|HC|  |TAMS 0x00000000fc300000, 0x00000000fc300000| Complete 
|   4|0x00000000fc400000, 0x00000000fc500000, 0x00000000fc500000|100%| O|  |TAMS 0x00000000fc400000, 0x00000000fc400000| Untracked 
|   5|0x00000000fc500000, 0x00000000fc600000, 0x00000000fc600000|100%| O|  |TAMS 0x00000000fc500000, 0x00000000fc500000| Untracked 
|   6|0x00000000fc600000, 0x00000000fc700000, 0x00000000fc700000|100%| O|  |TAMS 0x00000000fc600000, 0x00000000fc600000| Untracked 
|   7|0x00000000fc700000, 0x00000000fc7b8200, 0x00000000fc800000| 71%| O|  |TAMS 0x00000000fc700000, 0x00000000fc700000| Untracked 
|   8|0x00000000fc800000, 0x00000000fc800000, 0x00000000fc900000|  0%| F|  |TAMS 0x00000000fc800000, 0x00000000fc800000| Untracked 
|   9|0x00000000fc900000, 0x00000000fc900000, 0x00000000fca00000|  0%| F|  |TAMS 0x00000000fc900000, 0x00000000fc900000| Untracked 
|  10|0x00000000fca00000, 0x00000000fca00000, 0x00000000fcb00000|  0%| F|  |TAMS 0x00000000fca00000, 0x00000000fca00000| Untracked 
|  11|0x00000000fcb00000, 0x00000000fcb00000, 0x00000000fcc00000|  0%| F|  |TAMS 0x00000000fcb00000, 0x00000000fcb00000| Untracked 
|  12|0x00000000fcc00000, 0x00000000fcc00000, 0x00000000fcd00000|  0%| F|  |TAMS 0x00000000fcc00000, 0x00000000fcc00000| Untracked 
|  13|0x00000000fcd00000, 0x00000000fcd00000, 0x00000000fce00000|  0%| F|  |TAMS 0x00000000fcd00000, 0x00000000fcd00000| Untracked 
|  14|0x00000000fce00000, 0x00000000fce00000, 0x00000000fcf00000|  0%| F|  |TAMS 0x00000000fce00000, 0x00000000fce00000| Untracked 
|  15|0x00000000fcf00000, 0x00000000fcf00000, 0x00000000fd000000|  0%| F|  |TAMS 0x00000000fcf00000, 0x00000000fcf00000| Untracked 
|  16|0x00000000fd000000, 0x00000000fd000000, 0x00000000fd100000|  0%| F|  |TAMS 0x00000000fd000000, 0x00000000fd000000| Untracked 
|  17|0x00000000fd100000, 0x00000000fd100000, 0x00000000fd200000|  0%| F|  |TAMS 0x00000000fd100000, 0x00000000fd100000| Untracked 
|  18|0x00000000fd200000, 0x00000000fd200000, 0x00000000fd300000|  0%| F|  |TAMS 0x00000000fd200000, 0x00000000fd200000| Untracked 
|  19|0x00000000fd300000, 0x00000000fd300000, 0x00000000fd400000|  0%| F|  |TAMS 0x00000000fd300000, 0x00000000fd300000| Untracked 
|  20|0x00000000fd400000, 0x00000000fd400000, 0x00000000fd500000|  0%| F|  |TAMS 0x00000000fd400000, 0x00000000fd400000| Untracked 
|  21|0x00000000fd500000, 0x00000000fd500000, 0x00000000fd600000|  0%| F|  |TAMS 0x00000000fd500000, 0x00000000fd500000| Untracked 
|  22|0x00000000fd600000, 0x00000000fd600000, 0x00000000fd700000|  0%| F|  |TAMS 0x00000000fd600000, 0x00000000fd600000| Untracked 
|  23|0x00000000fd700000, 0x00000000fd700000, 0x00000000fd800000|  0%| F|  |TAMS 0x00000000fd700000, 0x00000000fd700000| Untracked 
|  24|0x00000000fd800000, 0x00000000fd800000, 0x00000000fd900000|  0%| F|  |TAMS 0x00000000fd800000, 0x00000000fd800000| Untracked 
|  25|0x00000000fd900000, 0x00000000fd900000, 0x00000000fda00000|  0%| F|  |TAMS 0x00000000fd900000, 0x00000000fd900000| Untracked 
|  26|0x00000000fda00000, 0x00000000fda00000, 0x00000000fdb00000|  0%| F|  |TAMS 0x00000000fda00000, 0x00000000fda00000| Untracked 
|  27|0x00000000fdb00000, 0x00000000fdb00000, 0x00000000fdc00000|  0%| F|  |TAMS 0x00000000fdb00000, 0x00000000fdb00000| Untracked 
|  28|0x00000000fdc00000, 0x00000000fdc00000, 0x00000000fdd00000|  0%| F|  |TAMS 0x00000000fdc00000, 0x00000000fdc00000| Untracked 
|  29|0x00000000fdd00000, 0x00000000fdd00000, 0x00000000fde00000|  0%| F|  |TAMS 0x00000000fdd00000, 0x00000000fdd00000| Untracked 
|  30|0x00000000fde00000, 0x00000000fde00000, 0x00000000fdf00000|  0%| F|  |TAMS 0x00000000fde00000, 0x00000000fde00000| Untracked 
|  31|0x00000000fdf00000, 0x00000000fdf00000, 0x00000000fe000000|  0%| F|  |TAMS 0x00000000fdf00000, 0x00000000fdf00000| Untracked 
|  32|0x00000000fe000000, 0x00000000fe000000, 0x00000000fe100000|  0%| F|  |TAMS 0x00000000fe000000, 0x00000000fe000000| Untracked 
|  33|0x00000000fe100000, 0x00000000fe100000, 0x00000000fe200000|  0%| F|  |TAMS 0x00000000fe100000, 0x00000000fe100000| Untracked 
|  34|0x00000000fe200000, 0x00000000fe200000, 0x00000000fe300000|  0%| F|  |TAMS 0x00000000fe200000, 0x00000000fe200000| Untracked 
|  35|0x00000000fe300000, 0x00000000fe300000, 0x00000000fe400000|  0%| F|  |TAMS 0x00000000fe300000, 0x00000000fe300000| Untracked 
|  36|0x00000000fe400000, 0x00000000fe400000, 0x00000000fe500000|  0%| F|  |TAMS 0x00000000fe400000, 0x00000000fe400000| Untracked 
|  37|0x00000000fe500000, 0x00000000fe500000, 0x00000000fe600000|  0%| F|  |TAMS 0x00000000fe500000, 0x00000000fe500000| Untracked 
|  38|0x00000000fe600000, 0x00000000fe700000, 0x00000000fe700000|100%| S|CS|TAMS 0x00000000fe600000, 0x00000000fe600000| Complete 
|  39|0x00000000fe700000, 0x00000000fe800000, 0x00000000fe800000|100%| S|CS|TAMS 0x00000000fe700000, 0x00000000fe700000| Complete 
|  40|0x00000000fe800000, 0x00000000fe900000, 0x00000000fe900000|100%| S|CS|TAMS 0x00000000fe800000, 0x00000000fe800000| Complete 
|  41|0x00000000fe900000, 0x00000000fe900000, 0x00000000fea00000|  0%| F|  |TAMS 0x00000000fe900000, 0x00000000fe900000| Untracked 
|  42|0x00000000fea00000, 0x00000000feb00000, 0x00000000feb00000|100%| E|  |TAMS 0x00000000fea00000, 0x00000000fea00000| Complete 
|  43|0x00000000feb00000, 0x00000000fec00000, 0x00000000fec00000|100%| E|CS|TAMS 0x00000000feb00000, 0x00000000feb00000| Complete 
|  44|0x00000000fec00000, 0x00000000fed00000, 0x00000000fed00000|100%| E|CS|TAMS 0x00000000fec00000, 0x00000000fec00000| Complete 
|  45|0x00000000fed00000, 0x00000000fee00000, 0x00000000fee00000|100%| E|CS|TAMS 0x00000000fed00000, 0x00000000fed00000| Complete 
|  46|0x00000000fee00000, 0x00000000fef00000, 0x00000000fef00000|100%| E|CS|TAMS 0x00000000fee00000, 0x00000000fee00000| Complete 
|  47|0x00000000fef00000, 0x00000000ff000000, 0x00000000ff000000|100%| E|CS|TAMS 0x00000000fef00000, 0x00000000fef00000| Complete 
|  48|0x00000000ff000000, 0x00000000ff100000, 0x00000000ff100000|100%| E|CS|TAMS 0x00000000ff000000, 0x00000000ff000000| Complete 
|  49|0x00000000ff100000, 0x00000000ff200000, 0x00000000ff200000|100%| E|CS|TAMS 0x00000000ff100000, 0x00000000ff100000| Complete 
|  50|0x00000000ff200000, 0x00000000ff300000, 0x00000000ff300000|100%| E|CS|TAMS 0x00000000ff200000, 0x00000000ff200000| Complete 
|  51|0x00000000ff300000, 0x00000000ff400000, 0x00000000ff400000|100%| E|CS|TAMS 0x00000000ff300000, 0x00000000ff300000| Complete 
|  52|0x00000000ff400000, 0x00000000ff500000, 0x00000000ff500000|100%| E|CS|TAMS 0x00000000ff400000, 0x00000000ff400000| Complete 
|  53|0x00000000ff500000, 0x00000000ff600000, 0x00000000ff600000|100%| E|CS|TAMS 0x00000000ff500000, 0x00000000ff500000| Complete 
|  54|0x00000000ff600000, 0x00000000ff700000, 0x00000000ff700000|100%| E|CS|TAMS 0x00000000ff600000, 0x00000000ff600000| Complete 
|  55|0x00000000ff700000, 0x00000000ff800000, 0x00000000ff800000|100%| E|CS|TAMS 0x00000000ff700000, 0x00000000ff700000| Complete 
|  56|0x00000000ff800000, 0x00000000ff900000, 0x00000000ff900000|100%| E|CS|TAMS 0x00000000ff800000, 0x00000000ff800000| Complete 
|  57|0x00000000ff900000, 0x00000000ffa00000, 0x00000000ffa00000|100%| E|CS|TAMS 0x00000000ff900000, 0x00000000ff900000| Complete 
|  58|0x00000000ffa00000, 0x00000000ffb00000, 0x00000000ffb00000|100%| E|CS|TAMS 0x00000000ffa00000, 0x00000000ffa00000| Complete 
|  59|0x00000000ffb00000, 0x00000000ffc00000, 0x00000000ffc00000|100%| E|CS|TAMS 0x00000000ffb00000, 0x00000000ffb00000| Complete 
|  60|0x00000000ffc00000, 0x00000000ffd00000, 0x00000000ffd00000|100%| E|CS|TAMS 0x00000000ffc00000, 0x00000000ffc00000| Complete 
|  61|0x00000000ffd00000, 0x00000000ffe00000, 0x00000000ffe00000|100%| E|CS|TAMS 0x00000000ffd00000, 0x00000000ffd00000| Complete 
|  62|0x00000000ffe00000, 0x00000000fff00000, 0x00000000fff00000|100%| E|CS|TAMS 0x00000000ffe00000, 0x00000000ffe00000| Complete 
|  63|0x00000000fff00000, 0x0000000100000000, 0x0000000100000000|100%| E|CS|TAMS 0x00000000fff00000, 0x00000000fff00000| Complete 

Card table byte_map: [0x0000012666e80000,0x0000012666ea0000] _byte_map_base: 0x00000126666a0000

Marking Bits (Prev, Next): (CMBitMap*) 0x0000012666fbaf30, (CMBitMap*) 0x0000012666fbaf70
 Prev Bits: [0x000001267de20000, 0x000001267df20000)
 Next Bits: [0x000001267df20000, 0x000001267e020000)

Polling page: 0x0000012665150000

Metaspace:

Usage:
  Non-class:      8.04 MB used.
      Class:      1.20 MB used.
       Both:      9.24 MB used.

Virtual space:
  Non-class space:       64.00 MB reserved,       8.12 MB ( 13%) committed,  1 nodes.
      Class space:        1.00 GB reserved,       1.31 MB ( <1%) committed,  1 nodes.
             Both:        1.06 GB reserved,       9.44 MB ( <1%) committed. 

Chunk freelists:
   Non-Class:  7.70 MB
       Class:  14.61 MB
        Both:  22.31 MB

MaxMetaspaceSize: unlimited
CompressedClassSpaceSize: 1.00 GB
Initial GC threshold: 21.00 MB
Current GC threshold: 21.00 MB
CDS: on
MetaspaceReclaimPolicy: balanced
 - commit_granule_bytes: 65536.
 - commit_granule_words: 8192.
 - virtual_space_node_default_size: 8388608.
 - enlarge_chunks_in_place: 1.
 - new_chunks_are_fully_committed: 0.
 - uncommit_free_chunks: 1.
 - use_allocation_guard: 0.
 - handle_deallocations: 1.


Internal statistics:

num_allocs_failed_limit: 0.
num_arena_births: 78.
num_arena_deaths: 0.
num_vsnodes_births: 2.
num_vsnodes_deaths: 0.
num_space_committed: 151.
num_space_uncommitted: 0.
num_chunks_returned_to_freelist: 0.
num_chunks_taken_from_freelist: 322.
num_chunk_merges: 0.
num_chunk_splits: 226.
num_chunks_enlarged: 189.
num_inconsistent_stats: 0.

CodeHeap 'non-profiled nmethods': size=120000Kb used=696Kb max_used=696Kb free=119303Kb
 bounds [0x00000126765c0000, 0x0000012676830000, 0x000001267daf0000]
CodeHeap 'profiled nmethods': size=120000Kb used=3464Kb max_used=3464Kb free=116535Kb
 bounds [0x000001266eaf0000, 0x000001266ee60000, 0x0000012676020000]
CodeHeap 'non-nmethods': size=5760Kb used=1171Kb max_used=1191Kb free=4589Kb
 bounds [0x0000012676020000, 0x0000012676290000, 0x00000126765c0000]
 total_blobs=2318 nmethods=1850 adapters=381
 compilation: enabled
              stopped_count=0, restarted_count=0
 full_count=0

Compilation events (20 events):
Event: 143.660 Thread 0x000001267ea0c830 nmethod 1843 0x000001267666c210 code [0x000001267666c380, 0x000001267666c3f8]
Event: 149.060 Thread 0x000001267ea152e0 1844       3       com.google.common.collect.Lists::newArrayList (28 bytes)
Event: 149.061 Thread 0x000001267ea152e0 nmethod 1844 0x000001266ee4f410 code [0x000001266ee4f600, 0x000001266ee4faf8]
Event: 154.452 Thread 0x000001267ea0c830 1845       4       java.util.concurrent.ThreadPoolExecutor::afterExecute (1 bytes)
Event: 154.452 Thread 0x000001267ea0c830 nmethod 1845 0x000001267666c510 code [0x000001267666c680, 0x000001267666c6f8]
Event: 163.052 Thread 0x000001267ea152e0 1846       3       org.fusesource.jansi.Ansi::fg (17 bytes)
Event: 163.061 Thread 0x000001267ea152e0 nmethod 1846 0x000001266ee4fd10 code [0x000001266ee4ff20, 0x000001266ee506c8]
Event: 163.061 Thread 0x000001267ea152e0 1847       3       org.fusesource.jansi.Ansi$Color::fg (8 bytes)
Event: 163.061 Thread 0x000001267ea152e0 nmethod 1847 0x000001266ee50a10 code [0x000001266ee50ba0, 0x000001266ee50cb8]
Event: 167.964 Thread 0x000001267ea152e0 1848       3       java.util.ArrayList::equalsArrayList (108 bytes)
Event: 168.040 Thread 0x000001267ea152e0 nmethod 1848 0x000001266ee50d90 code [0x000001266ee50fa0, 0x000001266ee516c8]
Event: 174.262 Thread 0x000001267ea0c830 1849       4       java.util.concurrent.locks.ReentrantLock$NonfairSync::initialTryLock (58 bytes)
Event: 174.295 Thread 0x000001267ea0c830 nmethod 1849 0x000001267666c810 code [0x000001267666c9a0, 0x000001267666cb18]
Event: 179.073 Thread 0x000001267ea0c830 1850       4       java.util.AbstractList::equals (117 bytes)
Event: 180.576 Thread 0x000001267ea0c830 nmethod 1850 0x000001267666cb90 code [0x000001267666cda0, 0x000001267666d5d8]
Event: 180.576 Thread 0x000001267ea0c830 1851       4       java.util.concurrent.ScheduledThreadPoolExecutor::canRunInCurrentRunState (61 bytes)
Event: 180.578 Thread 0x000001267ea0c830 nmethod 1851 0x000001267666de10 code [0x000001267666dfa0, 0x000001267666e058]
Event: 182.742 Thread 0x000001267ea152e0 1852       3       java.util.ArrayList::<init> (63 bytes)
Event: 182.759 Thread 0x000001267ea0c830 1853       4       org.gradle.internal.logging.text.AbstractLineChoppingStyledTextOutput::doAppend (43 bytes)
Event: 184.921 Thread 0x000001267ea152e0 nmethod 1852 0x000001266ee51990 code [0x000001266ee51ba0, 0x000001266ee52138]

GC Heap History (2 events):
Event: 0.764 GC heap before
{Heap before GC invocations=0 (full 0):
 garbage-first heap   total 65536K, used 26624K [0x00000000fc000000, 0x0000000100000000)
  region size 1024K, 23 young (23552K), 0 survivors (0K)
 Metaspace       used 3804K, committed 3904K, reserved 1114112K
  class space    used 466K, committed 512K, reserved 1048576K
}
Event: 0.770 GC heap after
{Heap after GC invocations=1 (full 0):
 garbage-first heap   total 65536K, used 10976K [0x00000000fc000000, 0x0000000100000000)
  region size 1024K, 3 young (3072K), 3 survivors (3072K)
 Metaspace       used 3804K, committed 3904K, reserved 1114112K
  class space    used 466K, committed 512K, reserved 1048576K
}

Dll operation events (13 events):
Event: 0.013 Loaded shared library C:\Program Files\Eclipse Adoptium\jdk-17.0.16.8-hotspot\bin\java.dll
Event: 0.037 Loaded shared library C:\Program Files\Eclipse Adoptium\jdk-17.0.16.8-hotspot\bin\jsvml.dll
Event: 0.074 Loaded shared library C:\Program Files\Eclipse Adoptium\jdk-17.0.16.8-hotspot\bin\net.dll
Event: 0.076 Loaded shared library C:\Program Files\Eclipse Adoptium\jdk-17.0.16.8-hotspot\bin\nio.dll
Event: 0.079 Loaded shared library C:\Program Files\Eclipse Adoptium\jdk-17.0.16.8-hotspot\bin\zip.dll
Event: 0.420 Loaded shared library C:\Program Files\Eclipse Adoptium\jdk-17.0.16.8-hotspot\bin\jimage.dll
Event: 0.508 Loaded shared library C:\Program Files\Eclipse Adoptium\jdk-17.0.16.8-hotspot\bin\verify.dll
Event: 0.805 Loaded shared library C:\Users\LENOVO\.gradle\native\68d5fa5c4cc2d200863cafc0d521ce42e7d3e7ee720ec0a83991735586a16f82\windows-amd64\native-platform.dll
Event: 0.830 Loaded shared library C:\Users\LENOVO\.gradle\native\jansi\1.18\windows64\jansi.dll
Event: 0.987 Loaded shared library C:\Program Files\Eclipse Adoptium\jdk-17.0.16.8-hotspot\bin\management.dll
Event: 0.990 Loaded shared library C:\Program Files\Eclipse Adoptium\jdk-17.0.16.8-hotspot\bin\management_ext.dll
Event: 1.824 Loaded shared library C:\Program Files\Eclipse Adoptium\jdk-17.0.16.8-hotspot\bin\extnet.dll
Event: 1.908 Loaded shared library C:\Program Files\Eclipse Adoptium\jdk-17.0.16.8-hotspot\bin\sunmscapi.dll

Deoptimization events (20 events):
Event: 1.854 Thread 0x0000012666f99320 Uncommon trap: trap_request=0xffffff45 fr.pc=0x000001267660a9e8 relative=0x0000000000000628
Event: 1.854 Thread 0x0000012666f99320 Uncommon trap: reason=unstable_if action=reinterpret pc=0x000001267660a9e8 method=java.lang.AbstractStringBuilder.append(Ljava/lang/String;)Ljava/lang/AbstractStringBuilder; @ 1 c2
Event: 1.854 Thread 0x0000012666f99320 DEOPT PACKING pc=0x000001267660a9e8 sp=0x00000001838fc2d0
Event: 1.854 Thread 0x0000012666f99320 DEOPT UNPACKING pc=0x00000126760769a3 sp=0x00000001838fc2b8 mode 2
Event: 20.777 Thread 0x0000012666f99320 Uncommon trap: trap_request=0xffffffc6 fr.pc=0x0000012676627548 relative=0x0000000000000568
Event: 20.777 Thread 0x0000012666f99320 Uncommon trap: reason=bimorphic_or_optimized_type_check action=maybe_recompile pc=0x0000012676627548 method=java.util.concurrent.ConcurrentHashMap.get(Ljava/lang/Object;)Ljava/lang/Object; @ 149 c2
Event: 20.777 Thread 0x0000012666f99320 DEOPT PACKING pc=0x0000012676627548 sp=0x00000001838fc5c0
Event: 20.777 Thread 0x0000012666f99320 DEOPT UNPACKING pc=0x00000126760769a3 sp=0x00000001838fc560 mode 2
Event: 20.778 Thread 0x0000012666f99320 Uncommon trap: trap_request=0xffffffc6 fr.pc=0x0000012676627548 relative=0x0000000000000568
Event: 20.778 Thread 0x0000012666f99320 Uncommon trap: reason=bimorphic_or_optimized_type_check action=maybe_recompile pc=0x0000012676627548 method=java.util.concurrent.ConcurrentHashMap.get(Ljava/lang/Object;)Ljava/lang/Object; @ 149 c2
Event: 20.778 Thread 0x0000012666f99320 DEOPT PACKING pc=0x0000012676627548 sp=0x00000001838fc5c0
Event: 20.778 Thread 0x0000012666f99320 DEOPT UNPACKING pc=0x00000126760769a3 sp=0x00000001838fc560 mode 2
Event: 20.778 Thread 0x0000012666f99320 Uncommon trap: trap_request=0xffffffc6 fr.pc=0x0000012676627548 relative=0x0000000000000568
Event: 20.778 Thread 0x0000012666f99320 Uncommon trap: reason=bimorphic_or_optimized_type_check action=maybe_recompile pc=0x0000012676627548 method=java.util.concurrent.ConcurrentHashMap.get(Ljava/lang/Object;)Ljava/lang/Object; @ 149 c2
Event: 20.778 Thread 0x0000012666f99320 DEOPT PACKING pc=0x0000012676627548 sp=0x00000001838fc5c0
Event: 20.778 Thread 0x0000012666f99320 DEOPT UNPACKING pc=0x00000126760769a3 sp=0x00000001838fc560 mode 2
Event: 118.371 Thread 0x000001267ec67190 DEOPT PACKING pc=0x000001266ed70c77 sp=0x00000001850fe070
Event: 118.372 Thread 0x000001267ec67190 DEOPT UNPACKING pc=0x0000012676077143 sp=0x00000001850fd4e0 mode 0
Event: 182.787 Thread 0x000001267ec67190 DEOPT PACKING pc=0x000001266ed8ab64 sp=0x00000001850feab0
Event: 184.812 Thread 0x000001267ec67190 DEOPT UNPACKING pc=0x0000012676077143 sp=0x00000001850fdf80 mode 0

Classes loaded (20 events):
Event: 18.567 Loading class jdk/internal/logger/LazyLoggers$LazyLoggerFactories
Event: 18.567 Loading class jdk/internal/logger/LazyLoggers$LazyLoggerFactories done
Event: 18.568 Loading class jdk/internal/logger/LoggerFinderLoader
Event: 18.568 Loading class jdk/internal/logger/LoggerFinderLoader done
Event: 18.569 Loading class jdk/internal/logger/LoggerFinderLoader$TemporaryLoggerFinder
Event: 18.569 Loading class jdk/internal/logger/LoggerFinderLoader$TemporaryLoggerFinder done
Event: 18.569 Loading class sun/util/logging/internal/LoggingProviderImpl$JULWrapper
Event: 18.569 Loading class sun/util/logging/PlatformLogger$ConfigurableBridge$LoggerConfiguration
Event: 18.569 Loading class sun/util/logging/PlatformLogger$ConfigurableBridge$LoggerConfiguration done
Event: 18.569 Loading class sun/util/logging/internal/LoggingProviderImpl$JULWrapper done
Event: 18.570 Loading class java/io/ObjectInputFilter
Event: 18.570 Loading class java/io/ObjectInputFilter done
Event: 18.571 Loading class java/io/ObjectInputFilter$Config$BuiltinFilterFactory
Event: 18.571 Loading class java/io/ObjectInputFilter$Config$BuiltinFilterFactory done
Event: 18.571 Loading class jdk/internal/access/JavaObjectInputFilterAccess
Event: 18.571 Loading class jdk/internal/access/JavaObjectInputFilterAccess done
Event: 18.571 Loading class java/lang/System$Logger$Level
Event: 18.572 Loading class java/lang/System$Logger$Level done
Event: 18.572 Loading class java/io/Bits
Event: 18.572 Loading class java/io/Bits done

Classes unloaded (0 events):
No events

Classes redefined (0 events):
No events

Internal exceptions (18 events):
Event: 0.185 Thread 0x0000012666f99320 Exception <a 'java/lang/NoSuchMethodError'{0x00000000ffc72720}: 'int java.lang.invoke.DirectMethodHandle$Holder.invokeStaticInit(java.lang.Object, java.lang.Object)'> (0x00000000ffc72720) 
thrown [s\src\hotspot\share\interpreter\linkResolver.cpp, line 759]
Event: 0.729 Thread 0x0000012666f99320 Exception <a 'java/lang/NoSuchMethodError'{0x00000000fe934618}: 'void java.lang.invoke.DirectMethodHandle$Holder.invokeStatic(java.lang.Object, java.lang.Object)'> (0x00000000fe934618) 
thrown [s\src\hotspot\share\interpreter\linkResolver.cpp, line 759]
Event: 0.751 Thread 0x0000012666f99320 Exception <a 'java/lang/NoClassDefFoundError'{0x00000000fe9b84a8}: org/slf4j/impl/StaticMarkerBinder> (0x00000000fe9b84a8) 
thrown [s\src\hotspot\share\classfile\systemDictionary.cpp, line 245]
Event: 0.779 Thread 0x0000012666f99320 Exception <a 'java/lang/NoSuchMethodError'{0x00000000fff5b400}: 'java.lang.Object java.lang.invoke.DirectMethodHandle$Holder.invokeVirtual(java.lang.Object, java.lang.Object, java.lang.Object, java.lang.Object, java.lang.Object, java.lang.Object, java.lang.Object)'> (0x00000000fff5b400) 
thrown [s\src\hotspot\share\interpreter\linkResolver.cpp, line 759]
Event: 0.782 Thread 0x0000012666f99320 Exception <a 'java/lang/NoSuchMethodError'{0x00000000fff6c9c0}: 'java.lang.Object java.lang.invoke.Invokers$Holder.invoker(java.lang.Object, java.lang.Object, java.lang.Object)'> (0x00000000fff6c9c0) 
thrown [s\src\hotspot\share\interpreter\linkResolver.cpp, line 759]
Event: 0.783 Thread 0x0000012666f99320 Exception <a 'java/lang/NoSuchMethodError'{0x00000000fffae308}: 'java.lang.Object java.lang.invoke.DirectMethodHandle$Holder.invokeStatic(java.lang.Object, java.lang.Object, int)'> (0x00000000fffae308) 
thrown [s\src\hotspot\share\interpreter\linkResolver.cpp, line 759]
Event: 0.785 Thread 0x0000012666f99320 Exception <a 'java/lang/NoSuchMethodError'{0x00000000fffb9ff8}: 'void java.lang.invoke.DelegatingMethodHandle$Holder.delegate(java.lang.Object, java.lang.Object, int, java.lang.Object)'> (0x00000000fffb9ff8) 
thrown [s\src\hotspot\share\interpreter\linkResolver.cpp, line 759]
Event: 0.786 Thread 0x0000012666f99320 Exception <a 'java/lang/NoSuchMethodError'{0x00000000fffbe1c0}: 'int java.lang.invoke.DirectMethodHandle$Holder.invokeSpecial(java.lang.Object, java.lang.Object, java.lang.Object)'> (0x00000000fffbe1c0) 
thrown [s\src\hotspot\share\interpreter\linkResolver.cpp, line 759]
Event: 0.789 Thread 0x0000012666f99320 Exception <a 'java/lang/NoSuchMethodError'{0x00000000fffd1308}: 'java.lang.Object java.lang.invoke.Invokers$Holder.invokeExact_MT(java.lang.Object, java.lang.Object, java.lang.Object, java.lang.Object)'> (0x00000000fffd1308) 
thrown [s\src\hotspot\share\interpreter\linkResolver.cpp, line 759]
Event: 0.949 Thread 0x0000012666f99320 Exception <a 'java/lang/NoSuchMethodError'{0x00000000ff9ead08}: 'void java.lang.invoke.DirectMethodHandle$Holder.invokeSpecial(java.lang.Object, java.lang.Object, java.lang.Object)'> (0x00000000ff9ead08) 
thrown [s\src\hotspot\share\interpreter\linkResolver.cpp, line 759]
Event: 0.961 Thread 0x0000012666f99320 Implicit null exception at 0x00000126766167aa to 0x0000012676616d14
Event: 0.961 Thread 0x0000012666f99320 Implicit null exception at 0x00000126765ffd2a to 0x00000126766002a8
Event: 0.985 Thread 0x0000012666f99320 Exception <a 'java/lang/NoSuchMethodError'{0x00000000ff770030}: 'java.lang.Object java.lang.invoke.DirectMethodHandle$Holder.invokeStaticInit(java.lang.Object)'> (0x00000000ff770030) 
thrown [s\src\hotspot\share\interpreter\linkResolver.cpp, line 759]
Event: 1.112 Thread 0x0000012666f99320 Exception <a 'java/lang/NoSuchMethodError'{0x00000000ff325cf0}: 'java.lang.Object java.lang.invoke.DirectMethodHandle$Holder.invokeStaticInit(java.lang.Object, int, int, int, int)'> (0x00000000ff325cf0) 
thrown [s\src\hotspot\share\interpreter\linkResolver.cpp, line 759]
Event: 1.428 Thread 0x0000012666f99320 Exception <a 'java/lang/NoSuchMethodError'{0x00000000ff3fdf50}: 'java.lang.Object java.lang.invoke.DirectMethodHandle$Holder.invokeStaticInit(java.lang.Object, java.lang.Object, int, int, int, int)'> (0x00000000ff3fdf50) 
thrown [s\src\hotspot\share\interpreter\linkResolver.cpp, line 759]
Event: 1.828 Thread 0x0000012666f99320 Exception <a 'java/lang/NoSuchMethodError'{0x00000000ff22c710}: 'void java.lang.invoke.DirectMethodHandle$Holder.invokeStatic(java.lang.Object, java.lang.Object, java.lang.Object)'> (0x00000000ff22c710) 
thrown [s\src\hotspot\share\interpreter\linkResolver.cpp, line 759]
Event: 1.854 Thread 0x0000012666f99320 Implicit null exception at 0x00000126765f77f2 to 0x00000126765f7dc0
Event: 1.854 Thread 0x0000012666f99320 Implicit null exception at 0x000001267660a3f2 to 0x000001267660a9d0

VM Operations (20 events):
Event: 117.387 Executing VM operation: Cleanup
Event: 117.387 Executing VM operation: Cleanup done
Event: 118.399 Executing VM operation: Cleanup
Event: 118.399 Executing VM operation: Cleanup done
Event: 120.111 Executing VM operation: HandshakeAllThreads
Event: 120.112 Executing VM operation: HandshakeAllThreads done
Event: 121.113 Executing VM operation: Cleanup
Event: 121.113 Executing VM operation: Cleanup done
Event: 122.127 Executing VM operation: Cleanup
Event: 122.127 Executing VM operation: Cleanup done
Event: 124.145 Executing VM operation: Cleanup
Event: 124.145 Executing VM operation: Cleanup done
Event: 133.210 Executing VM operation: Cleanup
Event: 133.210 Executing VM operation: Cleanup done
Event: 174.548 Executing VM operation: Cleanup
Event: 174.548 Executing VM operation: Cleanup done
Event: 180.358 Executing VM operation: HandshakeAllThreads
Event: 180.359 Executing VM operation: HandshakeAllThreads done
Event: 182.384 Executing VM operation: Cleanup
Event: 182.571 Executing VM operation: Cleanup done

Memory protections (0 events):
No events

Nmethod flushes (0 events):
No events

Events (17 events):
Event: 0.038 Thread 0x0000012666f99320 Thread added: 0x0000012666f99320
Event: 0.040 Thread 0x0000012666f99320 Thread added: 0x0000012667048870
Event: 0.040 Thread 0x0000012666f99320 Thread added: 0x0000012667049fa0
Event: 0.054 Thread 0x0000012666f99320 Thread added: 0x000001267e9e1ce0
Event: 0.054 Thread 0x0000012666f99320 Thread added: 0x000001267e9e25b0
Event: 0.055 Thread 0x0000012666f99320 Thread added: 0x000001267e9e3ae0
Event: 0.055 Thread 0x0000012666f99320 Thread added: 0x000001267e9e8030
Event: 0.055 Thread 0x0000012666f99320 Thread added: 0x000001267ea0c830
Event: 0.055 Thread 0x0000012666f99320 Thread added: 0x000001267ea152e0
Event: 0.055 Thread 0x0000012666f99320 Thread added: 0x000001267ea19f30
Event: 0.069 Thread 0x0000012666f99320 Thread added: 0x000001267ec66c80
Event: 0.071 Thread 0x0000012666f99320 Thread added: 0x000001267ec63ef0
Event: 0.439 Thread 0x000001267ea0c830 Thread added: 0x000001267ea15830
Event: 0.848 Thread 0x0000012666f99320 Thread added: 0x000001267ec67190
Event: 1.335 Thread 0x000001267ea15830 Thread exited: 0x000001267ea15830
Event: 1.954 Thread 0x0000012666f99320 Thread added: 0x000001267ec64400
Event: 1.956 Thread 0x0000012666f99320 Thread added: 0x000001267ec64910


Dynamic libraries:
0x00007ff6ffda0000 - 0x00007ff6ffdae000 	C:\Program Files\Eclipse Adoptium\jdk-17.0.16.8-hotspot\bin\java.exe
0x00007fff41c00000 - 0x00007fff41e67000 	C:\WINDOWS\SYSTEM32\ntdll.dll
0x00007fff40da0000 - 0x00007fff40e69000 	C:\WINDOWS\System32\KERNEL32.DLL
0x00007fff3f5a0000 - 0x00007fff3f98f000 	C:\WINDOWS\System32\KERNELBASE.dll
0x00007fff3eec0000 - 0x00007fff3f00b000 	C:\WINDOWS\System32\ucrtbase.dll
0x00007fff27e50000 - 0x00007fff27e6e000 	C:\Program Files\Eclipse Adoptium\jdk-17.0.16.8-hotspot\bin\VCRUNTIME140.dll
0x00007fff2ca90000 - 0x00007fff2caa7000 	C:\Program Files\Eclipse Adoptium\jdk-17.0.16.8-hotspot\bin\jli.dll
0x00007fff41200000 - 0x00007fff413c5000 	C:\WINDOWS\System32\USER32.dll
0x00007fff28090000 - 0x00007fff28323000 	C:\WINDOWS\WinSxS\amd64_microsoft.windows.common-controls_6595b64144ccf1df_6.0.26100.7309_none_3e05feeae336a044\COMCTL32.dll
0x00007fff3f3f0000 - 0x00007fff3f417000 	C:\WINDOWS\System32\win32u.dll
0x00007fff41610000 - 0x00007fff416b9000 	C:\WINDOWS\System32\msvcrt.dll
0x00007fff416d0000 - 0x00007fff416fb000 	C:\WINDOWS\System32\GDI32.dll
0x00007fff3f010000 - 0x00007fff3f13c000 	C:\WINDOWS\System32\gdi32full.dll
0x00007fff3f290000 - 0x00007fff3f333000 	C:\WINDOWS\System32\msvcp_win.dll
0x00007fff413d0000 - 0x00007fff41401000 	C:\WINDOWS\System32\IMM32.DLL
0x00007fff34400000 - 0x00007fff3440c000 	C:\Program Files\Eclipse Adoptium\jdk-17.0.16.8-hotspot\bin\vcruntime140_1.dll
0x00007fff1c8d0000 - 0x00007fff1c95d000 	C:\Program Files\Eclipse Adoptium\jdk-17.0.16.8-hotspot\bin\msvcp140.dll
0x00007ffec9720000 - 0x00007ffeca38b000 	C:\Program Files\Eclipse Adoptium\jdk-17.0.16.8-hotspot\bin\server\jvm.dll
0x00007fff41960000 - 0x00007fff41a14000 	C:\WINDOWS\System32\ADVAPI32.dll
0x00007fff41410000 - 0x00007fff414b6000 	C:\WINDOWS\System32\sechost.dll
0x00007fff414d0000 - 0x00007fff415e8000 	C:\WINDOWS\System32\RPCRT4.dll
0x00007fff418e0000 - 0x00007fff41954000 	C:\WINDOWS\System32\WS2_32.dll
0x00007fff3ebb0000 - 0x00007fff3ec0e000 	C:\WINDOWS\SYSTEM32\POWRPROF.dll
0x00007fff34640000 - 0x00007fff3464b000 	C:\WINDOWS\SYSTEM32\VERSION.dll
0x00007fff34670000 - 0x00007fff346a5000 	C:\WINDOWS\SYSTEM32\WINMM.dll
0x00007fff3eb90000 - 0x00007fff3eba4000 	C:\WINDOWS\SYSTEM32\UMPDC.dll
0x00007fff3dac0000 - 0x00007fff3dadb000 	C:\WINDOWS\SYSTEM32\kernel.appcore.dll
0x00007fff33c40000 - 0x00007fff33c4a000 	C:\Program Files\Eclipse Adoptium\jdk-17.0.16.8-hotspot\bin\jimage.dll
0x00007fff31eb0000 - 0x00007fff320f2000 	C:\WINDOWS\SYSTEM32\DBGHELP.DLL
0x00007fff40e70000 - 0x00007fff411f5000 	C:\WINDOWS\System32\combase.dll
0x00007fff3fa00000 - 0x00007fff3fad6000 	C:\WINDOWS\System32\OLEAUT32.dll
0x00007fff26dd0000 - 0x00007fff26e0c000 	C:\WINDOWS\SYSTEM32\dbgcore.DLL
0x00007fff3f340000 - 0x00007fff3f3e5000 	C:\WINDOWS\System32\bcryptPrimitives.dll
0x00007fff206a0000 - 0x00007fff206c5000 	C:\Program Files\Eclipse Adoptium\jdk-17.0.16.8-hotspot\bin\java.dll
0x00007ffee2bc0000 - 0x00007ffee2c97000 	C:\Program Files\Eclipse Adoptium\jdk-17.0.16.8-hotspot\bin\jsvml.dll
0x00007fff402a0000 - 0x00007fff409f3000 	C:\WINDOWS\System32\SHELL32.dll
0x00007fff3ed50000 - 0x00007fff3eeba000 	C:\WINDOWS\System32\wintypes.dll
0x00007fff3c910000 - 0x00007fff3d16e000 	C:\WINDOWS\SYSTEM32\windows.storage.dll
0x00007fff3fae0000 - 0x00007fff3fbd5000 	C:\WINDOWS\System32\SHCORE.dll
0x00007fff40ae0000 - 0x00007fff40b46000 	C:\WINDOWS\System32\shlwapi.dll
0x00007fff3ec70000 - 0x00007fff3ec99000 	C:\WINDOWS\SYSTEM32\profapi.dll
0x00007fff33110000 - 0x00007fff33129000 	C:\Program Files\Eclipse Adoptium\jdk-17.0.16.8-hotspot\bin\net.dll
0x00007fff38e60000 - 0x00007fff38f88000 	C:\WINDOWS\SYSTEM32\WINHTTP.dll
0x00007fff3e010000 - 0x00007fff3e07b000 	C:\WINDOWS\system32\mswsock.dll
0x00007fff2fbf0000 - 0x00007fff2fc06000 	C:\Program Files\Eclipse Adoptium\jdk-17.0.16.8-hotspot\bin\nio.dll
0x00007fff2fbd0000 - 0x00007fff2fbe8000 	C:\Program Files\Eclipse Adoptium\jdk-17.0.16.8-hotspot\bin\zip.dll
0x00007fff3a060000 - 0x00007fff3a070000 	C:\Program Files\Eclipse Adoptium\jdk-17.0.16.8-hotspot\bin\verify.dll
0x00007fff34360000 - 0x00007fff34387000 	C:\Users\LENOVO\.gradle\native\68d5fa5c4cc2d200863cafc0d521ce42e7d3e7ee720ec0a83991735586a16f82\windows-amd64\native-platform.dll
0x00007fff34330000 - 0x00007fff3433a000 	C:\Users\LENOVO\.gradle\native\jansi\1.18\windows64\jansi.dll
0x00007fff336a0000 - 0x00007fff336aa000 	C:\Program Files\Eclipse Adoptium\jdk-17.0.16.8-hotspot\bin\management.dll
0x00007fff2fbc0000 - 0x00007fff2fbcb000 	C:\Program Files\Eclipse Adoptium\jdk-17.0.16.8-hotspot\bin\management_ext.dll
0x00007fff40a10000 - 0x00007fff40a18000 	C:\WINDOWS\System32\PSAPI.DLL
0x00007fff3e400000 - 0x00007fff3e41b000 	C:\WINDOWS\SYSTEM32\CRYPTSP.dll
0x00007fff3da20000 - 0x00007fff3da5a000 	C:\WINDOWS\system32\rsaenh.dll
0x00007fff3e0c0000 - 0x00007fff3e0eb000 	C:\WINDOWS\SYSTEM32\USERENV.dll
0x00007fff3ec40000 - 0x00007fff3ec6a000 	C:\WINDOWS\SYSTEM32\bcrypt.dll
0x00007fff3e260000 - 0x00007fff3e26c000 	C:\WINDOWS\SYSTEM32\CRYPTBASE.dll
0x00007fff3d500000 - 0x00007fff3d534000 	C:\WINDOWS\SYSTEM32\IPHLPAPI.DLL
0x00007fff40a00000 - 0x00007fff40a0a000 	C:\WINDOWS\System32\NSI.dll
0x00007fff39130000 - 0x00007fff3914e000 	C:\WINDOWS\SYSTEM32\dhcpcsvc6.DLL
0x00007fff39060000 - 0x00007fff39083000 	C:\WINDOWS\SYSTEM32\dhcpcsvc.DLL
0x00007fff3d5a0000 - 0x00007fff3d6cc000 	C:\WINDOWS\SYSTEM32\DNSAPI.dll
0x00007fff2db70000 - 0x00007fff2db79000 	C:\Program Files\Eclipse Adoptium\jdk-17.0.16.8-hotspot\bin\extnet.dll
0x00007fff2fbb0000 - 0x00007fff2fbbe000 	C:\Program Files\Eclipse Adoptium\jdk-17.0.16.8-hotspot\bin\sunmscapi.dll
0x00007fff3f420000 - 0x00007fff3f597000 	C:\WINDOWS\System32\CRYPT32.dll
0x00007fff3e550000 - 0x00007fff3e580000 	C:\WINDOWS\SYSTEM32\ncrypt.dll
0x00007fff3e500000 - 0x00007fff3e53f000 	C:\WINDOWS\SYSTEM32\NTASN1.dll
0x00007fff2fba0000 - 0x00007fff2fba8000 	C:\WINDOWS\system32\wshunix.dll

dbghelp: loaded successfully - version: 4.0.5 - missing functions: none
symbol engine: initialized successfully - sym options: 0x614 - pdb path: .;C:\Program Files\Eclipse Adoptium\jdk-17.0.16.8-hotspot\bin;C:\WINDOWS\SYSTEM32;C:\WINDOWS\WinSxS\amd64_microsoft.windows.common-controls_6595b64144ccf1df_6.0.26100.7309_none_3e05feeae336a044;C:\Program Files\Eclipse Adoptium\jdk-17.0.16.8-hotspot\bin\server;C:\Users\LENOVO\.gradle\native\68d5fa5c4cc2d200863cafc0d521ce42e7d3e7ee720ec0a83991735586a16f82\windows-amd64;C:\Users\LENOVO\.gradle\native\jansi\1.18\windows64

VM Arguments:
jvm_args: -Xmx64m -Xms64m -Dorg.gradle.appname=gradlew 
java_command: org.gradle.wrapper.GradleWrapperMain assembleRelease
java_class_path (initial): C:\gawe\kencanaprint\my\packing_rn\frontend\android\\gradle\wrapper\gradle-wrapper.jar
Launcher Type: SUN_STANDARD

[Global flags]
     intx CICompilerCount                          = 4                                         {product} {ergonomic}
     uint ConcGCThreads                            = 2                                         {product} {ergonomic}
     uint G1ConcRefinementThreads                  = 8                                         {product} {ergonomic}
   size_t G1HeapRegionSize                         = 1048576                                   {product} {ergonomic}
    uintx GCDrainStackTargetSize                   = 64                                        {product} {ergonomic}
   size_t InitialHeapSize                          = 67108864                                  {product} {command line}
   size_t MarkStackSize                            = 4194304                                   {product} {ergonomic}
   size_t MaxHeapSize                              = 67108864                                  {product} {command line}
   size_t MaxNewSize                               = 39845888                                  {product} {ergonomic}
   size_t MinHeapDeltaBytes                        = 1048576                                   {product} {ergonomic}
   size_t MinHeapSize                              = 67108864                                  {product} {command line}
    uintx NonNMethodCodeHeapSize                   = 5839372                                {pd product} {ergonomic}
    uintx NonProfiledCodeHeapSize                  = 122909434                              {pd product} {ergonomic}
    uintx ProfiledCodeHeapSize                     = 122909434                              {pd product} {ergonomic}
    uintx ReservedCodeCacheSize                    = 251658240                              {pd product} {ergonomic}
     bool SegmentedCodeCache                       = true                                      {product} {ergonomic}
   size_t SoftMaxHeapSize                          = 67108864                               {manageable} {ergonomic}
     bool UseCompressedClassPointers               = true                           {product lp64_product} {ergonomic}
     bool UseCompressedOops                        = true                           {product lp64_product} {ergonomic}
     bool UseG1GC                                  = true                                      {product} {ergonomic}
     bool UseLargePagesIndividualAllocation        = false                                  {pd product} {ergonomic}

Logging:
Log output configuration:
 #0: stdout all=warning uptime,level,tags
 #1: stderr all=off uptime,level,tags

Environment Variables:
JAVA_HOME=C:\Program Files\Eclipse Adoptium\jdk-17.0.16.8-hotspot\
CLASSPATH=C:\gawe\kencanaprint\my\packing_rn\frontend\android\\gradle\wrapper\gradle-wrapper.jar
PATH=C:\Program Files\Eclipse Adoptium\jdk-17.0.16.8-hotspot\bin;C:\Program Files\AdoptOpenJDK\jdk-8.0.242.08-hotspot\bin;C:\Program Files (x86)\Embarcadero\Studio\21.0\bin;C:\Users\Public\Documents\Embarcadero\Studio\21.0\Bpl;C:\Program Files (x86)\Embarcadero\Studio\21.0\bin64;C:\Users\Public\Documents\Embarcadero\Studio\21.0\Bpl\Win64;C:\Program Files (x86)\Borland\Delphi7\Bin;C:\Program Files (x86)\Borland\Delphi7\Projects\Bpl\;C:\Program Files (x86)\Embarcadero\Studio\23.0\bin;C:\Users\Public\Documents\Embarcadero\Studio\23.0\Bpl;C:\Program Files (x86)\Embarcadero\Studio\23.0\bin64;C:\Users\Public\Documents\Embarcadero\Studio\23.0\Bpl\Win64;C:\Program Files\Common Files\Oracle\Java\javapath;C:\WINDOWS\system32;C:\WINDOWS;C:\WINDOWS\System32\Wbem;C:\WINDOWS\System32\WindowsPowerShell\v1.0\;C:\WINDOWS\System32\OpenSSH\;C:\xampp\php;C:\ProgramData\ComposerSetup\bin;C:\Program Files\dotnet\;C:\Program Files\GitHub CLI\;C:\Program Files (x86)\DevExpress\VCL\Library\RS27;C:\Program Files (x86)\DevExpress\VCL\Library\RS27\Win64;C:\Program Files\Cloudflare\Cloudflare WARP\;C:\Program Files\nodejs\;C:\ProgramData\chocolatey\bin;C:\Program Files\Microsoft SQL Server\150\Tools\Binn\;C:\Program Files\PuTTY\;C:\Program Files\WireGuard\;C:\Users\LENOVO\AppData\Local\Programs\Python\Python313\Scripts\;C:\Users\LENOVO\AppData\Local\Programs\Python\Python313\;C:\Users\LENOVO\AppData\Local\Microsoft\WindowsApps;C:\Users\LENOVO\AppData\Local\Programs\Microsoft VS Code\bin;C:\Users\LENOVO\AppData\Roaming\Composer\vendor\bin;C:\Program Files\Eclipse Adoptium\jdk-17.0.16.8-hotspot\\bin;C:\Program Files\Git\bin;C:\Program Files\PostgreSQL\16\bin;C:\flutter\src\flutter\bin;C:\Program Files\heroku\bin;C:\Users\LENOVO\AppData\Roaming\npm;C:\ffmpeg\bin;C:\Users\LENOVO\AppData\Local\Android\Sdk;C:\Users\LENOVO\AppData\Local\Android\Sdk\platform-tools;
USERNAME=LENOVO
LANG=en_US.UTF-8
OS=Windows_NT
PROCESSOR_IDENTIFIER=AMD64 Family 23 Model 160 Stepping 0, AuthenticAMD
TMP=C:\Users\LENOVO\AppData\Local\Temp
TEMP=C:\Users\LENOVO\AppData\Local\Temp



Periodic native trim disabled


---------------  S Y S T E M  ---------------

OS:
 Windows 11 , 64 bit Build 26100 (10.0.26100.7309)
OS uptime: 1 days 22:56 hours
Hyper-V role detected

CPU: total 8 (initial active 8) (8 cores per cpu, 2 threads per core) family 23 model 160 stepping 0 microcode 0x8a00006, cx8, cmov, fxsr, ht, mmx, 3dnowpref, sse, sse2, sse3, ssse3, sse4a, sse4.1, sse4.2, popcnt, lzcnt, tsc, tscinvbit, avx, avx2, aes, clmul, bmi1, bmi2, adx, sha, fma, vzeroupper, clflush, clflushopt, hv
Processor Information for all 8 processors :
  Max Mhz: 2801, Current Mhz: 2801, Mhz Limit: 2801

Memory: 4k page, system-wide physical 6989M (536M free)
TotalPageFile size 23373M (AvailPageFile size 1M)
current process WorkingSet (physical memory assigned to process): 18M, peak: 95M
current process commit charge ("private bytes"): 165M, peak: 167M

vm_info: OpenJDK 64-Bit Server VM (17.0.16+8) for windows-amd64 JRE (17.0.16+8), built on Jul 16 2025 10:37:56 by "admin" with MS VC++ 17.7 (VS2022)

END.
